[0.028s] Invoking command in '/home/suketupatni/Desktop/mrt_assignments/mrt_assignment_4/mrt4_ws/build/interfaces': CMAKE_PREFIX_PATH=/opt/ros/humble /usr/bin/cmake --build /home/suketupatni/Desktop/mrt_assignments/mrt_assignment_4/mrt4_ws/build/interfaces -- -j20 -l20
[0.042s] -- Found ament_cmake: 1.3.8 (/opt/ros/humble/share/ament_cmake/cmake)
[0.108s] -- Found rosidl_default_generators: 1.2.0 (/opt/ros/humble/share/rosidl_default_generators/cmake)
[0.109s] -- Using all available rosidl_typesupport_c: rosidl_typesupport_fastrtps_c;rosidl_typesupport_introspection_c
[0.110s] -- Found rosidl_adapter: 3.1.5 (/opt/ros/humble/share/rosidl_adapter/cmake)
[0.126s] -- Using all available rosidl_typesupport_cpp: rosidl_typesupport_fastrtps_cpp;rosidl_typesupport_introspection_cpp
[0.140s] -- Found sensor_msgs: 4.2.3 (/opt/ros/humble/share/sensor_msgs/cmake)
[0.252s] -- Found ament_lint_auto: 0.12.10 (/opt/ros/humble/share/ament_lint_auto/cmake)
[0.287s] [31mCMake Error at /opt/ros/humble/share/rosidl_cmake/cmake/rosidl_generate_interfaces.cmake:93 (message):
[0.288s]   rosidl_generate_interfaces() the passed file 'srv-BoundingBoxes.srv'
[0.288s]   doesn't exist relative to the CMAKE_CURRENT_SOURCE_DIR
[0.288s]   '/home/suketupatni/Desktop/mrt_assignments/mrt_assignment_4/mrt4_ws/src/interfaces'
[0.288s] Call Stack (most recent call first):
[0.288s]   CMakeLists.txt:29 (rosidl_generate_interfaces)
[0.288s] 
[0.288s] [0m
[0.288s] -- Configuring incomplete, errors occurred!
[0.288s] See also "/home/suketupatni/Desktop/mrt_assignments/mrt_assignment_4/mrt4_ws/build/interfaces/CMakeFiles/CMakeOutput.log".
[0.290s] gmake: *** [Makefile:963: cmake_check_build_system] Error 1
[0.292s] Invoked command in '/home/suketupatni/Desktop/mrt_assignments/mrt_assignment_4/mrt4_ws/build/interfaces' returned '2': CMAKE_PREFIX_PATH=/opt/ros/humble /usr/bin/cmake --build /home/suketupatni/Desktop/mrt_assignments/mrt_assignment_4/mrt4_ws/build/interfaces -- -j20 -l20
