[0.034s] Invoking command in '/home/suketupatni/Desktop/mrt_assignments/mrt_assignment_2/mrt_ws/build/drover4_info_interface': CMAKE_PREFIX_PATH=${CMAKE_PREFIX_PATH}:/home/suketupatni/Desktop/mrt_assignments/mrt_assignment_2/mrt_ws/install/suketupatni_assn_2:/opt/ros/humble /usr/bin/cmake --build /home/suketupatni/Desktop/mrt_assignments/mrt_assignment_2/mrt_ws/build/drover4_info_interface -- -j20 -l20
[0.062s] [  3%] Built target drover4_info_interface__cpp
[0.062s] [ 12%] Built target drover4_info_interface__rosidl_generator_c
[0.066s] [ 12%] Built target ament_cmake_python_copy_drover4_info_interface
[0.075s] [ 22%] Built target drover4_info_interface__rosidl_typesupport_cpp
[0.075s] [ 32%] Built target drover4_info_interface__rosidl_typesupport_introspection_cpp
[0.075s] [ 41%] Built target drover4_info_interface__rosidl_typesupport_introspection_c
[0.075s] [ 51%] Built target drover4_info_interface__rosidl_typesupport_fastrtps_c
[0.077s] [ 61%] Built target drover4_info_interface__rosidl_typesupport_c
[0.078s] [ 70%] Built target drover4_info_interface__rosidl_typesupport_fastrtps_cpp
[0.089s] [ 70%] Built target drover4_info_interface
[0.101s] [ 74%] Built target drover4_info_interface__py
[0.113s] [ 80%] Built target drover4_info_interface__rosidl_generator_py
[0.126s] [ 87%] Built target drover4_info_interface__rosidl_typesupport_introspection_c__pyext
[0.126s] [ 93%] Built target drover4_info_interface__rosidl_typesupport_c__pyext
[0.126s] [100%] Built target drover4_info_interface__rosidl_typesupport_fastrtps_c__pyext
[0.193s] running egg_info
[0.193s] writing drover4_info_interface.egg-info/PKG-INFO
[0.193s] writing dependency_links to drover4_info_interface.egg-info/dependency_links.txt
[0.193s] writing top-level names to drover4_info_interface.egg-info/top_level.txt
[0.194s] reading manifest file 'drover4_info_interface.egg-info/SOURCES.txt'
[0.194s] writing manifest file 'drover4_info_interface.egg-info/SOURCES.txt'
[0.210s] [100%] Built target ament_cmake_python_build_drover4_info_interface_egg
[0.217s] Invoked command in '/home/suketupatni/Desktop/mrt_assignments/mrt_assignment_2/mrt_ws/build/drover4_info_interface' returned '0': CMAKE_PREFIX_PATH=${CMAKE_PREFIX_PATH}:/home/suketupatni/Desktop/mrt_assignments/mrt_assignment_2/mrt_ws/install/suketupatni_assn_2:/opt/ros/humble /usr/bin/cmake --build /home/suketupatni/Desktop/mrt_assignments/mrt_assignment_2/mrt_ws/build/drover4_info_interface -- -j20 -l20
[0.254s] Invoking command in '/home/suketupatni/Desktop/mrt_assignments/mrt_assignment_2/mrt_ws/build/drover4_info_interface': CMAKE_PREFIX_PATH=${CMAKE_PREFIX_PATH}:/home/suketupatni/Desktop/mrt_assignments/mrt_assignment_2/mrt_ws/install/suketupatni_assn_2:/opt/ros/humble /usr/bin/cmake --install /home/suketupatni/Desktop/mrt_assignments/mrt_assignment_2/mrt_ws/build/drover4_info_interface
[0.258s] -- Install configuration: ""
[0.258s] -- Up-to-date: /home/suketupatni/Desktop/mrt_assignments/mrt_assignment_2/mrt_ws/install/drover4_info_interface/share/ament_index/resource_index/rosidl_interfaces/drover4_info_interface
[0.258s] -- Up-to-date: /home/suketupatni/Desktop/mrt_assignments/mrt_assignment_2/mrt_ws/install/drover4_info_interface/include/drover4_info_interface/drover4_info_interface
[0.258s] -- Up-to-date: /home/suketupatni/Desktop/mrt_assignments/mrt_assignment_2/mrt_ws/install/drover4_info_interface/include/drover4_info_interface/drover4_info_interface/msg
[0.258s] -- Up-to-date: /home/suketupatni/Desktop/mrt_assignments/mrt_assignment_2/mrt_ws/install/drover4_info_interface/include/drover4_info_interface/drover4_info_interface/msg/d_rover4_info.h
[0.258s] -- Up-to-date: /home/suketupatni/Desktop/mrt_assignments/mrt_assignment_2/mrt_ws/install/drover4_info_interface/include/drover4_info_interface/drover4_info_interface/msg/rosidl_generator_c__visibility_control.h
[0.258s] -- Up-to-date: /home/suketupatni/Desktop/mrt_assignments/mrt_assignment_2/mrt_ws/install/drover4_info_interface/include/drover4_info_interface/drover4_info_interface/msg/detail
[0.258s] -- Up-to-date: /home/suketupatni/Desktop/mrt_assignments/mrt_assignment_2/mrt_ws/install/drover4_info_interface/include/drover4_info_interface/drover4_info_interface/msg/detail/d_rover4_info__functions.h
[0.258s] -- Up-to-date: /home/suketupatni/Desktop/mrt_assignments/mrt_assignment_2/mrt_ws/install/drover4_info_interface/include/drover4_info_interface/drover4_info_interface/msg/detail/d_rover4_info__functions.c
[0.258s] -- Up-to-date: /home/suketupatni/Desktop/mrt_assignments/mrt_assignment_2/mrt_ws/install/drover4_info_interface/include/drover4_info_interface/drover4_info_interface/msg/detail/d_rover4_info__struct.h
[0.259s] -- Up-to-date: /home/suketupatni/Desktop/mrt_assignments/mrt_assignment_2/mrt_ws/install/drover4_info_interface/include/drover4_info_interface/drover4_info_interface/msg/detail/d_rover4_info__type_support.h
[0.259s] -- Up-to-date: /home/suketupatni/Desktop/mrt_assignments/mrt_assignment_2/mrt_ws/install/drover4_info_interface/share/drover4_info_interface/environment/library_path.sh
[0.259s] -- Up-to-date: /home/suketupatni/Desktop/mrt_assignments/mrt_assignment_2/mrt_ws/install/drover4_info_interface/share/drover4_info_interface/environment/library_path.dsv
[0.259s] -- Up-to-date: /home/suketupatni/Desktop/mrt_assignments/mrt_assignment_2/mrt_ws/install/drover4_info_interface/lib/libdrover4_info_interface__rosidl_generator_c.so
[0.259s] -- Up-to-date: /home/suketupatni/Desktop/mrt_assignments/mrt_assignment_2/mrt_ws/install/drover4_info_interface/include/drover4_info_interface/drover4_info_interface
[0.259s] -- Up-to-date: /home/suketupatni/Desktop/mrt_assignments/mrt_assignment_2/mrt_ws/install/drover4_info_interface/include/drover4_info_interface/drover4_info_interface/msg
[0.259s] -- Up-to-date: /home/suketupatni/Desktop/mrt_assignments/mrt_assignment_2/mrt_ws/install/drover4_info_interface/include/drover4_info_interface/drover4_info_interface/msg/rosidl_typesupport_fastrtps_c__visibility_control.h
[0.259s] -- Up-to-date: /home/suketupatni/Desktop/mrt_assignments/mrt_assignment_2/mrt_ws/install/drover4_info_interface/include/drover4_info_interface/drover4_info_interface/msg/detail
[0.259s] -- Up-to-date: /home/suketupatni/Desktop/mrt_assignments/mrt_assignment_2/mrt_ws/install/drover4_info_interface/include/drover4_info_interface/drover4_info_interface/msg/detail/d_rover4_info__rosidl_typesupport_fastrtps_c.h
[0.259s] -- Up-to-date: /home/suketupatni/Desktop/mrt_assignments/mrt_assignment_2/mrt_ws/install/drover4_info_interface/lib/libdrover4_info_interface__rosidl_typesupport_fastrtps_c.so
[0.259s] -- Up-to-date: /home/suketupatni/Desktop/mrt_assignments/mrt_assignment_2/mrt_ws/install/drover4_info_interface/include/drover4_info_interface/drover4_info_interface
[0.259s] -- Up-to-date: /home/suketupatni/Desktop/mrt_assignments/mrt_assignment_2/mrt_ws/install/drover4_info_interface/include/drover4_info_interface/drover4_info_interface/msg
[0.259s] -- Up-to-date: /home/suketupatni/Desktop/mrt_assignments/mrt_assignment_2/mrt_ws/install/drover4_info_interface/include/drover4_info_interface/drover4_info_interface/msg/d_rover4_info.hpp
[0.260s] -- Up-to-date: /home/suketupatni/Desktop/mrt_assignments/mrt_assignment_2/mrt_ws/install/drover4_info_interface/include/drover4_info_interface/drover4_info_interface/msg/detail
[0.260s] -- Up-to-date: /home/suketupatni/Desktop/mrt_assignments/mrt_assignment_2/mrt_ws/install/drover4_info_interface/include/drover4_info_interface/drover4_info_interface/msg/detail/d_rover4_info__traits.hpp
[0.260s] -- Up-to-date: /home/suketupatni/Desktop/mrt_assignments/mrt_assignment_2/mrt_ws/install/drover4_info_interface/include/drover4_info_interface/drover4_info_interface/msg/detail/d_rover4_info__builder.hpp
[0.260s] -- Up-to-date: /home/suketupatni/Desktop/mrt_assignments/mrt_assignment_2/mrt_ws/install/drover4_info_interface/include/drover4_info_interface/drover4_info_interface/msg/detail/d_rover4_info__struct.hpp
[0.260s] -- Up-to-date: /home/suketupatni/Desktop/mrt_assignments/mrt_assignment_2/mrt_ws/install/drover4_info_interface/include/drover4_info_interface/drover4_info_interface
[0.260s] -- Up-to-date: /home/suketupatni/Desktop/mrt_assignments/mrt_assignment_2/mrt_ws/install/drover4_info_interface/include/drover4_info_interface/drover4_info_interface/msg
[0.260s] -- Up-to-date: /home/suketupatni/Desktop/mrt_assignments/mrt_assignment_2/mrt_ws/install/drover4_info_interface/include/drover4_info_interface/drover4_info_interface/msg/rosidl_typesupport_fastrtps_cpp__visibility_control.h
[0.260s] -- Up-to-date: /home/suketupatni/Desktop/mrt_assignments/mrt_assignment_2/mrt_ws/install/drover4_info_interface/include/drover4_info_interface/drover4_info_interface/msg/detail
[0.260s] -- Up-to-date: /home/suketupatni/Desktop/mrt_assignments/mrt_assignment_2/mrt_ws/install/drover4_info_interface/include/drover4_info_interface/drover4_info_interface/msg/detail/dds_fastrtps
[0.260s] -- Up-to-date: /home/suketupatni/Desktop/mrt_assignments/mrt_assignment_2/mrt_ws/install/drover4_info_interface/include/drover4_info_interface/drover4_info_interface/msg/detail/d_rover4_info__rosidl_typesupport_fastrtps_cpp.hpp
[0.260s] -- Up-to-date: /home/suketupatni/Desktop/mrt_assignments/mrt_assignment_2/mrt_ws/install/drover4_info_interface/lib/libdrover4_info_interface__rosidl_typesupport_fastrtps_cpp.so
[0.260s] -- Up-to-date: /home/suketupatni/Desktop/mrt_assignments/mrt_assignment_2/mrt_ws/install/drover4_info_interface/include/drover4_info_interface/drover4_info_interface
[0.260s] -- Up-to-date: /home/suketupatni/Desktop/mrt_assignments/mrt_assignment_2/mrt_ws/install/drover4_info_interface/include/drover4_info_interface/drover4_info_interface/msg
[0.260s] -- Up-to-date: /home/suketupatni/Desktop/mrt_assignments/mrt_assignment_2/mrt_ws/install/drover4_info_interface/include/drover4_info_interface/drover4_info_interface/msg/rosidl_typesupport_introspection_c__visibility_control.h
[0.260s] -- Up-to-date: /home/suketupatni/Desktop/mrt_assignments/mrt_assignment_2/mrt_ws/install/drover4_info_interface/include/drover4_info_interface/drover4_info_interface/msg/detail
[0.260s] -- Up-to-date: /home/suketupatni/Desktop/mrt_assignments/mrt_assignment_2/mrt_ws/install/drover4_info_interface/include/drover4_info_interface/drover4_info_interface/msg/detail/d_rover4_info__rosidl_typesupport_introspection_c.h
[0.261s] -- Up-to-date: /home/suketupatni/Desktop/mrt_assignments/mrt_assignment_2/mrt_ws/install/drover4_info_interface/include/drover4_info_interface/drover4_info_interface/msg/detail/d_rover4_info__type_support.c
[0.261s] -- Up-to-date: /home/suketupatni/Desktop/mrt_assignments/mrt_assignment_2/mrt_ws/install/drover4_info_interface/lib/libdrover4_info_interface__rosidl_typesupport_introspection_c.so
[0.261s] -- Up-to-date: /home/suketupatni/Desktop/mrt_assignments/mrt_assignment_2/mrt_ws/install/drover4_info_interface/lib/libdrover4_info_interface__rosidl_typesupport_c.so
[0.261s] -- Up-to-date: /home/suketupatni/Desktop/mrt_assignments/mrt_assignment_2/mrt_ws/install/drover4_info_interface/include/drover4_info_interface/drover4_info_interface
[0.261s] -- Up-to-date: /home/suketupatni/Desktop/mrt_assignments/mrt_assignment_2/mrt_ws/install/drover4_info_interface/include/drover4_info_interface/drover4_info_interface/msg
[0.261s] -- Up-to-date: /home/suketupatni/Desktop/mrt_assignments/mrt_assignment_2/mrt_ws/install/drover4_info_interface/include/drover4_info_interface/drover4_info_interface/msg/detail
[0.261s] -- Up-to-date: /home/suketupatni/Desktop/mrt_assignments/mrt_assignment_2/mrt_ws/install/drover4_info_interface/include/drover4_info_interface/drover4_info_interface/msg/detail/d_rover4_info__type_support.cpp
[0.261s] -- Up-to-date: /home/suketupatni/Desktop/mrt_assignments/mrt_assignment_2/mrt_ws/install/drover4_info_interface/include/drover4_info_interface/drover4_info_interface/msg/detail/d_rover4_info__rosidl_typesupport_introspection_cpp.hpp
[0.261s] -- Up-to-date: /home/suketupatni/Desktop/mrt_assignments/mrt_assignment_2/mrt_ws/install/drover4_info_interface/lib/libdrover4_info_interface__rosidl_typesupport_introspection_cpp.so
[0.261s] -- Up-to-date: /home/suketupatni/Desktop/mrt_assignments/mrt_assignment_2/mrt_ws/install/drover4_info_interface/lib/libdrover4_info_interface__rosidl_typesupport_cpp.so
[0.261s] -- Up-to-date: /home/suketupatni/Desktop/mrt_assignments/mrt_assignment_2/mrt_ws/install/drover4_info_interface/share/drover4_info_interface/environment/pythonpath.sh
[0.261s] -- Up-to-date: /home/suketupatni/Desktop/mrt_assignments/mrt_assignment_2/mrt_ws/install/drover4_info_interface/share/drover4_info_interface/environment/pythonpath.dsv
[0.261s] -- Up-to-date: /home/suketupatni/Desktop/mrt_assignments/mrt_assignment_2/mrt_ws/install/drover4_info_interface/local/lib/python3.10/dist-packages/drover4_info_interface-0.0.0-py3.10.egg-info
[0.261s] -- Installing: /home/suketupatni/Desktop/mrt_assignments/mrt_assignment_2/mrt_ws/install/drover4_info_interface/local/lib/python3.10/dist-packages/drover4_info_interface-0.0.0-py3.10.egg-info/PKG-INFO
[0.261s] -- Installing: /home/suketupatni/Desktop/mrt_assignments/mrt_assignment_2/mrt_ws/install/drover4_info_interface/local/lib/python3.10/dist-packages/drover4_info_interface-0.0.0-py3.10.egg-info/dependency_links.txt
[0.261s] -- Installing: /home/suketupatni/Desktop/mrt_assignments/mrt_assignment_2/mrt_ws/install/drover4_info_interface/local/lib/python3.10/dist-packages/drover4_info_interface-0.0.0-py3.10.egg-info/SOURCES.txt
[0.261s] -- Installing: /home/suketupatni/Desktop/mrt_assignments/mrt_assignment_2/mrt_ws/install/drover4_info_interface/local/lib/python3.10/dist-packages/drover4_info_interface-0.0.0-py3.10.egg-info/top_level.txt
[0.262s] -- Up-to-date: /home/suketupatni/Desktop/mrt_assignments/mrt_assignment_2/mrt_ws/install/drover4_info_interface/local/lib/python3.10/dist-packages/drover4_info_interface
[0.262s] -- Up-to-date: /home/suketupatni/Desktop/mrt_assignments/mrt_assignment_2/mrt_ws/install/drover4_info_interface/local/lib/python3.10/dist-packages/drover4_info_interface/_drover4_info_interface_s.ep.rosidl_typesupport_fastrtps_c.c
[0.262s] -- Up-to-date: /home/suketupatni/Desktop/mrt_assignments/mrt_assignment_2/mrt_ws/install/drover4_info_interface/local/lib/python3.10/dist-packages/drover4_info_interface/libdrover4_info_interface__rosidl_generator_py.so
[0.262s] -- Up-to-date: /home/suketupatni/Desktop/mrt_assignments/mrt_assignment_2/mrt_ws/install/drover4_info_interface/local/lib/python3.10/dist-packages/drover4_info_interface/msg
[0.262s] -- Up-to-date: /home/suketupatni/Desktop/mrt_assignments/mrt_assignment_2/mrt_ws/install/drover4_info_interface/local/lib/python3.10/dist-packages/drover4_info_interface/msg/_d_rover4_info_s.c
[0.262s] -- Up-to-date: /home/suketupatni/Desktop/mrt_assignments/mrt_assignment_2/mrt_ws/install/drover4_info_interface/local/lib/python3.10/dist-packages/drover4_info_interface/msg/_d_rover4_info.py
[0.262s] -- Up-to-date: /home/suketupatni/Desktop/mrt_assignments/mrt_assignment_2/mrt_ws/install/drover4_info_interface/local/lib/python3.10/dist-packages/drover4_info_interface/msg/__init__.py
[0.262s] -- Up-to-date: /home/suketupatni/Desktop/mrt_assignments/mrt_assignment_2/mrt_ws/install/drover4_info_interface/local/lib/python3.10/dist-packages/drover4_info_interface/drover4_info_interface_s__rosidl_typesupport_c.cpython-310-x86_64-linux-gnu.so
[0.262s] -- Up-to-date: /home/suketupatni/Desktop/mrt_assignments/mrt_assignment_2/mrt_ws/install/drover4_info_interface/local/lib/python3.10/dist-packages/drover4_info_interface/_drover4_info_interface_s.ep.rosidl_typesupport_introspection_c.c
[0.262s] -- Up-to-date: /home/suketupatni/Desktop/mrt_assignments/mrt_assignment_2/mrt_ws/install/drover4_info_interface/local/lib/python3.10/dist-packages/drover4_info_interface/drover4_info_interface_s__rosidl_typesupport_introspection_c.cpython-310-x86_64-linux-gnu.so
[0.262s] -- Up-to-date: /home/suketupatni/Desktop/mrt_assignments/mrt_assignment_2/mrt_ws/install/drover4_info_interface/local/lib/python3.10/dist-packages/drover4_info_interface/drover4_info_interface_s__rosidl_typesupport_fastrtps_c.cpython-310-x86_64-linux-gnu.so
[0.262s] -- Up-to-date: /home/suketupatni/Desktop/mrt_assignments/mrt_assignment_2/mrt_ws/install/drover4_info_interface/local/lib/python3.10/dist-packages/drover4_info_interface/__init__.py
[0.262s] -- Up-to-date: /home/suketupatni/Desktop/mrt_assignments/mrt_assignment_2/mrt_ws/install/drover4_info_interface/local/lib/python3.10/dist-packages/drover4_info_interface/_drover4_info_interface_s.ep.rosidl_typesupport_c.c
[0.277s] Listing '/home/suketupatni/Desktop/mrt_assignments/mrt_assignment_2/mrt_ws/install/drover4_info_interface/local/lib/python3.10/dist-packages/drover4_info_interface'...
[0.278s] Listing '/home/suketupatni/Desktop/mrt_assignments/mrt_assignment_2/mrt_ws/install/drover4_info_interface/local/lib/python3.10/dist-packages/drover4_info_interface/msg'...
[0.280s] -- Up-to-date: /home/suketupatni/Desktop/mrt_assignments/mrt_assignment_2/mrt_ws/install/drover4_info_interface/local/lib/python3.10/dist-packages/drover4_info_interface/drover4_info_interface_s__rosidl_typesupport_fastrtps_c.cpython-310-x86_64-linux-gnu.so
[0.280s] -- Up-to-date: /home/suketupatni/Desktop/mrt_assignments/mrt_assignment_2/mrt_ws/install/drover4_info_interface/local/lib/python3.10/dist-packages/drover4_info_interface/drover4_info_interface_s__rosidl_typesupport_introspection_c.cpython-310-x86_64-linux-gnu.so
[0.280s] -- Up-to-date: /home/suketupatni/Desktop/mrt_assignments/mrt_assignment_2/mrt_ws/install/drover4_info_interface/local/lib/python3.10/dist-packages/drover4_info_interface/drover4_info_interface_s__rosidl_typesupport_c.cpython-310-x86_64-linux-gnu.so
[0.280s] -- Up-to-date: /home/suketupatni/Desktop/mrt_assignments/mrt_assignment_2/mrt_ws/install/drover4_info_interface/lib/libdrover4_info_interface__rosidl_generator_py.so
[0.280s] -- Up-to-date: /home/suketupatni/Desktop/mrt_assignments/mrt_assignment_2/mrt_ws/install/drover4_info_interface/share/drover4_info_interface/msg/DRover4Info.idl
[0.280s] -- Up-to-date: /home/suketupatni/Desktop/mrt_assignments/mrt_assignment_2/mrt_ws/install/drover4_info_interface/share/drover4_info_interface/msg/DRover4Info.msg
[0.280s] -- Up-to-date: /home/suketupatni/Desktop/mrt_assignments/mrt_assignment_2/mrt_ws/install/drover4_info_interface/share/ament_index/resource_index/package_run_dependencies/drover4_info_interface
[0.280s] -- Up-to-date: /home/suketupatni/Desktop/mrt_assignments/mrt_assignment_2/mrt_ws/install/drover4_info_interface/share/ament_index/resource_index/parent_prefix_path/drover4_info_interface
[0.280s] -- Up-to-date: /home/suketupatni/Desktop/mrt_assignments/mrt_assignment_2/mrt_ws/install/drover4_info_interface/share/drover4_info_interface/environment/ament_prefix_path.sh
[0.280s] -- Up-to-date: /home/suketupatni/Desktop/mrt_assignments/mrt_assignment_2/mrt_ws/install/drover4_info_interface/share/drover4_info_interface/environment/ament_prefix_path.dsv
[0.280s] -- Up-to-date: /home/suketupatni/Desktop/mrt_assignments/mrt_assignment_2/mrt_ws/install/drover4_info_interface/share/drover4_info_interface/environment/path.sh
[0.281s] -- Up-to-date: /home/suketupatni/Desktop/mrt_assignments/mrt_assignment_2/mrt_ws/install/drover4_info_interface/share/drover4_info_interface/environment/path.dsv
[0.281s] -- Up-to-date: /home/suketupatni/Desktop/mrt_assignments/mrt_assignment_2/mrt_ws/install/drover4_info_interface/share/drover4_info_interface/local_setup.bash
[0.281s] -- Up-to-date: /home/suketupatni/Desktop/mrt_assignments/mrt_assignment_2/mrt_ws/install/drover4_info_interface/share/drover4_info_interface/local_setup.sh
[0.281s] -- Up-to-date: /home/suketupatni/Desktop/mrt_assignments/mrt_assignment_2/mrt_ws/install/drover4_info_interface/share/drover4_info_interface/local_setup.zsh
[0.281s] -- Up-to-date: /home/suketupatni/Desktop/mrt_assignments/mrt_assignment_2/mrt_ws/install/drover4_info_interface/share/drover4_info_interface/local_setup.dsv
[0.281s] -- Installing: /home/suketupatni/Desktop/mrt_assignments/mrt_assignment_2/mrt_ws/install/drover4_info_interface/share/drover4_info_interface/package.dsv
[0.281s] -- Up-to-date: /home/suketupatni/Desktop/mrt_assignments/mrt_assignment_2/mrt_ws/install/drover4_info_interface/share/ament_index/resource_index/packages/drover4_info_interface
[0.281s] -- Up-to-date: /home/suketupatni/Desktop/mrt_assignments/mrt_assignment_2/mrt_ws/install/drover4_info_interface/share/drover4_info_interface/cmake/export_drover4_info_interface__rosidl_generator_cExport.cmake
[0.281s] -- Up-to-date: /home/suketupatni/Desktop/mrt_assignments/mrt_assignment_2/mrt_ws/install/drover4_info_interface/share/drover4_info_interface/cmake/export_drover4_info_interface__rosidl_generator_cExport-noconfig.cmake
[0.281s] -- Up-to-date: /home/suketupatni/Desktop/mrt_assignments/mrt_assignment_2/mrt_ws/install/drover4_info_interface/share/drover4_info_interface/cmake/export_drover4_info_interface__rosidl_typesupport_fastrtps_cExport.cmake
[0.281s] -- Up-to-date: /home/suketupatni/Desktop/mrt_assignments/mrt_assignment_2/mrt_ws/install/drover4_info_interface/share/drover4_info_interface/cmake/export_drover4_info_interface__rosidl_typesupport_fastrtps_cExport-noconfig.cmake
[0.281s] -- Up-to-date: /home/suketupatni/Desktop/mrt_assignments/mrt_assignment_2/mrt_ws/install/drover4_info_interface/share/drover4_info_interface/cmake/export_drover4_info_interface__rosidl_generator_cppExport.cmake
[0.281s] -- Up-to-date: /home/suketupatni/Desktop/mrt_assignments/mrt_assignment_2/mrt_ws/install/drover4_info_interface/share/drover4_info_interface/cmake/export_drover4_info_interface__rosidl_typesupport_fastrtps_cppExport.cmake
[0.281s] -- Up-to-date: /home/suketupatni/Desktop/mrt_assignments/mrt_assignment_2/mrt_ws/install/drover4_info_interface/share/drover4_info_interface/cmake/export_drover4_info_interface__rosidl_typesupport_fastrtps_cppExport-noconfig.cmake
[0.281s] -- Up-to-date: /home/suketupatni/Desktop/mrt_assignments/mrt_assignment_2/mrt_ws/install/drover4_info_interface/share/drover4_info_interface/cmake/drover4_info_interface__rosidl_typesupport_introspection_cExport.cmake
[0.281s] -- Up-to-date: /home/suketupatni/Desktop/mrt_assignments/mrt_assignment_2/mrt_ws/install/drover4_info_interface/share/drover4_info_interface/cmake/drover4_info_interface__rosidl_typesupport_introspection_cExport-noconfig.cmake
[0.281s] -- Up-to-date: /home/suketupatni/Desktop/mrt_assignments/mrt_assignment_2/mrt_ws/install/drover4_info_interface/share/drover4_info_interface/cmake/drover4_info_interface__rosidl_typesupport_cExport.cmake
[0.281s] -- Up-to-date: /home/suketupatni/Desktop/mrt_assignments/mrt_assignment_2/mrt_ws/install/drover4_info_interface/share/drover4_info_interface/cmake/drover4_info_interface__rosidl_typesupport_cExport-noconfig.cmake
[0.281s] -- Up-to-date: /home/suketupatni/Desktop/mrt_assignments/mrt_assignment_2/mrt_ws/install/drover4_info_interface/share/drover4_info_interface/cmake/drover4_info_interface__rosidl_typesupport_introspection_cppExport.cmake
[0.281s] -- Up-to-date: /home/suketupatni/Desktop/mrt_assignments/mrt_assignment_2/mrt_ws/install/drover4_info_interface/share/drover4_info_interface/cmake/drover4_info_interface__rosidl_typesupport_introspection_cppExport-noconfig.cmake
[0.281s] -- Up-to-date: /home/suketupatni/Desktop/mrt_assignments/mrt_assignment_2/mrt_ws/install/drover4_info_interface/share/drover4_info_interface/cmake/drover4_info_interface__rosidl_typesupport_cppExport.cmake
[0.281s] -- Up-to-date: /home/suketupatni/Desktop/mrt_assignments/mrt_assignment_2/mrt_ws/install/drover4_info_interface/share/drover4_info_interface/cmake/drover4_info_interface__rosidl_typesupport_cppExport-noconfig.cmake
[0.281s] -- Up-to-date: /home/suketupatni/Desktop/mrt_assignments/mrt_assignment_2/mrt_ws/install/drover4_info_interface/share/drover4_info_interface/cmake/export_drover4_info_interface__rosidl_generator_pyExport.cmake
[0.282s] -- Up-to-date: /home/suketupatni/Desktop/mrt_assignments/mrt_assignment_2/mrt_ws/install/drover4_info_interface/share/drover4_info_interface/cmake/export_drover4_info_interface__rosidl_generator_pyExport-noconfig.cmake
[0.282s] -- Up-to-date: /home/suketupatni/Desktop/mrt_assignments/mrt_assignment_2/mrt_ws/install/drover4_info_interface/share/drover4_info_interface/cmake/rosidl_cmake-extras.cmake
[0.282s] -- Up-to-date: /home/suketupatni/Desktop/mrt_assignments/mrt_assignment_2/mrt_ws/install/drover4_info_interface/share/drover4_info_interface/cmake/ament_cmake_export_dependencies-extras.cmake
[0.282s] -- Up-to-date: /home/suketupatni/Desktop/mrt_assignments/mrt_assignment_2/mrt_ws/install/drover4_info_interface/share/drover4_info_interface/cmake/ament_cmake_export_include_directories-extras.cmake
[0.282s] -- Up-to-date: /home/suketupatni/Desktop/mrt_assignments/mrt_assignment_2/mrt_ws/install/drover4_info_interface/share/drover4_info_interface/cmake/ament_cmake_export_libraries-extras.cmake
[0.282s] -- Up-to-date: /home/suketupatni/Desktop/mrt_assignments/mrt_assignment_2/mrt_ws/install/drover4_info_interface/share/drover4_info_interface/cmake/ament_cmake_export_targets-extras.cmake
[0.282s] -- Up-to-date: /home/suketupatni/Desktop/mrt_assignments/mrt_assignment_2/mrt_ws/install/drover4_info_interface/share/drover4_info_interface/cmake/rosidl_cmake_export_typesupport_targets-extras.cmake
[0.282s] -- Up-to-date: /home/suketupatni/Desktop/mrt_assignments/mrt_assignment_2/mrt_ws/install/drover4_info_interface/share/drover4_info_interface/cmake/rosidl_cmake_export_typesupport_libraries-extras.cmake
[0.282s] -- Up-to-date: /home/suketupatni/Desktop/mrt_assignments/mrt_assignment_2/mrt_ws/install/drover4_info_interface/share/drover4_info_interface/cmake/drover4_info_interfaceConfig.cmake
[0.282s] -- Up-to-date: /home/suketupatni/Desktop/mrt_assignments/mrt_assignment_2/mrt_ws/install/drover4_info_interface/share/drover4_info_interface/cmake/drover4_info_interfaceConfig-version.cmake
[0.282s] -- Up-to-date: /home/suketupatni/Desktop/mrt_assignments/mrt_assignment_2/mrt_ws/install/drover4_info_interface/share/drover4_info_interface/package.xml
[0.283s] Invoked command in '/home/suketupatni/Desktop/mrt_assignments/mrt_assignment_2/mrt_ws/build/drover4_info_interface' returned '0': CMAKE_PREFIX_PATH=${CMAKE_PREFIX_PATH}:/home/suketupatni/Desktop/mrt_assignments/mrt_assignment_2/mrt_ws/install/suketupatni_assn_2:/opt/ros/humble /usr/bin/cmake --install /home/suketupatni/Desktop/mrt_assignments/mrt_assignment_2/mrt_ws/build/drover4_info_interface
