[0.406s] Invoking command in '/home/suketupatni/Desktop/mrt_assignments/mrt_assignment_4/mrt4_ws/src/suketupatni_assn_4': PYTHONPATH=/home/suketupatni/Desktop/mrt_assignments/mrt_assignment_4/mrt4_ws/build/suketupatni_assn_4/prefix_override:/home/suketupatni/Desktop/mrt_assignments/mrt_assignment_4/mrt4_ws/install/suketupatni_assn_4/lib/python3.10/site-packages:${PYTHONPATH} /usr/bin/python3 setup.py egg_info --egg-base ../../build/suketupatni_assn_4 build --build-base /home/suketupatni/Desktop/mrt_assignments/mrt_assignment_4/mrt4_ws/build/suketupatni_assn_4/build install --record /home/suketupatni/Desktop/mrt_assignments/mrt_assignment_4/mrt4_ws/build/suketupatni_assn_4/install.log --single-version-externally-managed
[0.543s] running egg_info
[0.543s] writing ../../build/suketupatni_assn_4/suketupatni_assn_4.egg-info/PKG-INFO
[0.543s] writing dependency_links to ../../build/suketupatni_assn_4/suketupatni_assn_4.egg-info/dependency_links.txt
[0.543s] writing entry points to ../../build/suketupatni_assn_4/suketupatni_assn_4.egg-info/entry_points.txt
[0.543s] writing requirements to ../../build/suketupatni_assn_4/suketupatni_assn_4.egg-info/requires.txt
[0.543s] writing top-level names to ../../build/suketupatni_assn_4/suketupatni_assn_4.egg-info/top_level.txt
[0.545s] reading manifest file '../../build/suketupatni_assn_4/suketupatni_assn_4.egg-info/SOURCES.txt'
[0.545s] adding license file 'LICENSE'
[0.545s] writing manifest file '../../build/suketupatni_assn_4/suketupatni_assn_4.egg-info/SOURCES.txt'
[0.545s] running build
[0.545s] running build_py
[0.545s] copying suketupatni_assn_4/aruco_detector.py -> /home/suketupatni/Desktop/mrt_assignments/mrt_assignment_4/mrt4_ws/build/suketupatni_assn_4/build/lib/suketupatni_assn_4
[0.545s] running install
[0.546s] running install_lib
[0.546s] copying /home/suketupatni/Desktop/mrt_assignments/mrt_assignment_4/mrt4_ws/build/suketupatni_assn_4/build/lib/suketupatni_assn_4/aruco_detector.py -> /home/suketupatni/Desktop/mrt_assignments/mrt_assignment_4/mrt4_ws/install/suketupatni_assn_4/lib/python3.10/site-packages/suketupatni_assn_4
[0.546s] byte-compiling /home/suketupatni/Desktop/mrt_assignments/mrt_assignment_4/mrt4_ws/install/suketupatni_assn_4/lib/python3.10/site-packages/suketupatni_assn_4/aruco_detector.py to aruco_detector.cpython-310.pyc
[0.547s] running install_data
[0.547s] running install_egg_info
[0.548s] removing '/home/suketupatni/Desktop/mrt_assignments/mrt_assignment_4/mrt4_ws/install/suketupatni_assn_4/lib/python3.10/site-packages/suketupatni_assn_4-0.0.0-py3.10.egg-info' (and everything under it)
[0.548s] Copying ../../build/suketupatni_assn_4/suketupatni_assn_4.egg-info to /home/suketupatni/Desktop/mrt_assignments/mrt_assignment_4/mrt4_ws/install/suketupatni_assn_4/lib/python3.10/site-packages/suketupatni_assn_4-0.0.0-py3.10.egg-info
[0.548s] running install_scripts
[0.560s] Installing client script to /home/suketupatni/Desktop/mrt_assignments/mrt_assignment_4/mrt4_ws/install/suketupatni_assn_4/lib/suketupatni_assn_4
[0.560s] Installing service1 script to /home/suketupatni/Desktop/mrt_assignments/mrt_assignment_4/mrt4_ws/install/suketupatni_assn_4/lib/suketupatni_assn_4
[0.560s] writing list of installed files to '/home/suketupatni/Desktop/mrt_assignments/mrt_assignment_4/mrt4_ws/build/suketupatni_assn_4/install.log'
[0.573s] Invoked command in '/home/suketupatni/Desktop/mrt_assignments/mrt_assignment_4/mrt4_ws/src/suketupatni_assn_4' returned '0': PYTHONPATH=/home/suketupatni/Desktop/mrt_assignments/mrt_assignment_4/mrt4_ws/build/suketupatni_assn_4/prefix_override:/home/suketupatni/Desktop/mrt_assignments/mrt_assignment_4/mrt4_ws/install/suketupatni_assn_4/lib/python3.10/site-packages:${PYTHONPATH} /usr/bin/python3 setup.py egg_info --egg-base ../../build/suketupatni_assn_4 build --build-base /home/suketupatni/Desktop/mrt_assignments/mrt_assignment_4/mrt4_ws/build/suketupatni_assn_4/build install --record /home/suketupatni/Desktop/mrt_assignments/mrt_assignment_4/mrt4_ws/build/suketupatni_assn_4/install.log --single-version-externally-managed
