[0.028s] Invoking command in '/home/suketupatni/Desktop/mrt_assignments/mrt_assignment_4/mrt4_ws/build/interfaces': CMAKE_PREFIX_PATH=/opt/ros/humble /usr/bin/cmake --build /home/suketupatni/Desktop/mrt_assignments/mrt_assignment_4/mrt4_ws/build/interfaces -- -j20 -l20
[0.043s] -- Found ament_cmake: 1.3.8 (/opt/ros/humble/share/ament_cmake/cmake)
[0.110s] -- Found rosidl_default_generators: 1.2.0 (/opt/ros/humble/share/rosidl_default_generators/cmake)
[0.111s] -- Using all available rosidl_typesupport_c: rosidl_typesupport_fastrtps_c;rosidl_typesupport_introspection_c
[0.112s] -- Found rosidl_adapter: 3.1.5 (/opt/ros/humble/share/rosidl_adapter/cmake)
[0.128s] -- Using all available rosidl_typesupport_cpp: rosidl_typesupport_fastrtps_cpp;rosidl_typesupport_introspection_cpp
[0.142s] -- Found std_msgs: 4.2.3 (/opt/ros/humble/share/std_msgs/cmake)
[0.172s] -- Found sensor_msgs: 4.2.3 (/opt/ros/humble/share/sensor_msgs/cmake)
[0.239s] -- Found ament_lint_auto: 0.12.10 (/opt/ros/humble/share/ament_lint_auto/cmake)
[0.405s] -- Found ament_cmake_ros: 0.10.0 (/opt/ros/humble/share/ament_cmake_ros/cmake)
[0.564s] -- Using all available rosidl_typesupport_c: rosidl_typesupport_fastrtps_c;rosidl_typesupport_introspection_c
[0.764s] -- Using all available rosidl_typesupport_cpp: rosidl_typesupport_fastrtps_cpp;rosidl_typesupport_introspection_cpp
[0.777s] -- Found python_cmake_module: 0.10.0 (/opt/ros/humble/share/python_cmake_module/cmake)
[0.791s] -- Using PYTHON_EXECUTABLE: /usr/bin/python3
[0.791s] -- Using PYTHON_INCLUDE_DIRS: /usr/include/python3.10
[0.791s] -- Using PYTHON_LIBRARIES: /usr/lib/x86_64-linux-gnu/libpython3.10.so
[0.818s] -- Added test 'lint_cmake' to check CMake code style
[0.818s] -- Added test 'xmllint' to check XML markup files
[0.820s] -- Configuring done
[0.839s] -- Generating done
[0.840s] -- Build files have been written to: /home/suketupatni/Desktop/mrt_assignments/mrt_assignment_4/mrt4_ws/build/interfaces
[0.855s] [35m[1mConsolidate compiler generated dependencies of target interfaces__rosidl_generator_c[0m
[0.860s] [  2%] Built target interfaces__cpp
[0.861s] [ 12%] Built target interfaces__rosidl_generator_c
[0.865s] [ 12%] Built target ament_cmake_python_copy_interfaces
[0.866s] [35m[1mConsolidate compiler generated dependencies of target interfaces__rosidl_typesupport_cpp[0m
[0.866s] [35m[1mConsolidate compiler generated dependencies of target interfaces__rosidl_typesupport_fastrtps_cpp[0m
[0.866s] [35m[1mConsolidate compiler generated dependencies of target interfaces__rosidl_typesupport_introspection_cpp[0m
[0.867s] [35m[1mConsolidate compiler generated dependencies of target interfaces__rosidl_typesupport_fastrtps_c[0m
[0.869s] [35m[1mConsolidate compiler generated dependencies of target interfaces__rosidl_typesupport_introspection_c[0m
[0.869s] [35m[1mConsolidate compiler generated dependencies of target interfaces__rosidl_typesupport_c[0m
[0.873s] [ 23%] Built target interfaces__rosidl_typesupport_cpp
[0.874s] [ 33%] Built target interfaces__rosidl_typesupport_introspection_cpp
[0.874s] [ 43%] Built target interfaces__rosidl_typesupport_fastrtps_cpp
[0.876s] [ 53%] Built target interfaces__rosidl_typesupport_introspection_c
[0.876s] [ 64%] Built target interfaces__rosidl_typesupport_fastrtps_c
[0.877s] [ 74%] Built target interfaces__rosidl_typesupport_c
[0.889s] [ 74%] Built target interfaces
[0.899s] [ 76%] Built target interfaces__py
[0.905s] [35m[1mConsolidate compiler generated dependencies of target interfaces__rosidl_generator_py[0m
[0.913s] [ 84%] Built target interfaces__rosidl_generator_py
[0.919s] [35m[1mConsolidate compiler generated dependencies of target interfaces__rosidl_typesupport_c__pyext[0m
[0.920s] [35m[1mConsolidate compiler generated dependencies of target interfaces__rosidl_typesupport_introspection_c__pyext[0m
[0.920s] [35m[1mConsolidate compiler generated dependencies of target interfaces__rosidl_typesupport_fastrtps_c__pyext[0m
[0.928s] [ 97%] Built target interfaces__rosidl_typesupport_fastrtps_c__pyext
[0.928s] [ 97%] Built target interfaces__rosidl_typesupport_introspection_c__pyext
[0.928s] [100%] Built target interfaces__rosidl_typesupport_c__pyext
[1.013s] running egg_info
[1.014s] writing interfaces.egg-info/PKG-INFO
[1.014s] writing dependency_links to interfaces.egg-info/dependency_links.txt
[1.014s] writing top-level names to interfaces.egg-info/top_level.txt
[1.015s] reading manifest file 'interfaces.egg-info/SOURCES.txt'
[1.015s] writing manifest file 'interfaces.egg-info/SOURCES.txt'
[1.031s] [100%] Built target ament_cmake_python_build_interfaces_egg
[1.037s] Invoked command in '/home/suketupatni/Desktop/mrt_assignments/mrt_assignment_4/mrt4_ws/build/interfaces' returned '0': CMAKE_PREFIX_PATH=/opt/ros/humble /usr/bin/cmake --build /home/suketupatni/Desktop/mrt_assignments/mrt_assignment_4/mrt4_ws/build/interfaces -- -j20 -l20
[1.078s] Invoking command in '/home/suketupatni/Desktop/mrt_assignments/mrt_assignment_4/mrt4_ws/build/interfaces': CMAKE_PREFIX_PATH=/opt/ros/humble /usr/bin/cmake --install /home/suketupatni/Desktop/mrt_assignments/mrt_assignment_4/mrt4_ws/build/interfaces
[1.082s] -- Install configuration: ""
[1.082s] -- Up-to-date: /home/suketupatni/Desktop/mrt_assignments/mrt_assignment_4/mrt4_ws/install/interfaces/share/ament_index/resource_index/rosidl_interfaces/interfaces
[1.082s] -- Up-to-date: /home/suketupatni/Desktop/mrt_assignments/mrt_assignment_4/mrt4_ws/install/interfaces/include/interfaces/interfaces
[1.082s] -- Up-to-date: /home/suketupatni/Desktop/mrt_assignments/mrt_assignment_4/mrt4_ws/install/interfaces/include/interfaces/interfaces/msg
[1.082s] -- Up-to-date: /home/suketupatni/Desktop/mrt_assignments/mrt_assignment_4/mrt4_ws/install/interfaces/include/interfaces/interfaces/msg/rosidl_generator_c__visibility_control.h
[1.082s] -- Up-to-date: /home/suketupatni/Desktop/mrt_assignments/mrt_assignment_4/mrt4_ws/install/interfaces/include/interfaces/interfaces/srv
[1.082s] -- Up-to-date: /home/suketupatni/Desktop/mrt_assignments/mrt_assignment_4/mrt4_ws/install/interfaces/include/interfaces/interfaces/srv/path.h
[1.082s] -- Up-to-date: /home/suketupatni/Desktop/mrt_assignments/mrt_assignment_4/mrt4_ws/install/interfaces/include/interfaces/interfaces/srv/detail
[1.082s] -- Up-to-date: /home/suketupatni/Desktop/mrt_assignments/mrt_assignment_4/mrt4_ws/install/interfaces/include/interfaces/interfaces/srv/detail/path__struct.h
[1.082s] -- Up-to-date: /home/suketupatni/Desktop/mrt_assignments/mrt_assignment_4/mrt4_ws/install/interfaces/include/interfaces/interfaces/srv/detail/path__functions.c
[1.082s] -- Up-to-date: /home/suketupatni/Desktop/mrt_assignments/mrt_assignment_4/mrt4_ws/install/interfaces/include/interfaces/interfaces/srv/detail/bounding_boxes__type_support.h
[1.082s] -- Up-to-date: /home/suketupatni/Desktop/mrt_assignments/mrt_assignment_4/mrt4_ws/install/interfaces/include/interfaces/interfaces/srv/detail/bounding_boxes__functions.c
[1.082s] -- Up-to-date: /home/suketupatni/Desktop/mrt_assignments/mrt_assignment_4/mrt4_ws/install/interfaces/include/interfaces/interfaces/srv/detail/path__type_support.h
[1.082s] -- Up-to-date: /home/suketupatni/Desktop/mrt_assignments/mrt_assignment_4/mrt4_ws/install/interfaces/include/interfaces/interfaces/srv/detail/bounding_boxes__struct.h
[1.082s] -- Up-to-date: /home/suketupatni/Desktop/mrt_assignments/mrt_assignment_4/mrt4_ws/install/interfaces/include/interfaces/interfaces/srv/detail/bounding_boxes__functions.h
[1.082s] -- Up-to-date: /home/suketupatni/Desktop/mrt_assignments/mrt_assignment_4/mrt4_ws/install/interfaces/include/interfaces/interfaces/srv/detail/path__functions.h
[1.082s] -- Up-to-date: /home/suketupatni/Desktop/mrt_assignments/mrt_assignment_4/mrt4_ws/install/interfaces/include/interfaces/interfaces/srv/bounding_boxes.h
[1.082s] -- Up-to-date: /home/suketupatni/Desktop/mrt_assignments/mrt_assignment_4/mrt4_ws/install/interfaces/share/interfaces/environment/library_path.sh
[1.082s] -- Installing: /home/suketupatni/Desktop/mrt_assignments/mrt_assignment_4/mrt4_ws/install/interfaces/share/interfaces/environment/library_path.dsv
[1.082s] -- Up-to-date: /home/suketupatni/Desktop/mrt_assignments/mrt_assignment_4/mrt4_ws/install/interfaces/lib/libinterfaces__rosidl_generator_c.so
[1.083s] -- Up-to-date: /home/suketupatni/Desktop/mrt_assignments/mrt_assignment_4/mrt4_ws/install/interfaces/include/interfaces/interfaces
[1.083s] -- Up-to-date: /home/suketupatni/Desktop/mrt_assignments/mrt_assignment_4/mrt4_ws/install/interfaces/include/interfaces/interfaces/msg
[1.083s] -- Up-to-date: /home/suketupatni/Desktop/mrt_assignments/mrt_assignment_4/mrt4_ws/install/interfaces/include/interfaces/interfaces/msg/rosidl_typesupport_fastrtps_c__visibility_control.h
[1.083s] -- Up-to-date: /home/suketupatni/Desktop/mrt_assignments/mrt_assignment_4/mrt4_ws/install/interfaces/include/interfaces/interfaces/srv
[1.083s] -- Up-to-date: /home/suketupatni/Desktop/mrt_assignments/mrt_assignment_4/mrt4_ws/install/interfaces/include/interfaces/interfaces/srv/detail
[1.083s] -- Up-to-date: /home/suketupatni/Desktop/mrt_assignments/mrt_assignment_4/mrt4_ws/install/interfaces/include/interfaces/interfaces/srv/detail/path__rosidl_typesupport_fastrtps_c.h
[1.083s] -- Up-to-date: /home/suketupatni/Desktop/mrt_assignments/mrt_assignment_4/mrt4_ws/install/interfaces/include/interfaces/interfaces/srv/detail/bounding_boxes__rosidl_typesupport_fastrtps_c.h
[1.083s] -- Up-to-date: /home/suketupatni/Desktop/mrt_assignments/mrt_assignment_4/mrt4_ws/install/interfaces/lib/libinterfaces__rosidl_typesupport_fastrtps_c.so
[1.083s] -- Up-to-date: /home/suketupatni/Desktop/mrt_assignments/mrt_assignment_4/mrt4_ws/install/interfaces/include/interfaces/interfaces
[1.083s] -- Up-to-date: /home/suketupatni/Desktop/mrt_assignments/mrt_assignment_4/mrt4_ws/install/interfaces/include/interfaces/interfaces/msg
[1.083s] -- Up-to-date: /home/suketupatni/Desktop/mrt_assignments/mrt_assignment_4/mrt4_ws/install/interfaces/include/interfaces/interfaces/msg/rosidl_typesupport_introspection_c__visibility_control.h
[1.083s] -- Up-to-date: /home/suketupatni/Desktop/mrt_assignments/mrt_assignment_4/mrt4_ws/install/interfaces/include/interfaces/interfaces/srv
[1.083s] -- Up-to-date: /home/suketupatni/Desktop/mrt_assignments/mrt_assignment_4/mrt4_ws/install/interfaces/include/interfaces/interfaces/srv/detail
[1.083s] -- Up-to-date: /home/suketupatni/Desktop/mrt_assignments/mrt_assignment_4/mrt4_ws/install/interfaces/include/interfaces/interfaces/srv/detail/bounding_boxes__type_support.c
[1.083s] -- Up-to-date: /home/suketupatni/Desktop/mrt_assignments/mrt_assignment_4/mrt4_ws/install/interfaces/include/interfaces/interfaces/srv/detail/bounding_boxes__rosidl_typesupport_introspection_c.h
[1.083s] -- Up-to-date: /home/suketupatni/Desktop/mrt_assignments/mrt_assignment_4/mrt4_ws/install/interfaces/include/interfaces/interfaces/srv/detail/path__type_support.c
[1.083s] -- Up-to-date: /home/suketupatni/Desktop/mrt_assignments/mrt_assignment_4/mrt4_ws/install/interfaces/include/interfaces/interfaces/srv/detail/path__rosidl_typesupport_introspection_c.h
[1.083s] -- Up-to-date: /home/suketupatni/Desktop/mrt_assignments/mrt_assignment_4/mrt4_ws/install/interfaces/lib/libinterfaces__rosidl_typesupport_introspection_c.so
[1.083s] -- Up-to-date: /home/suketupatni/Desktop/mrt_assignments/mrt_assignment_4/mrt4_ws/install/interfaces/lib/libinterfaces__rosidl_typesupport_c.so
[1.083s] -- Up-to-date: /home/suketupatni/Desktop/mrt_assignments/mrt_assignment_4/mrt4_ws/install/interfaces/include/interfaces/interfaces
[1.083s] -- Up-to-date: /home/suketupatni/Desktop/mrt_assignments/mrt_assignment_4/mrt4_ws/install/interfaces/include/interfaces/interfaces/srv
[1.083s] -- Up-to-date: /home/suketupatni/Desktop/mrt_assignments/mrt_assignment_4/mrt4_ws/install/interfaces/include/interfaces/interfaces/srv/bounding_boxes.hpp
[1.083s] -- Up-to-date: /home/suketupatni/Desktop/mrt_assignments/mrt_assignment_4/mrt4_ws/install/interfaces/include/interfaces/interfaces/srv/path.hpp
[1.083s] -- Up-to-date: /home/suketupatni/Desktop/mrt_assignments/mrt_assignment_4/mrt4_ws/install/interfaces/include/interfaces/interfaces/srv/detail
[1.083s] -- Up-to-date: /home/suketupatni/Desktop/mrt_assignments/mrt_assignment_4/mrt4_ws/install/interfaces/include/interfaces/interfaces/srv/detail/path__traits.hpp
[1.083s] -- Up-to-date: /home/suketupatni/Desktop/mrt_assignments/mrt_assignment_4/mrt4_ws/install/interfaces/include/interfaces/interfaces/srv/detail/bounding_boxes__builder.hpp
[1.083s] -- Up-to-date: /home/suketupatni/Desktop/mrt_assignments/mrt_assignment_4/mrt4_ws/install/interfaces/include/interfaces/interfaces/srv/detail/bounding_boxes__struct.hpp
[1.083s] -- Up-to-date: /home/suketupatni/Desktop/mrt_assignments/mrt_assignment_4/mrt4_ws/install/interfaces/include/interfaces/interfaces/srv/detail/path__struct.hpp
[1.083s] -- Up-to-date: /home/suketupatni/Desktop/mrt_assignments/mrt_assignment_4/mrt4_ws/install/interfaces/include/interfaces/interfaces/srv/detail/bounding_boxes__traits.hpp
[1.083s] -- Up-to-date: /home/suketupatni/Desktop/mrt_assignments/mrt_assignment_4/mrt4_ws/install/interfaces/include/interfaces/interfaces/srv/detail/path__builder.hpp
[1.083s] -- Up-to-date: /home/suketupatni/Desktop/mrt_assignments/mrt_assignment_4/mrt4_ws/install/interfaces/include/interfaces/interfaces
[1.084s] -- Up-to-date: /home/suketupatni/Desktop/mrt_assignments/mrt_assignment_4/mrt4_ws/install/interfaces/include/interfaces/interfaces/msg
[1.084s] -- Up-to-date: /home/suketupatni/Desktop/mrt_assignments/mrt_assignment_4/mrt4_ws/install/interfaces/include/interfaces/interfaces/msg/rosidl_typesupport_fastrtps_cpp__visibility_control.h
[1.084s] -- Up-to-date: /home/suketupatni/Desktop/mrt_assignments/mrt_assignment_4/mrt4_ws/install/interfaces/include/interfaces/interfaces/srv
[1.084s] -- Up-to-date: /home/suketupatni/Desktop/mrt_assignments/mrt_assignment_4/mrt4_ws/install/interfaces/include/interfaces/interfaces/srv/detail
[1.084s] -- Up-to-date: /home/suketupatni/Desktop/mrt_assignments/mrt_assignment_4/mrt4_ws/install/interfaces/include/interfaces/interfaces/srv/detail/dds_fastrtps
[1.084s] -- Up-to-date: /home/suketupatni/Desktop/mrt_assignments/mrt_assignment_4/mrt4_ws/install/interfaces/include/interfaces/interfaces/srv/detail/bounding_boxes__rosidl_typesupport_fastrtps_cpp.hpp
[1.084s] -- Up-to-date: /home/suketupatni/Desktop/mrt_assignments/mrt_assignment_4/mrt4_ws/install/interfaces/include/interfaces/interfaces/srv/detail/path__rosidl_typesupport_fastrtps_cpp.hpp
[1.084s] -- Up-to-date: /home/suketupatni/Desktop/mrt_assignments/mrt_assignment_4/mrt4_ws/install/interfaces/lib/libinterfaces__rosidl_typesupport_fastrtps_cpp.so
[1.084s] -- Up-to-date: /home/suketupatni/Desktop/mrt_assignments/mrt_assignment_4/mrt4_ws/install/interfaces/include/interfaces/interfaces
[1.084s] -- Up-to-date: /home/suketupatni/Desktop/mrt_assignments/mrt_assignment_4/mrt4_ws/install/interfaces/include/interfaces/interfaces/srv
[1.084s] -- Up-to-date: /home/suketupatni/Desktop/mrt_assignments/mrt_assignment_4/mrt4_ws/install/interfaces/include/interfaces/interfaces/srv/detail
[1.084s] -- Up-to-date: /home/suketupatni/Desktop/mrt_assignments/mrt_assignment_4/mrt4_ws/install/interfaces/include/interfaces/interfaces/srv/detail/path__type_support.cpp
[1.084s] -- Up-to-date: /home/suketupatni/Desktop/mrt_assignments/mrt_assignment_4/mrt4_ws/install/interfaces/include/interfaces/interfaces/srv/detail/bounding_boxes__type_support.cpp
[1.084s] -- Up-to-date: /home/suketupatni/Desktop/mrt_assignments/mrt_assignment_4/mrt4_ws/install/interfaces/include/interfaces/interfaces/srv/detail/path__rosidl_typesupport_introspection_cpp.hpp
[1.084s] -- Up-to-date: /home/suketupatni/Desktop/mrt_assignments/mrt_assignment_4/mrt4_ws/install/interfaces/include/interfaces/interfaces/srv/detail/bounding_boxes__rosidl_typesupport_introspection_cpp.hpp
[1.084s] -- Up-to-date: /home/suketupatni/Desktop/mrt_assignments/mrt_assignment_4/mrt4_ws/install/interfaces/lib/libinterfaces__rosidl_typesupport_introspection_cpp.so
[1.084s] -- Up-to-date: /home/suketupatni/Desktop/mrt_assignments/mrt_assignment_4/mrt4_ws/install/interfaces/lib/libinterfaces__rosidl_typesupport_cpp.so
[1.084s] -- Up-to-date: /home/suketupatni/Desktop/mrt_assignments/mrt_assignment_4/mrt4_ws/install/interfaces/share/interfaces/environment/pythonpath.sh
[1.084s] -- Installing: /home/suketupatni/Desktop/mrt_assignments/mrt_assignment_4/mrt4_ws/install/interfaces/share/interfaces/environment/pythonpath.dsv
[1.084s] -- Up-to-date: /home/suketupatni/Desktop/mrt_assignments/mrt_assignment_4/mrt4_ws/install/interfaces/local/lib/python3.10/dist-packages/interfaces-0.0.0-py3.10.egg-info
[1.084s] -- Installing: /home/suketupatni/Desktop/mrt_assignments/mrt_assignment_4/mrt4_ws/install/interfaces/local/lib/python3.10/dist-packages/interfaces-0.0.0-py3.10.egg-info/PKG-INFO
[1.084s] -- Installing: /home/suketupatni/Desktop/mrt_assignments/mrt_assignment_4/mrt4_ws/install/interfaces/local/lib/python3.10/dist-packages/interfaces-0.0.0-py3.10.egg-info/dependency_links.txt
[1.084s] -- Installing: /home/suketupatni/Desktop/mrt_assignments/mrt_assignment_4/mrt4_ws/install/interfaces/local/lib/python3.10/dist-packages/interfaces-0.0.0-py3.10.egg-info/SOURCES.txt
[1.084s] -- Installing: /home/suketupatni/Desktop/mrt_assignments/mrt_assignment_4/mrt4_ws/install/interfaces/local/lib/python3.10/dist-packages/interfaces-0.0.0-py3.10.egg-info/top_level.txt
[1.084s] -- Up-to-date: /home/suketupatni/Desktop/mrt_assignments/mrt_assignment_4/mrt4_ws/install/interfaces/local/lib/python3.10/dist-packages/interfaces
[1.084s] -- Up-to-date: /home/suketupatni/Desktop/mrt_assignments/mrt_assignment_4/mrt4_ws/install/interfaces/local/lib/python3.10/dist-packages/interfaces/interfaces_s__rosidl_typesupport_introspection_c.cpython-310-x86_64-linux-gnu.so
[1.084s] -- Up-to-date: /home/suketupatni/Desktop/mrt_assignments/mrt_assignment_4/mrt4_ws/install/interfaces/local/lib/python3.10/dist-packages/interfaces/_interfaces_s.ep.rosidl_typesupport_fastrtps_c.c
[1.084s] -- Up-to-date: /home/suketupatni/Desktop/mrt_assignments/mrt_assignment_4/mrt4_ws/install/interfaces/local/lib/python3.10/dist-packages/interfaces/srv
[1.084s] -- Up-to-date: /home/suketupatni/Desktop/mrt_assignments/mrt_assignment_4/mrt4_ws/install/interfaces/local/lib/python3.10/dist-packages/interfaces/srv/_path.py
[1.084s] -- Up-to-date: /home/suketupatni/Desktop/mrt_assignments/mrt_assignment_4/mrt4_ws/install/interfaces/local/lib/python3.10/dist-packages/interfaces/srv/_path_s.c
[1.084s] -- Up-to-date: /home/suketupatni/Desktop/mrt_assignments/mrt_assignment_4/mrt4_ws/install/interfaces/local/lib/python3.10/dist-packages/interfaces/srv/_bounding_boxes_s.c
[1.084s] -- Up-to-date: /home/suketupatni/Desktop/mrt_assignments/mrt_assignment_4/mrt4_ws/install/interfaces/local/lib/python3.10/dist-packages/interfaces/srv/_bounding_boxes.py
[1.084s] -- Up-to-date: /home/suketupatni/Desktop/mrt_assignments/mrt_assignment_4/mrt4_ws/install/interfaces/local/lib/python3.10/dist-packages/interfaces/srv/__init__.py
[1.084s] -- Up-to-date: /home/suketupatni/Desktop/mrt_assignments/mrt_assignment_4/mrt4_ws/install/interfaces/local/lib/python3.10/dist-packages/interfaces/_interfaces_s.ep.rosidl_typesupport_introspection_c.c
[1.084s] -- Up-to-date: /home/suketupatni/Desktop/mrt_assignments/mrt_assignment_4/mrt4_ws/install/interfaces/local/lib/python3.10/dist-packages/interfaces/interfaces_s__rosidl_typesupport_fastrtps_c.cpython-310-x86_64-linux-gnu.so
[1.085s] -- Installing: /home/suketupatni/Desktop/mrt_assignments/mrt_assignment_4/mrt4_ws/install/interfaces/local/lib/python3.10/dist-packages/interfaces/__init__.py
[1.085s] -- Up-to-date: /home/suketupatni/Desktop/mrt_assignments/mrt_assignment_4/mrt4_ws/install/interfaces/local/lib/python3.10/dist-packages/interfaces/_interfaces_s.ep.rosidl_typesupport_c.c
[1.085s] -- Up-to-date: /home/suketupatni/Desktop/mrt_assignments/mrt_assignment_4/mrt4_ws/install/interfaces/local/lib/python3.10/dist-packages/interfaces/interfaces_s__rosidl_typesupport_c.cpython-310-x86_64-linux-gnu.so
[1.085s] -- Up-to-date: /home/suketupatni/Desktop/mrt_assignments/mrt_assignment_4/mrt4_ws/install/interfaces/local/lib/python3.10/dist-packages/interfaces/libinterfaces__rosidl_generator_py.so
[1.102s] Listing '/home/suketupatni/Desktop/mrt_assignments/mrt_assignment_4/mrt4_ws/install/interfaces/local/lib/python3.10/dist-packages/interfaces'...
[1.102s] Compiling '/home/suketupatni/Desktop/mrt_assignments/mrt_assignment_4/mrt4_ws/install/interfaces/local/lib/python3.10/dist-packages/interfaces/__init__.py'...
[1.102s] Listing '/home/suketupatni/Desktop/mrt_assignments/mrt_assignment_4/mrt4_ws/install/interfaces/local/lib/python3.10/dist-packages/interfaces/srv'...
[1.105s] -- Up-to-date: /home/suketupatni/Desktop/mrt_assignments/mrt_assignment_4/mrt4_ws/install/interfaces/local/lib/python3.10/dist-packages/interfaces/interfaces_s__rosidl_typesupport_fastrtps_c.cpython-310-x86_64-linux-gnu.so
[1.105s] -- Up-to-date: /home/suketupatni/Desktop/mrt_assignments/mrt_assignment_4/mrt4_ws/install/interfaces/local/lib/python3.10/dist-packages/interfaces/interfaces_s__rosidl_typesupport_introspection_c.cpython-310-x86_64-linux-gnu.so
[1.105s] -- Up-to-date: /home/suketupatni/Desktop/mrt_assignments/mrt_assignment_4/mrt4_ws/install/interfaces/local/lib/python3.10/dist-packages/interfaces/interfaces_s__rosidl_typesupport_c.cpython-310-x86_64-linux-gnu.so
[1.105s] -- Up-to-date: /home/suketupatni/Desktop/mrt_assignments/mrt_assignment_4/mrt4_ws/install/interfaces/lib/libinterfaces__rosidl_generator_py.so
[1.105s] -- Up-to-date: /home/suketupatni/Desktop/mrt_assignments/mrt_assignment_4/mrt4_ws/install/interfaces/share/interfaces/srv/Path.idl
[1.105s] -- Up-to-date: /home/suketupatni/Desktop/mrt_assignments/mrt_assignment_4/mrt4_ws/install/interfaces/share/interfaces/srv/BoundingBoxes.idl
[1.105s] -- Installing: /home/suketupatni/Desktop/mrt_assignments/mrt_assignment_4/mrt4_ws/install/interfaces/share/interfaces/srv/Path.srv
[1.105s] -- Up-to-date: /home/suketupatni/Desktop/mrt_assignments/mrt_assignment_4/mrt4_ws/install/interfaces/share/interfaces/srv/Path_Request.msg
[1.105s] -- Up-to-date: /home/suketupatni/Desktop/mrt_assignments/mrt_assignment_4/mrt4_ws/install/interfaces/share/interfaces/srv/Path_Response.msg
[1.105s] -- Installing: /home/suketupatni/Desktop/mrt_assignments/mrt_assignment_4/mrt4_ws/install/interfaces/share/interfaces/srv/BoundingBoxes.srv
[1.105s] -- Up-to-date: /home/suketupatni/Desktop/mrt_assignments/mrt_assignment_4/mrt4_ws/install/interfaces/share/interfaces/srv/BoundingBoxes_Request.msg
[1.105s] -- Up-to-date: /home/suketupatni/Desktop/mrt_assignments/mrt_assignment_4/mrt4_ws/install/interfaces/share/interfaces/srv/BoundingBoxes_Response.msg
[1.105s] -- Up-to-date: /home/suketupatni/Desktop/mrt_assignments/mrt_assignment_4/mrt4_ws/install/interfaces/share/ament_index/resource_index/package_run_dependencies/interfaces
[1.106s] -- Up-to-date: /home/suketupatni/Desktop/mrt_assignments/mrt_assignment_4/mrt4_ws/install/interfaces/share/ament_index/resource_index/parent_prefix_path/interfaces
[1.106s] -- Up-to-date: /home/suketupatni/Desktop/mrt_assignments/mrt_assignment_4/mrt4_ws/install/interfaces/share/interfaces/environment/ament_prefix_path.sh
[1.106s] -- Installing: /home/suketupatni/Desktop/mrt_assignments/mrt_assignment_4/mrt4_ws/install/interfaces/share/interfaces/environment/ament_prefix_path.dsv
[1.106s] -- Up-to-date: /home/suketupatni/Desktop/mrt_assignments/mrt_assignment_4/mrt4_ws/install/interfaces/share/interfaces/environment/path.sh
[1.106s] -- Installing: /home/suketupatni/Desktop/mrt_assignments/mrt_assignment_4/mrt4_ws/install/interfaces/share/interfaces/environment/path.dsv
[1.106s] -- Up-to-date: /home/suketupatni/Desktop/mrt_assignments/mrt_assignment_4/mrt4_ws/install/interfaces/share/interfaces/local_setup.bash
[1.106s] -- Up-to-date: /home/suketupatni/Desktop/mrt_assignments/mrt_assignment_4/mrt4_ws/install/interfaces/share/interfaces/local_setup.sh
[1.106s] -- Up-to-date: /home/suketupatni/Desktop/mrt_assignments/mrt_assignment_4/mrt4_ws/install/interfaces/share/interfaces/local_setup.zsh
[1.106s] -- Installing: /home/suketupatni/Desktop/mrt_assignments/mrt_assignment_4/mrt4_ws/install/interfaces/share/interfaces/local_setup.dsv
[1.106s] -- Installing: /home/suketupatni/Desktop/mrt_assignments/mrt_assignment_4/mrt4_ws/install/interfaces/share/interfaces/package.dsv
[1.106s] -- Up-to-date: /home/suketupatni/Desktop/mrt_assignments/mrt_assignment_4/mrt4_ws/install/interfaces/share/ament_index/resource_index/packages/interfaces
[1.106s] -- Up-to-date: /home/suketupatni/Desktop/mrt_assignments/mrt_assignment_4/mrt4_ws/install/interfaces/share/interfaces/cmake/export_interfaces__rosidl_generator_cExport.cmake
[1.106s] -- Up-to-date: /home/suketupatni/Desktop/mrt_assignments/mrt_assignment_4/mrt4_ws/install/interfaces/share/interfaces/cmake/export_interfaces__rosidl_generator_cExport-noconfig.cmake
[1.106s] -- Up-to-date: /home/suketupatni/Desktop/mrt_assignments/mrt_assignment_4/mrt4_ws/install/interfaces/share/interfaces/cmake/export_interfaces__rosidl_typesupport_fastrtps_cExport.cmake
[1.106s] -- Up-to-date: /home/suketupatni/Desktop/mrt_assignments/mrt_assignment_4/mrt4_ws/install/interfaces/share/interfaces/cmake/export_interfaces__rosidl_typesupport_fastrtps_cExport-noconfig.cmake
[1.106s] -- Up-to-date: /home/suketupatni/Desktop/mrt_assignments/mrt_assignment_4/mrt4_ws/install/interfaces/share/interfaces/cmake/interfaces__rosidl_typesupport_introspection_cExport.cmake
[1.106s] -- Up-to-date: /home/suketupatni/Desktop/mrt_assignments/mrt_assignment_4/mrt4_ws/install/interfaces/share/interfaces/cmake/interfaces__rosidl_typesupport_introspection_cExport-noconfig.cmake
[1.106s] -- Up-to-date: /home/suketupatni/Desktop/mrt_assignments/mrt_assignment_4/mrt4_ws/install/interfaces/share/interfaces/cmake/interfaces__rosidl_typesupport_cExport.cmake
[1.106s] -- Up-to-date: /home/suketupatni/Desktop/mrt_assignments/mrt_assignment_4/mrt4_ws/install/interfaces/share/interfaces/cmake/interfaces__rosidl_typesupport_cExport-noconfig.cmake
[1.106s] -- Up-to-date: /home/suketupatni/Desktop/mrt_assignments/mrt_assignment_4/mrt4_ws/install/interfaces/share/interfaces/cmake/export_interfaces__rosidl_generator_cppExport.cmake
[1.106s] -- Up-to-date: /home/suketupatni/Desktop/mrt_assignments/mrt_assignment_4/mrt4_ws/install/interfaces/share/interfaces/cmake/export_interfaces__rosidl_typesupport_fastrtps_cppExport.cmake
[1.106s] -- Up-to-date: /home/suketupatni/Desktop/mrt_assignments/mrt_assignment_4/mrt4_ws/install/interfaces/share/interfaces/cmake/export_interfaces__rosidl_typesupport_fastrtps_cppExport-noconfig.cmake
[1.106s] -- Up-to-date: /home/suketupatni/Desktop/mrt_assignments/mrt_assignment_4/mrt4_ws/install/interfaces/share/interfaces/cmake/interfaces__rosidl_typesupport_introspection_cppExport.cmake
[1.106s] -- Up-to-date: /home/suketupatni/Desktop/mrt_assignments/mrt_assignment_4/mrt4_ws/install/interfaces/share/interfaces/cmake/interfaces__rosidl_typesupport_introspection_cppExport-noconfig.cmake
[1.106s] -- Up-to-date: /home/suketupatni/Desktop/mrt_assignments/mrt_assignment_4/mrt4_ws/install/interfaces/share/interfaces/cmake/interfaces__rosidl_typesupport_cppExport.cmake
[1.106s] -- Up-to-date: /home/suketupatni/Desktop/mrt_assignments/mrt_assignment_4/mrt4_ws/install/interfaces/share/interfaces/cmake/interfaces__rosidl_typesupport_cppExport-noconfig.cmake
[1.107s] -- Up-to-date: /home/suketupatni/Desktop/mrt_assignments/mrt_assignment_4/mrt4_ws/install/interfaces/share/interfaces/cmake/export_interfaces__rosidl_generator_pyExport.cmake
[1.107s] -- Up-to-date: /home/suketupatni/Desktop/mrt_assignments/mrt_assignment_4/mrt4_ws/install/interfaces/share/interfaces/cmake/export_interfaces__rosidl_generator_pyExport-noconfig.cmake
[1.107s] -- Up-to-date: /home/suketupatni/Desktop/mrt_assignments/mrt_assignment_4/mrt4_ws/install/interfaces/share/interfaces/cmake/rosidl_cmake-extras.cmake
[1.107s] -- Up-to-date: /home/suketupatni/Desktop/mrt_assignments/mrt_assignment_4/mrt4_ws/install/interfaces/share/interfaces/cmake/ament_cmake_export_dependencies-extras.cmake
[1.107s] -- Up-to-date: /home/suketupatni/Desktop/mrt_assignments/mrt_assignment_4/mrt4_ws/install/interfaces/share/interfaces/cmake/ament_cmake_export_include_directories-extras.cmake
[1.107s] -- Up-to-date: /home/suketupatni/Desktop/mrt_assignments/mrt_assignment_4/mrt4_ws/install/interfaces/share/interfaces/cmake/ament_cmake_export_libraries-extras.cmake
[1.107s] -- Up-to-date: /home/suketupatni/Desktop/mrt_assignments/mrt_assignment_4/mrt4_ws/install/interfaces/share/interfaces/cmake/ament_cmake_export_targets-extras.cmake
[1.107s] -- Up-to-date: /home/suketupatni/Desktop/mrt_assignments/mrt_assignment_4/mrt4_ws/install/interfaces/share/interfaces/cmake/rosidl_cmake_export_typesupport_targets-extras.cmake
[1.107s] -- Up-to-date: /home/suketupatni/Desktop/mrt_assignments/mrt_assignment_4/mrt4_ws/install/interfaces/share/interfaces/cmake/rosidl_cmake_export_typesupport_libraries-extras.cmake
[1.107s] -- Up-to-date: /home/suketupatni/Desktop/mrt_assignments/mrt_assignment_4/mrt4_ws/install/interfaces/share/interfaces/cmake/interfacesConfig.cmake
[1.107s] -- Up-to-date: /home/suketupatni/Desktop/mrt_assignments/mrt_assignment_4/mrt4_ws/install/interfaces/share/interfaces/cmake/interfacesConfig-version.cmake
[1.107s] -- Up-to-date: /home/suketupatni/Desktop/mrt_assignments/mrt_assignment_4/mrt4_ws/install/interfaces/share/interfaces/package.xml
[1.108s] Invoked command in '/home/suketupatni/Desktop/mrt_assignments/mrt_assignment_4/mrt4_ws/build/interfaces' returned '0': CMAKE_PREFIX_PATH=/opt/ros/humble /usr/bin/cmake --install /home/suketupatni/Desktop/mrt_assignments/mrt_assignment_4/mrt4_ws/build/interfaces
