[0.356s] Invoking command in '/home/suketupatni/Desktop/mrt_assignments/mrt_assignment_2/mrt_ws/src/suketupatni_assn_2': PYTHONPATH=/home/suketupatni/Desktop/mrt_assignments/mrt_assignment_2/mrt_ws/build/suketupatni_assn_2/prefix_override:/home/suketupatni/Desktop/mrt_assignments/mrt_assignment_2/mrt_ws/install/suketupatni_assn_2/lib/python3.10/site-packages:${PYTHONPATH} /usr/bin/python3 setup.py egg_info --egg-base ../../build/suketupatni_assn_2 build --build-base /home/suketupatni/Desktop/mrt_assignments/mrt_assignment_2/mrt_ws/build/suketupatni_assn_2/build install --record /home/suketupatni/Desktop/mrt_assignments/mrt_assignment_2/mrt_ws/build/suketupatni_assn_2/install.log --single-version-externally-managed
[0.470s] running egg_info
[0.470s] writing ../../build/suketupatni_assn_2/suketupatni_assn_2.egg-info/PKG-INFO
[0.470s] writing dependency_links to ../../build/suketupatni_assn_2/suketupatni_assn_2.egg-info/dependency_links.txt
[0.470s] writing entry points to ../../build/suketupatni_assn_2/suketupatni_assn_2.egg-info/entry_points.txt
[0.470s] writing requirements to ../../build/suketupatni_assn_2/suketupatni_assn_2.egg-info/requires.txt
[0.470s] writing top-level names to ../../build/suketupatni_assn_2/suketupatni_assn_2.egg-info/top_level.txt
[0.471s] reading manifest file '../../build/suketupatni_assn_2/suketupatni_assn_2.egg-info/SOURCES.txt'
[0.476s] writing manifest file '../../build/suketupatni_assn_2/suketupatni_assn_2.egg-info/SOURCES.txt'
[0.476s] running build
[0.476s] running build_py
[0.477s] copying suketupatni_assn_2/basestation.py -> /home/suketupatni/Desktop/mrt_assignments/mrt_assignment_2/mrt_ws/build/suketupatni_assn_2/build/lib/suketupatni_assn_2
[0.477s] running install
[0.477s] /usr/lib/python3/dist-packages/setuptools/command/install.py:34: SetuptoolsDeprecationWarning: setup.py install is deprecated. Use build and pip and other standards-based tools.
[0.477s]   warnings.warn(
[0.477s] running install_lib
[0.477s] copying /home/suketupatni/Desktop/mrt_assignments/mrt_assignment_2/mrt_ws/build/suketupatni_assn_2/build/lib/suketupatni_assn_2/basestation.py -> /home/suketupatni/Desktop/mrt_assignments/mrt_assignment_2/mrt_ws/install/suketupatni_assn_2/lib/python3.10/site-packages/suketupatni_assn_2
[0.478s] byte-compiling /home/suketupatni/Desktop/mrt_assignments/mrt_assignment_2/mrt_ws/install/suketupatni_assn_2/lib/python3.10/site-packages/suketupatni_assn_2/basestation.py to basestation.cpython-310.pyc
[0.478s] running install_data
[0.478s] running install_egg_info
[0.479s] removing '/home/suketupatni/Desktop/mrt_assignments/mrt_assignment_2/mrt_ws/install/suketupatni_assn_2/lib/python3.10/site-packages/suketupatni_assn_2-0.0.0-py3.10.egg-info' (and everything under it)
[0.479s] Copying ../../build/suketupatni_assn_2/suketupatni_assn_2.egg-info to /home/suketupatni/Desktop/mrt_assignments/mrt_assignment_2/mrt_ws/install/suketupatni_assn_2/lib/python3.10/site-packages/suketupatni_assn_2-0.0.0-py3.10.egg-info
[0.479s] running install_scripts
[0.491s] Installing listener script to /home/suketupatni/Desktop/mrt_assignments/mrt_assignment_2/mrt_ws/install/suketupatni_assn_2/lib/suketupatni_assn_2
[0.491s] Installing talker1 script to /home/suketupatni/Desktop/mrt_assignments/mrt_assignment_2/mrt_ws/install/suketupatni_assn_2/lib/suketupatni_assn_2
[0.491s] Installing talker2 script to /home/suketupatni/Desktop/mrt_assignments/mrt_assignment_2/mrt_ws/install/suketupatni_assn_2/lib/suketupatni_assn_2
[0.491s] Installing talker3 script to /home/suketupatni/Desktop/mrt_assignments/mrt_assignment_2/mrt_ws/install/suketupatni_assn_2/lib/suketupatni_assn_2
[0.491s] Installing talker4 script to /home/suketupatni/Desktop/mrt_assignments/mrt_assignment_2/mrt_ws/install/suketupatni_assn_2/lib/suketupatni_assn_2
[0.491s] writing list of installed files to '/home/suketupatni/Desktop/mrt_assignments/mrt_assignment_2/mrt_ws/build/suketupatni_assn_2/install.log'
[0.504s] Invoked command in '/home/suketupatni/Desktop/mrt_assignments/mrt_assignment_2/mrt_ws/src/suketupatni_assn_2' returned '0': PYTHONPATH=/home/suketupatni/Desktop/mrt_assignments/mrt_assignment_2/mrt_ws/build/suketupatni_assn_2/prefix_override:/home/suketupatni/Desktop/mrt_assignments/mrt_assignment_2/mrt_ws/install/suketupatni_assn_2/lib/python3.10/site-packages:${PYTHONPATH} /usr/bin/python3 setup.py egg_info --egg-base ../../build/suketupatni_assn_2 build --build-base /home/suketupatni/Desktop/mrt_assignments/mrt_assignment_2/mrt_ws/build/suketupatni_assn_2/build install --record /home/suketupatni/Desktop/mrt_assignments/mrt_assignment_2/mrt_ws/build/suketupatni_assn_2/install.log --single-version-externally-managed
