[0.511s] DEBUG:colcon:Command line arguments: ['/usr/bin/colcon', 'build']
[0.511s] DEBUG:colcon:Parsed command line arguments: Namespace(log_base=None, log_level=None, verb_name='build', build_base='build', install_base='install', merge_install=False, symlink_install=False, test_result_base=None, continue_on_error=False, executor='parallel', parallel_workers=20, event_handlers=None, ignore_user_meta=False, metas=['./colcon.meta'], base_paths=['.'], packages_ignore=None, packages_ignore_regex=None, paths=None, packages_up_to=None, packages_up_to_regex=None, packages_above=None, packages_above_and_dependencies=None, packages_above_depth=None, packages_select_by_dep=None, packages_skip_by_dep=None, packages_skip_up_to=None, packages_select_build_failed=False, packages_skip_build_finished=False, packages_select_test_failures=False, packages_skip_test_passed=False, packages_select=None, packages_skip=None, packages_select_regex=None, packages_skip_regex=None, packages_start=None, packages_end=None, allow_overriding=[], cmake_args=None, cmake_target=None, cmake_target_skip_unavailable=False, cmake_clean_cache=False, cmake_clean_first=False, cmake_force_configure=False, ament_cmake_args=None, catkin_cmake_args=None, catkin_skip_building_tests=False, verb_parser=<colcon_defaults.argument_parser.defaults.DefaultArgumentsDecorator object at 0x741ada050130>, verb_extension=<colcon_core.verb.build.BuildVerb object at 0x741ada0b9300>, main=<bound method BuildVerb.main of <colcon_core.verb.build.BuildVerb object at 0x741ada0b9300>>)
[0.535s] Level 1:colcon.colcon_core.package_discovery:discover_packages(colcon_meta) check parameters
[0.535s] Level 1:colcon.colcon_core.package_discovery:discover_packages(recursive) check parameters
[0.535s] Level 1:colcon.colcon_core.package_discovery:discover_packages(ignore) check parameters
[0.535s] Level 1:colcon.colcon_core.package_discovery:discover_packages(path) check parameters
[0.535s] Level 1:colcon.colcon_core.package_discovery:discover_packages(colcon_meta) discover
[0.535s] Level 1:colcon.colcon_core.package_discovery:discover_packages(recursive) discover
[0.535s] INFO:colcon.colcon_core.package_discovery:Crawling recursively for packages in '/home/suketupatni/Desktop/mrt_assignments/mrt_assignment_4/mrt4_ws'
[0.535s] Level 1:colcon.colcon_core.package_identification:_identify(.) by extensions ['ignore', 'ignore_ament_install']
[0.535s] Level 1:colcon.colcon_core.package_identification:_identify(.) by extension 'ignore'
[0.535s] Level 1:colcon.colcon_core.package_identification:_identify(.) by extension 'ignore_ament_install'
[0.535s] Level 1:colcon.colcon_core.package_identification:_identify(.) by extensions ['colcon_pkg']
[0.535s] Level 1:colcon.colcon_core.package_identification:_identify(.) by extension 'colcon_pkg'
[0.535s] Level 1:colcon.colcon_core.package_identification:_identify(.) by extensions ['colcon_meta']
[0.535s] Level 1:colcon.colcon_core.package_identification:_identify(.) by extension 'colcon_meta'
[0.535s] Level 1:colcon.colcon_core.package_identification:_identify(.) by extensions ['ros']
[0.535s] Level 1:colcon.colcon_core.package_identification:_identify(.) by extension 'ros'
[0.542s] Level 1:colcon.colcon_core.package_identification:_identify(.) by extensions ['cmake', 'python']
[0.542s] Level 1:colcon.colcon_core.package_identification:_identify(.) by extension 'cmake'
[0.542s] Level 1:colcon.colcon_core.package_identification:_identify(.) by extension 'python'
[0.542s] Level 1:colcon.colcon_core.package_identification:_identify(.) by extensions ['python_setup_py']
[0.542s] Level 1:colcon.colcon_core.package_identification:_identify(.) by extension 'python_setup_py'
[0.542s] Level 1:colcon.colcon_core.package_identification:_identify(build) by extensions ['ignore', 'ignore_ament_install']
[0.542s] Level 1:colcon.colcon_core.package_identification:_identify(build) by extension 'ignore'
[0.542s] Level 1:colcon.colcon_core.package_identification:_identify(build) ignored
[0.542s] Level 1:colcon.colcon_core.package_identification:_identify(install) by extensions ['ignore', 'ignore_ament_install']
[0.542s] Level 1:colcon.colcon_core.package_identification:_identify(install) by extension 'ignore'
[0.542s] Level 1:colcon.colcon_core.package_identification:_identify(install) ignored
[0.542s] Level 1:colcon.colcon_core.package_identification:_identify(log) by extensions ['ignore', 'ignore_ament_install']
[0.542s] Level 1:colcon.colcon_core.package_identification:_identify(log) by extension 'ignore'
[0.542s] Level 1:colcon.colcon_core.package_identification:_identify(log) ignored
[0.542s] Level 1:colcon.colcon_core.package_identification:_identify(src) by extensions ['ignore', 'ignore_ament_install']
[0.542s] Level 1:colcon.colcon_core.package_identification:_identify(src) by extension 'ignore'
[0.542s] Level 1:colcon.colcon_core.package_identification:_identify(src) by extension 'ignore_ament_install'
[0.542s] Level 1:colcon.colcon_core.package_identification:_identify(src) by extensions ['colcon_pkg']
[0.542s] Level 1:colcon.colcon_core.package_identification:_identify(src) by extension 'colcon_pkg'
[0.542s] Level 1:colcon.colcon_core.package_identification:_identify(src) by extensions ['colcon_meta']
[0.542s] Level 1:colcon.colcon_core.package_identification:_identify(src) by extension 'colcon_meta'
[0.542s] Level 1:colcon.colcon_core.package_identification:_identify(src) by extensions ['ros']
[0.542s] Level 1:colcon.colcon_core.package_identification:_identify(src) by extension 'ros'
[0.542s] Level 1:colcon.colcon_core.package_identification:_identify(src) by extensions ['cmake', 'python']
[0.542s] Level 1:colcon.colcon_core.package_identification:_identify(src) by extension 'cmake'
[0.542s] Level 1:colcon.colcon_core.package_identification:_identify(src) by extension 'python'
[0.542s] Level 1:colcon.colcon_core.package_identification:_identify(src) by extensions ['python_setup_py']
[0.542s] Level 1:colcon.colcon_core.package_identification:_identify(src) by extension 'python_setup_py'
[0.542s] Level 1:colcon.colcon_core.package_identification:_identify(src/interfaces) by extensions ['ignore', 'ignore_ament_install']
[0.542s] Level 1:colcon.colcon_core.package_identification:_identify(src/interfaces) by extension 'ignore'
[0.542s] Level 1:colcon.colcon_core.package_identification:_identify(src/interfaces) by extension 'ignore_ament_install'
[0.543s] Level 1:colcon.colcon_core.package_identification:_identify(src/interfaces) by extensions ['colcon_pkg']
[0.543s] Level 1:colcon.colcon_core.package_identification:_identify(src/interfaces) by extension 'colcon_pkg'
[0.543s] Level 1:colcon.colcon_core.package_identification:_identify(src/interfaces) by extensions ['colcon_meta']
[0.543s] Level 1:colcon.colcon_core.package_identification:_identify(src/interfaces) by extension 'colcon_meta'
[0.543s] Level 1:colcon.colcon_core.package_identification:_identify(src/interfaces) by extensions ['ros']
[0.543s] Level 1:colcon.colcon_core.package_identification:_identify(src/interfaces) by extension 'ros'
[0.544s] DEBUG:colcon.colcon_core.package_identification:Package 'src/interfaces' with type 'ros.ament_cmake' and name 'interfaces'
[0.544s] Level 1:colcon.colcon_core.package_identification:_identify(src/suketupatni_assn_4) by extensions ['ignore', 'ignore_ament_install']
[0.544s] Level 1:colcon.colcon_core.package_identification:_identify(src/suketupatni_assn_4) by extension 'ignore'
[0.544s] Level 1:colcon.colcon_core.package_identification:_identify(src/suketupatni_assn_4) by extension 'ignore_ament_install'
[0.544s] Level 1:colcon.colcon_core.package_identification:_identify(src/suketupatni_assn_4) by extensions ['colcon_pkg']
[0.544s] Level 1:colcon.colcon_core.package_identification:_identify(src/suketupatni_assn_4) by extension 'colcon_pkg'
[0.544s] Level 1:colcon.colcon_core.package_identification:_identify(src/suketupatni_assn_4) by extensions ['colcon_meta']
[0.544s] Level 1:colcon.colcon_core.package_identification:_identify(src/suketupatni_assn_4) by extension 'colcon_meta'
[0.544s] Level 1:colcon.colcon_core.package_identification:_identify(src/suketupatni_assn_4) by extensions ['ros']
[0.544s] Level 1:colcon.colcon_core.package_identification:_identify(src/suketupatni_assn_4) by extension 'ros'
[0.545s] DEBUG:colcon.colcon_core.package_identification:Package 'src/suketupatni_assn_4' with type 'ros.ament_python' and name 'suketupatni_assn_4'
[0.545s] Level 1:colcon.colcon_core.package_discovery:discover_packages(recursive) using defaults
[0.545s] Level 1:colcon.colcon_core.package_discovery:discover_packages(ignore) discover
[0.545s] Level 1:colcon.colcon_core.package_discovery:discover_packages(ignore) using defaults
[0.545s] Level 1:colcon.colcon_core.package_discovery:discover_packages(path) discover
[0.545s] Level 1:colcon.colcon_core.package_discovery:discover_packages(path) using defaults
[0.594s] Level 1:colcon.colcon_core.package_discovery:discover_packages(prefix_path) check parameters
[0.594s] Level 1:colcon.colcon_core.package_discovery:discover_packages(prefix_path) discover
[0.610s] DEBUG:colcon.colcon_installed_package_information.package_discovery:Found 2 installed packages in /home/suketupatni/Desktop/mrt_assignments/mrt_assignment_4/mrt4_ws/install
[0.624s] DEBUG:colcon.colcon_installed_package_information.package_discovery:Found 285 installed packages in /opt/ros/humble
[0.625s] Level 1:colcon.colcon_core.package_discovery:discover_packages(prefix_path) using defaults
[0.671s] Level 5:colcon.colcon_core.verb:set package 'interfaces' build argument 'cmake_args' from command line to 'None'
[0.671s] Level 5:colcon.colcon_core.verb:set package 'interfaces' build argument 'cmake_target' from command line to 'None'
[0.671s] Level 5:colcon.colcon_core.verb:set package 'interfaces' build argument 'cmake_target_skip_unavailable' from command line to 'False'
[0.671s] Level 5:colcon.colcon_core.verb:set package 'interfaces' build argument 'cmake_clean_cache' from command line to 'False'
[0.671s] Level 5:colcon.colcon_core.verb:set package 'interfaces' build argument 'cmake_clean_first' from command line to 'False'
[0.671s] Level 5:colcon.colcon_core.verb:set package 'interfaces' build argument 'cmake_force_configure' from command line to 'False'
[0.671s] Level 5:colcon.colcon_core.verb:set package 'interfaces' build argument 'ament_cmake_args' from command line to 'None'
[0.671s] Level 5:colcon.colcon_core.verb:set package 'interfaces' build argument 'catkin_cmake_args' from command line to 'None'
[0.672s] Level 5:colcon.colcon_core.verb:set package 'interfaces' build argument 'catkin_skip_building_tests' from command line to 'False'
[0.672s] DEBUG:colcon.colcon_core.verb:Building package 'interfaces' with the following arguments: {'ament_cmake_args': None, 'build_base': '/home/suketupatni/Desktop/mrt_assignments/mrt_assignment_4/mrt4_ws/build/interfaces', 'catkin_cmake_args': None, 'catkin_skip_building_tests': False, 'cmake_args': None, 'cmake_clean_cache': False, 'cmake_clean_first': False, 'cmake_force_configure': False, 'cmake_target': None, 'cmake_target_skip_unavailable': False, 'install_base': '/home/suketupatni/Desktop/mrt_assignments/mrt_assignment_4/mrt4_ws/install/interfaces', 'merge_install': False, 'path': '/home/suketupatni/Desktop/mrt_assignments/mrt_assignment_4/mrt4_ws/src/interfaces', 'symlink_install': False, 'test_result_base': None}
[0.679s] Level 5:colcon.colcon_core.verb:set package 'suketupatni_assn_4' build argument 'cmake_args' from command line to 'None'
[0.679s] Level 5:colcon.colcon_core.verb:set package 'suketupatni_assn_4' build argument 'cmake_target' from command line to 'None'
[0.679s] Level 5:colcon.colcon_core.verb:set package 'suketupatni_assn_4' build argument 'cmake_target_skip_unavailable' from command line to 'False'
[0.679s] Level 5:colcon.colcon_core.verb:set package 'suketupatni_assn_4' build argument 'cmake_clean_cache' from command line to 'False'
[0.679s] Level 5:colcon.colcon_core.verb:set package 'suketupatni_assn_4' build argument 'cmake_clean_first' from command line to 'False'
[0.679s] Level 5:colcon.colcon_core.verb:set package 'suketupatni_assn_4' build argument 'cmake_force_configure' from command line to 'False'
[0.679s] Level 5:colcon.colcon_core.verb:set package 'suketupatni_assn_4' build argument 'ament_cmake_args' from command line to 'None'
[0.679s] Level 5:colcon.colcon_core.verb:set package 'suketupatni_assn_4' build argument 'catkin_cmake_args' from command line to 'None'
[0.679s] Level 5:colcon.colcon_core.verb:set package 'suketupatni_assn_4' build argument 'catkin_skip_building_tests' from command line to 'False'
[0.679s] DEBUG:colcon.colcon_core.verb:Building package 'suketupatni_assn_4' with the following arguments: {'ament_cmake_args': None, 'build_base': '/home/suketupatni/Desktop/mrt_assignments/mrt_assignment_4/mrt4_ws/build/suketupatni_assn_4', 'catkin_cmake_args': None, 'catkin_skip_building_tests': False, 'cmake_args': None, 'cmake_clean_cache': False, 'cmake_clean_first': False, 'cmake_force_configure': False, 'cmake_target': None, 'cmake_target_skip_unavailable': False, 'install_base': '/home/suketupatni/Desktop/mrt_assignments/mrt_assignment_4/mrt4_ws/install/suketupatni_assn_4', 'merge_install': False, 'path': '/home/suketupatni/Desktop/mrt_assignments/mrt_assignment_4/mrt4_ws/src/suketupatni_assn_4', 'symlink_install': False, 'test_result_base': None}
[0.687s] INFO:colcon.colcon_core.executor:Executing jobs using 'parallel' executor
[0.694s] DEBUG:colcon.colcon_parallel_executor.executor.parallel:run_until_complete
[0.695s] INFO:colcon.colcon_ros.task.ament_cmake.build:Building ROS package in '/home/suketupatni/Desktop/mrt_assignments/mrt_assignment_4/mrt4_ws/src/interfaces' with build type 'ament_cmake'
[0.695s] INFO:colcon.colcon_cmake.task.cmake.build:Building CMake package in '/home/suketupatni/Desktop/mrt_assignments/mrt_assignment_4/mrt4_ws/src/interfaces'
[0.703s] INFO:colcon.colcon_core.plugin_system:Skipping extension 'colcon_core.shell.bat': Not used on non-Windows systems
[0.703s] INFO:colcon.colcon_core.shell:Skip shell extension 'powershell' for command environment: Not usable outside of PowerShell
[0.703s] DEBUG:colcon.colcon_core.shell:Skip shell extension 'dsv' for command environment
[0.728s] INFO:colcon.colcon_ros.task.ament_python.build:Building ROS package in '/home/suketupatni/Desktop/mrt_assignments/mrt_assignment_4/mrt4_ws/src/suketupatni_assn_4' with build type 'ament_python'
[0.728s] Level 1:colcon.colcon_core.shell:create_environment_hook('suketupatni_assn_4', 'ament_prefix_path')
[0.737s] INFO:colcon.colcon_core.shell:Creating environment hook '/home/suketupatni/Desktop/mrt_assignments/mrt_assignment_4/mrt4_ws/install/suketupatni_assn_4/share/suketupatni_assn_4/hook/ament_prefix_path.ps1'
[0.737s] INFO:colcon.colcon_core.shell:Creating environment descriptor '/home/suketupatni/Desktop/mrt_assignments/mrt_assignment_4/mrt4_ws/install/suketupatni_assn_4/share/suketupatni_assn_4/hook/ament_prefix_path.dsv'
[0.737s] INFO:colcon.colcon_core.shell:Creating environment hook '/home/suketupatni/Desktop/mrt_assignments/mrt_assignment_4/mrt4_ws/install/suketupatni_assn_4/share/suketupatni_assn_4/hook/ament_prefix_path.sh'
[0.745s] INFO:colcon.colcon_core.shell:Skip shell extension 'powershell' for command environment: Not usable outside of PowerShell
[0.745s] DEBUG:colcon.colcon_core.shell:Skip shell extension 'dsv' for command environment
[0.772s] DEBUG:colcon.colcon_core.event_handler.log_command:Invoking command in '/home/suketupatni/Desktop/mrt_assignments/mrt_assignment_4/mrt4_ws/build/interfaces': CMAKE_PREFIX_PATH=${CMAKE_PREFIX_PATH}:/home/suketupatni/Desktop/mrt_assignments/mrt_assignment_4/mrt4_ws/install/suketupatni_assn_4:/opt/ros/humble /usr/bin/cmake --build /home/suketupatni/Desktop/mrt_assignments/mrt_assignment_4/mrt4_ws/build/interfaces -- -j20 -l20
[0.967s] INFO:colcon.colcon_core.task.python.build:Building Python package in '/home/suketupatni/Desktop/mrt_assignments/mrt_assignment_4/mrt4_ws/src/suketupatni_assn_4'
[0.977s] INFO:colcon.colcon_core.shell:Skip shell extension 'powershell' for command environment: Not usable outside of PowerShell
[0.977s] DEBUG:colcon.colcon_core.shell:Skip shell extension 'dsv' for command environment
[1.010s] DEBUG:colcon.colcon_core.event_handler.log_command:Invoked command in '/home/suketupatni/Desktop/mrt_assignments/mrt_assignment_4/mrt4_ws/build/interfaces' returned '0': CMAKE_PREFIX_PATH=${CMAKE_PREFIX_PATH}:/home/suketupatni/Desktop/mrt_assignments/mrt_assignment_4/mrt4_ws/install/suketupatni_assn_4:/opt/ros/humble /usr/bin/cmake --build /home/suketupatni/Desktop/mrt_assignments/mrt_assignment_4/mrt4_ws/build/interfaces -- -j20 -l20
[1.057s] DEBUG:colcon.colcon_core.event_handler.log_command:Invoking command in '/home/suketupatni/Desktop/mrt_assignments/mrt_assignment_4/mrt4_ws/build/interfaces': CMAKE_PREFIX_PATH=${CMAKE_PREFIX_PATH}:/home/suketupatni/Desktop/mrt_assignments/mrt_assignment_4/mrt4_ws/install/suketupatni_assn_4:/opt/ros/humble /usr/bin/cmake --install /home/suketupatni/Desktop/mrt_assignments/mrt_assignment_4/mrt4_ws/build/interfaces
[1.087s] Level 1:colcon.colcon_core.environment:create_environment_scripts_only(interfaces)
[1.087s] DEBUG:colcon.colcon_core.event_handler.log_command:Invoked command in '/home/suketupatni/Desktop/mrt_assignments/mrt_assignment_4/mrt4_ws/build/interfaces' returned '0': CMAKE_PREFIX_PATH=${CMAKE_PREFIX_PATH}:/home/suketupatni/Desktop/mrt_assignments/mrt_assignment_4/mrt4_ws/install/suketupatni_assn_4:/opt/ros/humble /usr/bin/cmake --install /home/suketupatni/Desktop/mrt_assignments/mrt_assignment_4/mrt4_ws/build/interfaces
[1.097s] Level 1:colcon.colcon_core.environment:checking '/home/suketupatni/Desktop/mrt_assignments/mrt_assignment_4/mrt4_ws/install/interfaces' for CMake module files
[1.097s] Level 1:colcon.colcon_core.environment:checking '/home/suketupatni/Desktop/mrt_assignments/mrt_assignment_4/mrt4_ws/install/interfaces' for CMake config files
[1.097s] Level 1:colcon.colcon_core.shell:create_environment_hook('interfaces', 'cmake_prefix_path')
[1.106s] INFO:colcon.colcon_core.shell:Creating environment hook '/home/suketupatni/Desktop/mrt_assignments/mrt_assignment_4/mrt4_ws/install/interfaces/share/interfaces/hook/cmake_prefix_path.ps1'
[1.106s] INFO:colcon.colcon_core.shell:Creating environment descriptor '/home/suketupatni/Desktop/mrt_assignments/mrt_assignment_4/mrt4_ws/install/interfaces/share/interfaces/hook/cmake_prefix_path.dsv'
[1.106s] INFO:colcon.colcon_core.shell:Creating environment hook '/home/suketupatni/Desktop/mrt_assignments/mrt_assignment_4/mrt4_ws/install/interfaces/share/interfaces/hook/cmake_prefix_path.sh'
[1.107s] Level 1:colcon.colcon_core.environment:checking '/home/suketupatni/Desktop/mrt_assignments/mrt_assignment_4/mrt4_ws/install/interfaces/lib'
[1.107s] Level 1:colcon.colcon_core.shell:create_environment_hook('interfaces', 'ld_library_path_lib')
[1.115s] INFO:colcon.colcon_core.shell:Creating environment hook '/home/suketupatni/Desktop/mrt_assignments/mrt_assignment_4/mrt4_ws/install/interfaces/share/interfaces/hook/ld_library_path_lib.ps1'
[1.115s] INFO:colcon.colcon_core.shell:Creating environment descriptor '/home/suketupatni/Desktop/mrt_assignments/mrt_assignment_4/mrt4_ws/install/interfaces/share/interfaces/hook/ld_library_path_lib.dsv'
[1.115s] INFO:colcon.colcon_core.shell:Creating environment hook '/home/suketupatni/Desktop/mrt_assignments/mrt_assignment_4/mrt4_ws/install/interfaces/share/interfaces/hook/ld_library_path_lib.sh'
[1.115s] Level 1:colcon.colcon_core.environment:checking '/home/suketupatni/Desktop/mrt_assignments/mrt_assignment_4/mrt4_ws/install/interfaces/bin'
[1.116s] Level 1:colcon.colcon_core.environment:checking '/home/suketupatni/Desktop/mrt_assignments/mrt_assignment_4/mrt4_ws/install/interfaces/lib/pkgconfig/interfaces.pc'
[1.116s] Level 1:colcon.colcon_core.environment:checking '/home/suketupatni/Desktop/mrt_assignments/mrt_assignment_4/mrt4_ws/install/interfaces/lib/python3.10/site-packages'
[1.116s] Level 1:colcon.colcon_core.environment:checking '/home/suketupatni/Desktop/mrt_assignments/mrt_assignment_4/mrt4_ws/install/interfaces/bin'
[1.125s] INFO:colcon.colcon_core.shell:Creating package script '/home/suketupatni/Desktop/mrt_assignments/mrt_assignment_4/mrt4_ws/install/interfaces/share/interfaces/package.ps1'
[1.126s] INFO:colcon.colcon_core.shell:Creating package descriptor '/home/suketupatni/Desktop/mrt_assignments/mrt_assignment_4/mrt4_ws/install/interfaces/share/interfaces/package.dsv'
[1.126s] INFO:colcon.colcon_core.shell:Creating package script '/home/suketupatni/Desktop/mrt_assignments/mrt_assignment_4/mrt4_ws/install/interfaces/share/interfaces/package.sh'
[1.127s] INFO:colcon.colcon_core.shell:Creating package script '/home/suketupatni/Desktop/mrt_assignments/mrt_assignment_4/mrt4_ws/install/interfaces/share/interfaces/package.bash'
[1.127s] INFO:colcon.colcon_core.shell:Creating package script '/home/suketupatni/Desktop/mrt_assignments/mrt_assignment_4/mrt4_ws/install/interfaces/share/interfaces/package.zsh'
[1.127s] Level 1:colcon.colcon_core.environment:create_file_with_runtime_dependencies(/home/suketupatni/Desktop/mrt_assignments/mrt_assignment_4/mrt4_ws/install/interfaces/share/colcon-core/packages/interfaces)
[1.176s] Level 1:colcon.colcon_core.environment:create_environment_scripts_only(interfaces)
[1.184s] Level 1:colcon.colcon_core.environment:checking '/home/suketupatni/Desktop/mrt_assignments/mrt_assignment_4/mrt4_ws/install/interfaces' for CMake module files
[1.184s] Level 1:colcon.colcon_core.environment:checking '/home/suketupatni/Desktop/mrt_assignments/mrt_assignment_4/mrt4_ws/install/interfaces' for CMake config files
[1.185s] Level 1:colcon.colcon_core.shell:create_environment_hook('interfaces', 'cmake_prefix_path')
[1.192s] INFO:colcon.colcon_core.shell:Creating environment hook '/home/suketupatni/Desktop/mrt_assignments/mrt_assignment_4/mrt4_ws/install/interfaces/share/interfaces/hook/cmake_prefix_path.ps1'
[1.193s] INFO:colcon.colcon_core.shell:Creating environment descriptor '/home/suketupatni/Desktop/mrt_assignments/mrt_assignment_4/mrt4_ws/install/interfaces/share/interfaces/hook/cmake_prefix_path.dsv'
[1.193s] INFO:colcon.colcon_core.shell:Creating environment hook '/home/suketupatni/Desktop/mrt_assignments/mrt_assignment_4/mrt4_ws/install/interfaces/share/interfaces/hook/cmake_prefix_path.sh'
[1.193s] Level 1:colcon.colcon_core.environment:checking '/home/suketupatni/Desktop/mrt_assignments/mrt_assignment_4/mrt4_ws/install/interfaces/lib'
[1.193s] Level 1:colcon.colcon_core.shell:create_environment_hook('interfaces', 'ld_library_path_lib')
[1.201s] INFO:colcon.colcon_core.shell:Creating environment hook '/home/suketupatni/Desktop/mrt_assignments/mrt_assignment_4/mrt4_ws/install/interfaces/share/interfaces/hook/ld_library_path_lib.ps1'
[1.202s] INFO:colcon.colcon_core.shell:Creating environment descriptor '/home/suketupatni/Desktop/mrt_assignments/mrt_assignment_4/mrt4_ws/install/interfaces/share/interfaces/hook/ld_library_path_lib.dsv'
[1.202s] INFO:colcon.colcon_core.shell:Creating environment hook '/home/suketupatni/Desktop/mrt_assignments/mrt_assignment_4/mrt4_ws/install/interfaces/share/interfaces/hook/ld_library_path_lib.sh'
[1.202s] Level 1:colcon.colcon_core.environment:checking '/home/suketupatni/Desktop/mrt_assignments/mrt_assignment_4/mrt4_ws/install/interfaces/bin'
[1.202s] Level 1:colcon.colcon_core.environment:checking '/home/suketupatni/Desktop/mrt_assignments/mrt_assignment_4/mrt4_ws/install/interfaces/lib/pkgconfig/interfaces.pc'
[1.202s] Level 1:colcon.colcon_core.environment:checking '/home/suketupatni/Desktop/mrt_assignments/mrt_assignment_4/mrt4_ws/install/interfaces/lib/python3.10/site-packages'
[1.202s] Level 1:colcon.colcon_core.environment:checking '/home/suketupatni/Desktop/mrt_assignments/mrt_assignment_4/mrt4_ws/install/interfaces/bin'
[1.210s] INFO:colcon.colcon_core.shell:Creating package script '/home/suketupatni/Desktop/mrt_assignments/mrt_assignment_4/mrt4_ws/install/interfaces/share/interfaces/package.ps1'
[1.211s] INFO:colcon.colcon_core.shell:Creating package descriptor '/home/suketupatni/Desktop/mrt_assignments/mrt_assignment_4/mrt4_ws/install/interfaces/share/interfaces/package.dsv'
[1.211s] INFO:colcon.colcon_core.shell:Creating package script '/home/suketupatni/Desktop/mrt_assignments/mrt_assignment_4/mrt4_ws/install/interfaces/share/interfaces/package.sh'
[1.211s] INFO:colcon.colcon_core.shell:Creating package script '/home/suketupatni/Desktop/mrt_assignments/mrt_assignment_4/mrt4_ws/install/interfaces/share/interfaces/package.bash'
[1.211s] INFO:colcon.colcon_core.shell:Creating package script '/home/suketupatni/Desktop/mrt_assignments/mrt_assignment_4/mrt4_ws/install/interfaces/share/interfaces/package.zsh'
[1.212s] Level 1:colcon.colcon_core.environment:create_file_with_runtime_dependencies(/home/suketupatni/Desktop/mrt_assignments/mrt_assignment_4/mrt4_ws/install/interfaces/share/colcon-core/packages/interfaces)
[1.246s] DEBUG:colcon.colcon_core.event_handler.log_command:Invoking command in '/home/suketupatni/Desktop/mrt_assignments/mrt_assignment_4/mrt4_ws/src/suketupatni_assn_4': PYTHONPATH=/home/suketupatni/Desktop/mrt_assignments/mrt_assignment_4/mrt4_ws/build/suketupatni_assn_4/prefix_override:/home/suketupatni/Desktop/mrt_assignments/mrt_assignment_4/mrt4_ws/install/suketupatni_assn_4/lib/python3.10/site-packages:${PYTHONPATH} /usr/bin/python3 setup.py egg_info --egg-base ../../build/suketupatni_assn_4 build --build-base /home/suketupatni/Desktop/mrt_assignments/mrt_assignment_4/mrt4_ws/build/suketupatni_assn_4/build install --record /home/suketupatni/Desktop/mrt_assignments/mrt_assignment_4/mrt4_ws/build/suketupatni_assn_4/install.log --single-version-externally-managed
[1.428s] DEBUG:colcon.colcon_core.event_handler.log_command:Invoked command in '/home/suketupatni/Desktop/mrt_assignments/mrt_assignment_4/mrt4_ws/src/suketupatni_assn_4' returned '0': PYTHONPATH=/home/suketupatni/Desktop/mrt_assignments/mrt_assignment_4/mrt4_ws/build/suketupatni_assn_4/prefix_override:/home/suketupatni/Desktop/mrt_assignments/mrt_assignment_4/mrt4_ws/install/suketupatni_assn_4/lib/python3.10/site-packages:${PYTHONPATH} /usr/bin/python3 setup.py egg_info --egg-base ../../build/suketupatni_assn_4 build --build-base /home/suketupatni/Desktop/mrt_assignments/mrt_assignment_4/mrt4_ws/build/suketupatni_assn_4/build install --record /home/suketupatni/Desktop/mrt_assignments/mrt_assignment_4/mrt4_ws/build/suketupatni_assn_4/install.log --single-version-externally-managed
[1.439s] Level 1:colcon.colcon_core.environment:checking '/home/suketupatni/Desktop/mrt_assignments/mrt_assignment_4/mrt4_ws/install/suketupatni_assn_4' for CMake module files
[1.439s] Level 1:colcon.colcon_core.environment:checking '/home/suketupatni/Desktop/mrt_assignments/mrt_assignment_4/mrt4_ws/install/suketupatni_assn_4' for CMake config files
[1.440s] Level 1:colcon.colcon_core.environment:checking '/home/suketupatni/Desktop/mrt_assignments/mrt_assignment_4/mrt4_ws/install/suketupatni_assn_4/lib'
[1.440s] Level 1:colcon.colcon_core.environment:checking '/home/suketupatni/Desktop/mrt_assignments/mrt_assignment_4/mrt4_ws/install/suketupatni_assn_4/bin'
[1.440s] Level 1:colcon.colcon_core.environment:checking '/home/suketupatni/Desktop/mrt_assignments/mrt_assignment_4/mrt4_ws/install/suketupatni_assn_4/lib/pkgconfig/suketupatni_assn_4.pc'
[1.440s] Level 1:colcon.colcon_core.environment:checking '/home/suketupatni/Desktop/mrt_assignments/mrt_assignment_4/mrt4_ws/install/suketupatni_assn_4/lib/python3.10/site-packages'
[1.440s] Level 1:colcon.colcon_core.shell:create_environment_hook('suketupatni_assn_4', 'pythonpath')
[1.449s] INFO:colcon.colcon_core.shell:Creating environment hook '/home/suketupatni/Desktop/mrt_assignments/mrt_assignment_4/mrt4_ws/install/suketupatni_assn_4/share/suketupatni_assn_4/hook/pythonpath.ps1'
[1.449s] INFO:colcon.colcon_core.shell:Creating environment descriptor '/home/suketupatni/Desktop/mrt_assignments/mrt_assignment_4/mrt4_ws/install/suketupatni_assn_4/share/suketupatni_assn_4/hook/pythonpath.dsv'
[1.449s] INFO:colcon.colcon_core.shell:Creating environment hook '/home/suketupatni/Desktop/mrt_assignments/mrt_assignment_4/mrt4_ws/install/suketupatni_assn_4/share/suketupatni_assn_4/hook/pythonpath.sh'
[1.449s] Level 1:colcon.colcon_core.environment:checking '/home/suketupatni/Desktop/mrt_assignments/mrt_assignment_4/mrt4_ws/install/suketupatni_assn_4/bin'
[1.449s] Level 1:colcon.colcon_core.environment:create_environment_scripts_only(suketupatni_assn_4)
[1.458s] INFO:colcon.colcon_core.shell:Creating package script '/home/suketupatni/Desktop/mrt_assignments/mrt_assignment_4/mrt4_ws/install/suketupatni_assn_4/share/suketupatni_assn_4/package.ps1'
[1.458s] INFO:colcon.colcon_core.shell:Creating package descriptor '/home/suketupatni/Desktop/mrt_assignments/mrt_assignment_4/mrt4_ws/install/suketupatni_assn_4/share/suketupatni_assn_4/package.dsv'
[1.458s] INFO:colcon.colcon_core.shell:Creating package script '/home/suketupatni/Desktop/mrt_assignments/mrt_assignment_4/mrt4_ws/install/suketupatni_assn_4/share/suketupatni_assn_4/package.sh'
[1.458s] INFO:colcon.colcon_core.shell:Creating package script '/home/suketupatni/Desktop/mrt_assignments/mrt_assignment_4/mrt4_ws/install/suketupatni_assn_4/share/suketupatni_assn_4/package.bash'
[1.458s] INFO:colcon.colcon_core.shell:Creating package script '/home/suketupatni/Desktop/mrt_assignments/mrt_assignment_4/mrt4_ws/install/suketupatni_assn_4/share/suketupatni_assn_4/package.zsh'
[1.459s] Level 1:colcon.colcon_core.environment:create_file_with_runtime_dependencies(/home/suketupatni/Desktop/mrt_assignments/mrt_assignment_4/mrt4_ws/install/suketupatni_assn_4/share/colcon-core/packages/suketupatni_assn_4)
[1.459s] DEBUG:colcon.colcon_parallel_executor.executor.parallel:closing loop
[1.460s] DEBUG:colcon.colcon_parallel_executor.executor.parallel:loop closed
[1.460s] DEBUG:colcon.colcon_parallel_executor.executor.parallel:run_until_complete finished with '0'
[1.460s] DEBUG:colcon.colcon_core.event_reactor:joining thread
[1.470s] INFO:colcon.colcon_core.plugin_system:Skipping extension 'colcon_notification.desktop_notification.terminal_notifier': Not used on non-Darwin systems
[1.470s] INFO:colcon.colcon_core.plugin_system:Skipping extension 'colcon_notification.desktop_notification.win32': Not used on non-Windows systems
[1.470s] INFO:colcon.colcon_notification.desktop_notification:Sending desktop notification using 'notify2'
[1.479s] DEBUG:colcon.colcon_core.event_reactor:joined thread
[1.487s] INFO:colcon.colcon_core.shell:Creating prefix script '/home/suketupatni/Desktop/mrt_assignments/mrt_assignment_4/mrt4_ws/install/local_setup.ps1'
[1.488s] INFO:colcon.colcon_core.shell:Creating prefix util module '/home/suketupatni/Desktop/mrt_assignments/mrt_assignment_4/mrt4_ws/install/_local_setup_util_ps1.py'
[1.488s] INFO:colcon.colcon_core.shell:Creating prefix chain script '/home/suketupatni/Desktop/mrt_assignments/mrt_assignment_4/mrt4_ws/install/setup.ps1'
[1.497s] INFO:colcon.colcon_core.shell:Creating prefix script '/home/suketupatni/Desktop/mrt_assignments/mrt_assignment_4/mrt4_ws/install/local_setup.sh'
[1.497s] INFO:colcon.colcon_core.shell:Creating prefix util module '/home/suketupatni/Desktop/mrt_assignments/mrt_assignment_4/mrt4_ws/install/_local_setup_util_sh.py'
[1.497s] INFO:colcon.colcon_core.shell:Creating prefix chain script '/home/suketupatni/Desktop/mrt_assignments/mrt_assignment_4/mrt4_ws/install/setup.sh'
[1.505s] INFO:colcon.colcon_core.shell:Creating prefix script '/home/suketupatni/Desktop/mrt_assignments/mrt_assignment_4/mrt4_ws/install/local_setup.bash'
[1.506s] INFO:colcon.colcon_core.shell:Creating prefix chain script '/home/suketupatni/Desktop/mrt_assignments/mrt_assignment_4/mrt4_ws/install/setup.bash'
[1.514s] INFO:colcon.colcon_core.shell:Creating prefix script '/home/suketupatni/Desktop/mrt_assignments/mrt_assignment_4/mrt4_ws/install/local_setup.zsh'
[1.514s] INFO:colcon.colcon_core.shell:Creating prefix chain script '/home/suketupatni/Desktop/mrt_assignments/mrt_assignment_4/mrt4_ws/install/setup.zsh'
