[0.028s] Invoking command in '/home/suketupatni/Desktop/mrt_assignments/mrt_assignment_4/mrt4_ws/build/interfaces': CMAKE_PREFIX_PATH=/opt/ros/humble /usr/bin/cmake --build /home/suketupatni/Desktop/mrt_assignments/mrt_assignment_4/mrt4_ws/build/interfaces -- -j20 -l20
[0.042s] -- Found ament_cmake: 1.3.8 (/opt/ros/humble/share/ament_cmake/cmake)
[0.117s] [31mCMake Error at CMakeLists.txt:13 (find_package):
[0.117s]   By not providing "Findsensor_msgs/msg.cmake" in CMAKE_MODULE_PATH this
[0.117s]   project has asked CMake to find a package configuration file provided by
[0.117s]   "sensor_msgs/msg", but CMake did not find one.
[0.117s] 
[0.117s]   Could not find a package configuration file provided by "sensor_msgs/msg"
[0.117s]   with any of the following names:
[0.117s] 
[0.117s]     sensor_msgs/msgConfig.cmake
[0.117s]     sensor_msgs/msg-config.cmake
[0.117s] 
[0.117s]   Add the installation prefix of "sensor_msgs/msg" to CMAKE_PREFIX_PATH or
[0.117s]   set "sensor_msgs/msg_DIR" to a directory containing one of the above files.
[0.117s]   If "sensor_msgs/msg" provides a separate development package or SDK, be
[0.117s]   sure it has been installed.
[0.117s] 
[0.117s] [0m
[0.117s] -- Configuring incomplete, errors occurred!
[0.117s] See also "/home/suketupatni/Desktop/mrt_assignments/mrt_assignment_4/mrt4_ws/build/interfaces/CMakeFiles/CMakeOutput.log".
[0.118s] gmake: *** [Makefile:963: cmake_check_build_system] Error 1
[0.119s] Invoked command in '/home/suketupatni/Desktop/mrt_assignments/mrt_assignment_4/mrt4_ws/build/interfaces' returned '2': CMAKE_PREFIX_PATH=/opt/ros/humble /usr/bin/cmake --build /home/suketupatni/Desktop/mrt_assignments/mrt_assignment_4/mrt4_ws/build/interfaces -- -j20 -l20
