[0.028s] Invoking command in '/home/suketupatni/Desktop/mrt_assignments/mrt_assignment_4/mrt4_ws/build/interfaces': CMAKE_PREFIX_PATH=/opt/ros/humble /usr/bin/cmake --build /home/suketupatni/Desktop/mrt_assignments/mrt_assignment_4/mrt4_ws/build/interfaces -- -j20 -l20
[0.050s] [35m[1mConsolidate compiler generated dependencies of target interfaces__rosidl_generator_c[0m
[0.055s] [  2%] Built target interfaces__cpp
[0.056s] [ 12%] Built target interfaces__rosidl_generator_c
[0.060s] [ 12%] Built target ament_cmake_python_copy_interfaces
[0.061s] [35m[1mConsolidate compiler generated dependencies of target interfaces__rosidl_typesupport_cpp[0m
[0.062s] [35m[1mConsolidate compiler generated dependencies of target interfaces__rosidl_typesupport_introspection_cpp[0m
[0.062s] [35m[1mConsolidate compiler generated dependencies of target interfaces__rosidl_typesupport_fastrtps_cpp[0m
[0.062s] [35m[1mConsolidate compiler generated dependencies of target interfaces__rosidl_typesupport_fastrtps_c[0m
[0.063s] [35m[1mConsolidate compiler generated dependencies of target interfaces__rosidl_typesupport_c[0m
[0.065s] [35m[1mConsolidate compiler generated dependencies of target interfaces__rosidl_typesupport_introspection_c[0m
[0.069s] [ 23%] Built target interfaces__rosidl_typesupport_cpp
[0.069s] [ 33%] Built target interfaces__rosidl_typesupport_c
[0.069s] [ 43%] Built target interfaces__rosidl_typesupport_introspection_cpp
[0.070s] [ 53%] Built target interfaces__rosidl_typesupport_fastrtps_cpp
[0.070s] [ 64%] Built target interfaces__rosidl_typesupport_fastrtps_c
[0.074s] [ 74%] Built target interfaces__rosidl_typesupport_introspection_c
[0.085s] [ 74%] Built target interfaces
[0.096s] [ 76%] Built target interfaces__py
[0.101s] [35m[1mConsolidate compiler generated dependencies of target interfaces__rosidl_generator_py[0m
[0.109s] [ 84%] Built target interfaces__rosidl_generator_py
[0.116s] [35m[1mConsolidate compiler generated dependencies of target interfaces__rosidl_typesupport_introspection_c__pyext[0m
[0.116s] [35m[1mConsolidate compiler generated dependencies of target interfaces__rosidl_typesupport_c__pyext[0m
[0.116s] [35m[1mConsolidate compiler generated dependencies of target interfaces__rosidl_typesupport_fastrtps_c__pyext[0m
[0.124s] [ 97%] Built target interfaces__rosidl_typesupport_fastrtps_c__pyext
[0.124s] [ 97%] Built target interfaces__rosidl_typesupport_c__pyext
[0.124s] [100%] Built target interfaces__rosidl_typesupport_introspection_c__pyext
[0.203s] running egg_info
[0.203s] writing interfaces.egg-info/PKG-INFO
[0.203s] writing dependency_links to interfaces.egg-info/dependency_links.txt
[0.203s] writing top-level names to interfaces.egg-info/top_level.txt
[0.205s] reading manifest file 'interfaces.egg-info/SOURCES.txt'
[0.205s] writing manifest file 'interfaces.egg-info/SOURCES.txt'
[0.221s] [100%] Built target ament_cmake_python_build_interfaces_egg
[0.228s] Invoked command in '/home/suketupatni/Desktop/mrt_assignments/mrt_assignment_4/mrt4_ws/build/interfaces' returned '0': CMAKE_PREFIX_PATH=/opt/ros/humble /usr/bin/cmake --build /home/suketupatni/Desktop/mrt_assignments/mrt_assignment_4/mrt4_ws/build/interfaces -- -j20 -l20
[0.269s] Invoking command in '/home/suketupatni/Desktop/mrt_assignments/mrt_assignment_4/mrt4_ws/build/interfaces': CMAKE_PREFIX_PATH=/opt/ros/humble /usr/bin/cmake --install /home/suketupatni/Desktop/mrt_assignments/mrt_assignment_4/mrt4_ws/build/interfaces
[0.274s] -- Install configuration: ""
[0.274s] -- Up-to-date: /home/suketupatni/Desktop/mrt_assignments/mrt_assignment_4/mrt4_ws/install/interfaces/share/ament_index/resource_index/rosidl_interfaces/interfaces
[0.274s] -- Up-to-date: /home/suketupatni/Desktop/mrt_assignments/mrt_assignment_4/mrt4_ws/install/interfaces/include/interfaces/interfaces
[0.274s] -- Up-to-date: /home/suketupatni/Desktop/mrt_assignments/mrt_assignment_4/mrt4_ws/install/interfaces/include/interfaces/interfaces/msg
[0.274s] -- Up-to-date: /home/suketupatni/Desktop/mrt_assignments/mrt_assignment_4/mrt4_ws/install/interfaces/include/interfaces/interfaces/msg/rosidl_generator_c__visibility_control.h
[0.274s] -- Up-to-date: /home/suketupatni/Desktop/mrt_assignments/mrt_assignment_4/mrt4_ws/install/interfaces/include/interfaces/interfaces/srv
[0.274s] -- Up-to-date: /home/suketupatni/Desktop/mrt_assignments/mrt_assignment_4/mrt4_ws/install/interfaces/include/interfaces/interfaces/srv/path.h
[0.274s] -- Up-to-date: /home/suketupatni/Desktop/mrt_assignments/mrt_assignment_4/mrt4_ws/install/interfaces/include/interfaces/interfaces/srv/detail
[0.274s] -- Up-to-date: /home/suketupatni/Desktop/mrt_assignments/mrt_assignment_4/mrt4_ws/install/interfaces/include/interfaces/interfaces/srv/detail/path__struct.h
[0.274s] -- Up-to-date: /home/suketupatni/Desktop/mrt_assignments/mrt_assignment_4/mrt4_ws/install/interfaces/include/interfaces/interfaces/srv/detail/path__functions.c
[0.274s] -- Up-to-date: /home/suketupatni/Desktop/mrt_assignments/mrt_assignment_4/mrt4_ws/install/interfaces/include/interfaces/interfaces/srv/detail/bounding_boxes__type_support.h
[0.275s] -- Up-to-date: /home/suketupatni/Desktop/mrt_assignments/mrt_assignment_4/mrt4_ws/install/interfaces/include/interfaces/interfaces/srv/detail/bounding_boxes__functions.c
[0.275s] -- Up-to-date: /home/suketupatni/Desktop/mrt_assignments/mrt_assignment_4/mrt4_ws/install/interfaces/include/interfaces/interfaces/srv/detail/path__type_support.h
[0.275s] -- Up-to-date: /home/suketupatni/Desktop/mrt_assignments/mrt_assignment_4/mrt4_ws/install/interfaces/include/interfaces/interfaces/srv/detail/bounding_boxes__struct.h
[0.275s] -- Up-to-date: /home/suketupatni/Desktop/mrt_assignments/mrt_assignment_4/mrt4_ws/install/interfaces/include/interfaces/interfaces/srv/detail/bounding_boxes__functions.h
[0.275s] -- Up-to-date: /home/suketupatni/Desktop/mrt_assignments/mrt_assignment_4/mrt4_ws/install/interfaces/include/interfaces/interfaces/srv/detail/path__functions.h
[0.275s] -- Up-to-date: /home/suketupatni/Desktop/mrt_assignments/mrt_assignment_4/mrt4_ws/install/interfaces/include/interfaces/interfaces/srv/bounding_boxes.h
[0.275s] -- Up-to-date: /home/suketupatni/Desktop/mrt_assignments/mrt_assignment_4/mrt4_ws/install/interfaces/share/interfaces/environment/library_path.sh
[0.275s] -- Up-to-date: /home/suketupatni/Desktop/mrt_assignments/mrt_assignment_4/mrt4_ws/install/interfaces/share/interfaces/environment/library_path.dsv
[0.275s] -- Up-to-date: /home/suketupatni/Desktop/mrt_assignments/mrt_assignment_4/mrt4_ws/install/interfaces/lib/libinterfaces__rosidl_generator_c.so
[0.275s] -- Up-to-date: /home/suketupatni/Desktop/mrt_assignments/mrt_assignment_4/mrt4_ws/install/interfaces/include/interfaces/interfaces
[0.275s] -- Up-to-date: /home/suketupatni/Desktop/mrt_assignments/mrt_assignment_4/mrt4_ws/install/interfaces/include/interfaces/interfaces/msg
[0.275s] -- Up-to-date: /home/suketupatni/Desktop/mrt_assignments/mrt_assignment_4/mrt4_ws/install/interfaces/include/interfaces/interfaces/msg/rosidl_typesupport_fastrtps_c__visibility_control.h
[0.275s] -- Up-to-date: /home/suketupatni/Desktop/mrt_assignments/mrt_assignment_4/mrt4_ws/install/interfaces/include/interfaces/interfaces/srv
[0.275s] -- Up-to-date: /home/suketupatni/Desktop/mrt_assignments/mrt_assignment_4/mrt4_ws/install/interfaces/include/interfaces/interfaces/srv/detail
[0.276s] -- Up-to-date: /home/suketupatni/Desktop/mrt_assignments/mrt_assignment_4/mrt4_ws/install/interfaces/include/interfaces/interfaces/srv/detail/path__rosidl_typesupport_fastrtps_c.h
[0.276s] -- Up-to-date: /home/suketupatni/Desktop/mrt_assignments/mrt_assignment_4/mrt4_ws/install/interfaces/include/interfaces/interfaces/srv/detail/bounding_boxes__rosidl_typesupport_fastrtps_c.h
[0.276s] -- Up-to-date: /home/suketupatni/Desktop/mrt_assignments/mrt_assignment_4/mrt4_ws/install/interfaces/lib/libinterfaces__rosidl_typesupport_fastrtps_c.so
[0.276s] -- Up-to-date: /home/suketupatni/Desktop/mrt_assignments/mrt_assignment_4/mrt4_ws/install/interfaces/include/interfaces/interfaces
[0.276s] -- Up-to-date: /home/suketupatni/Desktop/mrt_assignments/mrt_assignment_4/mrt4_ws/install/interfaces/include/interfaces/interfaces/msg
[0.276s] -- Up-to-date: /home/suketupatni/Desktop/mrt_assignments/mrt_assignment_4/mrt4_ws/install/interfaces/include/interfaces/interfaces/msg/rosidl_typesupport_introspection_c__visibility_control.h
[0.276s] -- Up-to-date: /home/suketupatni/Desktop/mrt_assignments/mrt_assignment_4/mrt4_ws/install/interfaces/include/interfaces/interfaces/srv
[0.276s] -- Up-to-date: /home/suketupatni/Desktop/mrt_assignments/mrt_assignment_4/mrt4_ws/install/interfaces/include/interfaces/interfaces/srv/detail
[0.276s] -- Up-to-date: /home/suketupatni/Desktop/mrt_assignments/mrt_assignment_4/mrt4_ws/install/interfaces/include/interfaces/interfaces/srv/detail/bounding_boxes__type_support.c
[0.276s] -- Up-to-date: /home/suketupatni/Desktop/mrt_assignments/mrt_assignment_4/mrt4_ws/install/interfaces/include/interfaces/interfaces/srv/detail/bounding_boxes__rosidl_typesupport_introspection_c.h
[0.276s] -- Up-to-date: /home/suketupatni/Desktop/mrt_assignments/mrt_assignment_4/mrt4_ws/install/interfaces/include/interfaces/interfaces/srv/detail/path__type_support.c
[0.276s] -- Up-to-date: /home/suketupatni/Desktop/mrt_assignments/mrt_assignment_4/mrt4_ws/install/interfaces/include/interfaces/interfaces/srv/detail/path__rosidl_typesupport_introspection_c.h
[0.276s] -- Up-to-date: /home/suketupatni/Desktop/mrt_assignments/mrt_assignment_4/mrt4_ws/install/interfaces/lib/libinterfaces__rosidl_typesupport_introspection_c.so
[0.276s] -- Up-to-date: /home/suketupatni/Desktop/mrt_assignments/mrt_assignment_4/mrt4_ws/install/interfaces/lib/libinterfaces__rosidl_typesupport_c.so
[0.276s] -- Up-to-date: /home/suketupatni/Desktop/mrt_assignments/mrt_assignment_4/mrt4_ws/install/interfaces/include/interfaces/interfaces
[0.276s] -- Up-to-date: /home/suketupatni/Desktop/mrt_assignments/mrt_assignment_4/mrt4_ws/install/interfaces/include/interfaces/interfaces/srv
[0.276s] -- Up-to-date: /home/suketupatni/Desktop/mrt_assignments/mrt_assignment_4/mrt4_ws/install/interfaces/include/interfaces/interfaces/srv/bounding_boxes.hpp
[0.276s] -- Up-to-date: /home/suketupatni/Desktop/mrt_assignments/mrt_assignment_4/mrt4_ws/install/interfaces/include/interfaces/interfaces/srv/path.hpp
[0.277s] -- Up-to-date: /home/suketupatni/Desktop/mrt_assignments/mrt_assignment_4/mrt4_ws/install/interfaces/include/interfaces/interfaces/srv/detail
[0.277s] -- Up-to-date: /home/suketupatni/Desktop/mrt_assignments/mrt_assignment_4/mrt4_ws/install/interfaces/include/interfaces/interfaces/srv/detail/path__traits.hpp
[0.277s] -- Up-to-date: /home/suketupatni/Desktop/mrt_assignments/mrt_assignment_4/mrt4_ws/install/interfaces/include/interfaces/interfaces/srv/detail/bounding_boxes__builder.hpp
[0.277s] -- Up-to-date: /home/suketupatni/Desktop/mrt_assignments/mrt_assignment_4/mrt4_ws/install/interfaces/include/interfaces/interfaces/srv/detail/bounding_boxes__struct.hpp
[0.277s] -- Up-to-date: /home/suketupatni/Desktop/mrt_assignments/mrt_assignment_4/mrt4_ws/install/interfaces/include/interfaces/interfaces/srv/detail/path__struct.hpp
[0.277s] -- Up-to-date: /home/suketupatni/Desktop/mrt_assignments/mrt_assignment_4/mrt4_ws/install/interfaces/include/interfaces/interfaces/srv/detail/bounding_boxes__traits.hpp
[0.277s] -- Up-to-date: /home/suketupatni/Desktop/mrt_assignments/mrt_assignment_4/mrt4_ws/install/interfaces/include/interfaces/interfaces/srv/detail/path__builder.hpp
[0.277s] -- Up-to-date: /home/suketupatni/Desktop/mrt_assignments/mrt_assignment_4/mrt4_ws/install/interfaces/include/interfaces/interfaces
[0.277s] -- Up-to-date: /home/suketupatni/Desktop/mrt_assignments/mrt_assignment_4/mrt4_ws/install/interfaces/include/interfaces/interfaces/msg
[0.277s] -- Up-to-date: /home/suketupatni/Desktop/mrt_assignments/mrt_assignment_4/mrt4_ws/install/interfaces/include/interfaces/interfaces/msg/rosidl_typesupport_fastrtps_cpp__visibility_control.h
[0.277s] -- Up-to-date: /home/suketupatni/Desktop/mrt_assignments/mrt_assignment_4/mrt4_ws/install/interfaces/include/interfaces/interfaces/srv
[0.277s] -- Up-to-date: /home/suketupatni/Desktop/mrt_assignments/mrt_assignment_4/mrt4_ws/install/interfaces/include/interfaces/interfaces/srv/detail
[0.277s] -- Up-to-date: /home/suketupatni/Desktop/mrt_assignments/mrt_assignment_4/mrt4_ws/install/interfaces/include/interfaces/interfaces/srv/detail/dds_fastrtps
[0.277s] -- Up-to-date: /home/suketupatni/Desktop/mrt_assignments/mrt_assignment_4/mrt4_ws/install/interfaces/include/interfaces/interfaces/srv/detail/bounding_boxes__rosidl_typesupport_fastrtps_cpp.hpp
[0.277s] -- Up-to-date: /home/suketupatni/Desktop/mrt_assignments/mrt_assignment_4/mrt4_ws/install/interfaces/include/interfaces/interfaces/srv/detail/path__rosidl_typesupport_fastrtps_cpp.hpp
[0.277s] -- Up-to-date: /home/suketupatni/Desktop/mrt_assignments/mrt_assignment_4/mrt4_ws/install/interfaces/lib/libinterfaces__rosidl_typesupport_fastrtps_cpp.so
[0.277s] -- Up-to-date: /home/suketupatni/Desktop/mrt_assignments/mrt_assignment_4/mrt4_ws/install/interfaces/include/interfaces/interfaces
[0.277s] -- Up-to-date: /home/suketupatni/Desktop/mrt_assignments/mrt_assignment_4/mrt4_ws/install/interfaces/include/interfaces/interfaces/srv
[0.277s] -- Up-to-date: /home/suketupatni/Desktop/mrt_assignments/mrt_assignment_4/mrt4_ws/install/interfaces/include/interfaces/interfaces/srv/detail
[0.277s] -- Up-to-date: /home/suketupatni/Desktop/mrt_assignments/mrt_assignment_4/mrt4_ws/install/interfaces/include/interfaces/interfaces/srv/detail/path__type_support.cpp
[0.277s] -- Up-to-date: /home/suketupatni/Desktop/mrt_assignments/mrt_assignment_4/mrt4_ws/install/interfaces/include/interfaces/interfaces/srv/detail/bounding_boxes__type_support.cpp
[0.278s] -- Up-to-date: /home/suketupatni/Desktop/mrt_assignments/mrt_assignment_4/mrt4_ws/install/interfaces/include/interfaces/interfaces/srv/detail/path__rosidl_typesupport_introspection_cpp.hpp
[0.278s] -- Up-to-date: /home/suketupatni/Desktop/mrt_assignments/mrt_assignment_4/mrt4_ws/install/interfaces/include/interfaces/interfaces/srv/detail/bounding_boxes__rosidl_typesupport_introspection_cpp.hpp
[0.278s] -- Up-to-date: /home/suketupatni/Desktop/mrt_assignments/mrt_assignment_4/mrt4_ws/install/interfaces/lib/libinterfaces__rosidl_typesupport_introspection_cpp.so
[0.278s] -- Up-to-date: /home/suketupatni/Desktop/mrt_assignments/mrt_assignment_4/mrt4_ws/install/interfaces/lib/libinterfaces__rosidl_typesupport_cpp.so
[0.278s] -- Up-to-date: /home/suketupatni/Desktop/mrt_assignments/mrt_assignment_4/mrt4_ws/install/interfaces/share/interfaces/environment/pythonpath.sh
[0.278s] -- Up-to-date: /home/suketupatni/Desktop/mrt_assignments/mrt_assignment_4/mrt4_ws/install/interfaces/share/interfaces/environment/pythonpath.dsv
[0.278s] -- Up-to-date: /home/suketupatni/Desktop/mrt_assignments/mrt_assignment_4/mrt4_ws/install/interfaces/local/lib/python3.10/dist-packages/interfaces-0.0.0-py3.10.egg-info
[0.278s] -- Installing: /home/suketupatni/Desktop/mrt_assignments/mrt_assignment_4/mrt4_ws/install/interfaces/local/lib/python3.10/dist-packages/interfaces-0.0.0-py3.10.egg-info/PKG-INFO
[0.278s] -- Installing: /home/suketupatni/Desktop/mrt_assignments/mrt_assignment_4/mrt4_ws/install/interfaces/local/lib/python3.10/dist-packages/interfaces-0.0.0-py3.10.egg-info/dependency_links.txt
[0.278s] -- Installing: /home/suketupatni/Desktop/mrt_assignments/mrt_assignment_4/mrt4_ws/install/interfaces/local/lib/python3.10/dist-packages/interfaces-0.0.0-py3.10.egg-info/SOURCES.txt
[0.278s] -- Installing: /home/suketupatni/Desktop/mrt_assignments/mrt_assignment_4/mrt4_ws/install/interfaces/local/lib/python3.10/dist-packages/interfaces-0.0.0-py3.10.egg-info/top_level.txt
[0.278s] -- Up-to-date: /home/suketupatni/Desktop/mrt_assignments/mrt_assignment_4/mrt4_ws/install/interfaces/local/lib/python3.10/dist-packages/interfaces
[0.278s] -- Up-to-date: /home/suketupatni/Desktop/mrt_assignments/mrt_assignment_4/mrt4_ws/install/interfaces/local/lib/python3.10/dist-packages/interfaces/interfaces_s__rosidl_typesupport_introspection_c.cpython-310-x86_64-linux-gnu.so
[0.278s] -- Up-to-date: /home/suketupatni/Desktop/mrt_assignments/mrt_assignment_4/mrt4_ws/install/interfaces/local/lib/python3.10/dist-packages/interfaces/_interfaces_s.ep.rosidl_typesupport_fastrtps_c.c
[0.278s] -- Up-to-date: /home/suketupatni/Desktop/mrt_assignments/mrt_assignment_4/mrt4_ws/install/interfaces/local/lib/python3.10/dist-packages/interfaces/srv
[0.278s] -- Up-to-date: /home/suketupatni/Desktop/mrt_assignments/mrt_assignment_4/mrt4_ws/install/interfaces/local/lib/python3.10/dist-packages/interfaces/srv/_path.py
[0.278s] -- Up-to-date: /home/suketupatni/Desktop/mrt_assignments/mrt_assignment_4/mrt4_ws/install/interfaces/local/lib/python3.10/dist-packages/interfaces/srv/_path_s.c
[0.278s] -- Up-to-date: /home/suketupatni/Desktop/mrt_assignments/mrt_assignment_4/mrt4_ws/install/interfaces/local/lib/python3.10/dist-packages/interfaces/srv/_bounding_boxes_s.c
[0.278s] -- Up-to-date: /home/suketupatni/Desktop/mrt_assignments/mrt_assignment_4/mrt4_ws/install/interfaces/local/lib/python3.10/dist-packages/interfaces/srv/_bounding_boxes.py
[0.278s] -- Up-to-date: /home/suketupatni/Desktop/mrt_assignments/mrt_assignment_4/mrt4_ws/install/interfaces/local/lib/python3.10/dist-packages/interfaces/srv/__init__.py
[0.278s] -- Up-to-date: /home/suketupatni/Desktop/mrt_assignments/mrt_assignment_4/mrt4_ws/install/interfaces/local/lib/python3.10/dist-packages/interfaces/_interfaces_s.ep.rosidl_typesupport_introspection_c.c
[0.278s] -- Up-to-date: /home/suketupatni/Desktop/mrt_assignments/mrt_assignment_4/mrt4_ws/install/interfaces/local/lib/python3.10/dist-packages/interfaces/interfaces_s__rosidl_typesupport_fastrtps_c.cpython-310-x86_64-linux-gnu.so
[0.278s] -- Up-to-date: /home/suketupatni/Desktop/mrt_assignments/mrt_assignment_4/mrt4_ws/install/interfaces/local/lib/python3.10/dist-packages/interfaces/__init__.py
[0.278s] -- Up-to-date: /home/suketupatni/Desktop/mrt_assignments/mrt_assignment_4/mrt4_ws/install/interfaces/local/lib/python3.10/dist-packages/interfaces/_interfaces_s.ep.rosidl_typesupport_c.c
[0.278s] -- Up-to-date: /home/suketupatni/Desktop/mrt_assignments/mrt_assignment_4/mrt4_ws/install/interfaces/local/lib/python3.10/dist-packages/interfaces/interfaces_s__rosidl_typesupport_c.cpython-310-x86_64-linux-gnu.so
[0.278s] -- Up-to-date: /home/suketupatni/Desktop/mrt_assignments/mrt_assignment_4/mrt4_ws/install/interfaces/local/lib/python3.10/dist-packages/interfaces/libinterfaces__rosidl_generator_py.so
[0.292s] Listing '/home/suketupatni/Desktop/mrt_assignments/mrt_assignment_4/mrt4_ws/install/interfaces/local/lib/python3.10/dist-packages/interfaces'...
[0.292s] Listing '/home/suketupatni/Desktop/mrt_assignments/mrt_assignment_4/mrt4_ws/install/interfaces/local/lib/python3.10/dist-packages/interfaces/srv'...
[0.295s] -- Up-to-date: /home/suketupatni/Desktop/mrt_assignments/mrt_assignment_4/mrt4_ws/install/interfaces/local/lib/python3.10/dist-packages/interfaces/interfaces_s__rosidl_typesupport_fastrtps_c.cpython-310-x86_64-linux-gnu.so
[0.295s] -- Up-to-date: /home/suketupatni/Desktop/mrt_assignments/mrt_assignment_4/mrt4_ws/install/interfaces/local/lib/python3.10/dist-packages/interfaces/interfaces_s__rosidl_typesupport_introspection_c.cpython-310-x86_64-linux-gnu.so
[0.295s] -- Up-to-date: /home/suketupatni/Desktop/mrt_assignments/mrt_assignment_4/mrt4_ws/install/interfaces/local/lib/python3.10/dist-packages/interfaces/interfaces_s__rosidl_typesupport_c.cpython-310-x86_64-linux-gnu.so
[0.295s] -- Up-to-date: /home/suketupatni/Desktop/mrt_assignments/mrt_assignment_4/mrt4_ws/install/interfaces/lib/libinterfaces__rosidl_generator_py.so
[0.296s] -- Up-to-date: /home/suketupatni/Desktop/mrt_assignments/mrt_assignment_4/mrt4_ws/install/interfaces/share/interfaces/srv/Path.idl
[0.296s] -- Up-to-date: /home/suketupatni/Desktop/mrt_assignments/mrt_assignment_4/mrt4_ws/install/interfaces/share/interfaces/srv/BoundingBoxes.idl
[0.296s] -- Up-to-date: /home/suketupatni/Desktop/mrt_assignments/mrt_assignment_4/mrt4_ws/install/interfaces/share/interfaces/srv/Path.srv
[0.296s] -- Up-to-date: /home/suketupatni/Desktop/mrt_assignments/mrt_assignment_4/mrt4_ws/install/interfaces/share/interfaces/srv/Path_Request.msg
[0.296s] -- Up-to-date: /home/suketupatni/Desktop/mrt_assignments/mrt_assignment_4/mrt4_ws/install/interfaces/share/interfaces/srv/Path_Response.msg
[0.296s] -- Up-to-date: /home/suketupatni/Desktop/mrt_assignments/mrt_assignment_4/mrt4_ws/install/interfaces/share/interfaces/srv/BoundingBoxes.srv
[0.296s] -- Up-to-date: /home/suketupatni/Desktop/mrt_assignments/mrt_assignment_4/mrt4_ws/install/interfaces/share/interfaces/srv/BoundingBoxes_Request.msg
[0.296s] -- Up-to-date: /home/suketupatni/Desktop/mrt_assignments/mrt_assignment_4/mrt4_ws/install/interfaces/share/interfaces/srv/BoundingBoxes_Response.msg
[0.296s] -- Up-to-date: /home/suketupatni/Desktop/mrt_assignments/mrt_assignment_4/mrt4_ws/install/interfaces/share/ament_index/resource_index/package_run_dependencies/interfaces
[0.296s] -- Up-to-date: /home/suketupatni/Desktop/mrt_assignments/mrt_assignment_4/mrt4_ws/install/interfaces/share/ament_index/resource_index/parent_prefix_path/interfaces
[0.296s] -- Up-to-date: /home/suketupatni/Desktop/mrt_assignments/mrt_assignment_4/mrt4_ws/install/interfaces/share/interfaces/environment/ament_prefix_path.sh
[0.296s] -- Up-to-date: /home/suketupatni/Desktop/mrt_assignments/mrt_assignment_4/mrt4_ws/install/interfaces/share/interfaces/environment/ament_prefix_path.dsv
[0.296s] -- Up-to-date: /home/suketupatni/Desktop/mrt_assignments/mrt_assignment_4/mrt4_ws/install/interfaces/share/interfaces/environment/path.sh
[0.296s] -- Up-to-date: /home/suketupatni/Desktop/mrt_assignments/mrt_assignment_4/mrt4_ws/install/interfaces/share/interfaces/environment/path.dsv
[0.296s] -- Up-to-date: /home/suketupatni/Desktop/mrt_assignments/mrt_assignment_4/mrt4_ws/install/interfaces/share/interfaces/local_setup.bash
[0.296s] -- Up-to-date: /home/suketupatni/Desktop/mrt_assignments/mrt_assignment_4/mrt4_ws/install/interfaces/share/interfaces/local_setup.sh
[0.296s] -- Up-to-date: /home/suketupatni/Desktop/mrt_assignments/mrt_assignment_4/mrt4_ws/install/interfaces/share/interfaces/local_setup.zsh
[0.296s] -- Up-to-date: /home/suketupatni/Desktop/mrt_assignments/mrt_assignment_4/mrt4_ws/install/interfaces/share/interfaces/local_setup.dsv
[0.296s] -- Installing: /home/suketupatni/Desktop/mrt_assignments/mrt_assignment_4/mrt4_ws/install/interfaces/share/interfaces/package.dsv
[0.296s] -- Up-to-date: /home/suketupatni/Desktop/mrt_assignments/mrt_assignment_4/mrt4_ws/install/interfaces/share/ament_index/resource_index/packages/interfaces
[0.296s] -- Up-to-date: /home/suketupatni/Desktop/mrt_assignments/mrt_assignment_4/mrt4_ws/install/interfaces/share/interfaces/cmake/export_interfaces__rosidl_generator_cExport.cmake
[0.296s] -- Up-to-date: /home/suketupatni/Desktop/mrt_assignments/mrt_assignment_4/mrt4_ws/install/interfaces/share/interfaces/cmake/export_interfaces__rosidl_generator_cExport-noconfig.cmake
[0.296s] -- Up-to-date: /home/suketupatni/Desktop/mrt_assignments/mrt_assignment_4/mrt4_ws/install/interfaces/share/interfaces/cmake/export_interfaces__rosidl_typesupport_fastrtps_cExport.cmake
[0.296s] -- Up-to-date: /home/suketupatni/Desktop/mrt_assignments/mrt_assignment_4/mrt4_ws/install/interfaces/share/interfaces/cmake/export_interfaces__rosidl_typesupport_fastrtps_cExport-noconfig.cmake
[0.296s] -- Up-to-date: /home/suketupatni/Desktop/mrt_assignments/mrt_assignment_4/mrt4_ws/install/interfaces/share/interfaces/cmake/interfaces__rosidl_typesupport_introspection_cExport.cmake
[0.297s] -- Up-to-date: /home/suketupatni/Desktop/mrt_assignments/mrt_assignment_4/mrt4_ws/install/interfaces/share/interfaces/cmake/interfaces__rosidl_typesupport_introspection_cExport-noconfig.cmake
[0.297s] -- Up-to-date: /home/suketupatni/Desktop/mrt_assignments/mrt_assignment_4/mrt4_ws/install/interfaces/share/interfaces/cmake/interfaces__rosidl_typesupport_cExport.cmake
[0.297s] -- Up-to-date: /home/suketupatni/Desktop/mrt_assignments/mrt_assignment_4/mrt4_ws/install/interfaces/share/interfaces/cmake/interfaces__rosidl_typesupport_cExport-noconfig.cmake
[0.297s] -- Up-to-date: /home/suketupatni/Desktop/mrt_assignments/mrt_assignment_4/mrt4_ws/install/interfaces/share/interfaces/cmake/export_interfaces__rosidl_generator_cppExport.cmake
[0.297s] -- Up-to-date: /home/suketupatni/Desktop/mrt_assignments/mrt_assignment_4/mrt4_ws/install/interfaces/share/interfaces/cmake/export_interfaces__rosidl_typesupport_fastrtps_cppExport.cmake
[0.297s] -- Up-to-date: /home/suketupatni/Desktop/mrt_assignments/mrt_assignment_4/mrt4_ws/install/interfaces/share/interfaces/cmake/export_interfaces__rosidl_typesupport_fastrtps_cppExport-noconfig.cmake
[0.297s] -- Up-to-date: /home/suketupatni/Desktop/mrt_assignments/mrt_assignment_4/mrt4_ws/install/interfaces/share/interfaces/cmake/interfaces__rosidl_typesupport_introspection_cppExport.cmake
[0.297s] -- Up-to-date: /home/suketupatni/Desktop/mrt_assignments/mrt_assignment_4/mrt4_ws/install/interfaces/share/interfaces/cmake/interfaces__rosidl_typesupport_introspection_cppExport-noconfig.cmake
[0.297s] -- Up-to-date: /home/suketupatni/Desktop/mrt_assignments/mrt_assignment_4/mrt4_ws/install/interfaces/share/interfaces/cmake/interfaces__rosidl_typesupport_cppExport.cmake
[0.297s] -- Up-to-date: /home/suketupatni/Desktop/mrt_assignments/mrt_assignment_4/mrt4_ws/install/interfaces/share/interfaces/cmake/interfaces__rosidl_typesupport_cppExport-noconfig.cmake
[0.297s] -- Up-to-date: /home/suketupatni/Desktop/mrt_assignments/mrt_assignment_4/mrt4_ws/install/interfaces/share/interfaces/cmake/export_interfaces__rosidl_generator_pyExport.cmake
[0.297s] -- Up-to-date: /home/suketupatni/Desktop/mrt_assignments/mrt_assignment_4/mrt4_ws/install/interfaces/share/interfaces/cmake/export_interfaces__rosidl_generator_pyExport-noconfig.cmake
[0.297s] -- Up-to-date: /home/suketupatni/Desktop/mrt_assignments/mrt_assignment_4/mrt4_ws/install/interfaces/share/interfaces/cmake/rosidl_cmake-extras.cmake
[0.297s] -- Up-to-date: /home/suketupatni/Desktop/mrt_assignments/mrt_assignment_4/mrt4_ws/install/interfaces/share/interfaces/cmake/ament_cmake_export_dependencies-extras.cmake
[0.297s] -- Up-to-date: /home/suketupatni/Desktop/mrt_assignments/mrt_assignment_4/mrt4_ws/install/interfaces/share/interfaces/cmake/ament_cmake_export_include_directories-extras.cmake
[0.297s] -- Up-to-date: /home/suketupatni/Desktop/mrt_assignments/mrt_assignment_4/mrt4_ws/install/interfaces/share/interfaces/cmake/ament_cmake_export_libraries-extras.cmake
[0.297s] -- Up-to-date: /home/suketupatni/Desktop/mrt_assignments/mrt_assignment_4/mrt4_ws/install/interfaces/share/interfaces/cmake/ament_cmake_export_targets-extras.cmake
[0.297s] -- Up-to-date: /home/suketupatni/Desktop/mrt_assignments/mrt_assignment_4/mrt4_ws/install/interfaces/share/interfaces/cmake/rosidl_cmake_export_typesupport_targets-extras.cmake
[0.297s] -- Up-to-date: /home/suketupatni/Desktop/mrt_assignments/mrt_assignment_4/mrt4_ws/install/interfaces/share/interfaces/cmake/rosidl_cmake_export_typesupport_libraries-extras.cmake
[0.297s] -- Up-to-date: /home/suketupatni/Desktop/mrt_assignments/mrt_assignment_4/mrt4_ws/install/interfaces/share/interfaces/cmake/interfacesConfig.cmake
[0.297s] -- Up-to-date: /home/suketupatni/Desktop/mrt_assignments/mrt_assignment_4/mrt4_ws/install/interfaces/share/interfaces/cmake/interfacesConfig-version.cmake
[0.297s] -- Up-to-date: /home/suketupatni/Desktop/mrt_assignments/mrt_assignment_4/mrt4_ws/install/interfaces/share/interfaces/package.xml
[0.298s] Invoked command in '/home/suketupatni/Desktop/mrt_assignments/mrt_assignment_4/mrt4_ws/build/interfaces' returned '0': CMAKE_PREFIX_PATH=/opt/ros/humble /usr/bin/cmake --install /home/suketupatni/Desktop/mrt_assignments/mrt_assignment_4/mrt4_ws/build/interfaces
