running egg_info
writing ../../build/suketupatni_assn_2/suketupatni_assn_2.egg-info/PKG-INFO
writing dependency_links to ../../build/suketupatni_assn_2/suketupatni_assn_2.egg-info/dependency_links.txt
writing entry points to ../../build/suketupatni_assn_2/suketupatni_assn_2.egg-info/entry_points.txt
writing requirements to ../../build/suketupatni_assn_2/suketupatni_assn_2.egg-info/requires.txt
writing top-level names to ../../build/suketupatni_assn_2/suketupatni_assn_2.egg-info/top_level.txt
reading manifest file '../../build/suketupatni_assn_2/suketupatni_assn_2.egg-info/SOURCES.txt'
writing manifest file '../../build/suketupatni_assn_2/suketupatni_assn_2.egg-info/SOURCES.txt'
running build
running build_py
running install
/usr/lib/python3/dist-packages/setuptools/command/install.py:34: SetuptoolsDeprecationWarning: setup.py install is deprecated. Use build and pip and other standards-based tools.
  warnings.warn(
running install_lib
running install_data
running install_egg_info
removing '/home/suketupatni/Desktop/mrt_assignments/mrt_assignment_2/mrt_ws/install/suketupatni_assn_2/lib/python3.10/site-packages/suketupatni_assn_2-0.0.0-py3.10.egg-info' (and everything under it)
Copying ../../build/suketupatni_assn_2/suketupatni_assn_2.egg-info to /home/suketupatni/Desktop/mrt_assignments/mrt_assignment_2/mrt_ws/install/suketupatni_assn_2/lib/python3.10/site-packages/suketupatni_assn_2-0.0.0-py3.10.egg-info
running install_scripts
Installing listener script to /home/suketupatni/Desktop/mrt_assignments/mrt_assignment_2/mrt_ws/install/suketupatni_assn_2/lib/suketupatni_assn_2
Installing talker1 script to /home/suketupatni/Desktop/mrt_assignments/mrt_assignment_2/mrt_ws/install/suketupatni_assn_2/lib/suketupatni_assn_2
Installing talker2 script to /home/suketupatni/Desktop/mrt_assignments/mrt_assignment_2/mrt_ws/install/suketupatni_assn_2/lib/suketupatni_assn_2
Installing talker3 script to /home/suketupatni/Desktop/mrt_assignments/mrt_assignment_2/mrt_ws/install/suketupatni_assn_2/lib/suketupatni_assn_2
Installing talker4 script to /home/suketupatni/Desktop/mrt_assignments/mrt_assignment_2/mrt_ws/install/suketupatni_assn_2/lib/suketupatni_assn_2
writing list of installed files to '/home/suketupatni/Desktop/mrt_assignments/mrt_assignment_2/mrt_ws/build/suketupatni_assn_2/install.log'
