[0.345s] Invoking command in '/home/suketupatni/Desktop/mrt_assignments/mrt_assignment_2/mrt_ws/src/suketupatni_assn_2': AMENT_PREFIX_PATH=/home/suketupatni/Desktop/mrt_assignments/mrt_assignment_2/mrt_ws/install/drover4_info_interface:${AMENT_PREFIX_PATH} CMAKE_PREFIX_PATH=/home/suketupatni/Desktop/mrt_assignments/mrt_assignment_2/mrt_ws/install/drover4_info_interface LD_LIBRARY_PATH=/home/suketupatni/Desktop/mrt_assignments/mrt_assignment_2/mrt_ws/install/drover4_info_interface/lib:${LD_LIBRARY_PATH} PYTHONPATH=/home/suketupatni/Desktop/mrt_assignments/mrt_assignment_2/mrt_ws/build/suketupatni_assn_2/prefix_override:/home/suketupatni/Desktop/mrt_assignments/mrt_assignment_2/mrt_ws/install/suketupatni_assn_2/lib/python3.10/site-packages:/home/suketupatni/Desktop/mrt_assignments/mrt_assignment_2/mrt_ws/install/drover4_info_interface/local/lib/python3.10/dist-packages:${PYTHONPATH} /usr/bin/python3 setup.py egg_info --egg-base ../../build/suketupatni_assn_2 build --build-base /home/suketupatni/Desktop/mrt_assignments/mrt_assignment_2/mrt_ws/build/suketupatni_assn_2/build install --record /home/suketupatni/Desktop/mrt_assignments/mrt_assignment_2/mrt_ws/build/suketupatni_assn_2/install.log --single-version-externally-managed
[0.459s] running egg_info
[0.459s] writing ../../build/suketupatni_assn_2/suketupatni_assn_2.egg-info/PKG-INFO
[0.460s] writing dependency_links to ../../build/suketupatni_assn_2/suketupatni_assn_2.egg-info/dependency_links.txt
[0.460s] writing entry points to ../../build/suketupatni_assn_2/suketupatni_assn_2.egg-info/entry_points.txt
[0.460s] writing requirements to ../../build/suketupatni_assn_2/suketupatni_assn_2.egg-info/requires.txt
[0.460s] writing top-level names to ../../build/suketupatni_assn_2/suketupatni_assn_2.egg-info/top_level.txt
[0.461s] reading manifest file '../../build/suketupatni_assn_2/suketupatni_assn_2.egg-info/SOURCES.txt'
[0.466s] writing manifest file '../../build/suketupatni_assn_2/suketupatni_assn_2.egg-info/SOURCES.txt'
[0.466s] running build
[0.466s] running build_py
[0.466s] running install
[0.466s] /usr/lib/python3/dist-packages/setuptools/command/install.py:34: SetuptoolsDeprecationWarning: setup.py install is deprecated. Use build and pip and other standards-based tools.
[0.466s]   warnings.warn(
[0.466s] running install_lib
[0.467s] running install_data
[0.467s] running install_egg_info
[0.468s] removing '/home/suketupatni/Desktop/mrt_assignments/mrt_assignment_2/mrt_ws/install/suketupatni_assn_2/lib/python3.10/site-packages/suketupatni_assn_2-0.0.0-py3.10.egg-info' (and everything under it)
[0.468s] Copying ../../build/suketupatni_assn_2/suketupatni_assn_2.egg-info to /home/suketupatni/Desktop/mrt_assignments/mrt_assignment_2/mrt_ws/install/suketupatni_assn_2/lib/python3.10/site-packages/suketupatni_assn_2-0.0.0-py3.10.egg-info
[0.469s] running install_scripts
[0.481s] Installing listener script to /home/suketupatni/Desktop/mrt_assignments/mrt_assignment_2/mrt_ws/install/suketupatni_assn_2/lib/suketupatni_assn_2
[0.481s] Installing talker1 script to /home/suketupatni/Desktop/mrt_assignments/mrt_assignment_2/mrt_ws/install/suketupatni_assn_2/lib/suketupatni_assn_2
[0.481s] Installing talker2 script to /home/suketupatni/Desktop/mrt_assignments/mrt_assignment_2/mrt_ws/install/suketupatni_assn_2/lib/suketupatni_assn_2
[0.481s] Installing talker3 script to /home/suketupatni/Desktop/mrt_assignments/mrt_assignment_2/mrt_ws/install/suketupatni_assn_2/lib/suketupatni_assn_2
[0.481s] Installing talker4 script to /home/suketupatni/Desktop/mrt_assignments/mrt_assignment_2/mrt_ws/install/suketupatni_assn_2/lib/suketupatni_assn_2
[0.481s] writing list of installed files to '/home/suketupatni/Desktop/mrt_assignments/mrt_assignment_2/mrt_ws/build/suketupatni_assn_2/install.log'
[0.494s] Invoked command in '/home/suketupatni/Desktop/mrt_assignments/mrt_assignment_2/mrt_ws/src/suketupatni_assn_2' returned '0': AMENT_PREFIX_PATH=/home/suketupatni/Desktop/mrt_assignments/mrt_assignment_2/mrt_ws/install/drover4_info_interface:${AMENT_PREFIX_PATH} CMAKE_PREFIX_PATH=/home/suketupatni/Desktop/mrt_assignments/mrt_assignment_2/mrt_ws/install/drover4_info_interface LD_LIBRARY_PATH=/home/suketupatni/Desktop/mrt_assignments/mrt_assignment_2/mrt_ws/install/drover4_info_interface/lib:${LD_LIBRARY_PATH} PYTHONPATH=/home/suketupatni/Desktop/mrt_assignments/mrt_assignment_2/mrt_ws/build/suketupatni_assn_2/prefix_override:/home/suketupatni/Desktop/mrt_assignments/mrt_assignment_2/mrt_ws/install/suketupatni_assn_2/lib/python3.10/site-packages:/home/suketupatni/Desktop/mrt_assignments/mrt_assignment_2/mrt_ws/install/drover4_info_interface/local/lib/python3.10/dist-packages:${PYTHONPATH} /usr/bin/python3 setup.py egg_info --egg-base ../../build/suketupatni_assn_2 build --build-base /home/suketupatni/Desktop/mrt_assignments/mrt_assignment_2/mrt_ws/build/suketupatni_assn_2/build install --record /home/suketupatni/Desktop/mrt_assignments/mrt_assignment_2/mrt_ws/build/suketupatni_assn_2/install.log --single-version-externally-managed
