[0.415s] DEBUG:colcon:Command line arguments: ['/usr/bin/colcon', 'build', '--packages-select', 'suketupatni_assn_2']
[0.415s] DEBUG:colcon:Parsed command line arguments: Namespace(log_base=None, log_level=None, verb_name='build', build_base='build', install_base='install', merge_install=False, symlink_install=False, test_result_base=None, continue_on_error=False, executor='parallel', parallel_workers=20, event_handlers=None, ignore_user_meta=False, metas=['./colcon.meta'], base_paths=['.'], packages_ignore=None, packages_ignore_regex=None, paths=None, packages_up_to=None, packages_up_to_regex=None, packages_above=None, packages_above_and_dependencies=None, packages_above_depth=None, packages_select_by_dep=None, packages_skip_by_dep=None, packages_skip_up_to=None, packages_select_build_failed=False, packages_skip_build_finished=False, packages_select_test_failures=False, packages_skip_test_passed=False, packages_select=['suketupatni_assn_2'], packages_skip=None, packages_select_regex=None, packages_skip_regex=None, packages_start=None, packages_end=None, allow_overriding=[], cmake_args=None, cmake_target=None, cmake_target_skip_unavailable=False, cmake_clean_cache=False, cmake_clean_first=False, cmake_force_configure=False, ament_cmake_args=None, catkin_cmake_args=None, catkin_skip_building_tests=False, verb_parser=<colcon_defaults.argument_parser.defaults.DefaultArgumentsDecorator object at 0x7fda151a5330>, verb_extension=<colcon_core.verb.build.BuildVerb object at 0x7fda151a66e0>, main=<bound method BuildVerb.main of <colcon_core.verb.build.BuildVerb object at 0x7fda151a66e0>>)
[0.436s] Level 1:colcon.colcon_core.package_discovery:discover_packages(colcon_meta) check parameters
[0.436s] Level 1:colcon.colcon_core.package_discovery:discover_packages(recursive) check parameters
[0.436s] Level 1:colcon.colcon_core.package_discovery:discover_packages(ignore) check parameters
[0.436s] Level 1:colcon.colcon_core.package_discovery:discover_packages(path) check parameters
[0.436s] Level 1:colcon.colcon_core.package_discovery:discover_packages(colcon_meta) discover
[0.436s] Level 1:colcon.colcon_core.package_discovery:discover_packages(recursive) discover
[0.436s] INFO:colcon.colcon_core.package_discovery:Crawling recursively for packages in '/home/suketupatni/Desktop/mrt_assignment_2/mrt_ws'
[0.436s] Level 1:colcon.colcon_core.package_identification:_identify(.) by extensions ['ignore', 'ignore_ament_install']
[0.436s] Level 1:colcon.colcon_core.package_identification:_identify(.) by extension 'ignore'
[0.436s] Level 1:colcon.colcon_core.package_identification:_identify(.) by extension 'ignore_ament_install'
[0.436s] Level 1:colcon.colcon_core.package_identification:_identify(.) by extensions ['colcon_pkg']
[0.436s] Level 1:colcon.colcon_core.package_identification:_identify(.) by extension 'colcon_pkg'
[0.436s] Level 1:colcon.colcon_core.package_identification:_identify(.) by extensions ['colcon_meta']
[0.436s] Level 1:colcon.colcon_core.package_identification:_identify(.) by extension 'colcon_meta'
[0.436s] Level 1:colcon.colcon_core.package_identification:_identify(.) by extensions ['ros']
[0.436s] Level 1:colcon.colcon_core.package_identification:_identify(.) by extension 'ros'
[0.442s] Level 1:colcon.colcon_core.package_identification:_identify(.) by extensions ['cmake', 'python']
[0.442s] Level 1:colcon.colcon_core.package_identification:_identify(.) by extension 'cmake'
[0.442s] Level 1:colcon.colcon_core.package_identification:_identify(.) by extension 'python'
[0.442s] Level 1:colcon.colcon_core.package_identification:_identify(.) by extensions ['python_setup_py']
[0.442s] Level 1:colcon.colcon_core.package_identification:_identify(.) by extension 'python_setup_py'
[0.442s] Level 1:colcon.colcon_core.package_identification:_identify(build) by extensions ['ignore', 'ignore_ament_install']
[0.442s] Level 1:colcon.colcon_core.package_identification:_identify(build) by extension 'ignore'
[0.442s] Level 1:colcon.colcon_core.package_identification:_identify(build) ignored
[0.442s] Level 1:colcon.colcon_core.package_identification:_identify(install) by extensions ['ignore', 'ignore_ament_install']
[0.442s] Level 1:colcon.colcon_core.package_identification:_identify(install) by extension 'ignore'
[0.442s] Level 1:colcon.colcon_core.package_identification:_identify(install) ignored
[0.442s] Level 1:colcon.colcon_core.package_identification:_identify(log) by extensions ['ignore', 'ignore_ament_install']
[0.443s] Level 1:colcon.colcon_core.package_identification:_identify(log) by extension 'ignore'
[0.443s] Level 1:colcon.colcon_core.package_identification:_identify(log) ignored
[0.443s] Level 1:colcon.colcon_core.package_identification:_identify(src) by extensions ['ignore', 'ignore_ament_install']
[0.443s] Level 1:colcon.colcon_core.package_identification:_identify(src) by extension 'ignore'
[0.443s] Level 1:colcon.colcon_core.package_identification:_identify(src) by extension 'ignore_ament_install'
[0.443s] Level 1:colcon.colcon_core.package_identification:_identify(src) by extensions ['colcon_pkg']
[0.443s] Level 1:colcon.colcon_core.package_identification:_identify(src) by extension 'colcon_pkg'
[0.443s] Level 1:colcon.colcon_core.package_identification:_identify(src) by extensions ['colcon_meta']
[0.443s] Level 1:colcon.colcon_core.package_identification:_identify(src) by extension 'colcon_meta'
[0.443s] Level 1:colcon.colcon_core.package_identification:_identify(src) by extensions ['ros']
[0.443s] Level 1:colcon.colcon_core.package_identification:_identify(src) by extension 'ros'
[0.443s] Level 1:colcon.colcon_core.package_identification:_identify(src) by extensions ['cmake', 'python']
[0.443s] Level 1:colcon.colcon_core.package_identification:_identify(src) by extension 'cmake'
[0.443s] Level 1:colcon.colcon_core.package_identification:_identify(src) by extension 'python'
[0.443s] Level 1:colcon.colcon_core.package_identification:_identify(src) by extensions ['python_setup_py']
[0.443s] Level 1:colcon.colcon_core.package_identification:_identify(src) by extension 'python_setup_py'
[0.443s] Level 1:colcon.colcon_core.package_identification:_identify(src/suketupatni_assn_2) by extensions ['ignore', 'ignore_ament_install']
[0.443s] Level 1:colcon.colcon_core.package_identification:_identify(src/suketupatni_assn_2) by extension 'ignore'
[0.443s] Level 1:colcon.colcon_core.package_identification:_identify(src/suketupatni_assn_2) by extension 'ignore_ament_install'
[0.443s] Level 1:colcon.colcon_core.package_identification:_identify(src/suketupatni_assn_2) by extensions ['colcon_pkg']
[0.443s] Level 1:colcon.colcon_core.package_identification:_identify(src/suketupatni_assn_2) by extension 'colcon_pkg'
[0.443s] Level 1:colcon.colcon_core.package_identification:_identify(src/suketupatni_assn_2) by extensions ['colcon_meta']
[0.443s] Level 1:colcon.colcon_core.package_identification:_identify(src/suketupatni_assn_2) by extension 'colcon_meta'
[0.443s] Level 1:colcon.colcon_core.package_identification:_identify(src/suketupatni_assn_2) by extensions ['ros']
[0.443s] Level 1:colcon.colcon_core.package_identification:_identify(src/suketupatni_assn_2) by extension 'ros'
[0.444s] DEBUG:colcon.colcon_core.package_identification:Package 'src/suketupatni_assn_2' with type 'ros.ament_python' and name 'suketupatni_assn_2'
[0.444s] Level 1:colcon.colcon_core.package_discovery:discover_packages(recursive) using defaults
[0.444s] Level 1:colcon.colcon_core.package_discovery:discover_packages(ignore) discover
[0.444s] Level 1:colcon.colcon_core.package_discovery:discover_packages(ignore) using defaults
[0.444s] Level 1:colcon.colcon_core.package_discovery:discover_packages(path) discover
[0.444s] Level 1:colcon.colcon_core.package_discovery:discover_packages(path) using defaults
[0.483s] Level 1:colcon.colcon_core.package_discovery:discover_packages(prefix_path) check parameters
[0.483s] Level 1:colcon.colcon_core.package_discovery:discover_packages(prefix_path) discover
[0.495s] DEBUG:colcon.colcon_installed_package_information.package_discovery:Found 284 installed packages in /opt/ros/humble
[0.496s] Level 1:colcon.colcon_core.package_discovery:discover_packages(prefix_path) using defaults
[0.543s] Level 5:colcon.colcon_core.verb:set package 'suketupatni_assn_2' build argument 'cmake_args' from command line to 'None'
[0.543s] Level 5:colcon.colcon_core.verb:set package 'suketupatni_assn_2' build argument 'cmake_target' from command line to 'None'
[0.543s] Level 5:colcon.colcon_core.verb:set package 'suketupatni_assn_2' build argument 'cmake_target_skip_unavailable' from command line to 'False'
[0.543s] Level 5:colcon.colcon_core.verb:set package 'suketupatni_assn_2' build argument 'cmake_clean_cache' from command line to 'False'
[0.543s] Level 5:colcon.colcon_core.verb:set package 'suketupatni_assn_2' build argument 'cmake_clean_first' from command line to 'False'
[0.543s] Level 5:colcon.colcon_core.verb:set package 'suketupatni_assn_2' build argument 'cmake_force_configure' from command line to 'False'
[0.543s] Level 5:colcon.colcon_core.verb:set package 'suketupatni_assn_2' build argument 'ament_cmake_args' from command line to 'None'
[0.543s] Level 5:colcon.colcon_core.verb:set package 'suketupatni_assn_2' build argument 'catkin_cmake_args' from command line to 'None'
[0.543s] Level 5:colcon.colcon_core.verb:set package 'suketupatni_assn_2' build argument 'catkin_skip_building_tests' from command line to 'False'
[0.543s] DEBUG:colcon.colcon_core.verb:Building package 'suketupatni_assn_2' with the following arguments: {'ament_cmake_args': None, 'build_base': '/home/suketupatni/Desktop/mrt_assignment_2/mrt_ws/build/suketupatni_assn_2', 'catkin_cmake_args': None, 'catkin_skip_building_tests': False, 'cmake_args': None, 'cmake_clean_cache': False, 'cmake_clean_first': False, 'cmake_force_configure': False, 'cmake_target': None, 'cmake_target_skip_unavailable': False, 'install_base': '/home/suketupatni/Desktop/mrt_assignment_2/mrt_ws/install/suketupatni_assn_2', 'merge_install': False, 'path': '/home/suketupatni/Desktop/mrt_assignment_2/mrt_ws/src/suketupatni_assn_2', 'symlink_install': False, 'test_result_base': None}
[0.549s] INFO:colcon.colcon_core.executor:Executing jobs using 'parallel' executor
[0.555s] DEBUG:colcon.colcon_parallel_executor.executor.parallel:run_until_complete
[0.555s] INFO:colcon.colcon_ros.task.ament_python.build:Building ROS package in '/home/suketupatni/Desktop/mrt_assignment_2/mrt_ws/src/suketupatni_assn_2' with build type 'ament_python'
[0.555s] Level 1:colcon.colcon_core.shell:create_environment_hook('suketupatni_assn_2', 'ament_prefix_path')
[0.562s] INFO:colcon.colcon_core.plugin_system:Skipping extension 'colcon_core.shell.bat': Not used on non-Windows systems
[0.562s] INFO:colcon.colcon_core.shell:Creating environment hook '/home/suketupatni/Desktop/mrt_assignment_2/mrt_ws/install/suketupatni_assn_2/share/suketupatni_assn_2/hook/ament_prefix_path.ps1'
[0.563s] INFO:colcon.colcon_core.shell:Creating environment descriptor '/home/suketupatni/Desktop/mrt_assignment_2/mrt_ws/install/suketupatni_assn_2/share/suketupatni_assn_2/hook/ament_prefix_path.dsv'
[0.563s] INFO:colcon.colcon_core.shell:Creating environment hook '/home/suketupatni/Desktop/mrt_assignment_2/mrt_ws/install/suketupatni_assn_2/share/suketupatni_assn_2/hook/ament_prefix_path.sh'
[0.569s] INFO:colcon.colcon_core.shell:Skip shell extension 'powershell' for command environment: Not usable outside of PowerShell
[0.569s] DEBUG:colcon.colcon_core.shell:Skip shell extension 'dsv' for command environment
[0.706s] INFO:colcon.colcon_core.task.python.build:Building Python package in '/home/suketupatni/Desktop/mrt_assignment_2/mrt_ws/src/suketupatni_assn_2'
[0.713s] INFO:colcon.colcon_core.shell:Skip shell extension 'powershell' for command environment: Not usable outside of PowerShell
[0.713s] DEBUG:colcon.colcon_core.shell:Skip shell extension 'dsv' for command environment
[0.886s] DEBUG:colcon.colcon_core.event_handler.log_command:Invoking command in '/home/suketupatni/Desktop/mrt_assignment_2/mrt_ws/src/suketupatni_assn_2': PYTHONPATH=/home/suketupatni/Desktop/mrt_assignment_2/mrt_ws/build/suketupatni_assn_2/prefix_override:/home/suketupatni/Desktop/mrt_assignment_2/mrt_ws/install/suketupatni_assn_2/lib/python3.10/site-packages:${PYTHONPATH} /usr/bin/python3 setup.py egg_info --egg-base ../../build/suketupatni_assn_2 build --build-base /home/suketupatni/Desktop/mrt_assignment_2/mrt_ws/build/suketupatni_assn_2/build install --record /home/suketupatni/Desktop/mrt_assignment_2/mrt_ws/build/suketupatni_assn_2/install.log --single-version-externally-managed
[1.027s] DEBUG:colcon.colcon_core.event_handler.log_command:Invoked command in '/home/suketupatni/Desktop/mrt_assignment_2/mrt_ws/src/suketupatni_assn_2' returned '0': PYTHONPATH=/home/suketupatni/Desktop/mrt_assignment_2/mrt_ws/build/suketupatni_assn_2/prefix_override:/home/suketupatni/Desktop/mrt_assignment_2/mrt_ws/install/suketupatni_assn_2/lib/python3.10/site-packages:${PYTHONPATH} /usr/bin/python3 setup.py egg_info --egg-base ../../build/suketupatni_assn_2 build --build-base /home/suketupatni/Desktop/mrt_assignment_2/mrt_ws/build/suketupatni_assn_2/build install --record /home/suketupatni/Desktop/mrt_assignment_2/mrt_ws/build/suketupatni_assn_2/install.log --single-version-externally-managed
[1.034s] Level 1:colcon.colcon_core.environment:checking '/home/suketupatni/Desktop/mrt_assignment_2/mrt_ws/install/suketupatni_assn_2' for CMake module files
[1.035s] Level 1:colcon.colcon_core.environment:checking '/home/suketupatni/Desktop/mrt_assignment_2/mrt_ws/install/suketupatni_assn_2' for CMake config files
[1.035s] Level 1:colcon.colcon_core.environment:checking '/home/suketupatni/Desktop/mrt_assignment_2/mrt_ws/install/suketupatni_assn_2/lib'
[1.035s] Level 1:colcon.colcon_core.environment:checking '/home/suketupatni/Desktop/mrt_assignment_2/mrt_ws/install/suketupatni_assn_2/bin'
[1.035s] Level 1:colcon.colcon_core.environment:checking '/home/suketupatni/Desktop/mrt_assignment_2/mrt_ws/install/suketupatni_assn_2/lib/pkgconfig/suketupatni_assn_2.pc'
[1.035s] Level 1:colcon.colcon_core.environment:checking '/home/suketupatni/Desktop/mrt_assignment_2/mrt_ws/install/suketupatni_assn_2/lib/python3.10/site-packages'
[1.035s] Level 1:colcon.colcon_core.shell:create_environment_hook('suketupatni_assn_2', 'pythonpath')
[1.041s] INFO:colcon.colcon_core.shell:Creating environment hook '/home/suketupatni/Desktop/mrt_assignment_2/mrt_ws/install/suketupatni_assn_2/share/suketupatni_assn_2/hook/pythonpath.ps1'
[1.041s] INFO:colcon.colcon_core.shell:Creating environment descriptor '/home/suketupatni/Desktop/mrt_assignment_2/mrt_ws/install/suketupatni_assn_2/share/suketupatni_assn_2/hook/pythonpath.dsv'
[1.041s] INFO:colcon.colcon_core.shell:Creating environment hook '/home/suketupatni/Desktop/mrt_assignment_2/mrt_ws/install/suketupatni_assn_2/share/suketupatni_assn_2/hook/pythonpath.sh'
[1.042s] Level 1:colcon.colcon_core.environment:checking '/home/suketupatni/Desktop/mrt_assignment_2/mrt_ws/install/suketupatni_assn_2/bin'
[1.042s] Level 1:colcon.colcon_core.environment:create_environment_scripts_only(suketupatni_assn_2)
[1.048s] INFO:colcon.colcon_core.shell:Creating package script '/home/suketupatni/Desktop/mrt_assignment_2/mrt_ws/install/suketupatni_assn_2/share/suketupatni_assn_2/package.ps1'
[1.048s] INFO:colcon.colcon_core.shell:Creating package descriptor '/home/suketupatni/Desktop/mrt_assignment_2/mrt_ws/install/suketupatni_assn_2/share/suketupatni_assn_2/package.dsv'
[1.048s] INFO:colcon.colcon_core.shell:Creating package script '/home/suketupatni/Desktop/mrt_assignment_2/mrt_ws/install/suketupatni_assn_2/share/suketupatni_assn_2/package.sh'
[1.049s] INFO:colcon.colcon_core.shell:Creating package script '/home/suketupatni/Desktop/mrt_assignment_2/mrt_ws/install/suketupatni_assn_2/share/suketupatni_assn_2/package.bash'
[1.049s] INFO:colcon.colcon_core.shell:Creating package script '/home/suketupatni/Desktop/mrt_assignment_2/mrt_ws/install/suketupatni_assn_2/share/suketupatni_assn_2/package.zsh'
[1.049s] Level 1:colcon.colcon_core.environment:create_file_with_runtime_dependencies(/home/suketupatni/Desktop/mrt_assignment_2/mrt_ws/install/suketupatni_assn_2/share/colcon-core/packages/suketupatni_assn_2)
[1.049s] DEBUG:colcon.colcon_parallel_executor.executor.parallel:closing loop
[1.049s] DEBUG:colcon.colcon_parallel_executor.executor.parallel:loop closed
[1.049s] DEBUG:colcon.colcon_parallel_executor.executor.parallel:run_until_complete finished with '0'
[1.049s] DEBUG:colcon.colcon_core.event_reactor:joining thread
[1.058s] INFO:colcon.colcon_core.plugin_system:Skipping extension 'colcon_notification.desktop_notification.terminal_notifier': Not used on non-Darwin systems
[1.058s] INFO:colcon.colcon_core.plugin_system:Skipping extension 'colcon_notification.desktop_notification.win32': Not used on non-Windows systems
[1.058s] INFO:colcon.colcon_notification.desktop_notification:Sending desktop notification using 'notify2'
[1.066s] DEBUG:colcon.colcon_core.event_reactor:joined thread
[1.073s] INFO:colcon.colcon_core.shell:Creating prefix script '/home/suketupatni/Desktop/mrt_assignment_2/mrt_ws/install/local_setup.ps1'
[1.073s] INFO:colcon.colcon_core.shell:Creating prefix util module '/home/suketupatni/Desktop/mrt_assignment_2/mrt_ws/install/_local_setup_util_ps1.py'
[1.074s] INFO:colcon.colcon_core.shell:Creating prefix chain script '/home/suketupatni/Desktop/mrt_assignment_2/mrt_ws/install/setup.ps1'
[1.080s] INFO:colcon.colcon_core.shell:Creating prefix script '/home/suketupatni/Desktop/mrt_assignment_2/mrt_ws/install/local_setup.sh'
[1.081s] INFO:colcon.colcon_core.shell:Creating prefix util module '/home/suketupatni/Desktop/mrt_assignment_2/mrt_ws/install/_local_setup_util_sh.py'
[1.081s] INFO:colcon.colcon_core.shell:Creating prefix chain script '/home/suketupatni/Desktop/mrt_assignment_2/mrt_ws/install/setup.sh'
[1.088s] INFO:colcon.colcon_core.shell:Creating prefix script '/home/suketupatni/Desktop/mrt_assignment_2/mrt_ws/install/local_setup.bash'
[1.088s] INFO:colcon.colcon_core.shell:Creating prefix chain script '/home/suketupatni/Desktop/mrt_assignment_2/mrt_ws/install/setup.bash'
[1.094s] INFO:colcon.colcon_core.shell:Creating prefix script '/home/suketupatni/Desktop/mrt_assignment_2/mrt_ws/install/local_setup.zsh'
[1.094s] INFO:colcon.colcon_core.shell:Creating prefix chain script '/home/suketupatni/Desktop/mrt_assignment_2/mrt_ws/install/setup.zsh'
