[0.505s] DEBUG:colcon:Command line arguments: ['/usr/bin/colcon', 'build']
[0.505s] DEBUG:colcon:Parsed command line arguments: Namespace(log_base=None, log_level=None, verb_name='build', build_base='build', install_base='install', merge_install=False, symlink_install=False, test_result_base=None, continue_on_error=False, executor='parallel', parallel_workers=20, event_handlers=None, ignore_user_meta=False, metas=['./colcon.meta'], base_paths=['.'], packages_ignore=None, packages_ignore_regex=None, paths=None, packages_up_to=None, packages_up_to_regex=None, packages_above=None, packages_above_and_dependencies=None, packages_above_depth=None, packages_select_by_dep=None, packages_skip_by_dep=None, packages_skip_up_to=None, packages_select_build_failed=False, packages_skip_build_finished=False, packages_select_test_failures=False, packages_skip_test_passed=False, packages_select=None, packages_skip=None, packages_select_regex=None, packages_skip_regex=None, packages_start=None, packages_end=None, allow_overriding=[], cmake_args=None, cmake_target=None, cmake_target_skip_unavailable=False, cmake_clean_cache=False, cmake_clean_first=False, cmake_force_configure=False, ament_cmake_args=None, catkin_cmake_args=None, catkin_skip_building_tests=False, verb_parser=<colcon_defaults.argument_parser.defaults.DefaultArgumentsDecorator object at 0x7ce52f57c3d0>, verb_extension=<colcon_core.verb.build.BuildVerb object at 0x7ce52f57d3c0>, main=<bound method BuildVerb.main of <colcon_core.verb.build.BuildVerb object at 0x7ce52f57d3c0>>)
[0.528s] Level 1:colcon.colcon_core.package_discovery:discover_packages(colcon_meta) check parameters
[0.528s] Level 1:colcon.colcon_core.package_discovery:discover_packages(recursive) check parameters
[0.528s] Level 1:colcon.colcon_core.package_discovery:discover_packages(ignore) check parameters
[0.528s] Level 1:colcon.colcon_core.package_discovery:discover_packages(path) check parameters
[0.528s] Level 1:colcon.colcon_core.package_discovery:discover_packages(colcon_meta) discover
[0.528s] Level 1:colcon.colcon_core.package_discovery:discover_packages(recursive) discover
[0.528s] INFO:colcon.colcon_core.package_discovery:Crawling recursively for packages in '/home/suketupatni/Desktop/mrt_assignments/mrt_assignment_4/mrt4_ws'
[0.528s] Level 1:colcon.colcon_core.package_identification:_identify(.) by extensions ['ignore', 'ignore_ament_install']
[0.528s] Level 1:colcon.colcon_core.package_identification:_identify(.) by extension 'ignore'
[0.528s] Level 1:colcon.colcon_core.package_identification:_identify(.) by extension 'ignore_ament_install'
[0.528s] Level 1:colcon.colcon_core.package_identification:_identify(.) by extensions ['colcon_pkg']
[0.528s] Level 1:colcon.colcon_core.package_identification:_identify(.) by extension 'colcon_pkg'
[0.528s] Level 1:colcon.colcon_core.package_identification:_identify(.) by extensions ['colcon_meta']
[0.528s] Level 1:colcon.colcon_core.package_identification:_identify(.) by extension 'colcon_meta'
[0.528s] Level 1:colcon.colcon_core.package_identification:_identify(.) by extensions ['ros']
[0.528s] Level 1:colcon.colcon_core.package_identification:_identify(.) by extension 'ros'
[0.534s] Level 1:colcon.colcon_core.package_identification:_identify(.) by extensions ['cmake', 'python']
[0.534s] Level 1:colcon.colcon_core.package_identification:_identify(.) by extension 'cmake'
[0.534s] Level 1:colcon.colcon_core.package_identification:_identify(.) by extension 'python'
[0.534s] Level 1:colcon.colcon_core.package_identification:_identify(.) by extensions ['python_setup_py']
[0.534s] Level 1:colcon.colcon_core.package_identification:_identify(.) by extension 'python_setup_py'
[0.534s] Level 1:colcon.colcon_core.package_identification:_identify(build) by extensions ['ignore', 'ignore_ament_install']
[0.534s] Level 1:colcon.colcon_core.package_identification:_identify(build) by extension 'ignore'
[0.534s] Level 1:colcon.colcon_core.package_identification:_identify(build) ignored
[0.534s] Level 1:colcon.colcon_core.package_identification:_identify(install) by extensions ['ignore', 'ignore_ament_install']
[0.534s] Level 1:colcon.colcon_core.package_identification:_identify(install) by extension 'ignore'
[0.534s] Level 1:colcon.colcon_core.package_identification:_identify(install) ignored
[0.535s] Level 1:colcon.colcon_core.package_identification:_identify(log) by extensions ['ignore', 'ignore_ament_install']
[0.535s] Level 1:colcon.colcon_core.package_identification:_identify(log) by extension 'ignore'
[0.535s] Level 1:colcon.colcon_core.package_identification:_identify(log) ignored
[0.535s] Level 1:colcon.colcon_core.package_identification:_identify(src) by extensions ['ignore', 'ignore_ament_install']
[0.535s] Level 1:colcon.colcon_core.package_identification:_identify(src) by extension 'ignore'
[0.535s] Level 1:colcon.colcon_core.package_identification:_identify(src) by extension 'ignore_ament_install'
[0.535s] Level 1:colcon.colcon_core.package_identification:_identify(src) by extensions ['colcon_pkg']
[0.535s] Level 1:colcon.colcon_core.package_identification:_identify(src) by extension 'colcon_pkg'
[0.535s] Level 1:colcon.colcon_core.package_identification:_identify(src) by extensions ['colcon_meta']
[0.535s] Level 1:colcon.colcon_core.package_identification:_identify(src) by extension 'colcon_meta'
[0.535s] Level 1:colcon.colcon_core.package_identification:_identify(src) by extensions ['ros']
[0.535s] Level 1:colcon.colcon_core.package_identification:_identify(src) by extension 'ros'
[0.535s] Level 1:colcon.colcon_core.package_identification:_identify(src) by extensions ['cmake', 'python']
[0.535s] Level 1:colcon.colcon_core.package_identification:_identify(src) by extension 'cmake'
[0.535s] Level 1:colcon.colcon_core.package_identification:_identify(src) by extension 'python'
[0.535s] Level 1:colcon.colcon_core.package_identification:_identify(src) by extensions ['python_setup_py']
[0.535s] Level 1:colcon.colcon_core.package_identification:_identify(src) by extension 'python_setup_py'
[0.535s] Level 1:colcon.colcon_core.package_identification:_identify(src/interfaces) by extensions ['ignore', 'ignore_ament_install']
[0.535s] Level 1:colcon.colcon_core.package_identification:_identify(src/interfaces) by extension 'ignore'
[0.535s] Level 1:colcon.colcon_core.package_identification:_identify(src/interfaces) by extension 'ignore_ament_install'
[0.535s] Level 1:colcon.colcon_core.package_identification:_identify(src/interfaces) by extensions ['colcon_pkg']
[0.535s] Level 1:colcon.colcon_core.package_identification:_identify(src/interfaces) by extension 'colcon_pkg'
[0.535s] Level 1:colcon.colcon_core.package_identification:_identify(src/interfaces) by extensions ['colcon_meta']
[0.535s] Level 1:colcon.colcon_core.package_identification:_identify(src/interfaces) by extension 'colcon_meta'
[0.535s] Level 1:colcon.colcon_core.package_identification:_identify(src/interfaces) by extensions ['ros']
[0.535s] Level 1:colcon.colcon_core.package_identification:_identify(src/interfaces) by extension 'ros'
[0.536s] DEBUG:colcon.colcon_core.package_identification:Package 'src/interfaces' with type 'ros.ament_cmake' and name 'interfaces'
[0.536s] Level 1:colcon.colcon_core.package_identification:_identify(src/suketupatni_assn_4) by extensions ['ignore', 'ignore_ament_install']
[0.537s] Level 1:colcon.colcon_core.package_identification:_identify(src/suketupatni_assn_4) by extension 'ignore'
[0.537s] Level 1:colcon.colcon_core.package_identification:_identify(src/suketupatni_assn_4) by extension 'ignore_ament_install'
[0.537s] Level 1:colcon.colcon_core.package_identification:_identify(src/suketupatni_assn_4) by extensions ['colcon_pkg']
[0.537s] Level 1:colcon.colcon_core.package_identification:_identify(src/suketupatni_assn_4) by extension 'colcon_pkg'
[0.537s] Level 1:colcon.colcon_core.package_identification:_identify(src/suketupatni_assn_4) by extensions ['colcon_meta']
[0.537s] Level 1:colcon.colcon_core.package_identification:_identify(src/suketupatni_assn_4) by extension 'colcon_meta'
[0.537s] Level 1:colcon.colcon_core.package_identification:_identify(src/suketupatni_assn_4) by extensions ['ros']
[0.537s] Level 1:colcon.colcon_core.package_identification:_identify(src/suketupatni_assn_4) by extension 'ros'
[0.537s] DEBUG:colcon.colcon_core.package_identification:Package 'src/suketupatni_assn_4' with type 'ros.ament_python' and name 'suketupatni_assn_4'
[0.537s] Level 1:colcon.colcon_core.package_discovery:discover_packages(recursive) using defaults
[0.537s] Level 1:colcon.colcon_core.package_discovery:discover_packages(ignore) discover
[0.537s] Level 1:colcon.colcon_core.package_discovery:discover_packages(ignore) using defaults
[0.537s] Level 1:colcon.colcon_core.package_discovery:discover_packages(path) discover
[0.537s] Level 1:colcon.colcon_core.package_discovery:discover_packages(path) using defaults
[0.582s] Level 1:colcon.colcon_core.package_discovery:discover_packages(prefix_path) check parameters
[0.582s] Level 1:colcon.colcon_core.package_discovery:discover_packages(prefix_path) discover
[0.597s] DEBUG:colcon.colcon_installed_package_information.package_discovery:Found 2 installed packages in /home/suketupatni/Desktop/mrt_assignments/mrt_assignment_4/mrt4_ws/install
[0.610s] DEBUG:colcon.colcon_installed_package_information.package_discovery:Found 285 installed packages in /opt/ros/humble
[0.611s] Level 1:colcon.colcon_core.package_discovery:discover_packages(prefix_path) using defaults
[0.656s] Level 5:colcon.colcon_core.verb:set package 'interfaces' build argument 'cmake_args' from command line to 'None'
[0.656s] Level 5:colcon.colcon_core.verb:set package 'interfaces' build argument 'cmake_target' from command line to 'None'
[0.656s] Level 5:colcon.colcon_core.verb:set package 'interfaces' build argument 'cmake_target_skip_unavailable' from command line to 'False'
[0.656s] Level 5:colcon.colcon_core.verb:set package 'interfaces' build argument 'cmake_clean_cache' from command line to 'False'
[0.656s] Level 5:colcon.colcon_core.verb:set package 'interfaces' build argument 'cmake_clean_first' from command line to 'False'
[0.656s] Level 5:colcon.colcon_core.verb:set package 'interfaces' build argument 'cmake_force_configure' from command line to 'False'
[0.656s] Level 5:colcon.colcon_core.verb:set package 'interfaces' build argument 'ament_cmake_args' from command line to 'None'
[0.656s] Level 5:colcon.colcon_core.verb:set package 'interfaces' build argument 'catkin_cmake_args' from command line to 'None'
[0.656s] Level 5:colcon.colcon_core.verb:set package 'interfaces' build argument 'catkin_skip_building_tests' from command line to 'False'
[0.656s] DEBUG:colcon.colcon_core.verb:Building package 'interfaces' with the following arguments: {'ament_cmake_args': None, 'build_base': '/home/suketupatni/Desktop/mrt_assignments/mrt_assignment_4/mrt4_ws/build/interfaces', 'catkin_cmake_args': None, 'catkin_skip_building_tests': False, 'cmake_args': None, 'cmake_clean_cache': False, 'cmake_clean_first': False, 'cmake_force_configure': False, 'cmake_target': None, 'cmake_target_skip_unavailable': False, 'install_base': '/home/suketupatni/Desktop/mrt_assignments/mrt_assignment_4/mrt4_ws/install/interfaces', 'merge_install': False, 'path': '/home/suketupatni/Desktop/mrt_assignments/mrt_assignment_4/mrt4_ws/src/interfaces', 'symlink_install': False, 'test_result_base': None}
[0.663s] Level 5:colcon.colcon_core.verb:set package 'suketupatni_assn_4' build argument 'cmake_args' from command line to 'None'
[0.663s] Level 5:colcon.colcon_core.verb:set package 'suketupatni_assn_4' build argument 'cmake_target' from command line to 'None'
[0.663s] Level 5:colcon.colcon_core.verb:set package 'suketupatni_assn_4' build argument 'cmake_target_skip_unavailable' from command line to 'False'
[0.663s] Level 5:colcon.colcon_core.verb:set package 'suketupatni_assn_4' build argument 'cmake_clean_cache' from command line to 'False'
[0.663s] Level 5:colcon.colcon_core.verb:set package 'suketupatni_assn_4' build argument 'cmake_clean_first' from command line to 'False'
[0.663s] Level 5:colcon.colcon_core.verb:set package 'suketupatni_assn_4' build argument 'cmake_force_configure' from command line to 'False'
[0.663s] Level 5:colcon.colcon_core.verb:set package 'suketupatni_assn_4' build argument 'ament_cmake_args' from command line to 'None'
[0.663s] Level 5:colcon.colcon_core.verb:set package 'suketupatni_assn_4' build argument 'catkin_cmake_args' from command line to 'None'
[0.663s] Level 5:colcon.colcon_core.verb:set package 'suketupatni_assn_4' build argument 'catkin_skip_building_tests' from command line to 'False'
[0.663s] DEBUG:colcon.colcon_core.verb:Building package 'suketupatni_assn_4' with the following arguments: {'ament_cmake_args': None, 'build_base': '/home/suketupatni/Desktop/mrt_assignments/mrt_assignment_4/mrt4_ws/build/suketupatni_assn_4', 'catkin_cmake_args': None, 'catkin_skip_building_tests': False, 'cmake_args': None, 'cmake_clean_cache': False, 'cmake_clean_first': False, 'cmake_force_configure': False, 'cmake_target': None, 'cmake_target_skip_unavailable': False, 'install_base': '/home/suketupatni/Desktop/mrt_assignments/mrt_assignment_4/mrt4_ws/install/suketupatni_assn_4', 'merge_install': False, 'path': '/home/suketupatni/Desktop/mrt_assignments/mrt_assignment_4/mrt4_ws/src/suketupatni_assn_4', 'symlink_install': False, 'test_result_base': None}
[0.670s] INFO:colcon.colcon_core.executor:Executing jobs using 'parallel' executor
[0.678s] DEBUG:colcon.colcon_parallel_executor.executor.parallel:run_until_complete
[0.678s] INFO:colcon.colcon_ros.task.ament_cmake.build:Building ROS package in '/home/suketupatni/Desktop/mrt_assignments/mrt_assignment_4/mrt4_ws/src/interfaces' with build type 'ament_cmake'
[0.678s] INFO:colcon.colcon_cmake.task.cmake.build:Building CMake package in '/home/suketupatni/Desktop/mrt_assignments/mrt_assignment_4/mrt4_ws/src/interfaces'
[0.686s] INFO:colcon.colcon_core.plugin_system:Skipping extension 'colcon_core.shell.bat': Not used on non-Windows systems
[0.686s] INFO:colcon.colcon_core.shell:Skip shell extension 'powershell' for command environment: Not usable outside of PowerShell
[0.686s] DEBUG:colcon.colcon_core.shell:Skip shell extension 'dsv' for command environment
[0.710s] INFO:colcon.colcon_ros.task.ament_python.build:Building ROS package in '/home/suketupatni/Desktop/mrt_assignments/mrt_assignment_4/mrt4_ws/src/suketupatni_assn_4' with build type 'ament_python'
[0.710s] Level 1:colcon.colcon_core.shell:create_environment_hook('suketupatni_assn_4', 'ament_prefix_path')
[0.718s] INFO:colcon.colcon_core.shell:Creating environment hook '/home/suketupatni/Desktop/mrt_assignments/mrt_assignment_4/mrt4_ws/install/suketupatni_assn_4/share/suketupatni_assn_4/hook/ament_prefix_path.ps1'
[0.718s] INFO:colcon.colcon_core.shell:Creating environment descriptor '/home/suketupatni/Desktop/mrt_assignments/mrt_assignment_4/mrt4_ws/install/suketupatni_assn_4/share/suketupatni_assn_4/hook/ament_prefix_path.dsv'
[0.719s] INFO:colcon.colcon_core.shell:Creating environment hook '/home/suketupatni/Desktop/mrt_assignments/mrt_assignment_4/mrt4_ws/install/suketupatni_assn_4/share/suketupatni_assn_4/hook/ament_prefix_path.sh'
[0.727s] INFO:colcon.colcon_core.shell:Skip shell extension 'powershell' for command environment: Not usable outside of PowerShell
[0.727s] DEBUG:colcon.colcon_core.shell:Skip shell extension 'dsv' for command environment
[0.754s] DEBUG:colcon.colcon_core.event_handler.log_command:Invoking command in '/home/suketupatni/Desktop/mrt_assignments/mrt_assignment_4/mrt4_ws/build/interfaces': CMAKE_PREFIX_PATH=${CMAKE_PREFIX_PATH}:/home/suketupatni/Desktop/mrt_assignments/mrt_assignment_4/mrt4_ws/install/suketupatni_assn_4:/opt/ros/humble /usr/bin/cmake --build /home/suketupatni/Desktop/mrt_assignments/mrt_assignment_4/mrt4_ws/build/interfaces -- -j20 -l20
[0.915s] INFO:colcon.colcon_core.task.python.build:Building Python package in '/home/suketupatni/Desktop/mrt_assignments/mrt_assignment_4/mrt4_ws/src/suketupatni_assn_4'
[0.924s] INFO:colcon.colcon_core.shell:Skip shell extension 'powershell' for command environment: Not usable outside of PowerShell
[0.924s] DEBUG:colcon.colcon_core.shell:Skip shell extension 'dsv' for command environment
[0.961s] DEBUG:colcon.colcon_core.event_handler.log_command:Invoked command in '/home/suketupatni/Desktop/mrt_assignments/mrt_assignment_4/mrt4_ws/build/interfaces' returned '0': CMAKE_PREFIX_PATH=${CMAKE_PREFIX_PATH}:/home/suketupatni/Desktop/mrt_assignments/mrt_assignment_4/mrt4_ws/install/suketupatni_assn_4:/opt/ros/humble /usr/bin/cmake --build /home/suketupatni/Desktop/mrt_assignments/mrt_assignment_4/mrt4_ws/build/interfaces -- -j20 -l20
[1.006s] DEBUG:colcon.colcon_core.event_handler.log_command:Invoking command in '/home/suketupatni/Desktop/mrt_assignments/mrt_assignment_4/mrt4_ws/build/interfaces': CMAKE_PREFIX_PATH=${CMAKE_PREFIX_PATH}:/home/suketupatni/Desktop/mrt_assignments/mrt_assignment_4/mrt4_ws/install/suketupatni_assn_4:/opt/ros/humble /usr/bin/cmake --install /home/suketupatni/Desktop/mrt_assignments/mrt_assignment_4/mrt4_ws/build/interfaces
[1.037s] Level 1:colcon.colcon_core.environment:create_environment_scripts_only(interfaces)
[1.038s] DEBUG:colcon.colcon_core.event_handler.log_command:Invoked command in '/home/suketupatni/Desktop/mrt_assignments/mrt_assignment_4/mrt4_ws/build/interfaces' returned '0': CMAKE_PREFIX_PATH=${CMAKE_PREFIX_PATH}:/home/suketupatni/Desktop/mrt_assignments/mrt_assignment_4/mrt4_ws/install/suketupatni_assn_4:/opt/ros/humble /usr/bin/cmake --install /home/suketupatni/Desktop/mrt_assignments/mrt_assignment_4/mrt4_ws/build/interfaces
[1.049s] Level 1:colcon.colcon_core.environment:checking '/home/suketupatni/Desktop/mrt_assignments/mrt_assignment_4/mrt4_ws/install/interfaces' for CMake module files
[1.049s] Level 1:colcon.colcon_core.environment:checking '/home/suketupatni/Desktop/mrt_assignments/mrt_assignment_4/mrt4_ws/install/interfaces' for CMake config files
[1.049s] Level 1:colcon.colcon_core.shell:create_environment_hook('interfaces', 'cmake_prefix_path')
[1.058s] INFO:colcon.colcon_core.shell:Creating environment hook '/home/suketupatni/Desktop/mrt_assignments/mrt_assignment_4/mrt4_ws/install/interfaces/share/interfaces/hook/cmake_prefix_path.ps1'
[1.058s] INFO:colcon.colcon_core.shell:Creating environment descriptor '/home/suketupatni/Desktop/mrt_assignments/mrt_assignment_4/mrt4_ws/install/interfaces/share/interfaces/hook/cmake_prefix_path.dsv'
[1.058s] INFO:colcon.colcon_core.shell:Creating environment hook '/home/suketupatni/Desktop/mrt_assignments/mrt_assignment_4/mrt4_ws/install/interfaces/share/interfaces/hook/cmake_prefix_path.sh'
[1.059s] Level 1:colcon.colcon_core.environment:checking '/home/suketupatni/Desktop/mrt_assignments/mrt_assignment_4/mrt4_ws/install/interfaces/lib'
[1.059s] Level 1:colcon.colcon_core.shell:create_environment_hook('interfaces', 'ld_library_path_lib')
[1.067s] INFO:colcon.colcon_core.shell:Creating environment hook '/home/suketupatni/Desktop/mrt_assignments/mrt_assignment_4/mrt4_ws/install/interfaces/share/interfaces/hook/ld_library_path_lib.ps1'
[1.067s] INFO:colcon.colcon_core.shell:Creating environment descriptor '/home/suketupatni/Desktop/mrt_assignments/mrt_assignment_4/mrt4_ws/install/interfaces/share/interfaces/hook/ld_library_path_lib.dsv'
[1.067s] INFO:colcon.colcon_core.shell:Creating environment hook '/home/suketupatni/Desktop/mrt_assignments/mrt_assignment_4/mrt4_ws/install/interfaces/share/interfaces/hook/ld_library_path_lib.sh'
[1.067s] Level 1:colcon.colcon_core.environment:checking '/home/suketupatni/Desktop/mrt_assignments/mrt_assignment_4/mrt4_ws/install/interfaces/bin'
[1.068s] Level 1:colcon.colcon_core.environment:checking '/home/suketupatni/Desktop/mrt_assignments/mrt_assignment_4/mrt4_ws/install/interfaces/lib/pkgconfig/interfaces.pc'
[1.068s] Level 1:colcon.colcon_core.environment:checking '/home/suketupatni/Desktop/mrt_assignments/mrt_assignment_4/mrt4_ws/install/interfaces/lib/python3.10/site-packages'
[1.069s] Level 1:colcon.colcon_core.environment:checking '/home/suketupatni/Desktop/mrt_assignments/mrt_assignment_4/mrt4_ws/install/interfaces/bin'
[1.077s] INFO:colcon.colcon_core.shell:Creating package script '/home/suketupatni/Desktop/mrt_assignments/mrt_assignment_4/mrt4_ws/install/interfaces/share/interfaces/package.ps1'
[1.078s] INFO:colcon.colcon_core.shell:Creating package descriptor '/home/suketupatni/Desktop/mrt_assignments/mrt_assignment_4/mrt4_ws/install/interfaces/share/interfaces/package.dsv'
[1.078s] INFO:colcon.colcon_core.shell:Creating package script '/home/suketupatni/Desktop/mrt_assignments/mrt_assignment_4/mrt4_ws/install/interfaces/share/interfaces/package.sh'
[1.079s] INFO:colcon.colcon_core.shell:Creating package script '/home/suketupatni/Desktop/mrt_assignments/mrt_assignment_4/mrt4_ws/install/interfaces/share/interfaces/package.bash'
[1.079s] INFO:colcon.colcon_core.shell:Creating package script '/home/suketupatni/Desktop/mrt_assignments/mrt_assignment_4/mrt4_ws/install/interfaces/share/interfaces/package.zsh'
[1.079s] Level 1:colcon.colcon_core.environment:create_file_with_runtime_dependencies(/home/suketupatni/Desktop/mrt_assignments/mrt_assignment_4/mrt4_ws/install/interfaces/share/colcon-core/packages/interfaces)
[1.131s] Level 1:colcon.colcon_core.environment:create_environment_scripts_only(interfaces)
[1.140s] Level 1:colcon.colcon_core.environment:checking '/home/suketupatni/Desktop/mrt_assignments/mrt_assignment_4/mrt4_ws/install/interfaces' for CMake module files
[1.141s] Level 1:colcon.colcon_core.environment:checking '/home/suketupatni/Desktop/mrt_assignments/mrt_assignment_4/mrt4_ws/install/interfaces' for CMake config files
[1.141s] Level 1:colcon.colcon_core.shell:create_environment_hook('interfaces', 'cmake_prefix_path')
[1.149s] INFO:colcon.colcon_core.shell:Creating environment hook '/home/suketupatni/Desktop/mrt_assignments/mrt_assignment_4/mrt4_ws/install/interfaces/share/interfaces/hook/cmake_prefix_path.ps1'
[1.150s] INFO:colcon.colcon_core.shell:Creating environment descriptor '/home/suketupatni/Desktop/mrt_assignments/mrt_assignment_4/mrt4_ws/install/interfaces/share/interfaces/hook/cmake_prefix_path.dsv'
[1.150s] INFO:colcon.colcon_core.shell:Creating environment hook '/home/suketupatni/Desktop/mrt_assignments/mrt_assignment_4/mrt4_ws/install/interfaces/share/interfaces/hook/cmake_prefix_path.sh'
[1.150s] Level 1:colcon.colcon_core.environment:checking '/home/suketupatni/Desktop/mrt_assignments/mrt_assignment_4/mrt4_ws/install/interfaces/lib'
[1.150s] Level 1:colcon.colcon_core.shell:create_environment_hook('interfaces', 'ld_library_path_lib')
[1.160s] INFO:colcon.colcon_core.shell:Creating environment hook '/home/suketupatni/Desktop/mrt_assignments/mrt_assignment_4/mrt4_ws/install/interfaces/share/interfaces/hook/ld_library_path_lib.ps1'
[1.160s] INFO:colcon.colcon_core.shell:Creating environment descriptor '/home/suketupatni/Desktop/mrt_assignments/mrt_assignment_4/mrt4_ws/install/interfaces/share/interfaces/hook/ld_library_path_lib.dsv'
[1.161s] INFO:colcon.colcon_core.shell:Creating environment hook '/home/suketupatni/Desktop/mrt_assignments/mrt_assignment_4/mrt4_ws/install/interfaces/share/interfaces/hook/ld_library_path_lib.sh'
[1.161s] Level 1:colcon.colcon_core.environment:checking '/home/suketupatni/Desktop/mrt_assignments/mrt_assignment_4/mrt4_ws/install/interfaces/bin'
[1.161s] Level 1:colcon.colcon_core.environment:checking '/home/suketupatni/Desktop/mrt_assignments/mrt_assignment_4/mrt4_ws/install/interfaces/lib/pkgconfig/interfaces.pc'
[1.161s] Level 1:colcon.colcon_core.environment:checking '/home/suketupatni/Desktop/mrt_assignments/mrt_assignment_4/mrt4_ws/install/interfaces/lib/python3.10/site-packages'
[1.161s] Level 1:colcon.colcon_core.environment:checking '/home/suketupatni/Desktop/mrt_assignments/mrt_assignment_4/mrt4_ws/install/interfaces/bin'
[1.170s] INFO:colcon.colcon_core.shell:Creating package script '/home/suketupatni/Desktop/mrt_assignments/mrt_assignment_4/mrt4_ws/install/interfaces/share/interfaces/package.ps1'
[1.170s] INFO:colcon.colcon_core.shell:Creating package descriptor '/home/suketupatni/Desktop/mrt_assignments/mrt_assignment_4/mrt4_ws/install/interfaces/share/interfaces/package.dsv'
[1.171s] INFO:colcon.colcon_core.shell:Creating package script '/home/suketupatni/Desktop/mrt_assignments/mrt_assignment_4/mrt4_ws/install/interfaces/share/interfaces/package.sh'
[1.171s] INFO:colcon.colcon_core.shell:Creating package script '/home/suketupatni/Desktop/mrt_assignments/mrt_assignment_4/mrt4_ws/install/interfaces/share/interfaces/package.bash'
[1.171s] INFO:colcon.colcon_core.shell:Creating package script '/home/suketupatni/Desktop/mrt_assignments/mrt_assignment_4/mrt4_ws/install/interfaces/share/interfaces/package.zsh'
[1.171s] Level 1:colcon.colcon_core.environment:create_file_with_runtime_dependencies(/home/suketupatni/Desktop/mrt_assignments/mrt_assignment_4/mrt4_ws/install/interfaces/share/colcon-core/packages/interfaces)
[1.173s] DEBUG:colcon.colcon_core.event_handler.log_command:Invoking command in '/home/suketupatni/Desktop/mrt_assignments/mrt_assignment_4/mrt4_ws/src/suketupatni_assn_4': PYTHONPATH=/home/suketupatni/Desktop/mrt_assignments/mrt_assignment_4/mrt4_ws/build/suketupatni_assn_4/prefix_override:/home/suketupatni/Desktop/mrt_assignments/mrt_assignment_4/mrt4_ws/install/suketupatni_assn_4/lib/python3.10/site-packages:${PYTHONPATH} /usr/bin/python3 setup.py egg_info --egg-base ../../build/suketupatni_assn_4 build --build-base /home/suketupatni/Desktop/mrt_assignments/mrt_assignment_4/mrt4_ws/build/suketupatni_assn_4/build install --record /home/suketupatni/Desktop/mrt_assignments/mrt_assignment_4/mrt4_ws/build/suketupatni_assn_4/install.log --single-version-externally-managed
[1.344s] DEBUG:colcon.colcon_core.event_handler.log_command:Invoked command in '/home/suketupatni/Desktop/mrt_assignments/mrt_assignment_4/mrt4_ws/src/suketupatni_assn_4' returned '0': PYTHONPATH=/home/suketupatni/Desktop/mrt_assignments/mrt_assignment_4/mrt4_ws/build/suketupatni_assn_4/prefix_override:/home/suketupatni/Desktop/mrt_assignments/mrt_assignment_4/mrt4_ws/install/suketupatni_assn_4/lib/python3.10/site-packages:${PYTHONPATH} /usr/bin/python3 setup.py egg_info --egg-base ../../build/suketupatni_assn_4 build --build-base /home/suketupatni/Desktop/mrt_assignments/mrt_assignment_4/mrt4_ws/build/suketupatni_assn_4/build install --record /home/suketupatni/Desktop/mrt_assignments/mrt_assignment_4/mrt4_ws/build/suketupatni_assn_4/install.log --single-version-externally-managed
[1.352s] Level 1:colcon.colcon_core.environment:checking '/home/suketupatni/Desktop/mrt_assignments/mrt_assignment_4/mrt4_ws/install/suketupatni_assn_4' for CMake module files
[1.352s] Level 1:colcon.colcon_core.environment:checking '/home/suketupatni/Desktop/mrt_assignments/mrt_assignment_4/mrt4_ws/install/suketupatni_assn_4' for CMake config files
[1.352s] Level 1:colcon.colcon_core.environment:checking '/home/suketupatni/Desktop/mrt_assignments/mrt_assignment_4/mrt4_ws/install/suketupatni_assn_4/lib'
[1.352s] Level 1:colcon.colcon_core.environment:checking '/home/suketupatni/Desktop/mrt_assignments/mrt_assignment_4/mrt4_ws/install/suketupatni_assn_4/bin'
[1.353s] Level 1:colcon.colcon_core.environment:checking '/home/suketupatni/Desktop/mrt_assignments/mrt_assignment_4/mrt4_ws/install/suketupatni_assn_4/lib/pkgconfig/suketupatni_assn_4.pc'
[1.353s] Level 1:colcon.colcon_core.environment:checking '/home/suketupatni/Desktop/mrt_assignments/mrt_assignment_4/mrt4_ws/install/suketupatni_assn_4/lib/python3.10/site-packages'
[1.353s] Level 1:colcon.colcon_core.shell:create_environment_hook('suketupatni_assn_4', 'pythonpath')
[1.360s] INFO:colcon.colcon_core.shell:Creating environment hook '/home/suketupatni/Desktop/mrt_assignments/mrt_assignment_4/mrt4_ws/install/suketupatni_assn_4/share/suketupatni_assn_4/hook/pythonpath.ps1'
[1.360s] INFO:colcon.colcon_core.shell:Creating environment descriptor '/home/suketupatni/Desktop/mrt_assignments/mrt_assignment_4/mrt4_ws/install/suketupatni_assn_4/share/suketupatni_assn_4/hook/pythonpath.dsv'
[1.361s] INFO:colcon.colcon_core.shell:Creating environment hook '/home/suketupatni/Desktop/mrt_assignments/mrt_assignment_4/mrt4_ws/install/suketupatni_assn_4/share/suketupatni_assn_4/hook/pythonpath.sh'
[1.361s] Level 1:colcon.colcon_core.environment:checking '/home/suketupatni/Desktop/mrt_assignments/mrt_assignment_4/mrt4_ws/install/suketupatni_assn_4/bin'
[1.361s] Level 1:colcon.colcon_core.environment:create_environment_scripts_only(suketupatni_assn_4)
[1.368s] INFO:colcon.colcon_core.shell:Creating package script '/home/suketupatni/Desktop/mrt_assignments/mrt_assignment_4/mrt4_ws/install/suketupatni_assn_4/share/suketupatni_assn_4/package.ps1'
[1.368s] INFO:colcon.colcon_core.shell:Creating package descriptor '/home/suketupatni/Desktop/mrt_assignments/mrt_assignment_4/mrt4_ws/install/suketupatni_assn_4/share/suketupatni_assn_4/package.dsv'
[1.369s] INFO:colcon.colcon_core.shell:Creating package script '/home/suketupatni/Desktop/mrt_assignments/mrt_assignment_4/mrt4_ws/install/suketupatni_assn_4/share/suketupatni_assn_4/package.sh'
[1.369s] INFO:colcon.colcon_core.shell:Creating package script '/home/suketupatni/Desktop/mrt_assignments/mrt_assignment_4/mrt4_ws/install/suketupatni_assn_4/share/suketupatni_assn_4/package.bash'
[1.369s] INFO:colcon.colcon_core.shell:Creating package script '/home/suketupatni/Desktop/mrt_assignments/mrt_assignment_4/mrt4_ws/install/suketupatni_assn_4/share/suketupatni_assn_4/package.zsh'
[1.369s] Level 1:colcon.colcon_core.environment:create_file_with_runtime_dependencies(/home/suketupatni/Desktop/mrt_assignments/mrt_assignment_4/mrt4_ws/install/suketupatni_assn_4/share/colcon-core/packages/suketupatni_assn_4)
[1.369s] DEBUG:colcon.colcon_parallel_executor.executor.parallel:closing loop
[1.369s] DEBUG:colcon.colcon_parallel_executor.executor.parallel:loop closed
[1.369s] DEBUG:colcon.colcon_parallel_executor.executor.parallel:run_until_complete finished with '0'
[1.369s] DEBUG:colcon.colcon_core.event_reactor:joining thread
[1.379s] INFO:colcon.colcon_core.plugin_system:Skipping extension 'colcon_notification.desktop_notification.terminal_notifier': Not used on non-Darwin systems
[1.380s] INFO:colcon.colcon_core.plugin_system:Skipping extension 'colcon_notification.desktop_notification.win32': Not used on non-Windows systems
[1.380s] INFO:colcon.colcon_notification.desktop_notification:Sending desktop notification using 'notify2'
[1.390s] DEBUG:colcon.colcon_core.event_reactor:joined thread
[1.398s] INFO:colcon.colcon_core.shell:Creating prefix script '/home/suketupatni/Desktop/mrt_assignments/mrt_assignment_4/mrt4_ws/install/local_setup.ps1'
[1.398s] INFO:colcon.colcon_core.shell:Creating prefix util module '/home/suketupatni/Desktop/mrt_assignments/mrt_assignment_4/mrt4_ws/install/_local_setup_util_ps1.py'
[1.399s] INFO:colcon.colcon_core.shell:Creating prefix chain script '/home/suketupatni/Desktop/mrt_assignments/mrt_assignment_4/mrt4_ws/install/setup.ps1'
[1.407s] INFO:colcon.colcon_core.shell:Creating prefix script '/home/suketupatni/Desktop/mrt_assignments/mrt_assignment_4/mrt4_ws/install/local_setup.sh'
[1.407s] INFO:colcon.colcon_core.shell:Creating prefix util module '/home/suketupatni/Desktop/mrt_assignments/mrt_assignment_4/mrt4_ws/install/_local_setup_util_sh.py'
[1.407s] INFO:colcon.colcon_core.shell:Creating prefix chain script '/home/suketupatni/Desktop/mrt_assignments/mrt_assignment_4/mrt4_ws/install/setup.sh'
[1.415s] INFO:colcon.colcon_core.shell:Creating prefix script '/home/suketupatni/Desktop/mrt_assignments/mrt_assignment_4/mrt4_ws/install/local_setup.bash'
[1.415s] INFO:colcon.colcon_core.shell:Creating prefix chain script '/home/suketupatni/Desktop/mrt_assignments/mrt_assignment_4/mrt4_ws/install/setup.bash'
[1.423s] INFO:colcon.colcon_core.shell:Creating prefix script '/home/suketupatni/Desktop/mrt_assignments/mrt_assignment_4/mrt4_ws/install/local_setup.zsh'
[1.423s] INFO:colcon.colcon_core.shell:Creating prefix chain script '/home/suketupatni/Desktop/mrt_assignments/mrt_assignment_4/mrt4_ws/install/setup.zsh'
