[0.029s] Invoking command in '/home/suketupatni/Desktop/mrt_assignments/mrt_assignment_4/mrt4_ws/build/interfaces': CMAKE_PREFIX_PATH=/opt/ros/humble /usr/bin/cmake --build /home/suketupatni/Desktop/mrt_assignments/mrt_assignment_4/mrt4_ws/build/interfaces -- -j20 -l20
[0.056s] [  2%] Built target interfaces__cpp
[0.056s] [  5%] [32mBuilding C object CMakeFiles/interfaces__rosidl_generator_c.dir/rosidl_generator_c/interfaces/srv/detail/bounding_boxes__functions.c.o[0m
[0.060s] [  5%] Built target ament_cmake_python_copy_interfaces
[0.063s] In file included from [01m[K/home/suketupatni/Desktop/mrt_assignments/mrt_assignment_4/mrt4_ws/build/interfaces/rosidl_generator_c/interfaces/srv/detail/bounding_boxes__functions.h:19[m[K,
[0.064s]                  from [01m[K/home/suketupatni/Desktop/mrt_assignments/mrt_assignment_4/mrt4_ws/build/interfaces/rosidl_generator_c/interfaces/srv/detail/bounding_boxes__functions.c:4[m[K:
[0.064s] [01m[K/home/suketupatni/Desktop/mrt_assignments/mrt_assignment_4/mrt4_ws/build/interfaces/rosidl_generator_c/interfaces/srv/detail/bounding_boxes__struct.h:22:10:[m[K [01;31m[Kfatal error: [m[Kinterfaces/msg/detail/image__struct.h: No such file or directory
[0.064s]    22 | #include [01;31m[K"interfaces/msg/detail/image__struct.h"[m[K
[0.064s]       |          [01;31m[K^~~~~~~~~~~~~~~~~~~~~~~~~~~~~~~~~~~~~~~[m[K
[0.064s] compilation terminated.
[0.064s] gmake[2]: *** [CMakeFiles/interfaces__rosidl_generator_c.dir/build.make:224: CMakeFiles/interfaces__rosidl_generator_c.dir/rosidl_generator_c/interfaces/srv/detail/bounding_boxes__functions.c.o] Error 1
[0.064s] gmake[1]: *** [CMakeFiles/Makefile2:213: CMakeFiles/interfaces__rosidl_generator_c.dir/all] Error 2
[0.064s] gmake[1]: *** Waiting for unfinished jobs....
[0.067s] [  7%] [32mBuilding CXX object CMakeFiles/interfaces__rosidl_typesupport_introspection_cpp.dir/rosidl_typesupport_introspection_cpp/interfaces/srv/detail/bounding_boxes__type_support.cpp.o[0m
[0.067s] [ 10%] [32mBuilding CXX object CMakeFiles/interfaces__rosidl_typesupport_fastrtps_cpp.dir/rosidl_typesupport_fastrtps_cpp/interfaces/srv/detail/dds_fastrtps/bounding_boxes__type_support.cpp.o[0m
[0.068s] [ 12%] [32mBuilding CXX object CMakeFiles/interfaces__rosidl_typesupport_cpp.dir/rosidl_typesupport_cpp/interfaces/srv/bounding_boxes__type_support.cpp.o[0m
[0.096s] In file included from [01m[K/home/suketupatni/Desktop/mrt_assignments/mrt_assignment_4/mrt4_ws/build/interfaces/rosidl_typesupport_cpp/interfaces/srv/bounding_boxes__type_support.cpp:7[m[K:
[0.096s] [01m[K/home/suketupatni/Desktop/mrt_assignments/mrt_assignment_4/mrt4_ws/build/interfaces/rosidl_generator_cpp/interfaces/srv/detail/bounding_boxes__struct.hpp:20:10:[m[K [01;31m[Kfatal error: [m[Kinterfaces/msg/detail/image__struct.hpp: No such file or directory
[0.096s]    20 | #include [01;31m[K"interfaces/msg/detail/image__struct.hpp"[m[K
[0.096s]       |          [01;31m[K^~~~~~~~~~~~~~~~~~~~~~~~~~~~~~~~~~~~~~~~~[m[K
[0.096s] compilation terminated.
[0.096s] In file included from [01m[K/home/suketupatni/Desktop/mrt_assignments/mrt_assignment_4/mrt4_ws/build/interfaces/rosidl_typesupport_fastrtps_cpp/interfaces/srv/detail/bounding_boxes__rosidl_typesupport_fastrtps_cpp.hpp:11[m[K,
[0.096s]                  from [01m[K/home/suketupatni/Desktop/mrt_assignments/mrt_assignment_4/mrt4_ws/build/interfaces/rosidl_typesupport_fastrtps_cpp/interfaces/srv/detail/dds_fastrtps/bounding_boxes__type_support.cpp:4[m[K:
[0.096s] [01m[K/home/suketupatni/Desktop/mrt_assignments/mrt_assignment_4/mrt4_ws/build/interfaces/rosidl_generator_cpp/interfaces/srv/detail/bounding_boxes__struct.hpp:20:10:[m[K [01;31m[Kfatal error: [m[Kinterfaces/msg/detail/image__struct.hpp: No such file or directory
[0.096s]    20 | #include [01;31m[K"interfaces/msg/detail/image__struct.hpp"[m[K
[0.096s]       |          [01;31m[K^~~~~~~~~~~~~~~~~~~~~~~~~~~~~~~~~~~~~~~~~[m[K
[0.096s] compilation terminated.
[0.097s] gmake[2]: *** [CMakeFiles/interfaces__rosidl_typesupport_fastrtps_cpp.dir/build.make:201: CMakeFiles/interfaces__rosidl_typesupport_fastrtps_cpp.dir/rosidl_typesupport_fastrtps_cpp/interfaces/srv/detail/dds_fastrtps/bounding_boxes__type_support.cpp.o] Error 1
[0.097s] gmake[2]: *** [CMakeFiles/interfaces__rosidl_typesupport_cpp.dir/build.make:193: CMakeFiles/interfaces__rosidl_typesupport_cpp.dir/rosidl_typesupport_cpp/interfaces/srv/bounding_boxes__type_support.cpp.o] Error 1
[0.097s] gmake[1]: *** [CMakeFiles/Makefile2:395: CMakeFiles/interfaces__rosidl_typesupport_cpp.dir/all] Error 2
[0.097s] gmake[1]: *** [CMakeFiles/Makefile2:343: CMakeFiles/interfaces__rosidl_typesupport_fastrtps_cpp.dir/all] Error 2
[0.099s] In file included from [01m[K/home/suketupatni/Desktop/mrt_assignments/mrt_assignment_4/mrt4_ws/build/interfaces/rosidl_typesupport_introspection_cpp/interfaces/srv/detail/bounding_boxes__type_support.cpp:12[m[K:
[0.099s] [01m[K/home/suketupatni/Desktop/mrt_assignments/mrt_assignment_4/mrt4_ws/build/interfaces/rosidl_generator_cpp/interfaces/srv/detail/bounding_boxes__struct.hpp:20:10:[m[K [01;31m[Kfatal error: [m[Kinterfaces/msg/detail/image__struct.hpp: No such file or directory
[0.100s]    20 | #include [01;31m[K"interfaces/msg/detail/image__struct.hpp"[m[K
[0.100s]       |          [01;31m[K^~~~~~~~~~~~~~~~~~~~~~~~~~~~~~~~~~~~~~~~~[m[K
[0.100s] compilation terminated.
[0.100s] gmake[2]: *** [CMakeFiles/interfaces__rosidl_typesupport_introspection_cpp.dir/build.make:201: CMakeFiles/interfaces__rosidl_typesupport_introspection_cpp.dir/rosidl_typesupport_introspection_cpp/interfaces/srv/detail/bounding_boxes__type_support.cpp.o] Error 1
[0.100s] gmake[1]: *** [CMakeFiles/Makefile2:369: CMakeFiles/interfaces__rosidl_typesupport_introspection_cpp.dir/all] Error 2
[0.196s] running egg_info
[0.196s] writing interfaces.egg-info/PKG-INFO
[0.196s] writing dependency_links to interfaces.egg-info/dependency_links.txt
[0.196s] writing top-level names to interfaces.egg-info/top_level.txt
[0.197s] reading manifest file 'interfaces.egg-info/SOURCES.txt'
[0.197s] writing manifest file 'interfaces.egg-info/SOURCES.txt'
[0.212s] [ 12%] Built target ament_cmake_python_build_interfaces_egg
[0.213s] gmake: *** [Makefile:146: all] Error 2
[0.215s] Invoked command in '/home/suketupatni/Desktop/mrt_assignments/mrt_assignment_4/mrt4_ws/build/interfaces' returned '2': CMAKE_PREFIX_PATH=/opt/ros/humble /usr/bin/cmake --build /home/suketupatni/Desktop/mrt_assignments/mrt_assignment_4/mrt4_ws/build/interfaces -- -j20 -l20
