[35m[1mConsolidate compiler generated dependencies of target drover4_info_interface__rosidl_generator_c[0m
[  3%] Built target drover4_info_interface__cpp
[ 12%] Built target drover4_info_interface__rosidl_generator_c
[ 12%] Built target ament_cmake_python_copy_drover4_info_interface
[35m[1mConsolidate compiler generated dependencies of target drover4_info_interface__rosidl_typesupport_cpp[0m
[35m[1mConsolidate compiler generated dependencies of target drover4_info_interface__rosidl_typesupport_fastrtps_cpp[0m
[35m[1mConsolidate compiler generated dependencies of target drover4_info_interface__rosidl_typesupport_introspection_cpp[0m
[35m[1mConsolidate compiler generated dependencies of target drover4_info_interface__rosidl_typesupport_fastrtps_c[0m
[35m[1mConsolidate compiler generated dependencies of target drover4_info_interface__rosidl_typesupport_introspection_c[0m
[35m[1mConsolidate compiler generated dependencies of target drover4_info_interface__rosidl_typesupport_c[0m
[ 22%] Built target drover4_info_interface__rosidl_typesupport_cpp
[ 32%] Built target drover4_info_interface__rosidl_typesupport_introspection_c
[ 41%] Built target drover4_info_interface__rosidl_typesupport_fastrtps_cpp
[ 51%] Built target drover4_info_interface__rosidl_typesupport_fastrtps_c
[ 61%] Built target drover4_info_interface__rosidl_typesupport_introspection_cpp
[ 70%] Built target drover4_info_interface__rosidl_typesupport_c
[ 70%] Built target drover4_info_interface
[ 74%] Built target drover4_info_interface__py
[35m[1mConsolidate compiler generated dependencies of target drover4_info_interface__rosidl_generator_py[0m
[ 80%] Built target drover4_info_interface__rosidl_generator_py
[35m[1mConsolidate compiler generated dependencies of target drover4_info_interface__rosidl_typesupport_fastrtps_c__pyext[0m
[35m[1mConsolidate compiler generated dependencies of target drover4_info_interface__rosidl_typesupport_introspection_c__pyext[0m
[35m[1mConsolidate compiler generated dependencies of target drover4_info_interface__rosidl_typesupport_c__pyext[0m
[ 87%] Built target drover4_info_interface__rosidl_typesupport_fastrtps_c__pyext
[ 93%] Built target drover4_info_interface__rosidl_typesupport_introspection_c__pyext
[100%] Built target drover4_info_interface__rosidl_typesupport_c__pyext
running egg_info
writing drover4_info_interface.egg-info/PKG-INFO
writing dependency_links to drover4_info_interface.egg-info/dependency_links.txt
writing top-level names to drover4_info_interface.egg-info/top_level.txt
reading manifest file 'drover4_info_interface.egg-info/SOURCES.txt'
writing manifest file 'drover4_info_interface.egg-info/SOURCES.txt'
[100%] Built target ament_cmake_python_build_drover4_info_interface_egg
-- Install configuration: ""
-- Up-to-date: /home/suketupatni/Desktop/mrt_assignments/mrt_assignment_2/mrt_ws/install/drover4_info_interface/share/ament_index/resource_index/rosidl_interfaces/drover4_info_interface
-- Up-to-date: /home/suketupatni/Desktop/mrt_assignments/mrt_assignment_2/mrt_ws/install/drover4_info_interface/include/drover4_info_interface/drover4_info_interface
-- Up-to-date: /home/suketupatni/Desktop/mrt_assignments/mrt_assignment_2/mrt_ws/install/drover4_info_interface/include/drover4_info_interface/drover4_info_interface/msg
-- Up-to-date: /home/suketupatni/Desktop/mrt_assignments/mrt_assignment_2/mrt_ws/install/drover4_info_interface/include/drover4_info_interface/drover4_info_interface/msg/d_rover4_info.h
-- Up-to-date: /home/suketupatni/Desktop/mrt_assignments/mrt_assignment_2/mrt_ws/install/drover4_info_interface/include/drover4_info_interface/drover4_info_interface/msg/rosidl_generator_c__visibility_control.h
-- Up-to-date: /home/suketupatni/Desktop/mrt_assignments/mrt_assignment_2/mrt_ws/install/drover4_info_interface/include/drover4_info_interface/drover4_info_interface/msg/detail
-- Up-to-date: /home/suketupatni/Desktop/mrt_assignments/mrt_assignment_2/mrt_ws/install/drover4_info_interface/include/drover4_info_interface/drover4_info_interface/msg/detail/d_rover4_info__functions.h
-- Up-to-date: /home/suketupatni/Desktop/mrt_assignments/mrt_assignment_2/mrt_ws/install/drover4_info_interface/include/drover4_info_interface/drover4_info_interface/msg/detail/d_rover4_info__functions.c
-- Up-to-date: /home/suketupatni/Desktop/mrt_assignments/mrt_assignment_2/mrt_ws/install/drover4_info_interface/include/drover4_info_interface/drover4_info_interface/msg/detail/d_rover4_info__struct.h
-- Up-to-date: /home/suketupatni/Desktop/mrt_assignments/mrt_assignment_2/mrt_ws/install/drover4_info_interface/include/drover4_info_interface/drover4_info_interface/msg/detail/d_rover4_info__type_support.h
-- Up-to-date: /home/suketupatni/Desktop/mrt_assignments/mrt_assignment_2/mrt_ws/install/drover4_info_interface/share/drover4_info_interface/environment/library_path.sh
-- Up-to-date: /home/suketupatni/Desktop/mrt_assignments/mrt_assignment_2/mrt_ws/install/drover4_info_interface/share/drover4_info_interface/environment/library_path.dsv
-- Up-to-date: /home/suketupatni/Desktop/mrt_assignments/mrt_assignment_2/mrt_ws/install/drover4_info_interface/lib/libdrover4_info_interface__rosidl_generator_c.so
-- Up-to-date: /home/suketupatni/Desktop/mrt_assignments/mrt_assignment_2/mrt_ws/install/drover4_info_interface/include/drover4_info_interface/drover4_info_interface
-- Up-to-date: /home/suketupatni/Desktop/mrt_assignments/mrt_assignment_2/mrt_ws/install/drover4_info_interface/include/drover4_info_interface/drover4_info_interface/msg
-- Up-to-date: /home/suketupatni/Desktop/mrt_assignments/mrt_assignment_2/mrt_ws/install/drover4_info_interface/include/drover4_info_interface/drover4_info_interface/msg/rosidl_typesupport_fastrtps_c__visibility_control.h
-- Up-to-date: /home/suketupatni/Desktop/mrt_assignments/mrt_assignment_2/mrt_ws/install/drover4_info_interface/include/drover4_info_interface/drover4_info_interface/msg/detail
-- Up-to-date: /home/suketupatni/Desktop/mrt_assignments/mrt_assignment_2/mrt_ws/install/drover4_info_interface/include/drover4_info_interface/drover4_info_interface/msg/detail/d_rover4_info__rosidl_typesupport_fastrtps_c.h
-- Up-to-date: /home/suketupatni/Desktop/mrt_assignments/mrt_assignment_2/mrt_ws/install/drover4_info_interface/lib/libdrover4_info_interface__rosidl_typesupport_fastrtps_c.so
-- Up-to-date: /home/suketupatni/Desktop/mrt_assignments/mrt_assignment_2/mrt_ws/install/drover4_info_interface/include/drover4_info_interface/drover4_info_interface
-- Up-to-date: /home/suketupatni/Desktop/mrt_assignments/mrt_assignment_2/mrt_ws/install/drover4_info_interface/include/drover4_info_interface/drover4_info_interface/msg
-- Up-to-date: /home/suketupatni/Desktop/mrt_assignments/mrt_assignment_2/mrt_ws/install/drover4_info_interface/include/drover4_info_interface/drover4_info_interface/msg/d_rover4_info.hpp
-- Up-to-date: /home/suketupatni/Desktop/mrt_assignments/mrt_assignment_2/mrt_ws/install/drover4_info_interface/include/drover4_info_interface/drover4_info_interface/msg/detail
-- Up-to-date: /home/suketupatni/Desktop/mrt_assignments/mrt_assignment_2/mrt_ws/install/drover4_info_interface/include/drover4_info_interface/drover4_info_interface/msg/detail/d_rover4_info__traits.hpp
-- Up-to-date: /home/suketupatni/Desktop/mrt_assignments/mrt_assignment_2/mrt_ws/install/drover4_info_interface/include/drover4_info_interface/drover4_info_interface/msg/detail/d_rover4_info__builder.hpp
-- Up-to-date: /home/suketupatni/Desktop/mrt_assignments/mrt_assignment_2/mrt_ws/install/drover4_info_interface/include/drover4_info_interface/drover4_info_interface/msg/detail/d_rover4_info__struct.hpp
-- Up-to-date: /home/suketupatni/Desktop/mrt_assignments/mrt_assignment_2/mrt_ws/install/drover4_info_interface/include/drover4_info_interface/drover4_info_interface
-- Up-to-date: /home/suketupatni/Desktop/mrt_assignments/mrt_assignment_2/mrt_ws/install/drover4_info_interface/include/drover4_info_interface/drover4_info_interface/msg
-- Up-to-date: /home/suketupatni/Desktop/mrt_assignments/mrt_assignment_2/mrt_ws/install/drover4_info_interface/include/drover4_info_interface/drover4_info_interface/msg/rosidl_typesupport_fastrtps_cpp__visibility_control.h
-- Up-to-date: /home/suketupatni/Desktop/mrt_assignments/mrt_assignment_2/mrt_ws/install/drover4_info_interface/include/drover4_info_interface/drover4_info_interface/msg/detail
-- Up-to-date: /home/suketupatni/Desktop/mrt_assignments/mrt_assignment_2/mrt_ws/install/drover4_info_interface/include/drover4_info_interface/drover4_info_interface/msg/detail/dds_fastrtps
-- Up-to-date: /home/suketupatni/Desktop/mrt_assignments/mrt_assignment_2/mrt_ws/install/drover4_info_interface/include/drover4_info_interface/drover4_info_interface/msg/detail/d_rover4_info__rosidl_typesupport_fastrtps_cpp.hpp
-- Up-to-date: /home/suketupatni/Desktop/mrt_assignments/mrt_assignment_2/mrt_ws/install/drover4_info_interface/lib/libdrover4_info_interface__rosidl_typesupport_fastrtps_cpp.so
-- Up-to-date: /home/suketupatni/Desktop/mrt_assignments/mrt_assignment_2/mrt_ws/install/drover4_info_interface/include/drover4_info_interface/drover4_info_interface
-- Up-to-date: /home/suketupatni/Desktop/mrt_assignments/mrt_assignment_2/mrt_ws/install/drover4_info_interface/include/drover4_info_interface/drover4_info_interface/msg
-- Up-to-date: /home/suketupatni/Desktop/mrt_assignments/mrt_assignment_2/mrt_ws/install/drover4_info_interface/include/drover4_info_interface/drover4_info_interface/msg/rosidl_typesupport_introspection_c__visibility_control.h
-- Up-to-date: /home/suketupatni/Desktop/mrt_assignments/mrt_assignment_2/mrt_ws/install/drover4_info_interface/include/drover4_info_interface/drover4_info_interface/msg/detail
-- Up-to-date: /home/suketupatni/Desktop/mrt_assignments/mrt_assignment_2/mrt_ws/install/drover4_info_interface/include/drover4_info_interface/drover4_info_interface/msg/detail/d_rover4_info__rosidl_typesupport_introspection_c.h
-- Up-to-date: /home/suketupatni/Desktop/mrt_assignments/mrt_assignment_2/mrt_ws/install/drover4_info_interface/include/drover4_info_interface/drover4_info_interface/msg/detail/d_rover4_info__type_support.c
-- Up-to-date: /home/suketupatni/Desktop/mrt_assignments/mrt_assignment_2/mrt_ws/install/drover4_info_interface/lib/libdrover4_info_interface__rosidl_typesupport_introspection_c.so
-- Up-to-date: /home/suketupatni/Desktop/mrt_assignments/mrt_assignment_2/mrt_ws/install/drover4_info_interface/lib/libdrover4_info_interface__rosidl_typesupport_c.so
-- Up-to-date: /home/suketupatni/Desktop/mrt_assignments/mrt_assignment_2/mrt_ws/install/drover4_info_interface/include/drover4_info_interface/drover4_info_interface
-- Up-to-date: /home/suketupatni/Desktop/mrt_assignments/mrt_assignment_2/mrt_ws/install/drover4_info_interface/include/drover4_info_interface/drover4_info_interface/msg
-- Up-to-date: /home/suketupatni/Desktop/mrt_assignments/mrt_assignment_2/mrt_ws/install/drover4_info_interface/include/drover4_info_interface/drover4_info_interface/msg/detail
-- Up-to-date: /home/suketupatni/Desktop/mrt_assignments/mrt_assignment_2/mrt_ws/install/drover4_info_interface/include/drover4_info_interface/drover4_info_interface/msg/detail/d_rover4_info__type_support.cpp
-- Up-to-date: /home/suketupatni/Desktop/mrt_assignments/mrt_assignment_2/mrt_ws/install/drover4_info_interface/include/drover4_info_interface/drover4_info_interface/msg/detail/d_rover4_info__rosidl_typesupport_introspection_cpp.hpp
-- Up-to-date: /home/suketupatni/Desktop/mrt_assignments/mrt_assignment_2/mrt_ws/install/drover4_info_interface/lib/libdrover4_info_interface__rosidl_typesupport_introspection_cpp.so
-- Up-to-date: /home/suketupatni/Desktop/mrt_assignments/mrt_assignment_2/mrt_ws/install/drover4_info_interface/lib/libdrover4_info_interface__rosidl_typesupport_cpp.so
-- Up-to-date: /home/suketupatni/Desktop/mrt_assignments/mrt_assignment_2/mrt_ws/install/drover4_info_interface/share/drover4_info_interface/environment/pythonpath.sh
-- Up-to-date: /home/suketupatni/Desktop/mrt_assignments/mrt_assignment_2/mrt_ws/install/drover4_info_interface/share/drover4_info_interface/environment/pythonpath.dsv
-- Up-to-date: /home/suketupatni/Desktop/mrt_assignments/mrt_assignment_2/mrt_ws/install/drover4_info_interface/local/lib/python3.10/dist-packages/drover4_info_interface-0.0.0-py3.10.egg-info
-- Installing: /home/suketupatni/Desktop/mrt_assignments/mrt_assignment_2/mrt_ws/install/drover4_info_interface/local/lib/python3.10/dist-packages/drover4_info_interface-0.0.0-py3.10.egg-info/PKG-INFO
-- Installing: /home/suketupatni/Desktop/mrt_assignments/mrt_assignment_2/mrt_ws/install/drover4_info_interface/local/lib/python3.10/dist-packages/drover4_info_interface-0.0.0-py3.10.egg-info/dependency_links.txt
-- Installing: /home/suketupatni/Desktop/mrt_assignments/mrt_assignment_2/mrt_ws/install/drover4_info_interface/local/lib/python3.10/dist-packages/drover4_info_interface-0.0.0-py3.10.egg-info/SOURCES.txt
-- Installing: /home/suketupatni/Desktop/mrt_assignments/mrt_assignment_2/mrt_ws/install/drover4_info_interface/local/lib/python3.10/dist-packages/drover4_info_interface-0.0.0-py3.10.egg-info/top_level.txt
-- Up-to-date: /home/suketupatni/Desktop/mrt_assignments/mrt_assignment_2/mrt_ws/install/drover4_info_interface/local/lib/python3.10/dist-packages/drover4_info_interface
-- Up-to-date: /home/suketupatni/Desktop/mrt_assignments/mrt_assignment_2/mrt_ws/install/drover4_info_interface/local/lib/python3.10/dist-packages/drover4_info_interface/_drover4_info_interface_s.ep.rosidl_typesupport_fastrtps_c.c
-- Up-to-date: /home/suketupatni/Desktop/mrt_assignments/mrt_assignment_2/mrt_ws/install/drover4_info_interface/local/lib/python3.10/dist-packages/drover4_info_interface/libdrover4_info_interface__rosidl_generator_py.so
-- Up-to-date: /home/suketupatni/Desktop/mrt_assignments/mrt_assignment_2/mrt_ws/install/drover4_info_interface/local/lib/python3.10/dist-packages/drover4_info_interface/msg
-- Up-to-date: /home/suketupatni/Desktop/mrt_assignments/mrt_assignment_2/mrt_ws/install/drover4_info_interface/local/lib/python3.10/dist-packages/drover4_info_interface/msg/_d_rover4_info_s.c
-- Up-to-date: /home/suketupatni/Desktop/mrt_assignments/mrt_assignment_2/mrt_ws/install/drover4_info_interface/local/lib/python3.10/dist-packages/drover4_info_interface/msg/_d_rover4_info.py
-- Up-to-date: /home/suketupatni/Desktop/mrt_assignments/mrt_assignment_2/mrt_ws/install/drover4_info_interface/local/lib/python3.10/dist-packages/drover4_info_interface/msg/__init__.py
-- Up-to-date: /home/suketupatni/Desktop/mrt_assignments/mrt_assignment_2/mrt_ws/install/drover4_info_interface/local/lib/python3.10/dist-packages/drover4_info_interface/drover4_info_interface_s__rosidl_typesupport_c.cpython-310-x86_64-linux-gnu.so
-- Up-to-date: /home/suketupatni/Desktop/mrt_assignments/mrt_assignment_2/mrt_ws/install/drover4_info_interface/local/lib/python3.10/dist-packages/drover4_info_interface/_drover4_info_interface_s.ep.rosidl_typesupport_introspection_c.c
-- Up-to-date: /home/suketupatni/Desktop/mrt_assignments/mrt_assignment_2/mrt_ws/install/drover4_info_interface/local/lib/python3.10/dist-packages/drover4_info_interface/drover4_info_interface_s__rosidl_typesupport_introspection_c.cpython-310-x86_64-linux-gnu.so
-- Up-to-date: /home/suketupatni/Desktop/mrt_assignments/mrt_assignment_2/mrt_ws/install/drover4_info_interface/local/lib/python3.10/dist-packages/drover4_info_interface/drover4_info_interface_s__rosidl_typesupport_fastrtps_c.cpython-310-x86_64-linux-gnu.so
-- Up-to-date: /home/suketupatni/Desktop/mrt_assignments/mrt_assignment_2/mrt_ws/install/drover4_info_interface/local/lib/python3.10/dist-packages/drover4_info_interface/__init__.py
-- Up-to-date: /home/suketupatni/Desktop/mrt_assignments/mrt_assignment_2/mrt_ws/install/drover4_info_interface/local/lib/python3.10/dist-packages/drover4_info_interface/_drover4_info_interface_s.ep.rosidl_typesupport_c.c
Listing '/home/suketupatni/Desktop/mrt_assignments/mrt_assignment_2/mrt_ws/install/drover4_info_interface/local/lib/python3.10/dist-packages/drover4_info_interface'...
Listing '/home/suketupatni/Desktop/mrt_assignments/mrt_assignment_2/mrt_ws/install/drover4_info_interface/local/lib/python3.10/dist-packages/drover4_info_interface/msg'...
-- Up-to-date: /home/suketupatni/Desktop/mrt_assignments/mrt_assignment_2/mrt_ws/install/drover4_info_interface/local/lib/python3.10/dist-packages/drover4_info_interface/drover4_info_interface_s__rosidl_typesupport_fastrtps_c.cpython-310-x86_64-linux-gnu.so
-- Up-to-date: /home/suketupatni/Desktop/mrt_assignments/mrt_assignment_2/mrt_ws/install/drover4_info_interface/local/lib/python3.10/dist-packages/drover4_info_interface/drover4_info_interface_s__rosidl_typesupport_introspection_c.cpython-310-x86_64-linux-gnu.so
-- Up-to-date: /home/suketupatni/Desktop/mrt_assignments/mrt_assignment_2/mrt_ws/install/drover4_info_interface/local/lib/python3.10/dist-packages/drover4_info_interface/drover4_info_interface_s__rosidl_typesupport_c.cpython-310-x86_64-linux-gnu.so
-- Up-to-date: /home/suketupatni/Desktop/mrt_assignments/mrt_assignment_2/mrt_ws/install/drover4_info_interface/lib/libdrover4_info_interface__rosidl_generator_py.so
-- Up-to-date: /home/suketupatni/Desktop/mrt_assignments/mrt_assignment_2/mrt_ws/install/drover4_info_interface/share/drover4_info_interface/msg/DRover4Info.idl
-- Up-to-date: /home/suketupatni/Desktop/mrt_assignments/mrt_assignment_2/mrt_ws/install/drover4_info_interface/share/drover4_info_interface/msg/DRover4Info.msg
-- Up-to-date: /home/suketupatni/Desktop/mrt_assignments/mrt_assignment_2/mrt_ws/install/drover4_info_interface/share/ament_index/resource_index/package_run_dependencies/drover4_info_interface
-- Up-to-date: /home/suketupatni/Desktop/mrt_assignments/mrt_assignment_2/mrt_ws/install/drover4_info_interface/share/ament_index/resource_index/parent_prefix_path/drover4_info_interface
-- Up-to-date: /home/suketupatni/Desktop/mrt_assignments/mrt_assignment_2/mrt_ws/install/drover4_info_interface/share/drover4_info_interface/environment/ament_prefix_path.sh
-- Up-to-date: /home/suketupatni/Desktop/mrt_assignments/mrt_assignment_2/mrt_ws/install/drover4_info_interface/share/drover4_info_interface/environment/ament_prefix_path.dsv
-- Up-to-date: /home/suketupatni/Desktop/mrt_assignments/mrt_assignment_2/mrt_ws/install/drover4_info_interface/share/drover4_info_interface/environment/path.sh
-- Up-to-date: /home/suketupatni/Desktop/mrt_assignments/mrt_assignment_2/mrt_ws/install/drover4_info_interface/share/drover4_info_interface/environment/path.dsv
-- Up-to-date: /home/suketupatni/Desktop/mrt_assignments/mrt_assignment_2/mrt_ws/install/drover4_info_interface/share/drover4_info_interface/local_setup.bash
-- Up-to-date: /home/suketupatni/Desktop/mrt_assignments/mrt_assignment_2/mrt_ws/install/drover4_info_interface/share/drover4_info_interface/local_setup.sh
-- Up-to-date: /home/suketupatni/Desktop/mrt_assignments/mrt_assignment_2/mrt_ws/install/drover4_info_interface/share/drover4_info_interface/local_setup.zsh
-- Up-to-date: /home/suketupatni/Desktop/mrt_assignments/mrt_assignment_2/mrt_ws/install/drover4_info_interface/share/drover4_info_interface/local_setup.dsv
-- Installing: /home/suketupatni/Desktop/mrt_assignments/mrt_assignment_2/mrt_ws/install/drover4_info_interface/share/drover4_info_interface/package.dsv
-- Up-to-date: /home/suketupatni/Desktop/mrt_assignments/mrt_assignment_2/mrt_ws/install/drover4_info_interface/share/ament_index/resource_index/packages/drover4_info_interface
-- Up-to-date: /home/suketupatni/Desktop/mrt_assignments/mrt_assignment_2/mrt_ws/install/drover4_info_interface/share/drover4_info_interface/cmake/export_drover4_info_interface__rosidl_generator_cExport.cmake
-- Up-to-date: /home/suketupatni/Desktop/mrt_assignments/mrt_assignment_2/mrt_ws/install/drover4_info_interface/share/drover4_info_interface/cmake/export_drover4_info_interface__rosidl_generator_cExport-noconfig.cmake
-- Up-to-date: /home/suketupatni/Desktop/mrt_assignments/mrt_assignment_2/mrt_ws/install/drover4_info_interface/share/drover4_info_interface/cmake/export_drover4_info_interface__rosidl_typesupport_fastrtps_cExport.cmake
-- Up-to-date: /home/suketupatni/Desktop/mrt_assignments/mrt_assignment_2/mrt_ws/install/drover4_info_interface/share/drover4_info_interface/cmake/export_drover4_info_interface__rosidl_typesupport_fastrtps_cExport-noconfig.cmake
-- Up-to-date: /home/suketupatni/Desktop/mrt_assignments/mrt_assignment_2/mrt_ws/install/drover4_info_interface/share/drover4_info_interface/cmake/export_drover4_info_interface__rosidl_generator_cppExport.cmake
-- Up-to-date: /home/suketupatni/Desktop/mrt_assignments/mrt_assignment_2/mrt_ws/install/drover4_info_interface/share/drover4_info_interface/cmake/export_drover4_info_interface__rosidl_typesupport_fastrtps_cppExport.cmake
-- Up-to-date: /home/suketupatni/Desktop/mrt_assignments/mrt_assignment_2/mrt_ws/install/drover4_info_interface/share/drover4_info_interface/cmake/export_drover4_info_interface__rosidl_typesupport_fastrtps_cppExport-noconfig.cmake
-- Up-to-date: /home/suketupatni/Desktop/mrt_assignments/mrt_assignment_2/mrt_ws/install/drover4_info_interface/share/drover4_info_interface/cmake/drover4_info_interface__rosidl_typesupport_introspection_cExport.cmake
-- Up-to-date: /home/suketupatni/Desktop/mrt_assignments/mrt_assignment_2/mrt_ws/install/drover4_info_interface/share/drover4_info_interface/cmake/drover4_info_interface__rosidl_typesupport_introspection_cExport-noconfig.cmake
-- Up-to-date: /home/suketupatni/Desktop/mrt_assignments/mrt_assignment_2/mrt_ws/install/drover4_info_interface/share/drover4_info_interface/cmake/drover4_info_interface__rosidl_typesupport_cExport.cmake
-- Up-to-date: /home/suketupatni/Desktop/mrt_assignments/mrt_assignment_2/mrt_ws/install/drover4_info_interface/share/drover4_info_interface/cmake/drover4_info_interface__rosidl_typesupport_cExport-noconfig.cmake
-- Up-to-date: /home/suketupatni/Desktop/mrt_assignments/mrt_assignment_2/mrt_ws/install/drover4_info_interface/share/drover4_info_interface/cmake/drover4_info_interface__rosidl_typesupport_introspection_cppExport.cmake
-- Up-to-date: /home/suketupatni/Desktop/mrt_assignments/mrt_assignment_2/mrt_ws/install/drover4_info_interface/share/drover4_info_interface/cmake/drover4_info_interface__rosidl_typesupport_introspection_cppExport-noconfig.cmake
-- Up-to-date: /home/suketupatni/Desktop/mrt_assignments/mrt_assignment_2/mrt_ws/install/drover4_info_interface/share/drover4_info_interface/cmake/drover4_info_interface__rosidl_typesupport_cppExport.cmake
-- Up-to-date: /home/suketupatni/Desktop/mrt_assignments/mrt_assignment_2/mrt_ws/install/drover4_info_interface/share/drover4_info_interface/cmake/drover4_info_interface__rosidl_typesupport_cppExport-noconfig.cmake
-- Up-to-date: /home/suketupatni/Desktop/mrt_assignments/mrt_assignment_2/mrt_ws/install/drover4_info_interface/share/drover4_info_interface/cmake/export_drover4_info_interface__rosidl_generator_pyExport.cmake
-- Up-to-date: /home/suketupatni/Desktop/mrt_assignments/mrt_assignment_2/mrt_ws/install/drover4_info_interface/share/drover4_info_interface/cmake/export_drover4_info_interface__rosidl_generator_pyExport-noconfig.cmake
-- Up-to-date: /home/suketupatni/Desktop/mrt_assignments/mrt_assignment_2/mrt_ws/install/drover4_info_interface/share/drover4_info_interface/cmake/rosidl_cmake-extras.cmake
-- Up-to-date: /home/suketupatni/Desktop/mrt_assignments/mrt_assignment_2/mrt_ws/install/drover4_info_interface/share/drover4_info_interface/cmake/ament_cmake_export_dependencies-extras.cmake
-- Up-to-date: /home/suketupatni/Desktop/mrt_assignments/mrt_assignment_2/mrt_ws/install/drover4_info_interface/share/drover4_info_interface/cmake/ament_cmake_export_include_directories-extras.cmake
-- Up-to-date: /home/suketupatni/Desktop/mrt_assignments/mrt_assignment_2/mrt_ws/install/drover4_info_interface/share/drover4_info_interface/cmake/ament_cmake_export_libraries-extras.cmake
-- Up-to-date: /home/suketupatni/Desktop/mrt_assignments/mrt_assignment_2/mrt_ws/install/drover4_info_interface/share/drover4_info_interface/cmake/ament_cmake_export_targets-extras.cmake
-- Up-to-date: /home/suketupatni/Desktop/mrt_assignments/mrt_assignment_2/mrt_ws/install/drover4_info_interface/share/drover4_info_interface/cmake/rosidl_cmake_export_typesupport_targets-extras.cmake
-- Up-to-date: /home/suketupatni/Desktop/mrt_assignments/mrt_assignment_2/mrt_ws/install/drover4_info_interface/share/drover4_info_interface/cmake/rosidl_cmake_export_typesupport_libraries-extras.cmake
-- Up-to-date: /home/suketupatni/Desktop/mrt_assignments/mrt_assignment_2/mrt_ws/install/drover4_info_interface/share/drover4_info_interface/cmake/drover4_info_interfaceConfig.cmake
-- Up-to-date: /home/suketupatni/Desktop/mrt_assignments/mrt_assignment_2/mrt_ws/install/drover4_info_interface/share/drover4_info_interface/cmake/drover4_info_interfaceConfig-version.cmake
-- Up-to-date: /home/suketupatni/Desktop/mrt_assignments/mrt_assignment_2/mrt_ws/install/drover4_info_interface/share/drover4_info_interface/package.xml
