running egg_info
creating ../../build/suketupatni_assn_2/suketupatni_assn_2.egg-info
writing ../../build/suketupatni_assn_2/suketupatni_assn_2.egg-info/PKG-INFO
writing dependency_links to ../../build/suketupatni_assn_2/suketupatni_assn_2.egg-info/dependency_links.txt
writing entry points to ../../build/suketupatni_assn_2/suketupatni_assn_2.egg-info/entry_points.txt
writing requirements to ../../build/suketupatni_assn_2/suketupatni_assn_2.egg-info/requires.txt
writing top-level names to ../../build/suketupatni_assn_2/suketupatni_assn_2.egg-info/top_level.txt
writing manifest file '../../build/suketupatni_assn_2/suketupatni_assn_2.egg-info/SOURCES.txt'
reading manifest file '../../build/suketupatni_assn_2/suketupatni_assn_2.egg-info/SOURCES.txt'
writing manifest file '../../build/suketupatni_assn_2/suketupatni_assn_2.egg-info/SOURCES.txt'
running build
running build_py
creating /home/suketupatni/Desktop/mrt_assignment_2/mrt_ws/build/suketupatni_assn_2/build
creating /home/suketupatni/Desktop/mrt_assignment_2/mrt_ws/build/suketupatni_assn_2/build/lib
creating /home/suketupatni/Desktop/mrt_assignment_2/mrt_ws/build/suketupatni_assn_2/build/lib/suketupatni_assn_2
copying suketupatni_assn_2/__init__.py -> /home/suketupatni/Desktop/mrt_assignment_2/mrt_ws/build/suketupatni_assn_2/build/lib/suketupatni_assn_2
running install
running install_lib
creating /home/suketupatni/Desktop/mrt_assignment_2/mrt_ws/install/suketupatni_assn_2/lib/python3.10/site-packages/suketupatni_assn_2
copying /home/suketupatni/Desktop/mrt_assignment_2/mrt_ws/build/suketupatni_assn_2/build/lib/suketupatni_assn_2/__init__.py -> /home/suketupatni/Desktop/mrt_assignment_2/mrt_ws/install/suketupatni_assn_2/lib/python3.10/site-packages/suketupatni_assn_2
byte-compiling /home/suketupatni/Desktop/mrt_assignment_2/mrt_ws/install/suketupatni_assn_2/lib/python3.10/site-packages/suketupatni_assn_2/__init__.py to __init__.cpython-310.pyc
running install_data
creating /home/suketupatni/Desktop/mrt_assignment_2/mrt_ws/install/suketupatni_assn_2/share/ament_index
creating /home/suketupatni/Desktop/mrt_assignment_2/mrt_ws/install/suketupatni_assn_2/share/ament_index/resource_index
creating /home/suketupatni/Desktop/mrt_assignment_2/mrt_ws/install/suketupatni_assn_2/share/ament_index/resource_index/packages
copying resource/suketupatni_assn_2 -> /home/suketupatni/Desktop/mrt_assignment_2/mrt_ws/install/suketupatni_assn_2/share/ament_index/resource_index/packages
copying package.xml -> /home/suketupatni/Desktop/mrt_assignment_2/mrt_ws/install/suketupatni_assn_2/share/suketupatni_assn_2
running install_egg_info
Copying ../../build/suketupatni_assn_2/suketupatni_assn_2.egg-info to /home/suketupatni/Desktop/mrt_assignment_2/mrt_ws/install/suketupatni_assn_2/lib/python3.10/site-packages/suketupatni_assn_2-0.0.0-py3.10.egg-info
running install_scripts
writing list of installed files to '/home/suketupatni/Desktop/mrt_assignment_2/mrt_ws/build/suketupatni_assn_2/install.log'
