[0.029s] Invoking command in '/home/suketupatni/Desktop/mrt_assignments/mrt_assignment_4/mrt4_ws/build/interfaces': CMAKE_PREFIX_PATH=/opt/ros/humble /usr/bin/cmake --build /home/suketupatni/Desktop/mrt_assignments/mrt_assignment_4/mrt4_ws/build/interfaces -- -j20 -l20
[0.043s] -- Found ament_cmake: 1.3.8 (/opt/ros/humble/share/ament_cmake/cmake)
[0.110s] -- Found rosidl_default_generators: 1.2.0 (/opt/ros/humble/share/rosidl_default_generators/cmake)
[0.111s] -- Using all available rosidl_typesupport_c: rosidl_typesupport_fastrtps_c;rosidl_typesupport_introspection_c
[0.112s] -- Found rosidl_adapter: 3.1.5 (/opt/ros/humble/share/rosidl_adapter/cmake)
[0.128s] -- Using all available rosidl_typesupport_cpp: rosidl_typesupport_fastrtps_cpp;rosidl_typesupport_introspection_cpp
[0.142s] -- Found sensor_msgs: 4.2.3 (/opt/ros/humble/share/sensor_msgs/cmake)
[0.254s] -- Found ament_lint_auto: 0.12.10 (/opt/ros/humble/share/ament_lint_auto/cmake)
[0.414s] -- Found ament_cmake_ros: 0.10.0 (/opt/ros/humble/share/ament_cmake_ros/cmake)
[0.570s] -- Using all available rosidl_typesupport_c: rosidl_typesupport_fastrtps_c;rosidl_typesupport_introspection_c
[0.766s] -- Using all available rosidl_typesupport_cpp: rosidl_typesupport_fastrtps_cpp;rosidl_typesupport_introspection_cpp
[0.779s] -- Found python_cmake_module: 0.10.0 (/opt/ros/humble/share/python_cmake_module/cmake)
[0.791s] -- Using PYTHON_EXECUTABLE: /usr/bin/python3
[0.791s] -- Using PYTHON_INCLUDE_DIRS: /usr/include/python3.10
[0.791s] -- Using PYTHON_LIBRARIES: /usr/lib/x86_64-linux-gnu/libpython3.10.so
[0.818s] -- Added test 'lint_cmake' to check CMake code style
[0.819s] -- Added test 'xmllint' to check XML markup files
[0.820s] -- Configuring done
[0.839s] -- Generating done
[0.840s] -- Build files have been written to: /home/suketupatni/Desktop/mrt_assignments/mrt_assignment_4/mrt4_ws/build/interfaces
[0.855s] [35m[1mConsolidate compiler generated dependencies of target interfaces__rosidl_generator_c[0m
[0.860s] [  2%] Built target interfaces__cpp
[0.861s] [  5%] [32mBuilding C object CMakeFiles/interfaces__rosidl_generator_c.dir/rosidl_generator_c/interfaces/srv/detail/bounding_boxes__functions.c.o[0m
[0.864s] [  5%] Built target ament_cmake_python_copy_interfaces
[0.866s] [35m[1mConsolidate compiler generated dependencies of target interfaces__rosidl_typesupport_cpp[0m
[0.866s] [35m[1mConsolidate compiler generated dependencies of target interfaces__rosidl_typesupport_fastrtps_cpp[0m
[0.866s] [35m[1mConsolidate compiler generated dependencies of target interfaces__rosidl_typesupport_introspection_cpp[0m
[0.869s] In file included from [01m[K/home/suketupatni/Desktop/mrt_assignments/mrt_assignment_4/mrt4_ws/build/interfaces/rosidl_generator_c/interfaces/srv/detail/bounding_boxes__functions.h:19[m[K,
[0.869s]                  from [01m[K/home/suketupatni/Desktop/mrt_assignments/mrt_assignment_4/mrt4_ws/build/interfaces/rosidl_generator_c/interfaces/srv/detail/bounding_boxes__functions.c:4[m[K:
[0.869s] [01m[K/home/suketupatni/Desktop/mrt_assignments/mrt_assignment_4/mrt4_ws/build/interfaces/rosidl_generator_c/interfaces/srv/detail/bounding_boxes__struct.h:22:10:[m[K [01;31m[Kfatal error: [m[Kinterfaces/msg/detail/image__struct.h: No such file or directory
[0.869s]    22 | #include [01;31m[K"interfaces/msg/detail/image__struct.h"[m[K
[0.869s]       |          [01;31m[K^~~~~~~~~~~~~~~~~~~~~~~~~~~~~~~~~~~~~~~[m[K
[0.869s] compilation terminated.
[0.869s] gmake[2]: *** [CMakeFiles/interfaces__rosidl_generator_c.dir/build.make:224: CMakeFiles/interfaces__rosidl_generator_c.dir/rosidl_generator_c/interfaces/srv/detail/bounding_boxes__functions.c.o] Error 1
[0.869s] gmake[1]: *** [CMakeFiles/Makefile2:213: CMakeFiles/interfaces__rosidl_generator_c.dir/all] Error 2
[0.869s] gmake[1]: *** Waiting for unfinished jobs....
[0.873s] [  7%] [32mBuilding CXX object CMakeFiles/interfaces__rosidl_typesupport_cpp.dir/rosidl_typesupport_cpp/interfaces/srv/bounding_boxes__type_support.cpp.o[0m
[0.874s] [ 10%] [32mBuilding CXX object CMakeFiles/interfaces__rosidl_typesupport_introspection_cpp.dir/rosidl_typesupport_introspection_cpp/interfaces/srv/detail/bounding_boxes__type_support.cpp.o[0m
[0.874s] [ 12%] [32mBuilding CXX object CMakeFiles/interfaces__rosidl_typesupport_fastrtps_cpp.dir/rosidl_typesupport_fastrtps_cpp/interfaces/srv/detail/dds_fastrtps/bounding_boxes__type_support.cpp.o[0m
[0.903s] In file included from [01m[K/home/suketupatni/Desktop/mrt_assignments/mrt_assignment_4/mrt4_ws/build/interfaces/rosidl_typesupport_cpp/interfaces/srv/bounding_boxes__type_support.cpp:7[m[K:
[0.903s] [01m[K/home/suketupatni/Desktop/mrt_assignments/mrt_assignment_4/mrt4_ws/build/interfaces/rosidl_generator_cpp/interfaces/srv/detail/bounding_boxes__struct.hpp:20:10:[m[K [01;31m[Kfatal error: [m[Kinterfaces/msg/detail/image__struct.hpp: No such file or directory
[0.903s]    20 | #include [01;31m[K"interfaces/msg/detail/image__struct.hpp"[m[K
[0.903s]       |          [01;31m[K^~~~~~~~~~~~~~~~~~~~~~~~~~~~~~~~~~~~~~~~~[m[K
[0.903s] compilation terminated.
[0.904s] In file included from [01m[K/home/suketupatni/Desktop/mrt_assignments/mrt_assignment_4/mrt4_ws/build/interfaces/rosidl_typesupport_fastrtps_cpp/interfaces/srv/detail/bounding_boxes__rosidl_typesupport_fastrtps_cpp.hpp:11[m[K,
[0.904s]                  from [01m[K/home/suketupatni/Desktop/mrt_assignments/mrt_assignment_4/mrt4_ws/build/interfaces/rosidl_typesupport_fastrtps_cpp/interfaces/srv/detail/dds_fastrtps/bounding_boxes__type_support.cpp:4[m[K:
[0.904s] [01m[K/home/suketupatni/Desktop/mrt_assignments/mrt_assignment_4/mrt4_ws/build/interfaces/rosidl_generator_cpp/interfaces/srv/detail/bounding_boxes__struct.hpp:20:10:[m[K [01;31m[Kfatal error: [m[Kinterfaces/msg/detail/image__struct.hpp: No such file or directory
[0.904s]    20 | #include [01;31m[K"interfaces/msg/detail/image__struct.hpp"[m[K
[0.904s]       |          [01;31m[K^~~~~~~~~~~~~~~~~~~~~~~~~~~~~~~~~~~~~~~~~[m[K
[0.904s] compilation terminated.
[0.904s] gmake[2]: *** [CMakeFiles/interfaces__rosidl_typesupport_cpp.dir/build.make:193: CMakeFiles/interfaces__rosidl_typesupport_cpp.dir/rosidl_typesupport_cpp/interfaces/srv/bounding_boxes__type_support.cpp.o] Error 1
[0.904s] gmake[1]: *** [CMakeFiles/Makefile2:395: CMakeFiles/interfaces__rosidl_typesupport_cpp.dir/all] Error 2
[0.904s] gmake[2]: *** [CMakeFiles/interfaces__rosidl_typesupport_fastrtps_cpp.dir/build.make:201: CMakeFiles/interfaces__rosidl_typesupport_fastrtps_cpp.dir/rosidl_typesupport_fastrtps_cpp/interfaces/srv/detail/dds_fastrtps/bounding_boxes__type_support.cpp.o] Error 1
[0.905s] gmake[1]: *** [CMakeFiles/Makefile2:343: CMakeFiles/interfaces__rosidl_typesupport_fastrtps_cpp.dir/all] Error 2
[0.907s] In file included from [01m[K/home/suketupatni/Desktop/mrt_assignments/mrt_assignment_4/mrt4_ws/build/interfaces/rosidl_typesupport_introspection_cpp/interfaces/srv/detail/bounding_boxes__type_support.cpp:12[m[K:
[0.907s] [01m[K/home/suketupatni/Desktop/mrt_assignments/mrt_assignment_4/mrt4_ws/build/interfaces/rosidl_generator_cpp/interfaces/srv/detail/bounding_boxes__struct.hpp:20:10:[m[K [01;31m[Kfatal error: [m[Kinterfaces/msg/detail/image__struct.hpp: No such file or directory
[0.907s]    20 | #include [01;31m[K"interfaces/msg/detail/image__struct.hpp"[m[K
[0.907s]       |          [01;31m[K^~~~~~~~~~~~~~~~~~~~~~~~~~~~~~~~~~~~~~~~~[m[K
[0.907s] compilation terminated.
[0.907s] gmake[2]: *** [CMakeFiles/interfaces__rosidl_typesupport_introspection_cpp.dir/build.make:201: CMakeFiles/interfaces__rosidl_typesupport_introspection_cpp.dir/rosidl_typesupport_introspection_cpp/interfaces/srv/detail/bounding_boxes__type_support.cpp.o] Error 1
[0.908s] gmake[1]: *** [CMakeFiles/Makefile2:369: CMakeFiles/interfaces__rosidl_typesupport_introspection_cpp.dir/all] Error 2
[1.009s] running egg_info
[1.010s] writing interfaces.egg-info/PKG-INFO
[1.010s] writing dependency_links to interfaces.egg-info/dependency_links.txt
[1.010s] writing top-level names to interfaces.egg-info/top_level.txt
[1.011s] reading manifest file 'interfaces.egg-info/SOURCES.txt'
[1.011s] writing manifest file 'interfaces.egg-info/SOURCES.txt'
[1.027s] [ 12%] Built target ament_cmake_python_build_interfaces_egg
[1.028s] gmake: *** [Makefile:146: all] Error 2
[1.029s] Invoked command in '/home/suketupatni/Desktop/mrt_assignments/mrt_assignment_4/mrt4_ws/build/interfaces' returned '2': CMAKE_PREFIX_PATH=/opt/ros/humble /usr/bin/cmake --build /home/suketupatni/Desktop/mrt_assignments/mrt_assignment_4/mrt4_ws/build/interfaces -- -j20 -l20
