[0.033s] Invoking command in '/home/suketupatni/Desktop/mrt_assignments/mrt_assignment_2/mrt_ws/build/drover4_info_interface': CMAKE_PREFIX_PATH=${CMAKE_PREFIX_PATH}:/home/suketupatni/Desktop/mrt_assignments/mrt_assignment_2/mrt_ws/install/suketupatni_assn_2:/opt/ros/humble /usr/bin/cmake --build /home/suketupatni/Desktop/mrt_assignments/mrt_assignment_2/mrt_ws/build/drover4_info_interface -- -j20 -l20
[0.059s] [  3%] Built target drover4_info_interface__cpp
[0.059s] [ 12%] Built target drover4_info_interface__rosidl_generator_c
[0.063s] [ 12%] Built target ament_cmake_python_copy_drover4_info_interface
[0.070s] [ 29%] Built target drover4_info_interface__rosidl_typesupport_fastrtps_cpp
[0.070s] [ 32%] Built target drover4_info_interface__rosidl_typesupport_introspection_cpp
[0.071s] [ 41%] Built target drover4_info_interface__rosidl_typesupport_introspection_c
[0.071s] [ 51%] Built target drover4_info_interface__rosidl_typesupport_fastrtps_c
[0.071s] [ 61%] Built target drover4_info_interface__rosidl_typesupport_cpp
[0.073s] [ 70%] Built target drover4_info_interface__rosidl_typesupport_c
[0.083s] [ 70%] Built target drover4_info_interface
[0.094s] [ 74%] Built target drover4_info_interface__py
[0.106s] [ 80%] Built target drover4_info_interface__rosidl_generator_py
[0.119s] [ 87%] Built target drover4_info_interface__rosidl_typesupport_c__pyext
[0.119s] [100%] Built target drover4_info_interface__rosidl_typesupport_introspection_c__pyext
[0.119s] [ 96%] Built target drover4_info_interface__rosidl_typesupport_fastrtps_c__pyext
[0.185s] running egg_info
[0.185s] writing drover4_info_interface.egg-info/PKG-INFO
[0.185s] writing dependency_links to drover4_info_interface.egg-info/dependency_links.txt
[0.186s] writing top-level names to drover4_info_interface.egg-info/top_level.txt
[0.187s] reading manifest file 'drover4_info_interface.egg-info/SOURCES.txt'
[0.187s] writing manifest file 'drover4_info_interface.egg-info/SOURCES.txt'
[0.201s] [100%] Built target ament_cmake_python_build_drover4_info_interface_egg
[0.208s] Invoked command in '/home/suketupatni/Desktop/mrt_assignments/mrt_assignment_2/mrt_ws/build/drover4_info_interface' returned '0': CMAKE_PREFIX_PATH=${CMAKE_PREFIX_PATH}:/home/suketupatni/Desktop/mrt_assignments/mrt_assignment_2/mrt_ws/install/suketupatni_assn_2:/opt/ros/humble /usr/bin/cmake --build /home/suketupatni/Desktop/mrt_assignments/mrt_assignment_2/mrt_ws/build/drover4_info_interface -- -j20 -l20
[0.244s] Invoking command in '/home/suketupatni/Desktop/mrt_assignments/mrt_assignment_2/mrt_ws/build/drover4_info_interface': CMAKE_PREFIX_PATH=${CMAKE_PREFIX_PATH}:/home/suketupatni/Desktop/mrt_assignments/mrt_assignment_2/mrt_ws/install/suketupatni_assn_2:/opt/ros/humble /usr/bin/cmake --install /home/suketupatni/Desktop/mrt_assignments/mrt_assignment_2/mrt_ws/build/drover4_info_interface
[0.248s] -- Install configuration: ""
[0.248s] -- Up-to-date: /home/suketupatni/Desktop/mrt_assignments/mrt_assignment_2/mrt_ws/install/drover4_info_interface/share/ament_index/resource_index/rosidl_interfaces/drover4_info_interface
[0.248s] -- Up-to-date: /home/suketupatni/Desktop/mrt_assignments/mrt_assignment_2/mrt_ws/install/drover4_info_interface/include/drover4_info_interface/drover4_info_interface
[0.249s] -- Up-to-date: /home/suketupatni/Desktop/mrt_assignments/mrt_assignment_2/mrt_ws/install/drover4_info_interface/include/drover4_info_interface/drover4_info_interface/msg
[0.249s] -- Up-to-date: /home/suketupatni/Desktop/mrt_assignments/mrt_assignment_2/mrt_ws/install/drover4_info_interface/include/drover4_info_interface/drover4_info_interface/msg/d_rover4_info.h
[0.249s] -- Up-to-date: /home/suketupatni/Desktop/mrt_assignments/mrt_assignment_2/mrt_ws/install/drover4_info_interface/include/drover4_info_interface/drover4_info_interface/msg/rosidl_generator_c__visibility_control.h
[0.249s] -- Up-to-date: /home/suketupatni/Desktop/mrt_assignments/mrt_assignment_2/mrt_ws/install/drover4_info_interface/include/drover4_info_interface/drover4_info_interface/msg/detail
[0.249s] -- Up-to-date: /home/suketupatni/Desktop/mrt_assignments/mrt_assignment_2/mrt_ws/install/drover4_info_interface/include/drover4_info_interface/drover4_info_interface/msg/detail/d_rover4_info__functions.h
[0.249s] -- Up-to-date: /home/suketupatni/Desktop/mrt_assignments/mrt_assignment_2/mrt_ws/install/drover4_info_interface/include/drover4_info_interface/drover4_info_interface/msg/detail/d_rover4_info__functions.c
[0.249s] -- Up-to-date: /home/suketupatni/Desktop/mrt_assignments/mrt_assignment_2/mrt_ws/install/drover4_info_interface/include/drover4_info_interface/drover4_info_interface/msg/detail/d_rover4_info__struct.h
[0.249s] -- Up-to-date: /home/suketupatni/Desktop/mrt_assignments/mrt_assignment_2/mrt_ws/install/drover4_info_interface/include/drover4_info_interface/drover4_info_interface/msg/detail/d_rover4_info__type_support.h
[0.249s] -- Up-to-date: /home/suketupatni/Desktop/mrt_assignments/mrt_assignment_2/mrt_ws/install/drover4_info_interface/share/drover4_info_interface/environment/library_path.sh
[0.249s] -- Up-to-date: /home/suketupatni/Desktop/mrt_assignments/mrt_assignment_2/mrt_ws/install/drover4_info_interface/share/drover4_info_interface/environment/library_path.dsv
[0.249s] -- Up-to-date: /home/suketupatni/Desktop/mrt_assignments/mrt_assignment_2/mrt_ws/install/drover4_info_interface/lib/libdrover4_info_interface__rosidl_generator_c.so
[0.250s] -- Up-to-date: /home/suketupatni/Desktop/mrt_assignments/mrt_assignment_2/mrt_ws/install/drover4_info_interface/include/drover4_info_interface/drover4_info_interface
[0.250s] -- Up-to-date: /home/suketupatni/Desktop/mrt_assignments/mrt_assignment_2/mrt_ws/install/drover4_info_interface/include/drover4_info_interface/drover4_info_interface/msg
[0.250s] -- Up-to-date: /home/suketupatni/Desktop/mrt_assignments/mrt_assignment_2/mrt_ws/install/drover4_info_interface/include/drover4_info_interface/drover4_info_interface/msg/rosidl_typesupport_fastrtps_c__visibility_control.h
[0.250s] -- Up-to-date: /home/suketupatni/Desktop/mrt_assignments/mrt_assignment_2/mrt_ws/install/drover4_info_interface/include/drover4_info_interface/drover4_info_interface/msg/detail
[0.250s] -- Up-to-date: /home/suketupatni/Desktop/mrt_assignments/mrt_assignment_2/mrt_ws/install/drover4_info_interface/include/drover4_info_interface/drover4_info_interface/msg/detail/d_rover4_info__rosidl_typesupport_fastrtps_c.h
[0.250s] -- Up-to-date: /home/suketupatni/Desktop/mrt_assignments/mrt_assignment_2/mrt_ws/install/drover4_info_interface/lib/libdrover4_info_interface__rosidl_typesupport_fastrtps_c.so
[0.250s] -- Up-to-date: /home/suketupatni/Desktop/mrt_assignments/mrt_assignment_2/mrt_ws/install/drover4_info_interface/include/drover4_info_interface/drover4_info_interface
[0.250s] -- Up-to-date: /home/suketupatni/Desktop/mrt_assignments/mrt_assignment_2/mrt_ws/install/drover4_info_interface/include/drover4_info_interface/drover4_info_interface/msg
[0.250s] -- Up-to-date: /home/suketupatni/Desktop/mrt_assignments/mrt_assignment_2/mrt_ws/install/drover4_info_interface/include/drover4_info_interface/drover4_info_interface/msg/d_rover4_info.hpp
[0.250s] -- Up-to-date: /home/suketupatni/Desktop/mrt_assignments/mrt_assignment_2/mrt_ws/install/drover4_info_interface/include/drover4_info_interface/drover4_info_interface/msg/detail
[0.250s] -- Up-to-date: /home/suketupatni/Desktop/mrt_assignments/mrt_assignment_2/mrt_ws/install/drover4_info_interface/include/drover4_info_interface/drover4_info_interface/msg/detail/d_rover4_info__traits.hpp
[0.251s] -- Up-to-date: /home/suketupatni/Desktop/mrt_assignments/mrt_assignment_2/mrt_ws/install/drover4_info_interface/include/drover4_info_interface/drover4_info_interface/msg/detail/d_rover4_info__builder.hpp
[0.251s] -- Up-to-date: /home/suketupatni/Desktop/mrt_assignments/mrt_assignment_2/mrt_ws/install/drover4_info_interface/include/drover4_info_interface/drover4_info_interface/msg/detail/d_rover4_info__struct.hpp
[0.251s] -- Up-to-date: /home/suketupatni/Desktop/mrt_assignments/mrt_assignment_2/mrt_ws/install/drover4_info_interface/include/drover4_info_interface/drover4_info_interface
[0.251s] -- Up-to-date: /home/suketupatni/Desktop/mrt_assignments/mrt_assignment_2/mrt_ws/install/drover4_info_interface/include/drover4_info_interface/drover4_info_interface/msg
[0.251s] -- Up-to-date: /home/suketupatni/Desktop/mrt_assignments/mrt_assignment_2/mrt_ws/install/drover4_info_interface/include/drover4_info_interface/drover4_info_interface/msg/rosidl_typesupport_fastrtps_cpp__visibility_control.h
[0.251s] -- Up-to-date: /home/suketupatni/Desktop/mrt_assignments/mrt_assignment_2/mrt_ws/install/drover4_info_interface/include/drover4_info_interface/drover4_info_interface/msg/detail
[0.251s] -- Up-to-date: /home/suketupatni/Desktop/mrt_assignments/mrt_assignment_2/mrt_ws/install/drover4_info_interface/include/drover4_info_interface/drover4_info_interface/msg/detail/dds_fastrtps
[0.251s] -- Up-to-date: /home/suketupatni/Desktop/mrt_assignments/mrt_assignment_2/mrt_ws/install/drover4_info_interface/include/drover4_info_interface/drover4_info_interface/msg/detail/d_rover4_info__rosidl_typesupport_fastrtps_cpp.hpp
[0.251s] -- Up-to-date: /home/suketupatni/Desktop/mrt_assignments/mrt_assignment_2/mrt_ws/install/drover4_info_interface/lib/libdrover4_info_interface__rosidl_typesupport_fastrtps_cpp.so
[0.251s] -- Up-to-date: /home/suketupatni/Desktop/mrt_assignments/mrt_assignment_2/mrt_ws/install/drover4_info_interface/include/drover4_info_interface/drover4_info_interface
[0.251s] -- Up-to-date: /home/suketupatni/Desktop/mrt_assignments/mrt_assignment_2/mrt_ws/install/drover4_info_interface/include/drover4_info_interface/drover4_info_interface/msg
[0.251s] -- Up-to-date: /home/suketupatni/Desktop/mrt_assignments/mrt_assignment_2/mrt_ws/install/drover4_info_interface/include/drover4_info_interface/drover4_info_interface/msg/rosidl_typesupport_introspection_c__visibility_control.h
[0.251s] -- Up-to-date: /home/suketupatni/Desktop/mrt_assignments/mrt_assignment_2/mrt_ws/install/drover4_info_interface/include/drover4_info_interface/drover4_info_interface/msg/detail
[0.251s] -- Up-to-date: /home/suketupatni/Desktop/mrt_assignments/mrt_assignment_2/mrt_ws/install/drover4_info_interface/include/drover4_info_interface/drover4_info_interface/msg/detail/d_rover4_info__rosidl_typesupport_introspection_c.h
[0.251s] -- Up-to-date: /home/suketupatni/Desktop/mrt_assignments/mrt_assignment_2/mrt_ws/install/drover4_info_interface/include/drover4_info_interface/drover4_info_interface/msg/detail/d_rover4_info__type_support.c
[0.251s] -- Up-to-date: /home/suketupatni/Desktop/mrt_assignments/mrt_assignment_2/mrt_ws/install/drover4_info_interface/lib/libdrover4_info_interface__rosidl_typesupport_introspection_c.so
[0.252s] -- Up-to-date: /home/suketupatni/Desktop/mrt_assignments/mrt_assignment_2/mrt_ws/install/drover4_info_interface/lib/libdrover4_info_interface__rosidl_typesupport_c.so
[0.252s] -- Up-to-date: /home/suketupatni/Desktop/mrt_assignments/mrt_assignment_2/mrt_ws/install/drover4_info_interface/include/drover4_info_interface/drover4_info_interface
[0.252s] -- Up-to-date: /home/suketupatni/Desktop/mrt_assignments/mrt_assignment_2/mrt_ws/install/drover4_info_interface/include/drover4_info_interface/drover4_info_interface/msg
[0.252s] -- Up-to-date: /home/suketupatni/Desktop/mrt_assignments/mrt_assignment_2/mrt_ws/install/drover4_info_interface/include/drover4_info_interface/drover4_info_interface/msg/detail
[0.252s] -- Up-to-date: /home/suketupatni/Desktop/mrt_assignments/mrt_assignment_2/mrt_ws/install/drover4_info_interface/include/drover4_info_interface/drover4_info_interface/msg/detail/d_rover4_info__type_support.cpp
[0.252s] -- Up-to-date: /home/suketupatni/Desktop/mrt_assignments/mrt_assignment_2/mrt_ws/install/drover4_info_interface/include/drover4_info_interface/drover4_info_interface/msg/detail/d_rover4_info__rosidl_typesupport_introspection_cpp.hpp
[0.252s] -- Up-to-date: /home/suketupatni/Desktop/mrt_assignments/mrt_assignment_2/mrt_ws/install/drover4_info_interface/lib/libdrover4_info_interface__rosidl_typesupport_introspection_cpp.so
[0.252s] -- Up-to-date: /home/suketupatni/Desktop/mrt_assignments/mrt_assignment_2/mrt_ws/install/drover4_info_interface/lib/libdrover4_info_interface__rosidl_typesupport_cpp.so
[0.252s] -- Up-to-date: /home/suketupatni/Desktop/mrt_assignments/mrt_assignment_2/mrt_ws/install/drover4_info_interface/share/drover4_info_interface/environment/pythonpath.sh
[0.252s] -- Up-to-date: /home/suketupatni/Desktop/mrt_assignments/mrt_assignment_2/mrt_ws/install/drover4_info_interface/share/drover4_info_interface/environment/pythonpath.dsv
[0.252s] -- Up-to-date: /home/suketupatni/Desktop/mrt_assignments/mrt_assignment_2/mrt_ws/install/drover4_info_interface/local/lib/python3.10/dist-packages/drover4_info_interface-0.0.0-py3.10.egg-info
[0.252s] -- Installing: /home/suketupatni/Desktop/mrt_assignments/mrt_assignment_2/mrt_ws/install/drover4_info_interface/local/lib/python3.10/dist-packages/drover4_info_interface-0.0.0-py3.10.egg-info/PKG-INFO
[0.252s] -- Installing: /home/suketupatni/Desktop/mrt_assignments/mrt_assignment_2/mrt_ws/install/drover4_info_interface/local/lib/python3.10/dist-packages/drover4_info_interface-0.0.0-py3.10.egg-info/dependency_links.txt
[0.252s] -- Installing: /home/suketupatni/Desktop/mrt_assignments/mrt_assignment_2/mrt_ws/install/drover4_info_interface/local/lib/python3.10/dist-packages/drover4_info_interface-0.0.0-py3.10.egg-info/SOURCES.txt
[0.252s] -- Installing: /home/suketupatni/Desktop/mrt_assignments/mrt_assignment_2/mrt_ws/install/drover4_info_interface/local/lib/python3.10/dist-packages/drover4_info_interface-0.0.0-py3.10.egg-info/top_level.txt
[0.253s] -- Up-to-date: /home/suketupatni/Desktop/mrt_assignments/mrt_assignment_2/mrt_ws/install/drover4_info_interface/local/lib/python3.10/dist-packages/drover4_info_interface
[0.253s] -- Up-to-date: /home/suketupatni/Desktop/mrt_assignments/mrt_assignment_2/mrt_ws/install/drover4_info_interface/local/lib/python3.10/dist-packages/drover4_info_interface/_drover4_info_interface_s.ep.rosidl_typesupport_fastrtps_c.c
[0.253s] -- Up-to-date: /home/suketupatni/Desktop/mrt_assignments/mrt_assignment_2/mrt_ws/install/drover4_info_interface/local/lib/python3.10/dist-packages/drover4_info_interface/libdrover4_info_interface__rosidl_generator_py.so
[0.253s] -- Up-to-date: /home/suketupatni/Desktop/mrt_assignments/mrt_assignment_2/mrt_ws/install/drover4_info_interface/local/lib/python3.10/dist-packages/drover4_info_interface/msg
[0.253s] -- Up-to-date: /home/suketupatni/Desktop/mrt_assignments/mrt_assignment_2/mrt_ws/install/drover4_info_interface/local/lib/python3.10/dist-packages/drover4_info_interface/msg/_d_rover4_info_s.c
[0.253s] -- Up-to-date: /home/suketupatni/Desktop/mrt_assignments/mrt_assignment_2/mrt_ws/install/drover4_info_interface/local/lib/python3.10/dist-packages/drover4_info_interface/msg/_d_rover4_info.py
[0.253s] -- Up-to-date: /home/suketupatni/Desktop/mrt_assignments/mrt_assignment_2/mrt_ws/install/drover4_info_interface/local/lib/python3.10/dist-packages/drover4_info_interface/msg/__init__.py
[0.253s] -- Up-to-date: /home/suketupatni/Desktop/mrt_assignments/mrt_assignment_2/mrt_ws/install/drover4_info_interface/local/lib/python3.10/dist-packages/drover4_info_interface/drover4_info_interface_s__rosidl_typesupport_c.cpython-310-x86_64-linux-gnu.so
[0.253s] -- Up-to-date: /home/suketupatni/Desktop/mrt_assignments/mrt_assignment_2/mrt_ws/install/drover4_info_interface/local/lib/python3.10/dist-packages/drover4_info_interface/_drover4_info_interface_s.ep.rosidl_typesupport_introspection_c.c
[0.253s] -- Up-to-date: /home/suketupatni/Desktop/mrt_assignments/mrt_assignment_2/mrt_ws/install/drover4_info_interface/local/lib/python3.10/dist-packages/drover4_info_interface/drover4_info_interface_s__rosidl_typesupport_introspection_c.cpython-310-x86_64-linux-gnu.so
[0.253s] -- Up-to-date: /home/suketupatni/Desktop/mrt_assignments/mrt_assignment_2/mrt_ws/install/drover4_info_interface/local/lib/python3.10/dist-packages/drover4_info_interface/drover4_info_interface_s__rosidl_typesupport_fastrtps_c.cpython-310-x86_64-linux-gnu.so
[0.253s] -- Up-to-date: /home/suketupatni/Desktop/mrt_assignments/mrt_assignment_2/mrt_ws/install/drover4_info_interface/local/lib/python3.10/dist-packages/drover4_info_interface/__init__.py
[0.253s] -- Up-to-date: /home/suketupatni/Desktop/mrt_assignments/mrt_assignment_2/mrt_ws/install/drover4_info_interface/local/lib/python3.10/dist-packages/drover4_info_interface/_drover4_info_interface_s.ep.rosidl_typesupport_c.c
[0.268s] Listing '/home/suketupatni/Desktop/mrt_assignments/mrt_assignment_2/mrt_ws/install/drover4_info_interface/local/lib/python3.10/dist-packages/drover4_info_interface'...
[0.268s] Listing '/home/suketupatni/Desktop/mrt_assignments/mrt_assignment_2/mrt_ws/install/drover4_info_interface/local/lib/python3.10/dist-packages/drover4_info_interface/msg'...
[0.270s] -- Up-to-date: /home/suketupatni/Desktop/mrt_assignments/mrt_assignment_2/mrt_ws/install/drover4_info_interface/local/lib/python3.10/dist-packages/drover4_info_interface/drover4_info_interface_s__rosidl_typesupport_fastrtps_c.cpython-310-x86_64-linux-gnu.so
[0.270s] -- Up-to-date: /home/suketupatni/Desktop/mrt_assignments/mrt_assignment_2/mrt_ws/install/drover4_info_interface/local/lib/python3.10/dist-packages/drover4_info_interface/drover4_info_interface_s__rosidl_typesupport_introspection_c.cpython-310-x86_64-linux-gnu.so
[0.271s] -- Up-to-date: /home/suketupatni/Desktop/mrt_assignments/mrt_assignment_2/mrt_ws/install/drover4_info_interface/local/lib/python3.10/dist-packages/drover4_info_interface/drover4_info_interface_s__rosidl_typesupport_c.cpython-310-x86_64-linux-gnu.so
[0.271s] -- Up-to-date: /home/suketupatni/Desktop/mrt_assignments/mrt_assignment_2/mrt_ws/install/drover4_info_interface/lib/libdrover4_info_interface__rosidl_generator_py.so
[0.271s] -- Up-to-date: /home/suketupatni/Desktop/mrt_assignments/mrt_assignment_2/mrt_ws/install/drover4_info_interface/share/drover4_info_interface/msg/DRover4Info.idl
[0.271s] -- Up-to-date: /home/suketupatni/Desktop/mrt_assignments/mrt_assignment_2/mrt_ws/install/drover4_info_interface/share/drover4_info_interface/msg/DRover4Info.msg
[0.271s] -- Up-to-date: /home/suketupatni/Desktop/mrt_assignments/mrt_assignment_2/mrt_ws/install/drover4_info_interface/share/ament_index/resource_index/package_run_dependencies/drover4_info_interface
[0.271s] -- Up-to-date: /home/suketupatni/Desktop/mrt_assignments/mrt_assignment_2/mrt_ws/install/drover4_info_interface/share/ament_index/resource_index/parent_prefix_path/drover4_info_interface
[0.271s] -- Up-to-date: /home/suketupatni/Desktop/mrt_assignments/mrt_assignment_2/mrt_ws/install/drover4_info_interface/share/drover4_info_interface/environment/ament_prefix_path.sh
[0.271s] -- Up-to-date: /home/suketupatni/Desktop/mrt_assignments/mrt_assignment_2/mrt_ws/install/drover4_info_interface/share/drover4_info_interface/environment/ament_prefix_path.dsv
[0.271s] -- Up-to-date: /home/suketupatni/Desktop/mrt_assignments/mrt_assignment_2/mrt_ws/install/drover4_info_interface/share/drover4_info_interface/environment/path.sh
[0.271s] -- Up-to-date: /home/suketupatni/Desktop/mrt_assignments/mrt_assignment_2/mrt_ws/install/drover4_info_interface/share/drover4_info_interface/environment/path.dsv
[0.271s] -- Up-to-date: /home/suketupatni/Desktop/mrt_assignments/mrt_assignment_2/mrt_ws/install/drover4_info_interface/share/drover4_info_interface/local_setup.bash
[0.271s] -- Up-to-date: /home/suketupatni/Desktop/mrt_assignments/mrt_assignment_2/mrt_ws/install/drover4_info_interface/share/drover4_info_interface/local_setup.sh
[0.271s] -- Up-to-date: /home/suketupatni/Desktop/mrt_assignments/mrt_assignment_2/mrt_ws/install/drover4_info_interface/share/drover4_info_interface/local_setup.zsh
[0.271s] -- Up-to-date: /home/suketupatni/Desktop/mrt_assignments/mrt_assignment_2/mrt_ws/install/drover4_info_interface/share/drover4_info_interface/local_setup.dsv
[0.271s] -- Installing: /home/suketupatni/Desktop/mrt_assignments/mrt_assignment_2/mrt_ws/install/drover4_info_interface/share/drover4_info_interface/package.dsv
[0.271s] -- Up-to-date: /home/suketupatni/Desktop/mrt_assignments/mrt_assignment_2/mrt_ws/install/drover4_info_interface/share/ament_index/resource_index/packages/drover4_info_interface
[0.271s] -- Up-to-date: /home/suketupatni/Desktop/mrt_assignments/mrt_assignment_2/mrt_ws/install/drover4_info_interface/share/drover4_info_interface/cmake/export_drover4_info_interface__rosidl_generator_cExport.cmake
[0.271s] -- Up-to-date: /home/suketupatni/Desktop/mrt_assignments/mrt_assignment_2/mrt_ws/install/drover4_info_interface/share/drover4_info_interface/cmake/export_drover4_info_interface__rosidl_generator_cExport-noconfig.cmake
[0.271s] -- Up-to-date: /home/suketupatni/Desktop/mrt_assignments/mrt_assignment_2/mrt_ws/install/drover4_info_interface/share/drover4_info_interface/cmake/export_drover4_info_interface__rosidl_typesupport_fastrtps_cExport.cmake
[0.271s] -- Up-to-date: /home/suketupatni/Desktop/mrt_assignments/mrt_assignment_2/mrt_ws/install/drover4_info_interface/share/drover4_info_interface/cmake/export_drover4_info_interface__rosidl_typesupport_fastrtps_cExport-noconfig.cmake
[0.271s] -- Up-to-date: /home/suketupatni/Desktop/mrt_assignments/mrt_assignment_2/mrt_ws/install/drover4_info_interface/share/drover4_info_interface/cmake/export_drover4_info_interface__rosidl_generator_cppExport.cmake
[0.271s] -- Up-to-date: /home/suketupatni/Desktop/mrt_assignments/mrt_assignment_2/mrt_ws/install/drover4_info_interface/share/drover4_info_interface/cmake/export_drover4_info_interface__rosidl_typesupport_fastrtps_cppExport.cmake
[0.272s] -- Up-to-date: /home/suketupatni/Desktop/mrt_assignments/mrt_assignment_2/mrt_ws/install/drover4_info_interface/share/drover4_info_interface/cmake/export_drover4_info_interface__rosidl_typesupport_fastrtps_cppExport-noconfig.cmake
[0.272s] -- Up-to-date: /home/suketupatni/Desktop/mrt_assignments/mrt_assignment_2/mrt_ws/install/drover4_info_interface/share/drover4_info_interface/cmake/drover4_info_interface__rosidl_typesupport_introspection_cExport.cmake
[0.272s] -- Up-to-date: /home/suketupatni/Desktop/mrt_assignments/mrt_assignment_2/mrt_ws/install/drover4_info_interface/share/drover4_info_interface/cmake/drover4_info_interface__rosidl_typesupport_introspection_cExport-noconfig.cmake
[0.272s] -- Up-to-date: /home/suketupatni/Desktop/mrt_assignments/mrt_assignment_2/mrt_ws/install/drover4_info_interface/share/drover4_info_interface/cmake/drover4_info_interface__rosidl_typesupport_cExport.cmake
[0.272s] -- Up-to-date: /home/suketupatni/Desktop/mrt_assignments/mrt_assignment_2/mrt_ws/install/drover4_info_interface/share/drover4_info_interface/cmake/drover4_info_interface__rosidl_typesupport_cExport-noconfig.cmake
[0.272s] -- Up-to-date: /home/suketupatni/Desktop/mrt_assignments/mrt_assignment_2/mrt_ws/install/drover4_info_interface/share/drover4_info_interface/cmake/drover4_info_interface__rosidl_typesupport_introspection_cppExport.cmake
[0.272s] -- Up-to-date: /home/suketupatni/Desktop/mrt_assignments/mrt_assignment_2/mrt_ws/install/drover4_info_interface/share/drover4_info_interface/cmake/drover4_info_interface__rosidl_typesupport_introspection_cppExport-noconfig.cmake
[0.272s] -- Up-to-date: /home/suketupatni/Desktop/mrt_assignments/mrt_assignment_2/mrt_ws/install/drover4_info_interface/share/drover4_info_interface/cmake/drover4_info_interface__rosidl_typesupport_cppExport.cmake
[0.272s] -- Up-to-date: /home/suketupatni/Desktop/mrt_assignments/mrt_assignment_2/mrt_ws/install/drover4_info_interface/share/drover4_info_interface/cmake/drover4_info_interface__rosidl_typesupport_cppExport-noconfig.cmake
[0.272s] -- Up-to-date: /home/suketupatni/Desktop/mrt_assignments/mrt_assignment_2/mrt_ws/install/drover4_info_interface/share/drover4_info_interface/cmake/export_drover4_info_interface__rosidl_generator_pyExport.cmake
[0.272s] -- Up-to-date: /home/suketupatni/Desktop/mrt_assignments/mrt_assignment_2/mrt_ws/install/drover4_info_interface/share/drover4_info_interface/cmake/export_drover4_info_interface__rosidl_generator_pyExport-noconfig.cmake
[0.272s] -- Up-to-date: /home/suketupatni/Desktop/mrt_assignments/mrt_assignment_2/mrt_ws/install/drover4_info_interface/share/drover4_info_interface/cmake/rosidl_cmake-extras.cmake
[0.272s] -- Up-to-date: /home/suketupatni/Desktop/mrt_assignments/mrt_assignment_2/mrt_ws/install/drover4_info_interface/share/drover4_info_interface/cmake/ament_cmake_export_dependencies-extras.cmake
[0.272s] -- Up-to-date: /home/suketupatni/Desktop/mrt_assignments/mrt_assignment_2/mrt_ws/install/drover4_info_interface/share/drover4_info_interface/cmake/ament_cmake_export_include_directories-extras.cmake
[0.272s] -- Up-to-date: /home/suketupatni/Desktop/mrt_assignments/mrt_assignment_2/mrt_ws/install/drover4_info_interface/share/drover4_info_interface/cmake/ament_cmake_export_libraries-extras.cmake
[0.272s] -- Up-to-date: /home/suketupatni/Desktop/mrt_assignments/mrt_assignment_2/mrt_ws/install/drover4_info_interface/share/drover4_info_interface/cmake/ament_cmake_export_targets-extras.cmake
[0.272s] -- Up-to-date: /home/suketupatni/Desktop/mrt_assignments/mrt_assignment_2/mrt_ws/install/drover4_info_interface/share/drover4_info_interface/cmake/rosidl_cmake_export_typesupport_targets-extras.cmake
[0.272s] -- Up-to-date: /home/suketupatni/Desktop/mrt_assignments/mrt_assignment_2/mrt_ws/install/drover4_info_interface/share/drover4_info_interface/cmake/rosidl_cmake_export_typesupport_libraries-extras.cmake
[0.272s] -- Up-to-date: /home/suketupatni/Desktop/mrt_assignments/mrt_assignment_2/mrt_ws/install/drover4_info_interface/share/drover4_info_interface/cmake/drover4_info_interfaceConfig.cmake
[0.272s] -- Up-to-date: /home/suketupatni/Desktop/mrt_assignments/mrt_assignment_2/mrt_ws/install/drover4_info_interface/share/drover4_info_interface/cmake/drover4_info_interfaceConfig-version.cmake
[0.272s] -- Up-to-date: /home/suketupatni/Desktop/mrt_assignments/mrt_assignment_2/mrt_ws/install/drover4_info_interface/share/drover4_info_interface/package.xml
[0.273s] Invoked command in '/home/suketupatni/Desktop/mrt_assignments/mrt_assignment_2/mrt_ws/build/drover4_info_interface' returned '0': CMAKE_PREFIX_PATH=${CMAKE_PREFIX_PATH}:/home/suketupatni/Desktop/mrt_assignments/mrt_assignment_2/mrt_ws/install/suketupatni_assn_2:/opt/ros/humble /usr/bin/cmake --install /home/suketupatni/Desktop/mrt_assignments/mrt_assignment_2/mrt_ws/build/drover4_info_interface
