[0.065s] Invoking command in '/home/suketupatni/Desktop/mrt_assignments/mrt_assignment_4/mrt4_ws/build/interfaces': CMAKE_PREFIX_PATH=/opt/ros/humble /usr/bin/cmake --build /home/suketupatni/Desktop/mrt_assignments/mrt_assignment_4/mrt4_ws/build/interfaces -- -j20 -l20
[0.098s] -- Found ament_cmake: 1.3.8 (/opt/ros/humble/share/ament_cmake/cmake)
[0.177s] -- Found rosidl_default_generators: 1.2.0 (/opt/ros/humble/share/rosidl_default_generators/cmake)
[0.178s] -- Using all available rosidl_typesupport_c: rosidl_typesupport_fastrtps_c;rosidl_typesupport_introspection_c
[0.180s] -- Found rosidl_adapter: 3.1.5 (/opt/ros/humble/share/rosidl_adapter/cmake)
[0.200s] -- Using all available rosidl_typesupport_cpp: rosidl_typesupport_fastrtps_cpp;rosidl_typesupport_introspection_cpp
[0.220s] -- Found std_msgs: 4.2.3 (/opt/ros/humble/share/std_msgs/cmake)
[0.255s] -- Found sensor_msgs: 4.2.3 (/opt/ros/humble/share/sensor_msgs/cmake)
[0.326s] -- Found ament_lint_auto: 0.12.10 (/opt/ros/humble/share/ament_lint_auto/cmake)
[0.507s] -- Found ament_cmake_ros: 0.10.0 (/opt/ros/humble/share/ament_cmake_ros/cmake)
[0.662s] -- Using all available rosidl_typesupport_c: rosidl_typesupport_fastrtps_c;rosidl_typesupport_introspection_c
[0.872s] -- Using all available rosidl_typesupport_cpp: rosidl_typesupport_fastrtps_cpp;rosidl_typesupport_introspection_cpp
[0.885s] -- Found python_cmake_module: 0.10.0 (/opt/ros/humble/share/python_cmake_module/cmake)
[0.897s] -- Using PYTHON_EXECUTABLE: /usr/bin/python3
[0.897s] -- Using PYTHON_INCLUDE_DIRS: /usr/include/python3.10
[0.897s] -- Using PYTHON_LIBRARIES: /usr/lib/x86_64-linux-gnu/libpython3.10.so
[0.926s] -- Added test 'lint_cmake' to check CMake code style
[0.927s] -- Added test 'xmllint' to check XML markup files
[0.930s] -- Configuring done
[0.953s] -- Generating done
[0.954s] -- Build files have been written to: /home/suketupatni/Desktop/mrt_assignments/mrt_assignment_4/mrt4_ws/build/interfaces
[0.969s] [  2%] [34m[1mGenerating C code for ROS interfaces[0m
[0.974s] [  5%] [34m[1mGenerating C++ code for ROS interfaces[0m
[0.980s] [  5%] Built target ament_cmake_python_copy_interfaces
[1.125s] running egg_info
[1.126s] writing interfaces.egg-info/PKG-INFO
[1.126s] writing dependency_links to interfaces.egg-info/dependency_links.txt
[1.126s] writing top-level names to interfaces.egg-info/top_level.txt
[1.128s] reading manifest file 'interfaces.egg-info/SOURCES.txt'
[1.128s] writing manifest file 'interfaces.egg-info/SOURCES.txt'
[1.158s] [  5%] Built target ament_cmake_python_build_interfaces_egg
[1.164s] [  5%] Built target interfaces__cpp
[1.165s] [35m[1mConsolidate compiler generated dependencies of target interfaces__rosidl_generator_c[0m
[1.170s] [  7%] [34m[1mGenerating C++ type support dispatch for ROS interfaces[0m
[1.170s] [ 10%] [34m[1mGenerating C++ type support for eProsima Fast-RTPS[0m
[1.170s] [ 12%] [34m[1mGenerating C++ introspection for ROS interfaces[0m
[1.173s] [ 15%] [32mBuilding C object CMakeFiles/interfaces__rosidl_generator_c.dir/rosidl_generator_c/interfaces/srv/detail/path__functions.c.o[0m
[1.174s] [ 17%] [32mBuilding C object CMakeFiles/interfaces__rosidl_generator_c.dir/rosidl_generator_c/interfaces/srv/detail/bounding_boxes__functions.c.o[0m
[1.231s] [ 20%] [32m[1mLinking C shared library libinterfaces__rosidl_generator_c.so[0m
[1.259s] [ 20%] Built target interfaces__rosidl_generator_c
[1.265s] [ 25%] [34m[1mGenerating C type support for eProsima Fast-RTPS[0m
[1.265s] [ 25%] [34m[1mGenerating C introspection for ROS interfaces[0m
[1.265s] [ 28%] [34m[1mGenerating C type support dispatch for ROS interfaces[0m
[1.329s] [35m[1mConsolidate compiler generated dependencies of target interfaces__rosidl_typesupport_cpp[0m
[1.341s] [ 30%] [32mBuilding CXX object CMakeFiles/interfaces__rosidl_typesupport_cpp.dir/rosidl_typesupport_cpp/interfaces/srv/bounding_boxes__type_support.cpp.o[0m
[1.343s] [ 33%] [32mBuilding CXX object CMakeFiles/interfaces__rosidl_typesupport_cpp.dir/rosidl_typesupport_cpp/interfaces/srv/path__type_support.cpp.o[0m
[1.351s] [35m[1mConsolidate compiler generated dependencies of target interfaces__rosidl_typesupport_introspection_cpp[0m
[1.363s] [ 35%] [32mBuilding CXX object CMakeFiles/interfaces__rosidl_typesupport_introspection_cpp.dir/rosidl_typesupport_introspection_cpp/interfaces/srv/detail/path__type_support.cpp.o[0m
[1.364s] [ 38%] [32mBuilding CXX object CMakeFiles/interfaces__rosidl_typesupport_introspection_cpp.dir/rosidl_typesupport_introspection_cpp/interfaces/srv/detail/bounding_boxes__type_support.cpp.o[0m
[1.369s] [35m[1mConsolidate compiler generated dependencies of target interfaces__rosidl_typesupport_fastrtps_cpp[0m
[1.380s] [ 41%] [32mBuilding CXX object CMakeFiles/interfaces__rosidl_typesupport_fastrtps_cpp.dir/rosidl_typesupport_fastrtps_cpp/interfaces/srv/detail/dds_fastrtps/bounding_boxes__type_support.cpp.o[0m
[1.383s] [ 43%] [32mBuilding CXX object CMakeFiles/interfaces__rosidl_typesupport_fastrtps_cpp.dir/rosidl_typesupport_fastrtps_cpp/interfaces/srv/detail/dds_fastrtps/path__type_support.cpp.o[0m
[1.450s] [35m[1mConsolidate compiler generated dependencies of target interfaces__rosidl_typesupport_c[0m
[1.461s] [ 46%] [32mBuilding CXX object CMakeFiles/interfaces__rosidl_typesupport_c.dir/rosidl_typesupport_c/interfaces/srv/path__type_support.cpp.o[0m
[1.463s] [ 48%] [32mBuilding CXX object CMakeFiles/interfaces__rosidl_typesupport_c.dir/rosidl_typesupport_c/interfaces/srv/bounding_boxes__type_support.cpp.o[0m
[1.492s] [35m[1mConsolidate compiler generated dependencies of target interfaces__rosidl_typesupport_introspection_c[0m
[1.499s] [ 51%] [32m[1mLinking CXX shared library libinterfaces__rosidl_typesupport_c.so[0m
[1.504s] [ 53%] [32mBuilding C object CMakeFiles/interfaces__rosidl_typesupport_introspection_c.dir/rosidl_typesupport_introspection_c/interfaces/srv/detail/path__type_support.c.o[0m
[1.507s] [ 56%] [32mBuilding C object CMakeFiles/interfaces__rosidl_typesupport_introspection_c.dir/rosidl_typesupport_introspection_c/interfaces/srv/detail/bounding_boxes__type_support.c.o[0m
[1.516s] [35m[1mConsolidate compiler generated dependencies of target interfaces__rosidl_typesupport_fastrtps_c[0m
[1.530s] [ 58%] [32mBuilding CXX object CMakeFiles/interfaces__rosidl_typesupport_fastrtps_c.dir/rosidl_typesupport_fastrtps_c/interfaces/srv/detail/bounding_boxes__type_support_c.cpp.o[0m
[1.531s] [ 61%] [32mBuilding CXX object CMakeFiles/interfaces__rosidl_typesupport_fastrtps_c.dir/rosidl_typesupport_fastrtps_c/interfaces/srv/detail/path__type_support_c.cpp.o[0m
[1.537s] [ 61%] Built target interfaces__rosidl_typesupport_c
[1.546s] [ 64%] [32m[1mLinking C shared library libinterfaces__rosidl_typesupport_introspection_c.so[0m
[1.572s] [ 64%] Built target interfaces__rosidl_typesupport_introspection_c
[1.578s] [ 66%] [32m[1mLinking CXX shared library libinterfaces__rosidl_typesupport_cpp.so[0m
[1.609s] [ 66%] Built target interfaces__rosidl_typesupport_cpp
[1.748s] [ 69%] [32m[1mLinking CXX shared library libinterfaces__rosidl_typesupport_introspection_cpp.so[0m
[1.755s] [ 71%] [32m[1mLinking CXX shared library libinterfaces__rosidl_typesupport_fastrtps_c.so[0m
[1.763s] [ 74%] [32m[1mLinking CXX shared library libinterfaces__rosidl_typesupport_fastrtps_cpp.so[0m
[1.795s] [ 74%] Built target interfaces__rosidl_typesupport_introspection_cpp
[1.802s] [ 74%] Built target interfaces__rosidl_typesupport_fastrtps_c
[1.808s] [ 74%] Built target interfaces__rosidl_typesupport_fastrtps_cpp
[1.820s] [ 74%] Built target interfaces
[1.832s] [ 76%] [34m[1mGenerating Python code for ROS interfaces[0m
[2.072s] [ 76%] Built target interfaces__py
[2.078s] [35m[1mConsolidate compiler generated dependencies of target interfaces__rosidl_generator_py[0m
[2.087s] [ 79%] [32mBuilding C object CMakeFiles/interfaces__rosidl_generator_py.dir/rosidl_generator_py/interfaces/srv/_path_s.c.o[0m
[2.087s] [ 82%] [32mBuilding C object CMakeFiles/interfaces__rosidl_generator_py.dir/rosidl_generator_py/interfaces/srv/_bounding_boxes_s.c.o[0m
[2.159s] [ 84%] [32m[1mLinking C shared library rosidl_generator_py/interfaces/libinterfaces__rosidl_generator_py.so[0m
[2.184s] [ 84%] Built target interfaces__rosidl_generator_py
[2.189s] [35m[1mConsolidate compiler generated dependencies of target interfaces__rosidl_typesupport_fastrtps_c__pyext[0m
[2.189s] [35m[1mConsolidate compiler generated dependencies of target interfaces__rosidl_typesupport_introspection_c__pyext[0m
[2.189s] [35m[1mConsolidate compiler generated dependencies of target interfaces__rosidl_typesupport_c__pyext[0m
[2.196s] [ 87%] [32mBuilding C object CMakeFiles/interfaces__rosidl_typesupport_fastrtps_c__pyext.dir/rosidl_generator_py/interfaces/_interfaces_s.ep.rosidl_typesupport_fastrtps_c.c.o[0m
[2.196s] [ 92%] [32mBuilding C object CMakeFiles/interfaces__rosidl_typesupport_introspection_c__pyext.dir/rosidl_generator_py/interfaces/_interfaces_s.ep.rosidl_typesupport_introspection_c.c.o[0m
[2.196s] [ 92%] [32mBuilding C object CMakeFiles/interfaces__rosidl_typesupport_c__pyext.dir/rosidl_generator_py/interfaces/_interfaces_s.ep.rosidl_typesupport_c.c.o[0m
[2.255s] [ 94%] [32m[1mLinking C shared library rosidl_generator_py/interfaces/interfaces_s__rosidl_typesupport_fastrtps_c.cpython-310-x86_64-linux-gnu.so[0m
[2.256s] [ 97%] [32m[1mLinking C shared library rosidl_generator_py/interfaces/interfaces_s__rosidl_typesupport_c.cpython-310-x86_64-linux-gnu.so[0m
[2.262s] [100%] [32m[1mLinking C shared library rosidl_generator_py/interfaces/interfaces_s__rosidl_typesupport_introspection_c.cpython-310-x86_64-linux-gnu.so[0m
[2.280s] [100%] Built target interfaces__rosidl_typesupport_fastrtps_c__pyext
[2.280s] [100%] Built target interfaces__rosidl_typesupport_c__pyext
[2.286s] [100%] Built target interfaces__rosidl_typesupport_introspection_c__pyext
[2.293s] Invoked command in '/home/suketupatni/Desktop/mrt_assignments/mrt_assignment_4/mrt4_ws/build/interfaces' returned '0': CMAKE_PREFIX_PATH=/opt/ros/humble /usr/bin/cmake --build /home/suketupatni/Desktop/mrt_assignments/mrt_assignment_4/mrt4_ws/build/interfaces -- -j20 -l20
[2.335s] Invoking command in '/home/suketupatni/Desktop/mrt_assignments/mrt_assignment_4/mrt4_ws/build/interfaces': CMAKE_PREFIX_PATH=/opt/ros/humble /usr/bin/cmake --install /home/suketupatni/Desktop/mrt_assignments/mrt_assignment_4/mrt4_ws/build/interfaces
[2.339s] -- Install configuration: ""
[2.339s] -- Up-to-date: /home/suketupatni/Desktop/mrt_assignments/mrt_assignment_4/mrt4_ws/install/interfaces/share/ament_index/resource_index/rosidl_interfaces/interfaces
[2.339s] -- Up-to-date: /home/suketupatni/Desktop/mrt_assignments/mrt_assignment_4/mrt4_ws/install/interfaces/include/interfaces/interfaces
[2.340s] -- Up-to-date: /home/suketupatni/Desktop/mrt_assignments/mrt_assignment_4/mrt4_ws/install/interfaces/include/interfaces/interfaces/msg
[2.340s] -- Up-to-date: /home/suketupatni/Desktop/mrt_assignments/mrt_assignment_4/mrt4_ws/install/interfaces/include/interfaces/interfaces/msg/rosidl_generator_c__visibility_control.h
[2.340s] -- Up-to-date: /home/suketupatni/Desktop/mrt_assignments/mrt_assignment_4/mrt4_ws/install/interfaces/include/interfaces/interfaces/srv
[2.340s] -- Installing: /home/suketupatni/Desktop/mrt_assignments/mrt_assignment_4/mrt4_ws/install/interfaces/include/interfaces/interfaces/srv/path.h
[2.340s] -- Up-to-date: /home/suketupatni/Desktop/mrt_assignments/mrt_assignment_4/mrt4_ws/install/interfaces/include/interfaces/interfaces/srv/detail
[2.340s] -- Installing: /home/suketupatni/Desktop/mrt_assignments/mrt_assignment_4/mrt4_ws/install/interfaces/include/interfaces/interfaces/srv/detail/path__struct.h
[2.340s] -- Installing: /home/suketupatni/Desktop/mrt_assignments/mrt_assignment_4/mrt4_ws/install/interfaces/include/interfaces/interfaces/srv/detail/path__functions.c
[2.340s] -- Installing: /home/suketupatni/Desktop/mrt_assignments/mrt_assignment_4/mrt4_ws/install/interfaces/include/interfaces/interfaces/srv/detail/bounding_boxes__type_support.h
[2.340s] -- Installing: /home/suketupatni/Desktop/mrt_assignments/mrt_assignment_4/mrt4_ws/install/interfaces/include/interfaces/interfaces/srv/detail/bounding_boxes__functions.c
[2.340s] -- Installing: /home/suketupatni/Desktop/mrt_assignments/mrt_assignment_4/mrt4_ws/install/interfaces/include/interfaces/interfaces/srv/detail/path__type_support.h
[2.340s] -- Installing: /home/suketupatni/Desktop/mrt_assignments/mrt_assignment_4/mrt4_ws/install/interfaces/include/interfaces/interfaces/srv/detail/bounding_boxes__struct.h
[2.340s] -- Installing: /home/suketupatni/Desktop/mrt_assignments/mrt_assignment_4/mrt4_ws/install/interfaces/include/interfaces/interfaces/srv/detail/bounding_boxes__functions.h
[2.340s] -- Installing: /home/suketupatni/Desktop/mrt_assignments/mrt_assignment_4/mrt4_ws/install/interfaces/include/interfaces/interfaces/srv/detail/path__functions.h
[2.340s] -- Installing: /home/suketupatni/Desktop/mrt_assignments/mrt_assignment_4/mrt4_ws/install/interfaces/include/interfaces/interfaces/srv/bounding_boxes.h
[2.340s] -- Up-to-date: /home/suketupatni/Desktop/mrt_assignments/mrt_assignment_4/mrt4_ws/install/interfaces/share/interfaces/environment/library_path.sh
[2.341s] -- Installing: /home/suketupatni/Desktop/mrt_assignments/mrt_assignment_4/mrt4_ws/install/interfaces/share/interfaces/environment/library_path.dsv
[2.341s] -- Installing: /home/suketupatni/Desktop/mrt_assignments/mrt_assignment_4/mrt4_ws/install/interfaces/lib/libinterfaces__rosidl_generator_c.so
[2.341s] -- Set runtime path of "/home/suketupatni/Desktop/mrt_assignments/mrt_assignment_4/mrt4_ws/install/interfaces/lib/libinterfaces__rosidl_generator_c.so" to ""
[2.341s] -- Up-to-date: /home/suketupatni/Desktop/mrt_assignments/mrt_assignment_4/mrt4_ws/install/interfaces/include/interfaces/interfaces
[2.341s] -- Up-to-date: /home/suketupatni/Desktop/mrt_assignments/mrt_assignment_4/mrt4_ws/install/interfaces/include/interfaces/interfaces/msg
[2.341s] -- Up-to-date: /home/suketupatni/Desktop/mrt_assignments/mrt_assignment_4/mrt4_ws/install/interfaces/include/interfaces/interfaces/msg/rosidl_typesupport_fastrtps_c__visibility_control.h
[2.341s] -- Up-to-date: /home/suketupatni/Desktop/mrt_assignments/mrt_assignment_4/mrt4_ws/install/interfaces/include/interfaces/interfaces/srv
[2.341s] -- Up-to-date: /home/suketupatni/Desktop/mrt_assignments/mrt_assignment_4/mrt4_ws/install/interfaces/include/interfaces/interfaces/srv/detail
[2.341s] -- Installing: /home/suketupatni/Desktop/mrt_assignments/mrt_assignment_4/mrt4_ws/install/interfaces/include/interfaces/interfaces/srv/detail/path__rosidl_typesupport_fastrtps_c.h
[2.341s] -- Installing: /home/suketupatni/Desktop/mrt_assignments/mrt_assignment_4/mrt4_ws/install/interfaces/include/interfaces/interfaces/srv/detail/bounding_boxes__rosidl_typesupport_fastrtps_c.h
[2.341s] -- Installing: /home/suketupatni/Desktop/mrt_assignments/mrt_assignment_4/mrt4_ws/install/interfaces/lib/libinterfaces__rosidl_typesupport_fastrtps_c.so
[2.341s] -- Set runtime path of "/home/suketupatni/Desktop/mrt_assignments/mrt_assignment_4/mrt4_ws/install/interfaces/lib/libinterfaces__rosidl_typesupport_fastrtps_c.so" to ""
[2.341s] -- Up-to-date: /home/suketupatni/Desktop/mrt_assignments/mrt_assignment_4/mrt4_ws/install/interfaces/include/interfaces/interfaces
[2.341s] -- Up-to-date: /home/suketupatni/Desktop/mrt_assignments/mrt_assignment_4/mrt4_ws/install/interfaces/include/interfaces/interfaces/msg
[2.341s] -- Up-to-date: /home/suketupatni/Desktop/mrt_assignments/mrt_assignment_4/mrt4_ws/install/interfaces/include/interfaces/interfaces/msg/rosidl_typesupport_introspection_c__visibility_control.h
[2.342s] -- Up-to-date: /home/suketupatni/Desktop/mrt_assignments/mrt_assignment_4/mrt4_ws/install/interfaces/include/interfaces/interfaces/srv
[2.342s] -- Up-to-date: /home/suketupatni/Desktop/mrt_assignments/mrt_assignment_4/mrt4_ws/install/interfaces/include/interfaces/interfaces/srv/detail
[2.342s] -- Installing: /home/suketupatni/Desktop/mrt_assignments/mrt_assignment_4/mrt4_ws/install/interfaces/include/interfaces/interfaces/srv/detail/bounding_boxes__type_support.c
[2.342s] -- Installing: /home/suketupatni/Desktop/mrt_assignments/mrt_assignment_4/mrt4_ws/install/interfaces/include/interfaces/interfaces/srv/detail/bounding_boxes__rosidl_typesupport_introspection_c.h
[2.342s] -- Installing: /home/suketupatni/Desktop/mrt_assignments/mrt_assignment_4/mrt4_ws/install/interfaces/include/interfaces/interfaces/srv/detail/path__type_support.c
[2.342s] -- Installing: /home/suketupatni/Desktop/mrt_assignments/mrt_assignment_4/mrt4_ws/install/interfaces/include/interfaces/interfaces/srv/detail/path__rosidl_typesupport_introspection_c.h
[2.342s] -- Installing: /home/suketupatni/Desktop/mrt_assignments/mrt_assignment_4/mrt4_ws/install/interfaces/lib/libinterfaces__rosidl_typesupport_introspection_c.so
[2.342s] -- Set runtime path of "/home/suketupatni/Desktop/mrt_assignments/mrt_assignment_4/mrt4_ws/install/interfaces/lib/libinterfaces__rosidl_typesupport_introspection_c.so" to ""
[2.342s] -- Installing: /home/suketupatni/Desktop/mrt_assignments/mrt_assignment_4/mrt4_ws/install/interfaces/lib/libinterfaces__rosidl_typesupport_c.so
[2.342s] -- Set runtime path of "/home/suketupatni/Desktop/mrt_assignments/mrt_assignment_4/mrt4_ws/install/interfaces/lib/libinterfaces__rosidl_typesupport_c.so" to ""
[2.342s] -- Up-to-date: /home/suketupatni/Desktop/mrt_assignments/mrt_assignment_4/mrt4_ws/install/interfaces/include/interfaces/interfaces
[2.342s] -- Up-to-date: /home/suketupatni/Desktop/mrt_assignments/mrt_assignment_4/mrt4_ws/install/interfaces/include/interfaces/interfaces/srv
[2.342s] -- Installing: /home/suketupatni/Desktop/mrt_assignments/mrt_assignment_4/mrt4_ws/install/interfaces/include/interfaces/interfaces/srv/bounding_boxes.hpp
[2.342s] -- Installing: /home/suketupatni/Desktop/mrt_assignments/mrt_assignment_4/mrt4_ws/install/interfaces/include/interfaces/interfaces/srv/path.hpp
[2.342s] -- Up-to-date: /home/suketupatni/Desktop/mrt_assignments/mrt_assignment_4/mrt4_ws/install/interfaces/include/interfaces/interfaces/srv/detail
[2.343s] -- Installing: /home/suketupatni/Desktop/mrt_assignments/mrt_assignment_4/mrt4_ws/install/interfaces/include/interfaces/interfaces/srv/detail/path__traits.hpp
[2.343s] -- Installing: /home/suketupatni/Desktop/mrt_assignments/mrt_assignment_4/mrt4_ws/install/interfaces/include/interfaces/interfaces/srv/detail/bounding_boxes__builder.hpp
[2.343s] -- Installing: /home/suketupatni/Desktop/mrt_assignments/mrt_assignment_4/mrt4_ws/install/interfaces/include/interfaces/interfaces/srv/detail/bounding_boxes__struct.hpp
[2.343s] -- Installing: /home/suketupatni/Desktop/mrt_assignments/mrt_assignment_4/mrt4_ws/install/interfaces/include/interfaces/interfaces/srv/detail/path__struct.hpp
[2.343s] -- Installing: /home/suketupatni/Desktop/mrt_assignments/mrt_assignment_4/mrt4_ws/install/interfaces/include/interfaces/interfaces/srv/detail/bounding_boxes__traits.hpp
[2.343s] -- Installing: /home/suketupatni/Desktop/mrt_assignments/mrt_assignment_4/mrt4_ws/install/interfaces/include/interfaces/interfaces/srv/detail/path__builder.hpp
[2.343s] -- Up-to-date: /home/suketupatni/Desktop/mrt_assignments/mrt_assignment_4/mrt4_ws/install/interfaces/include/interfaces/interfaces
[2.343s] -- Up-to-date: /home/suketupatni/Desktop/mrt_assignments/mrt_assignment_4/mrt4_ws/install/interfaces/include/interfaces/interfaces/msg
[2.343s] -- Up-to-date: /home/suketupatni/Desktop/mrt_assignments/mrt_assignment_4/mrt4_ws/install/interfaces/include/interfaces/interfaces/msg/rosidl_typesupport_fastrtps_cpp__visibility_control.h
[2.343s] -- Up-to-date: /home/suketupatni/Desktop/mrt_assignments/mrt_assignment_4/mrt4_ws/install/interfaces/include/interfaces/interfaces/srv
[2.343s] -- Up-to-date: /home/suketupatni/Desktop/mrt_assignments/mrt_assignment_4/mrt4_ws/install/interfaces/include/interfaces/interfaces/srv/detail
[2.343s] -- Up-to-date: /home/suketupatni/Desktop/mrt_assignments/mrt_assignment_4/mrt4_ws/install/interfaces/include/interfaces/interfaces/srv/detail/dds_fastrtps
[2.343s] -- Installing: /home/suketupatni/Desktop/mrt_assignments/mrt_assignment_4/mrt4_ws/install/interfaces/include/interfaces/interfaces/srv/detail/bounding_boxes__rosidl_typesupport_fastrtps_cpp.hpp
[2.343s] -- Installing: /home/suketupatni/Desktop/mrt_assignments/mrt_assignment_4/mrt4_ws/install/interfaces/include/interfaces/interfaces/srv/detail/path__rosidl_typesupport_fastrtps_cpp.hpp
[2.343s] -- Installing: /home/suketupatni/Desktop/mrt_assignments/mrt_assignment_4/mrt4_ws/install/interfaces/lib/libinterfaces__rosidl_typesupport_fastrtps_cpp.so
[2.343s] -- Set runtime path of "/home/suketupatni/Desktop/mrt_assignments/mrt_assignment_4/mrt4_ws/install/interfaces/lib/libinterfaces__rosidl_typesupport_fastrtps_cpp.so" to ""
[2.343s] -- Up-to-date: /home/suketupatni/Desktop/mrt_assignments/mrt_assignment_4/mrt4_ws/install/interfaces/include/interfaces/interfaces
[2.344s] -- Up-to-date: /home/suketupatni/Desktop/mrt_assignments/mrt_assignment_4/mrt4_ws/install/interfaces/include/interfaces/interfaces/srv
[2.344s] -- Up-to-date: /home/suketupatni/Desktop/mrt_assignments/mrt_assignment_4/mrt4_ws/install/interfaces/include/interfaces/interfaces/srv/detail
[2.344s] -- Installing: /home/suketupatni/Desktop/mrt_assignments/mrt_assignment_4/mrt4_ws/install/interfaces/include/interfaces/interfaces/srv/detail/path__type_support.cpp
[2.344s] -- Installing: /home/suketupatni/Desktop/mrt_assignments/mrt_assignment_4/mrt4_ws/install/interfaces/include/interfaces/interfaces/srv/detail/bounding_boxes__type_support.cpp
[2.344s] -- Installing: /home/suketupatni/Desktop/mrt_assignments/mrt_assignment_4/mrt4_ws/install/interfaces/include/interfaces/interfaces/srv/detail/path__rosidl_typesupport_introspection_cpp.hpp
[2.344s] -- Installing: /home/suketupatni/Desktop/mrt_assignments/mrt_assignment_4/mrt4_ws/install/interfaces/include/interfaces/interfaces/srv/detail/bounding_boxes__rosidl_typesupport_introspection_cpp.hpp
[2.344s] -- Installing: /home/suketupatni/Desktop/mrt_assignments/mrt_assignment_4/mrt4_ws/install/interfaces/lib/libinterfaces__rosidl_typesupport_introspection_cpp.so
[2.344s] -- Set runtime path of "/home/suketupatni/Desktop/mrt_assignments/mrt_assignment_4/mrt4_ws/install/interfaces/lib/libinterfaces__rosidl_typesupport_introspection_cpp.so" to ""
[2.344s] -- Installing: /home/suketupatni/Desktop/mrt_assignments/mrt_assignment_4/mrt4_ws/install/interfaces/lib/libinterfaces__rosidl_typesupport_cpp.so
[2.344s] -- Set runtime path of "/home/suketupatni/Desktop/mrt_assignments/mrt_assignment_4/mrt4_ws/install/interfaces/lib/libinterfaces__rosidl_typesupport_cpp.so" to ""
[2.344s] -- Up-to-date: /home/suketupatni/Desktop/mrt_assignments/mrt_assignment_4/mrt4_ws/install/interfaces/share/interfaces/environment/pythonpath.sh
[2.344s] -- Installing: /home/suketupatni/Desktop/mrt_assignments/mrt_assignment_4/mrt4_ws/install/interfaces/share/interfaces/environment/pythonpath.dsv
[2.344s] -- Up-to-date: /home/suketupatni/Desktop/mrt_assignments/mrt_assignment_4/mrt4_ws/install/interfaces/local/lib/python3.10/dist-packages/interfaces-0.0.0-py3.10.egg-info
[2.344s] -- Installing: /home/suketupatni/Desktop/mrt_assignments/mrt_assignment_4/mrt4_ws/install/interfaces/local/lib/python3.10/dist-packages/interfaces-0.0.0-py3.10.egg-info/PKG-INFO
[2.344s] -- Installing: /home/suketupatni/Desktop/mrt_assignments/mrt_assignment_4/mrt4_ws/install/interfaces/local/lib/python3.10/dist-packages/interfaces-0.0.0-py3.10.egg-info/dependency_links.txt
[2.344s] -- Installing: /home/suketupatni/Desktop/mrt_assignments/mrt_assignment_4/mrt4_ws/install/interfaces/local/lib/python3.10/dist-packages/interfaces-0.0.0-py3.10.egg-info/SOURCES.txt
[2.344s] -- Installing: /home/suketupatni/Desktop/mrt_assignments/mrt_assignment_4/mrt4_ws/install/interfaces/local/lib/python3.10/dist-packages/interfaces-0.0.0-py3.10.egg-info/top_level.txt
[2.344s] -- Up-to-date: /home/suketupatni/Desktop/mrt_assignments/mrt_assignment_4/mrt4_ws/install/interfaces/local/lib/python3.10/dist-packages/interfaces
[2.344s] -- Installing: /home/suketupatni/Desktop/mrt_assignments/mrt_assignment_4/mrt4_ws/install/interfaces/local/lib/python3.10/dist-packages/interfaces/interfaces_s__rosidl_typesupport_introspection_c.cpython-310-x86_64-linux-gnu.so
[2.344s] -- Installing: /home/suketupatni/Desktop/mrt_assignments/mrt_assignment_4/mrt4_ws/install/interfaces/local/lib/python3.10/dist-packages/interfaces/_interfaces_s.ep.rosidl_typesupport_fastrtps_c.c
[2.344s] -- Up-to-date: /home/suketupatni/Desktop/mrt_assignments/mrt_assignment_4/mrt4_ws/install/interfaces/local/lib/python3.10/dist-packages/interfaces/srv
[2.344s] -- Installing: /home/suketupatni/Desktop/mrt_assignments/mrt_assignment_4/mrt4_ws/install/interfaces/local/lib/python3.10/dist-packages/interfaces/srv/_path.py
[2.344s] -- Installing: /home/suketupatni/Desktop/mrt_assignments/mrt_assignment_4/mrt4_ws/install/interfaces/local/lib/python3.10/dist-packages/interfaces/srv/_path_s.c
[2.344s] -- Installing: /home/suketupatni/Desktop/mrt_assignments/mrt_assignment_4/mrt4_ws/install/interfaces/local/lib/python3.10/dist-packages/interfaces/srv/_bounding_boxes_s.c
[2.344s] -- Installing: /home/suketupatni/Desktop/mrt_assignments/mrt_assignment_4/mrt4_ws/install/interfaces/local/lib/python3.10/dist-packages/interfaces/srv/_bounding_boxes.py
[2.345s] -- Installing: /home/suketupatni/Desktop/mrt_assignments/mrt_assignment_4/mrt4_ws/install/interfaces/local/lib/python3.10/dist-packages/interfaces/srv/__init__.py
[2.345s] -- Installing: /home/suketupatni/Desktop/mrt_assignments/mrt_assignment_4/mrt4_ws/install/interfaces/local/lib/python3.10/dist-packages/interfaces/_interfaces_s.ep.rosidl_typesupport_introspection_c.c
[2.345s] -- Installing: /home/suketupatni/Desktop/mrt_assignments/mrt_assignment_4/mrt4_ws/install/interfaces/local/lib/python3.10/dist-packages/interfaces/interfaces_s__rosidl_typesupport_fastrtps_c.cpython-310-x86_64-linux-gnu.so
[2.345s] -- Installing: /home/suketupatni/Desktop/mrt_assignments/mrt_assignment_4/mrt4_ws/install/interfaces/local/lib/python3.10/dist-packages/interfaces/__init__.py
[2.345s] -- Installing: /home/suketupatni/Desktop/mrt_assignments/mrt_assignment_4/mrt4_ws/install/interfaces/local/lib/python3.10/dist-packages/interfaces/_interfaces_s.ep.rosidl_typesupport_c.c
[2.345s] -- Installing: /home/suketupatni/Desktop/mrt_assignments/mrt_assignment_4/mrt4_ws/install/interfaces/local/lib/python3.10/dist-packages/interfaces/interfaces_s__rosidl_typesupport_c.cpython-310-x86_64-linux-gnu.so
[2.345s] -- Installing: /home/suketupatni/Desktop/mrt_assignments/mrt_assignment_4/mrt4_ws/install/interfaces/local/lib/python3.10/dist-packages/interfaces/libinterfaces__rosidl_generator_py.so
[2.366s] Listing '/home/suketupatni/Desktop/mrt_assignments/mrt_assignment_4/mrt4_ws/install/interfaces/local/lib/python3.10/dist-packages/interfaces'...
[2.366s] Compiling '/home/suketupatni/Desktop/mrt_assignments/mrt_assignment_4/mrt4_ws/install/interfaces/local/lib/python3.10/dist-packages/interfaces/__init__.py'...
[2.366s] Listing '/home/suketupatni/Desktop/mrt_assignments/mrt_assignment_4/mrt4_ws/install/interfaces/local/lib/python3.10/dist-packages/interfaces/srv'...
[2.366s] Compiling '/home/suketupatni/Desktop/mrt_assignments/mrt_assignment_4/mrt4_ws/install/interfaces/local/lib/python3.10/dist-packages/interfaces/srv/__init__.py'...
[2.366s] Compiling '/home/suketupatni/Desktop/mrt_assignments/mrt_assignment_4/mrt4_ws/install/interfaces/local/lib/python3.10/dist-packages/interfaces/srv/_bounding_boxes.py'...
[2.366s] Compiling '/home/suketupatni/Desktop/mrt_assignments/mrt_assignment_4/mrt4_ws/install/interfaces/local/lib/python3.10/dist-packages/interfaces/srv/_path.py'...
[2.369s] -- Installing: /home/suketupatni/Desktop/mrt_assignments/mrt_assignment_4/mrt4_ws/install/interfaces/local/lib/python3.10/dist-packages/interfaces/interfaces_s__rosidl_typesupport_fastrtps_c.cpython-310-x86_64-linux-gnu.so
[2.369s] -- Set runtime path of "/home/suketupatni/Desktop/mrt_assignments/mrt_assignment_4/mrt4_ws/install/interfaces/local/lib/python3.10/dist-packages/interfaces/interfaces_s__rosidl_typesupport_fastrtps_c.cpython-310-x86_64-linux-gnu.so" to ""
[2.369s] -- Installing: /home/suketupatni/Desktop/mrt_assignments/mrt_assignment_4/mrt4_ws/install/interfaces/local/lib/python3.10/dist-packages/interfaces/interfaces_s__rosidl_typesupport_introspection_c.cpython-310-x86_64-linux-gnu.so
[2.369s] -- Set runtime path of "/home/suketupatni/Desktop/mrt_assignments/mrt_assignment_4/mrt4_ws/install/interfaces/local/lib/python3.10/dist-packages/interfaces/interfaces_s__rosidl_typesupport_introspection_c.cpython-310-x86_64-linux-gnu.so" to ""
[2.369s] -- Installing: /home/suketupatni/Desktop/mrt_assignments/mrt_assignment_4/mrt4_ws/install/interfaces/local/lib/python3.10/dist-packages/interfaces/interfaces_s__rosidl_typesupport_c.cpython-310-x86_64-linux-gnu.so
[2.369s] -- Set runtime path of "/home/suketupatni/Desktop/mrt_assignments/mrt_assignment_4/mrt4_ws/install/interfaces/local/lib/python3.10/dist-packages/interfaces/interfaces_s__rosidl_typesupport_c.cpython-310-x86_64-linux-gnu.so" to ""
[2.369s] -- Installing: /home/suketupatni/Desktop/mrt_assignments/mrt_assignment_4/mrt4_ws/install/interfaces/lib/libinterfaces__rosidl_generator_py.so
[2.369s] -- Set runtime path of "/home/suketupatni/Desktop/mrt_assignments/mrt_assignment_4/mrt4_ws/install/interfaces/lib/libinterfaces__rosidl_generator_py.so" to ""
[2.369s] -- Installing: /home/suketupatni/Desktop/mrt_assignments/mrt_assignment_4/mrt4_ws/install/interfaces/share/interfaces/srv/Path.idl
[2.370s] -- Up-to-date: /home/suketupatni/Desktop/mrt_assignments/mrt_assignment_4/mrt4_ws/install/interfaces/share/interfaces/srv/BoundingBoxes.idl
[2.370s] -- Installing: /home/suketupatni/Desktop/mrt_assignments/mrt_assignment_4/mrt4_ws/install/interfaces/share/interfaces/srv/Path.srv
[2.370s] -- Installing: /home/suketupatni/Desktop/mrt_assignments/mrt_assignment_4/mrt4_ws/install/interfaces/share/interfaces/srv/Path_Request.msg
[2.370s] -- Up-to-date: /home/suketupatni/Desktop/mrt_assignments/mrt_assignment_4/mrt4_ws/install/interfaces/share/interfaces/srv/Path_Response.msg
[2.370s] -- Up-to-date: /home/suketupatni/Desktop/mrt_assignments/mrt_assignment_4/mrt4_ws/install/interfaces/share/interfaces/srv/BoundingBoxes.srv
[2.370s] -- Up-to-date: /home/suketupatni/Desktop/mrt_assignments/mrt_assignment_4/mrt4_ws/install/interfaces/share/interfaces/srv/BoundingBoxes_Request.msg
[2.370s] -- Up-to-date: /home/suketupatni/Desktop/mrt_assignments/mrt_assignment_4/mrt4_ws/install/interfaces/share/interfaces/srv/BoundingBoxes_Response.msg
[2.370s] -- Up-to-date: /home/suketupatni/Desktop/mrt_assignments/mrt_assignment_4/mrt4_ws/install/interfaces/share/ament_index/resource_index/package_run_dependencies/interfaces
[2.370s] -- Up-to-date: /home/suketupatni/Desktop/mrt_assignments/mrt_assignment_4/mrt4_ws/install/interfaces/share/ament_index/resource_index/parent_prefix_path/interfaces
[2.370s] -- Up-to-date: /home/suketupatni/Desktop/mrt_assignments/mrt_assignment_4/mrt4_ws/install/interfaces/share/interfaces/environment/ament_prefix_path.sh
[2.370s] -- Installing: /home/suketupatni/Desktop/mrt_assignments/mrt_assignment_4/mrt4_ws/install/interfaces/share/interfaces/environment/ament_prefix_path.dsv
[2.370s] -- Up-to-date: /home/suketupatni/Desktop/mrt_assignments/mrt_assignment_4/mrt4_ws/install/interfaces/share/interfaces/environment/path.sh
[2.370s] -- Installing: /home/suketupatni/Desktop/mrt_assignments/mrt_assignment_4/mrt4_ws/install/interfaces/share/interfaces/environment/path.dsv
[2.370s] -- Up-to-date: /home/suketupatni/Desktop/mrt_assignments/mrt_assignment_4/mrt4_ws/install/interfaces/share/interfaces/local_setup.bash
[2.370s] -- Up-to-date: /home/suketupatni/Desktop/mrt_assignments/mrt_assignment_4/mrt4_ws/install/interfaces/share/interfaces/local_setup.sh
[2.370s] -- Up-to-date: /home/suketupatni/Desktop/mrt_assignments/mrt_assignment_4/mrt4_ws/install/interfaces/share/interfaces/local_setup.zsh
[2.370s] -- Installing: /home/suketupatni/Desktop/mrt_assignments/mrt_assignment_4/mrt4_ws/install/interfaces/share/interfaces/local_setup.dsv
[2.370s] -- Installing: /home/suketupatni/Desktop/mrt_assignments/mrt_assignment_4/mrt4_ws/install/interfaces/share/interfaces/package.dsv
[2.370s] -- Up-to-date: /home/suketupatni/Desktop/mrt_assignments/mrt_assignment_4/mrt4_ws/install/interfaces/share/ament_index/resource_index/packages/interfaces
[2.370s] -- Up-to-date: /home/suketupatni/Desktop/mrt_assignments/mrt_assignment_4/mrt4_ws/install/interfaces/share/interfaces/cmake/export_interfaces__rosidl_generator_cExport.cmake
[2.370s] -- Up-to-date: /home/suketupatni/Desktop/mrt_assignments/mrt_assignment_4/mrt4_ws/install/interfaces/share/interfaces/cmake/export_interfaces__rosidl_generator_cExport-noconfig.cmake
[2.370s] -- Up-to-date: /home/suketupatni/Desktop/mrt_assignments/mrt_assignment_4/mrt4_ws/install/interfaces/share/interfaces/cmake/export_interfaces__rosidl_typesupport_fastrtps_cExport.cmake
[2.370s] -- Up-to-date: /home/suketupatni/Desktop/mrt_assignments/mrt_assignment_4/mrt4_ws/install/interfaces/share/interfaces/cmake/export_interfaces__rosidl_typesupport_fastrtps_cExport-noconfig.cmake
[2.370s] -- Up-to-date: /home/suketupatni/Desktop/mrt_assignments/mrt_assignment_4/mrt4_ws/install/interfaces/share/interfaces/cmake/interfaces__rosidl_typesupport_introspection_cExport.cmake
[2.371s] -- Up-to-date: /home/suketupatni/Desktop/mrt_assignments/mrt_assignment_4/mrt4_ws/install/interfaces/share/interfaces/cmake/interfaces__rosidl_typesupport_introspection_cExport-noconfig.cmake
[2.371s] -- Up-to-date: /home/suketupatni/Desktop/mrt_assignments/mrt_assignment_4/mrt4_ws/install/interfaces/share/interfaces/cmake/interfaces__rosidl_typesupport_cExport.cmake
[2.371s] -- Up-to-date: /home/suketupatni/Desktop/mrt_assignments/mrt_assignment_4/mrt4_ws/install/interfaces/share/interfaces/cmake/interfaces__rosidl_typesupport_cExport-noconfig.cmake
[2.371s] -- Up-to-date: /home/suketupatni/Desktop/mrt_assignments/mrt_assignment_4/mrt4_ws/install/interfaces/share/interfaces/cmake/export_interfaces__rosidl_generator_cppExport.cmake
[2.371s] -- Up-to-date: /home/suketupatni/Desktop/mrt_assignments/mrt_assignment_4/mrt4_ws/install/interfaces/share/interfaces/cmake/export_interfaces__rosidl_typesupport_fastrtps_cppExport.cmake
[2.371s] -- Up-to-date: /home/suketupatni/Desktop/mrt_assignments/mrt_assignment_4/mrt4_ws/install/interfaces/share/interfaces/cmake/export_interfaces__rosidl_typesupport_fastrtps_cppExport-noconfig.cmake
[2.371s] -- Up-to-date: /home/suketupatni/Desktop/mrt_assignments/mrt_assignment_4/mrt4_ws/install/interfaces/share/interfaces/cmake/interfaces__rosidl_typesupport_introspection_cppExport.cmake
[2.371s] -- Up-to-date: /home/suketupatni/Desktop/mrt_assignments/mrt_assignment_4/mrt4_ws/install/interfaces/share/interfaces/cmake/interfaces__rosidl_typesupport_introspection_cppExport-noconfig.cmake
[2.371s] -- Up-to-date: /home/suketupatni/Desktop/mrt_assignments/mrt_assignment_4/mrt4_ws/install/interfaces/share/interfaces/cmake/interfaces__rosidl_typesupport_cppExport.cmake
[2.371s] -- Up-to-date: /home/suketupatni/Desktop/mrt_assignments/mrt_assignment_4/mrt4_ws/install/interfaces/share/interfaces/cmake/interfaces__rosidl_typesupport_cppExport-noconfig.cmake
[2.371s] -- Up-to-date: /home/suketupatni/Desktop/mrt_assignments/mrt_assignment_4/mrt4_ws/install/interfaces/share/interfaces/cmake/export_interfaces__rosidl_generator_pyExport.cmake
[2.371s] -- Up-to-date: /home/suketupatni/Desktop/mrt_assignments/mrt_assignment_4/mrt4_ws/install/interfaces/share/interfaces/cmake/export_interfaces__rosidl_generator_pyExport-noconfig.cmake
[2.371s] -- Up-to-date: /home/suketupatni/Desktop/mrt_assignments/mrt_assignment_4/mrt4_ws/install/interfaces/share/interfaces/cmake/rosidl_cmake-extras.cmake
[2.371s] -- Up-to-date: /home/suketupatni/Desktop/mrt_assignments/mrt_assignment_4/mrt4_ws/install/interfaces/share/interfaces/cmake/ament_cmake_export_dependencies-extras.cmake
[2.371s] -- Up-to-date: /home/suketupatni/Desktop/mrt_assignments/mrt_assignment_4/mrt4_ws/install/interfaces/share/interfaces/cmake/ament_cmake_export_include_directories-extras.cmake
[2.371s] -- Up-to-date: /home/suketupatni/Desktop/mrt_assignments/mrt_assignment_4/mrt4_ws/install/interfaces/share/interfaces/cmake/ament_cmake_export_libraries-extras.cmake
[2.371s] -- Up-to-date: /home/suketupatni/Desktop/mrt_assignments/mrt_assignment_4/mrt4_ws/install/interfaces/share/interfaces/cmake/ament_cmake_export_targets-extras.cmake
[2.371s] -- Up-to-date: /home/suketupatni/Desktop/mrt_assignments/mrt_assignment_4/mrt4_ws/install/interfaces/share/interfaces/cmake/rosidl_cmake_export_typesupport_targets-extras.cmake
[2.371s] -- Up-to-date: /home/suketupatni/Desktop/mrt_assignments/mrt_assignment_4/mrt4_ws/install/interfaces/share/interfaces/cmake/rosidl_cmake_export_typesupport_libraries-extras.cmake
[2.371s] -- Up-to-date: /home/suketupatni/Desktop/mrt_assignments/mrt_assignment_4/mrt4_ws/install/interfaces/share/interfaces/cmake/interfacesConfig.cmake
[2.371s] -- Up-to-date: /home/suketupatni/Desktop/mrt_assignments/mrt_assignment_4/mrt4_ws/install/interfaces/share/interfaces/cmake/interfacesConfig-version.cmake
[2.371s] -- Up-to-date: /home/suketupatni/Desktop/mrt_assignments/mrt_assignment_4/mrt4_ws/install/interfaces/share/interfaces/package.xml
[2.373s] Invoked command in '/home/suketupatni/Desktop/mrt_assignments/mrt_assignment_4/mrt4_ws/build/interfaces' returned '0': CMAKE_PREFIX_PATH=/opt/ros/humble /usr/bin/cmake --install /home/suketupatni/Desktop/mrt_assignments/mrt_assignment_4/mrt4_ws/build/interfaces
