[0.023s] Invoking command in '/home/suketupatni/Desktop/mrt_assignments/mrt_assignment_2/mrt_ws/build/drover4_info_interface': CMAKE_PREFIX_PATH=/opt/ros/humble /usr/bin/cmake /home/suketupatni/Desktop/mrt_assignments/mrt_assignment_2/mrt_ws/src/drover4_info_interface -DCMAKE_INSTALL_PREFIX=/home/suketupatni/Desktop/mrt_assignments/mrt_assignment_2/mrt_ws/install/drover4_info_interface
[0.054s] -- The C compiler identification is GNU 11.4.0
[0.085s] -- The CXX compiler identification is GNU 11.4.0
[0.090s] -- Detecting C compiler ABI info
[0.127s] -- Detecting C compiler ABI info - done
[0.131s] -- Check for working C compiler: /usr/bin/cc - skipped
[0.131s] -- Detecting C compile features
[0.131s] -- Detecting C compile features - done
[0.133s] -- Detecting CXX compiler ABI info
[0.178s] -- Detecting CXX compiler ABI info - done
[0.182s] -- Check for working CXX compiler: /usr/bin/c++ - skipped
[0.182s] -- Detecting CXX compile features
[0.182s] -- Detecting CXX compile features - done
[0.183s] -- Found ament_cmake: 1.3.6 (/opt/ros/humble/share/ament_cmake/cmake)
[0.274s] -- Found Python3: /usr/bin/python3.10 (found version "3.10.12") found components: Interpreter 
[0.317s] -- Found geometry_msgs: 4.2.3 (/opt/ros/humble/share/geometry_msgs/cmake)
[0.335s] -- Found rosidl_generator_c: 3.1.5 (/opt/ros/humble/share/rosidl_generator_c/cmake)
[0.337s] -- Found rosidl_adapter: 3.1.5 (/opt/ros/humble/share/rosidl_adapter/cmake)
[0.342s] -- Found rosidl_generator_cpp: 3.1.5 (/opt/ros/humble/share/rosidl_generator_cpp/cmake)
[0.348s] -- Using all available rosidl_typesupport_c: rosidl_typesupport_fastrtps_c;rosidl_typesupport_introspection_c
[0.358s] -- Using all available rosidl_typesupport_cpp: rosidl_typesupport_fastrtps_cpp;rosidl_typesupport_introspection_cpp
[0.423s] -- Found rosidl_default_generators: 1.2.0 (/opt/ros/humble/share/rosidl_default_generators/cmake)
[0.573s] -- Found ament_cmake_ros: 0.10.0 (/opt/ros/humble/share/ament_cmake_ros/cmake)
[0.795s] -- Using all available rosidl_typesupport_c: rosidl_typesupport_fastrtps_c;rosidl_typesupport_introspection_c
[0.883s] -- Using all available rosidl_typesupport_cpp: rosidl_typesupport_fastrtps_cpp;rosidl_typesupport_introspection_cpp
[0.895s] -- Found PythonInterp: /usr/bin/python3 (found suitable version "3.10.12", minimum required is "3.6") 
[0.895s] -- Found python_cmake_module: 0.10.0 (/opt/ros/humble/share/python_cmake_module/cmake)
[0.909s] -- Found PythonLibs: /usr/lib/x86_64-linux-gnu/libpython3.10.so (found suitable version "3.10.12", minimum required is "3.5") 
[0.910s] -- Using PYTHON_EXECUTABLE: /usr/bin/python3
[0.910s] -- Using PYTHON_INCLUDE_DIRS: /usr/include/python3.10
[0.910s] -- Using PYTHON_LIBRARIES: /usr/lib/x86_64-linux-gnu/libpython3.10.so
[0.921s] -- Found PythonExtra: .so  
[0.953s] -- Found ament_lint_auto: 0.12.9 (/opt/ros/humble/share/ament_lint_auto/cmake)
[0.960s] -- Added test 'lint_cmake' to check CMake code style
[0.961s] -- Added test 'xmllint' to check XML markup files
[0.962s] -- Configuring done
[0.979s] -- Generating done
[0.980s] -- Build files have been written to: /home/suketupatni/Desktop/mrt_assignments/mrt_assignment_2/mrt_ws/build/drover4_info_interface
[0.986s] Invoked command in '/home/suketupatni/Desktop/mrt_assignments/mrt_assignment_2/mrt_ws/build/drover4_info_interface' returned '0': CMAKE_PREFIX_PATH=/opt/ros/humble /usr/bin/cmake /home/suketupatni/Desktop/mrt_assignments/mrt_assignment_2/mrt_ws/src/drover4_info_interface -DCMAKE_INSTALL_PREFIX=/home/suketupatni/Desktop/mrt_assignments/mrt_assignment_2/mrt_ws/install/drover4_info_interface
[0.987s] Invoking command in '/home/suketupatni/Desktop/mrt_assignments/mrt_assignment_2/mrt_ws/build/drover4_info_interface': CMAKE_PREFIX_PATH=/opt/ros/humble /usr/bin/cmake --build /home/suketupatni/Desktop/mrt_assignments/mrt_assignment_2/mrt_ws/build/drover4_info_interface -- -j20 -l20
[1.007s] [  3%] [34m[1mGenerating C code for ROS interfaces[0m
[1.013s] [  6%] [34m[1mGenerating C++ code for ROS interfaces[0m
[1.017s] [  6%] Built target ament_cmake_python_copy_drover4_info_interface
[1.143s] [  6%] Built target drover4_info_interface__cpp
[1.145s] running egg_info
[1.145s] [  9%] [32mBuilding C object CMakeFiles/drover4_info_interface__rosidl_generator_c.dir/rosidl_generator_c/drover4_info_interface/msg/detail/d_rover4_info__functions.c.o[0m
[1.146s] creating drover4_info_interface.egg-info
[1.146s] writing drover4_info_interface.egg-info/PKG-INFO
[1.146s] writing dependency_links to drover4_info_interface.egg-info/dependency_links.txt
[1.146s] writing top-level names to drover4_info_interface.egg-info/top_level.txt
[1.146s] writing manifest file 'drover4_info_interface.egg-info/SOURCES.txt'
[1.147s] reading manifest file 'drover4_info_interface.egg-info/SOURCES.txt'
[1.147s] writing manifest file 'drover4_info_interface.egg-info/SOURCES.txt'
[1.148s] [ 12%] [34m[1mGenerating C++ type support dispatch for ROS interfaces[0m
[1.149s] [ 16%] [34m[1mGenerating C++ type support for eProsima Fast-RTPS[0m
[1.149s] [ 19%] [34m[1mGenerating C++ introspection for ROS interfaces[0m
[1.165s] [ 19%] Built target ament_cmake_python_build_drover4_info_interface_egg
[1.175s] [ 22%] [32m[1mLinking C shared library libdrover4_info_interface__rosidl_generator_c.so[0m
[1.197s] [ 22%] Built target drover4_info_interface__rosidl_generator_c
[1.203s] [ 32%] [34m[1mGenerating C introspection for ROS interfaces[0m
[1.203s] [ 32%] [34m[1mGenerating C type support dispatch for ROS interfaces[0m
[1.203s] [ 32%] [34m[1mGenerating C type support for eProsima Fast-RTPS[0m
[1.288s] [ 35%] [32mBuilding CXX object CMakeFiles/drover4_info_interface__rosidl_typesupport_cpp.dir/rosidl_typesupport_cpp/drover4_info_interface/msg/d_rover4_info__type_support.cpp.o[0m
[1.296s] [ 38%] [32mBuilding CXX object CMakeFiles/drover4_info_interface__rosidl_typesupport_introspection_cpp.dir/rosidl_typesupport_introspection_cpp/drover4_info_interface/msg/detail/d_rover4_info__type_support.cpp.o[0m
[1.307s] [ 41%] [32mBuilding CXX object CMakeFiles/drover4_info_interface__rosidl_typesupport_fastrtps_cpp.dir/rosidl_typesupport_fastrtps_cpp/drover4_info_interface/msg/detail/dds_fastrtps/d_rover4_info__type_support.cpp.o[0m
[1.353s] [ 45%] [32mBuilding CXX object CMakeFiles/drover4_info_interface__rosidl_typesupport_c.dir/rosidl_typesupport_c/drover4_info_interface/msg/d_rover4_info__type_support.cpp.o[0m
[1.364s] [ 48%] [32mBuilding C object CMakeFiles/drover4_info_interface__rosidl_typesupport_introspection_c.dir/rosidl_typesupport_introspection_c/drover4_info_interface/msg/detail/d_rover4_info__type_support.c.o[0m
[1.366s] [ 51%] [32mBuilding CXX object CMakeFiles/drover4_info_interface__rosidl_typesupport_fastrtps_c.dir/rosidl_typesupport_fastrtps_c/drover4_info_interface/msg/detail/d_rover4_info__type_support_c.cpp.o[0m
[1.376s] [ 54%] [32m[1mLinking CXX shared library libdrover4_info_interface__rosidl_typesupport_c.so[0m
[1.385s] [ 58%] [32m[1mLinking C shared library libdrover4_info_interface__rosidl_typesupport_introspection_c.so[0m
[1.402s] [ 58%] Built target drover4_info_interface__rosidl_typesupport_c
[1.406s] [ 58%] Built target drover4_info_interface__rosidl_typesupport_introspection_c
[1.449s] [ 61%] [32m[1mLinking CXX shared library libdrover4_info_interface__rosidl_typesupport_cpp.so[0m
[1.472s] [ 61%] Built target drover4_info_interface__rosidl_typesupport_cpp
[1.513s] [ 64%] [32m[1mLinking CXX shared library libdrover4_info_interface__rosidl_typesupport_introspection_cpp.so[0m
[1.539s] [ 67%] [32m[1mLinking CXX shared library libdrover4_info_interface__rosidl_typesupport_fastrtps_cpp.so[0m
[1.549s] [ 67%] Built target drover4_info_interface__rosidl_typesupport_introspection_cpp
[1.551s] [ 70%] [32m[1mLinking CXX shared library libdrover4_info_interface__rosidl_typesupport_fastrtps_c.so[0m
[1.580s] [ 70%] Built target drover4_info_interface__rosidl_typesupport_fastrtps_cpp
[1.592s] [ 70%] Built target drover4_info_interface__rosidl_typesupport_fastrtps_c
[1.602s] [ 70%] Built target drover4_info_interface
[1.612s] [ 74%] [34m[1mGenerating Python code for ROS interfaces[0m
[1.758s] [ 74%] Built target drover4_info_interface__py
[1.768s] [ 77%] [32mBuilding C object CMakeFiles/drover4_info_interface__rosidl_generator_py.dir/rosidl_generator_py/drover4_info_interface/msg/_d_rover4_info_s.c.o[0m
[1.821s] [ 80%] [32m[1mLinking C shared library rosidl_generator_py/drover4_info_interface/libdrover4_info_interface__rosidl_generator_py.so[0m
[1.845s] [ 80%] Built target drover4_info_interface__rosidl_generator_py
[1.856s] [ 87%] [32mBuilding C object CMakeFiles/drover4_info_interface__rosidl_typesupport_fastrtps_c__pyext.dir/rosidl_generator_py/drover4_info_interface/_drover4_info_interface_s.ep.rosidl_typesupport_fastrtps_c.c.o[0m
[1.857s] [ 87%] [32mBuilding C object CMakeFiles/drover4_info_interface__rosidl_typesupport_introspection_c__pyext.dir/rosidl_generator_py/drover4_info_interface/_drover4_info_interface_s.ep.rosidl_typesupport_introspection_c.c.o[0m
[1.857s] [ 90%] [32mBuilding C object CMakeFiles/drover4_info_interface__rosidl_typesupport_c__pyext.dir/rosidl_generator_py/drover4_info_interface/_drover4_info_interface_s.ep.rosidl_typesupport_c.c.o[0m
[1.906s] [100%] [32m[1mLinking C shared library rosidl_generator_py/drover4_info_interface/drover4_info_interface_s__rosidl_typesupport_fastrtps_c.cpython-310-x86_64-linux-gnu.so[0m
[1.906s] [100%] [32m[1mLinking C shared library rosidl_generator_py/drover4_info_interface/drover4_info_interface_s__rosidl_typesupport_c.cpython-310-x86_64-linux-gnu.so[0m
[1.907s] [100%] [32m[1mLinking C shared library rosidl_generator_py/drover4_info_interface/drover4_info_interface_s__rosidl_typesupport_introspection_c.cpython-310-x86_64-linux-gnu.so[0m
[1.928s] [100%] Built target drover4_info_interface__rosidl_typesupport_introspection_c__pyext
[1.928s] [100%] Built target drover4_info_interface__rosidl_typesupport_c__pyext
[1.928s] [100%] Built target drover4_info_interface__rosidl_typesupport_fastrtps_c__pyext
[1.934s] Invoked command in '/home/suketupatni/Desktop/mrt_assignments/mrt_assignment_2/mrt_ws/build/drover4_info_interface' returned '0': CMAKE_PREFIX_PATH=/opt/ros/humble /usr/bin/cmake --build /home/suketupatni/Desktop/mrt_assignments/mrt_assignment_2/mrt_ws/build/drover4_info_interface -- -j20 -l20
[1.969s] Invoking command in '/home/suketupatni/Desktop/mrt_assignments/mrt_assignment_2/mrt_ws/build/drover4_info_interface': CMAKE_PREFIX_PATH=/opt/ros/humble /usr/bin/cmake --install /home/suketupatni/Desktop/mrt_assignments/mrt_assignment_2/mrt_ws/build/drover4_info_interface
[1.975s] -- Install configuration: ""
[1.975s] -- Installing: /home/suketupatni/Desktop/mrt_assignments/mrt_assignment_2/mrt_ws/install/drover4_info_interface/share/ament_index/resource_index/rosidl_interfaces/drover4_info_interface
[1.975s] -- Installing: /home/suketupatni/Desktop/mrt_assignments/mrt_assignment_2/mrt_ws/install/drover4_info_interface/include/drover4_info_interface/drover4_info_interface
[1.975s] -- Installing: /home/suketupatni/Desktop/mrt_assignments/mrt_assignment_2/mrt_ws/install/drover4_info_interface/include/drover4_info_interface/drover4_info_interface/msg
[1.975s] -- Installing: /home/suketupatni/Desktop/mrt_assignments/mrt_assignment_2/mrt_ws/install/drover4_info_interface/include/drover4_info_interface/drover4_info_interface/msg/d_rover4_info.h
[1.975s] -- Installing: /home/suketupatni/Desktop/mrt_assignments/mrt_assignment_2/mrt_ws/install/drover4_info_interface/include/drover4_info_interface/drover4_info_interface/msg/rosidl_generator_c__visibility_control.h
[1.975s] -- Installing: /home/suketupatni/Desktop/mrt_assignments/mrt_assignment_2/mrt_ws/install/drover4_info_interface/include/drover4_info_interface/drover4_info_interface/msg/detail
[1.975s] -- Installing: /home/suketupatni/Desktop/mrt_assignments/mrt_assignment_2/mrt_ws/install/drover4_info_interface/include/drover4_info_interface/drover4_info_interface/msg/detail/d_rover4_info__functions.h
[1.975s] -- Installing: /home/suketupatni/Desktop/mrt_assignments/mrt_assignment_2/mrt_ws/install/drover4_info_interface/include/drover4_info_interface/drover4_info_interface/msg/detail/d_rover4_info__functions.c
[1.975s] -- Installing: /home/suketupatni/Desktop/mrt_assignments/mrt_assignment_2/mrt_ws/install/drover4_info_interface/include/drover4_info_interface/drover4_info_interface/msg/detail/d_rover4_info__struct.h
[1.976s] -- Installing: /home/suketupatni/Desktop/mrt_assignments/mrt_assignment_2/mrt_ws/install/drover4_info_interface/include/drover4_info_interface/drover4_info_interface/msg/detail/d_rover4_info__type_support.h
[1.976s] -- Installing: /home/suketupatni/Desktop/mrt_assignments/mrt_assignment_2/mrt_ws/install/drover4_info_interface/share/drover4_info_interface/environment/library_path.sh
[1.976s] -- Installing: /home/suketupatni/Desktop/mrt_assignments/mrt_assignment_2/mrt_ws/install/drover4_info_interface/share/drover4_info_interface/environment/library_path.dsv
[1.976s] -- Installing: /home/suketupatni/Desktop/mrt_assignments/mrt_assignment_2/mrt_ws/install/drover4_info_interface/lib/libdrover4_info_interface__rosidl_generator_c.so
[1.976s] -- Set runtime path of "/home/suketupatni/Desktop/mrt_assignments/mrt_assignment_2/mrt_ws/install/drover4_info_interface/lib/libdrover4_info_interface__rosidl_generator_c.so" to ""
[1.976s] -- Up-to-date: /home/suketupatni/Desktop/mrt_assignments/mrt_assignment_2/mrt_ws/install/drover4_info_interface/include/drover4_info_interface/drover4_info_interface
[1.976s] -- Up-to-date: /home/suketupatni/Desktop/mrt_assignments/mrt_assignment_2/mrt_ws/install/drover4_info_interface/include/drover4_info_interface/drover4_info_interface/msg
[1.976s] -- Installing: /home/suketupatni/Desktop/mrt_assignments/mrt_assignment_2/mrt_ws/install/drover4_info_interface/include/drover4_info_interface/drover4_info_interface/msg/rosidl_typesupport_fastrtps_c__visibility_control.h
[1.976s] -- Up-to-date: /home/suketupatni/Desktop/mrt_assignments/mrt_assignment_2/mrt_ws/install/drover4_info_interface/include/drover4_info_interface/drover4_info_interface/msg/detail
[1.976s] -- Installing: /home/suketupatni/Desktop/mrt_assignments/mrt_assignment_2/mrt_ws/install/drover4_info_interface/include/drover4_info_interface/drover4_info_interface/msg/detail/d_rover4_info__rosidl_typesupport_fastrtps_c.h
[1.976s] -- Installing: /home/suketupatni/Desktop/mrt_assignments/mrt_assignment_2/mrt_ws/install/drover4_info_interface/lib/libdrover4_info_interface__rosidl_typesupport_fastrtps_c.so
[1.976s] -- Set runtime path of "/home/suketupatni/Desktop/mrt_assignments/mrt_assignment_2/mrt_ws/install/drover4_info_interface/lib/libdrover4_info_interface__rosidl_typesupport_fastrtps_c.so" to ""
[1.976s] -- Up-to-date: /home/suketupatni/Desktop/mrt_assignments/mrt_assignment_2/mrt_ws/install/drover4_info_interface/include/drover4_info_interface/drover4_info_interface
[1.976s] -- Up-to-date: /home/suketupatni/Desktop/mrt_assignments/mrt_assignment_2/mrt_ws/install/drover4_info_interface/include/drover4_info_interface/drover4_info_interface/msg
[1.976s] -- Installing: /home/suketupatni/Desktop/mrt_assignments/mrt_assignment_2/mrt_ws/install/drover4_info_interface/include/drover4_info_interface/drover4_info_interface/msg/d_rover4_info.hpp
[1.976s] -- Up-to-date: /home/suketupatni/Desktop/mrt_assignments/mrt_assignment_2/mrt_ws/install/drover4_info_interface/include/drover4_info_interface/drover4_info_interface/msg/detail
[1.977s] -- Installing: /home/suketupatni/Desktop/mrt_assignments/mrt_assignment_2/mrt_ws/install/drover4_info_interface/include/drover4_info_interface/drover4_info_interface/msg/detail/d_rover4_info__traits.hpp
[1.977s] -- Installing: /home/suketupatni/Desktop/mrt_assignments/mrt_assignment_2/mrt_ws/install/drover4_info_interface/include/drover4_info_interface/drover4_info_interface/msg/detail/d_rover4_info__builder.hpp
[1.977s] -- Installing: /home/suketupatni/Desktop/mrt_assignments/mrt_assignment_2/mrt_ws/install/drover4_info_interface/include/drover4_info_interface/drover4_info_interface/msg/detail/d_rover4_info__struct.hpp
[1.977s] -- Up-to-date: /home/suketupatni/Desktop/mrt_assignments/mrt_assignment_2/mrt_ws/install/drover4_info_interface/include/drover4_info_interface/drover4_info_interface
[1.977s] -- Up-to-date: /home/suketupatni/Desktop/mrt_assignments/mrt_assignment_2/mrt_ws/install/drover4_info_interface/include/drover4_info_interface/drover4_info_interface/msg
[1.977s] -- Installing: /home/suketupatni/Desktop/mrt_assignments/mrt_assignment_2/mrt_ws/install/drover4_info_interface/include/drover4_info_interface/drover4_info_interface/msg/rosidl_typesupport_fastrtps_cpp__visibility_control.h
[1.977s] -- Up-to-date: /home/suketupatni/Desktop/mrt_assignments/mrt_assignment_2/mrt_ws/install/drover4_info_interface/include/drover4_info_interface/drover4_info_interface/msg/detail
[1.977s] -- Installing: /home/suketupatni/Desktop/mrt_assignments/mrt_assignment_2/mrt_ws/install/drover4_info_interface/include/drover4_info_interface/drover4_info_interface/msg/detail/dds_fastrtps
[1.977s] -- Installing: /home/suketupatni/Desktop/mrt_assignments/mrt_assignment_2/mrt_ws/install/drover4_info_interface/include/drover4_info_interface/drover4_info_interface/msg/detail/d_rover4_info__rosidl_typesupport_fastrtps_cpp.hpp
[1.977s] -- Installing: /home/suketupatni/Desktop/mrt_assignments/mrt_assignment_2/mrt_ws/install/drover4_info_interface/lib/libdrover4_info_interface__rosidl_typesupport_fastrtps_cpp.so
[1.977s] -- Set runtime path of "/home/suketupatni/Desktop/mrt_assignments/mrt_assignment_2/mrt_ws/install/drover4_info_interface/lib/libdrover4_info_interface__rosidl_typesupport_fastrtps_cpp.so" to ""
[1.977s] -- Up-to-date: /home/suketupatni/Desktop/mrt_assignments/mrt_assignment_2/mrt_ws/install/drover4_info_interface/include/drover4_info_interface/drover4_info_interface
[1.977s] -- Up-to-date: /home/suketupatni/Desktop/mrt_assignments/mrt_assignment_2/mrt_ws/install/drover4_info_interface/include/drover4_info_interface/drover4_info_interface/msg
[1.977s] -- Installing: /home/suketupatni/Desktop/mrt_assignments/mrt_assignment_2/mrt_ws/install/drover4_info_interface/include/drover4_info_interface/drover4_info_interface/msg/rosidl_typesupport_introspection_c__visibility_control.h
[1.977s] -- Up-to-date: /home/suketupatni/Desktop/mrt_assignments/mrt_assignment_2/mrt_ws/install/drover4_info_interface/include/drover4_info_interface/drover4_info_interface/msg/detail
[1.977s] -- Installing: /home/suketupatni/Desktop/mrt_assignments/mrt_assignment_2/mrt_ws/install/drover4_info_interface/include/drover4_info_interface/drover4_info_interface/msg/detail/d_rover4_info__rosidl_typesupport_introspection_c.h
[1.977s] -- Installing: /home/suketupatni/Desktop/mrt_assignments/mrt_assignment_2/mrt_ws/install/drover4_info_interface/include/drover4_info_interface/drover4_info_interface/msg/detail/d_rover4_info__type_support.c
[1.977s] -- Installing: /home/suketupatni/Desktop/mrt_assignments/mrt_assignment_2/mrt_ws/install/drover4_info_interface/lib/libdrover4_info_interface__rosidl_typesupport_introspection_c.so
[1.977s] -- Set runtime path of "/home/suketupatni/Desktop/mrt_assignments/mrt_assignment_2/mrt_ws/install/drover4_info_interface/lib/libdrover4_info_interface__rosidl_typesupport_introspection_c.so" to ""
[1.977s] -- Installing: /home/suketupatni/Desktop/mrt_assignments/mrt_assignment_2/mrt_ws/install/drover4_info_interface/lib/libdrover4_info_interface__rosidl_typesupport_c.so
[1.977s] -- Set runtime path of "/home/suketupatni/Desktop/mrt_assignments/mrt_assignment_2/mrt_ws/install/drover4_info_interface/lib/libdrover4_info_interface__rosidl_typesupport_c.so" to ""
[1.977s] -- Up-to-date: /home/suketupatni/Desktop/mrt_assignments/mrt_assignment_2/mrt_ws/install/drover4_info_interface/include/drover4_info_interface/drover4_info_interface
[1.977s] -- Up-to-date: /home/suketupatni/Desktop/mrt_assignments/mrt_assignment_2/mrt_ws/install/drover4_info_interface/include/drover4_info_interface/drover4_info_interface/msg
[1.977s] -- Up-to-date: /home/suketupatni/Desktop/mrt_assignments/mrt_assignment_2/mrt_ws/install/drover4_info_interface/include/drover4_info_interface/drover4_info_interface/msg/detail
[1.977s] -- Installing: /home/suketupatni/Desktop/mrt_assignments/mrt_assignment_2/mrt_ws/install/drover4_info_interface/include/drover4_info_interface/drover4_info_interface/msg/detail/d_rover4_info__type_support.cpp
[1.977s] -- Installing: /home/suketupatni/Desktop/mrt_assignments/mrt_assignment_2/mrt_ws/install/drover4_info_interface/include/drover4_info_interface/drover4_info_interface/msg/detail/d_rover4_info__rosidl_typesupport_introspection_cpp.hpp
[1.977s] -- Installing: /home/suketupatni/Desktop/mrt_assignments/mrt_assignment_2/mrt_ws/install/drover4_info_interface/lib/libdrover4_info_interface__rosidl_typesupport_introspection_cpp.so
[1.977s] -- Set runtime path of "/home/suketupatni/Desktop/mrt_assignments/mrt_assignment_2/mrt_ws/install/drover4_info_interface/lib/libdrover4_info_interface__rosidl_typesupport_introspection_cpp.so" to ""
[1.977s] -- Installing: /home/suketupatni/Desktop/mrt_assignments/mrt_assignment_2/mrt_ws/install/drover4_info_interface/lib/libdrover4_info_interface__rosidl_typesupport_cpp.so
[1.977s] -- Set runtime path of "/home/suketupatni/Desktop/mrt_assignments/mrt_assignment_2/mrt_ws/install/drover4_info_interface/lib/libdrover4_info_interface__rosidl_typesupport_cpp.so" to ""
[1.977s] -- Installing: /home/suketupatni/Desktop/mrt_assignments/mrt_assignment_2/mrt_ws/install/drover4_info_interface/share/drover4_info_interface/environment/pythonpath.sh
[1.978s] -- Installing: /home/suketupatni/Desktop/mrt_assignments/mrt_assignment_2/mrt_ws/install/drover4_info_interface/share/drover4_info_interface/environment/pythonpath.dsv
[1.978s] -- Installing: /home/suketupatni/Desktop/mrt_assignments/mrt_assignment_2/mrt_ws/install/drover4_info_interface/local/lib/python3.10/dist-packages/drover4_info_interface-0.0.0-py3.10.egg-info
[1.978s] -- Installing: /home/suketupatni/Desktop/mrt_assignments/mrt_assignment_2/mrt_ws/install/drover4_info_interface/local/lib/python3.10/dist-packages/drover4_info_interface-0.0.0-py3.10.egg-info/PKG-INFO
[1.978s] -- Installing: /home/suketupatni/Desktop/mrt_assignments/mrt_assignment_2/mrt_ws/install/drover4_info_interface/local/lib/python3.10/dist-packages/drover4_info_interface-0.0.0-py3.10.egg-info/dependency_links.txt
[1.978s] -- Installing: /home/suketupatni/Desktop/mrt_assignments/mrt_assignment_2/mrt_ws/install/drover4_info_interface/local/lib/python3.10/dist-packages/drover4_info_interface-0.0.0-py3.10.egg-info/SOURCES.txt
[1.978s] -- Installing: /home/suketupatni/Desktop/mrt_assignments/mrt_assignment_2/mrt_ws/install/drover4_info_interface/local/lib/python3.10/dist-packages/drover4_info_interface-0.0.0-py3.10.egg-info/top_level.txt
[1.978s] -- Installing: /home/suketupatni/Desktop/mrt_assignments/mrt_assignment_2/mrt_ws/install/drover4_info_interface/local/lib/python3.10/dist-packages/drover4_info_interface
[1.978s] -- Installing: /home/suketupatni/Desktop/mrt_assignments/mrt_assignment_2/mrt_ws/install/drover4_info_interface/local/lib/python3.10/dist-packages/drover4_info_interface/_drover4_info_interface_s.ep.rosidl_typesupport_fastrtps_c.c
[1.978s] -- Installing: /home/suketupatni/Desktop/mrt_assignments/mrt_assignment_2/mrt_ws/install/drover4_info_interface/local/lib/python3.10/dist-packages/drover4_info_interface/libdrover4_info_interface__rosidl_generator_py.so
[1.978s] -- Installing: /home/suketupatni/Desktop/mrt_assignments/mrt_assignment_2/mrt_ws/install/drover4_info_interface/local/lib/python3.10/dist-packages/drover4_info_interface/msg
[1.978s] -- Installing: /home/suketupatni/Desktop/mrt_assignments/mrt_assignment_2/mrt_ws/install/drover4_info_interface/local/lib/python3.10/dist-packages/drover4_info_interface/msg/_d_rover4_info_s.c
[1.978s] -- Installing: /home/suketupatni/Desktop/mrt_assignments/mrt_assignment_2/mrt_ws/install/drover4_info_interface/local/lib/python3.10/dist-packages/drover4_info_interface/msg/_d_rover4_info.py
[1.978s] -- Installing: /home/suketupatni/Desktop/mrt_assignments/mrt_assignment_2/mrt_ws/install/drover4_info_interface/local/lib/python3.10/dist-packages/drover4_info_interface/msg/__init__.py
[1.978s] -- Installing: /home/suketupatni/Desktop/mrt_assignments/mrt_assignment_2/mrt_ws/install/drover4_info_interface/local/lib/python3.10/dist-packages/drover4_info_interface/drover4_info_interface_s__rosidl_typesupport_c.cpython-310-x86_64-linux-gnu.so
[1.978s] -- Installing: /home/suketupatni/Desktop/mrt_assignments/mrt_assignment_2/mrt_ws/install/drover4_info_interface/local/lib/python3.10/dist-packages/drover4_info_interface/_drover4_info_interface_s.ep.rosidl_typesupport_introspection_c.c
[1.978s] -- Installing: /home/suketupatni/Desktop/mrt_assignments/mrt_assignment_2/mrt_ws/install/drover4_info_interface/local/lib/python3.10/dist-packages/drover4_info_interface/drover4_info_interface_s__rosidl_typesupport_introspection_c.cpython-310-x86_64-linux-gnu.so
[1.978s] -- Installing: /home/suketupatni/Desktop/mrt_assignments/mrt_assignment_2/mrt_ws/install/drover4_info_interface/local/lib/python3.10/dist-packages/drover4_info_interface/drover4_info_interface_s__rosidl_typesupport_fastrtps_c.cpython-310-x86_64-linux-gnu.so
[1.978s] -- Installing: /home/suketupatni/Desktop/mrt_assignments/mrt_assignment_2/mrt_ws/install/drover4_info_interface/local/lib/python3.10/dist-packages/drover4_info_interface/__init__.py
[1.978s] -- Installing: /home/suketupatni/Desktop/mrt_assignments/mrt_assignment_2/mrt_ws/install/drover4_info_interface/local/lib/python3.10/dist-packages/drover4_info_interface/_drover4_info_interface_s.ep.rosidl_typesupport_c.c
[1.996s] Listing '/home/suketupatni/Desktop/mrt_assignments/mrt_assignment_2/mrt_ws/install/drover4_info_interface/local/lib/python3.10/dist-packages/drover4_info_interface'...
[1.996s] Compiling '/home/suketupatni/Desktop/mrt_assignments/mrt_assignment_2/mrt_ws/install/drover4_info_interface/local/lib/python3.10/dist-packages/drover4_info_interface/__init__.py'...
[1.996s] Listing '/home/suketupatni/Desktop/mrt_assignments/mrt_assignment_2/mrt_ws/install/drover4_info_interface/local/lib/python3.10/dist-packages/drover4_info_interface/msg'...
[1.996s] Compiling '/home/suketupatni/Desktop/mrt_assignments/mrt_assignment_2/mrt_ws/install/drover4_info_interface/local/lib/python3.10/dist-packages/drover4_info_interface/msg/__init__.py'...
[1.997s] Compiling '/home/suketupatni/Desktop/mrt_assignments/mrt_assignment_2/mrt_ws/install/drover4_info_interface/local/lib/python3.10/dist-packages/drover4_info_interface/msg/_d_rover4_info.py'...
[1.999s] -- Installing: /home/suketupatni/Desktop/mrt_assignments/mrt_assignment_2/mrt_ws/install/drover4_info_interface/local/lib/python3.10/dist-packages/drover4_info_interface/drover4_info_interface_s__rosidl_typesupport_fastrtps_c.cpython-310-x86_64-linux-gnu.so
[1.999s] -- Set runtime path of "/home/suketupatni/Desktop/mrt_assignments/mrt_assignment_2/mrt_ws/install/drover4_info_interface/local/lib/python3.10/dist-packages/drover4_info_interface/drover4_info_interface_s__rosidl_typesupport_fastrtps_c.cpython-310-x86_64-linux-gnu.so" to ""
[1.999s] -- Installing: /home/suketupatni/Desktop/mrt_assignments/mrt_assignment_2/mrt_ws/install/drover4_info_interface/local/lib/python3.10/dist-packages/drover4_info_interface/drover4_info_interface_s__rosidl_typesupport_introspection_c.cpython-310-x86_64-linux-gnu.so
[1.999s] -- Set runtime path of "/home/suketupatni/Desktop/mrt_assignments/mrt_assignment_2/mrt_ws/install/drover4_info_interface/local/lib/python3.10/dist-packages/drover4_info_interface/drover4_info_interface_s__rosidl_typesupport_introspection_c.cpython-310-x86_64-linux-gnu.so" to ""
[1.999s] -- Installing: /home/suketupatni/Desktop/mrt_assignments/mrt_assignment_2/mrt_ws/install/drover4_info_interface/local/lib/python3.10/dist-packages/drover4_info_interface/drover4_info_interface_s__rosidl_typesupport_c.cpython-310-x86_64-linux-gnu.so
[1.999s] -- Set runtime path of "/home/suketupatni/Desktop/mrt_assignments/mrt_assignment_2/mrt_ws/install/drover4_info_interface/local/lib/python3.10/dist-packages/drover4_info_interface/drover4_info_interface_s__rosidl_typesupport_c.cpython-310-x86_64-linux-gnu.so" to ""
[1.999s] -- Installing: /home/suketupatni/Desktop/mrt_assignments/mrt_assignment_2/mrt_ws/install/drover4_info_interface/lib/libdrover4_info_interface__rosidl_generator_py.so
[1.999s] -- Set runtime path of "/home/suketupatni/Desktop/mrt_assignments/mrt_assignment_2/mrt_ws/install/drover4_info_interface/lib/libdrover4_info_interface__rosidl_generator_py.so" to ""
[2.000s] -- Installing: /home/suketupatni/Desktop/mrt_assignments/mrt_assignment_2/mrt_ws/install/drover4_info_interface/share/drover4_info_interface/msg/DRover4Info.idl
[2.000s] -- Installing: /home/suketupatni/Desktop/mrt_assignments/mrt_assignment_2/mrt_ws/install/drover4_info_interface/share/drover4_info_interface/msg/DRover4Info.msg
[2.000s] -- Installing: /home/suketupatni/Desktop/mrt_assignments/mrt_assignment_2/mrt_ws/install/drover4_info_interface/share/ament_index/resource_index/package_run_dependencies/drover4_info_interface
[2.000s] -- Installing: /home/suketupatni/Desktop/mrt_assignments/mrt_assignment_2/mrt_ws/install/drover4_info_interface/share/ament_index/resource_index/parent_prefix_path/drover4_info_interface
[2.000s] -- Installing: /home/suketupatni/Desktop/mrt_assignments/mrt_assignment_2/mrt_ws/install/drover4_info_interface/share/drover4_info_interface/environment/ament_prefix_path.sh
[2.000s] -- Installing: /home/suketupatni/Desktop/mrt_assignments/mrt_assignment_2/mrt_ws/install/drover4_info_interface/share/drover4_info_interface/environment/ament_prefix_path.dsv
[2.000s] -- Installing: /home/suketupatni/Desktop/mrt_assignments/mrt_assignment_2/mrt_ws/install/drover4_info_interface/share/drover4_info_interface/environment/path.sh
[2.000s] -- Installing: /home/suketupatni/Desktop/mrt_assignments/mrt_assignment_2/mrt_ws/install/drover4_info_interface/share/drover4_info_interface/environment/path.dsv
[2.000s] -- Installing: /home/suketupatni/Desktop/mrt_assignments/mrt_assignment_2/mrt_ws/install/drover4_info_interface/share/drover4_info_interface/local_setup.bash
[2.000s] -- Installing: /home/suketupatni/Desktop/mrt_assignments/mrt_assignment_2/mrt_ws/install/drover4_info_interface/share/drover4_info_interface/local_setup.sh
[2.000s] -- Installing: /home/suketupatni/Desktop/mrt_assignments/mrt_assignment_2/mrt_ws/install/drover4_info_interface/share/drover4_info_interface/local_setup.zsh
[2.000s] -- Installing: /home/suketupatni/Desktop/mrt_assignments/mrt_assignment_2/mrt_ws/install/drover4_info_interface/share/drover4_info_interface/local_setup.dsv
[2.000s] -- Installing: /home/suketupatni/Desktop/mrt_assignments/mrt_assignment_2/mrt_ws/install/drover4_info_interface/share/drover4_info_interface/package.dsv
[2.000s] -- Installing: /home/suketupatni/Desktop/mrt_assignments/mrt_assignment_2/mrt_ws/install/drover4_info_interface/share/ament_index/resource_index/packages/drover4_info_interface
[2.000s] -- Installing: /home/suketupatni/Desktop/mrt_assignments/mrt_assignment_2/mrt_ws/install/drover4_info_interface/share/drover4_info_interface/cmake/export_drover4_info_interface__rosidl_generator_cExport.cmake
[2.000s] -- Installing: /home/suketupatni/Desktop/mrt_assignments/mrt_assignment_2/mrt_ws/install/drover4_info_interface/share/drover4_info_interface/cmake/export_drover4_info_interface__rosidl_generator_cExport-noconfig.cmake
[2.000s] -- Installing: /home/suketupatni/Desktop/mrt_assignments/mrt_assignment_2/mrt_ws/install/drover4_info_interface/share/drover4_info_interface/cmake/export_drover4_info_interface__rosidl_typesupport_fastrtps_cExport.cmake
[2.000s] -- Installing: /home/suketupatni/Desktop/mrt_assignments/mrt_assignment_2/mrt_ws/install/drover4_info_interface/share/drover4_info_interface/cmake/export_drover4_info_interface__rosidl_typesupport_fastrtps_cExport-noconfig.cmake
[2.000s] -- Installing: /home/suketupatni/Desktop/mrt_assignments/mrt_assignment_2/mrt_ws/install/drover4_info_interface/share/drover4_info_interface/cmake/export_drover4_info_interface__rosidl_generator_cppExport.cmake
[2.000s] -- Installing: /home/suketupatni/Desktop/mrt_assignments/mrt_assignment_2/mrt_ws/install/drover4_info_interface/share/drover4_info_interface/cmake/export_drover4_info_interface__rosidl_typesupport_fastrtps_cppExport.cmake
[2.001s] -- Installing: /home/suketupatni/Desktop/mrt_assignments/mrt_assignment_2/mrt_ws/install/drover4_info_interface/share/drover4_info_interface/cmake/export_drover4_info_interface__rosidl_typesupport_fastrtps_cppExport-noconfig.cmake
[2.001s] -- Installing: /home/suketupatni/Desktop/mrt_assignments/mrt_assignment_2/mrt_ws/install/drover4_info_interface/share/drover4_info_interface/cmake/drover4_info_interface__rosidl_typesupport_introspection_cExport.cmake
[2.001s] -- Installing: /home/suketupatni/Desktop/mrt_assignments/mrt_assignment_2/mrt_ws/install/drover4_info_interface/share/drover4_info_interface/cmake/drover4_info_interface__rosidl_typesupport_introspection_cExport-noconfig.cmake
[2.001s] -- Installing: /home/suketupatni/Desktop/mrt_assignments/mrt_assignment_2/mrt_ws/install/drover4_info_interface/share/drover4_info_interface/cmake/drover4_info_interface__rosidl_typesupport_cExport.cmake
[2.001s] -- Installing: /home/suketupatni/Desktop/mrt_assignments/mrt_assignment_2/mrt_ws/install/drover4_info_interface/share/drover4_info_interface/cmake/drover4_info_interface__rosidl_typesupport_cExport-noconfig.cmake
[2.001s] -- Installing: /home/suketupatni/Desktop/mrt_assignments/mrt_assignment_2/mrt_ws/install/drover4_info_interface/share/drover4_info_interface/cmake/drover4_info_interface__rosidl_typesupport_introspection_cppExport.cmake
[2.001s] -- Installing: /home/suketupatni/Desktop/mrt_assignments/mrt_assignment_2/mrt_ws/install/drover4_info_interface/share/drover4_info_interface/cmake/drover4_info_interface__rosidl_typesupport_introspection_cppExport-noconfig.cmake
[2.001s] -- Installing: /home/suketupatni/Desktop/mrt_assignments/mrt_assignment_2/mrt_ws/install/drover4_info_interface/share/drover4_info_interface/cmake/drover4_info_interface__rosidl_typesupport_cppExport.cmake
[2.001s] -- Installing: /home/suketupatni/Desktop/mrt_assignments/mrt_assignment_2/mrt_ws/install/drover4_info_interface/share/drover4_info_interface/cmake/drover4_info_interface__rosidl_typesupport_cppExport-noconfig.cmake
[2.001s] -- Installing: /home/suketupatni/Desktop/mrt_assignments/mrt_assignment_2/mrt_ws/install/drover4_info_interface/share/drover4_info_interface/cmake/export_drover4_info_interface__rosidl_generator_pyExport.cmake
[2.001s] -- Installing: /home/suketupatni/Desktop/mrt_assignments/mrt_assignment_2/mrt_ws/install/drover4_info_interface/share/drover4_info_interface/cmake/export_drover4_info_interface__rosidl_generator_pyExport-noconfig.cmake
[2.001s] -- Installing: /home/suketupatni/Desktop/mrt_assignments/mrt_assignment_2/mrt_ws/install/drover4_info_interface/share/drover4_info_interface/cmake/rosidl_cmake-extras.cmake
[2.001s] -- Installing: /home/suketupatni/Desktop/mrt_assignments/mrt_assignment_2/mrt_ws/install/drover4_info_interface/share/drover4_info_interface/cmake/ament_cmake_export_dependencies-extras.cmake
[2.001s] -- Installing: /home/suketupatni/Desktop/mrt_assignments/mrt_assignment_2/mrt_ws/install/drover4_info_interface/share/drover4_info_interface/cmake/ament_cmake_export_include_directories-extras.cmake
[2.001s] -- Installing: /home/suketupatni/Desktop/mrt_assignments/mrt_assignment_2/mrt_ws/install/drover4_info_interface/share/drover4_info_interface/cmake/ament_cmake_export_libraries-extras.cmake
[2.001s] -- Installing: /home/suketupatni/Desktop/mrt_assignments/mrt_assignment_2/mrt_ws/install/drover4_info_interface/share/drover4_info_interface/cmake/ament_cmake_export_targets-extras.cmake
[2.001s] -- Installing: /home/suketupatni/Desktop/mrt_assignments/mrt_assignment_2/mrt_ws/install/drover4_info_interface/share/drover4_info_interface/cmake/rosidl_cmake_export_typesupport_targets-extras.cmake
[2.001s] -- Installing: /home/suketupatni/Desktop/mrt_assignments/mrt_assignment_2/mrt_ws/install/drover4_info_interface/share/drover4_info_interface/cmake/rosidl_cmake_export_typesupport_libraries-extras.cmake
[2.001s] -- Installing: /home/suketupatni/Desktop/mrt_assignments/mrt_assignment_2/mrt_ws/install/drover4_info_interface/share/drover4_info_interface/cmake/drover4_info_interfaceConfig.cmake
[2.001s] -- Installing: /home/suketupatni/Desktop/mrt_assignments/mrt_assignment_2/mrt_ws/install/drover4_info_interface/share/drover4_info_interface/cmake/drover4_info_interfaceConfig-version.cmake
[2.001s] -- Installing: /home/suketupatni/Desktop/mrt_assignments/mrt_assignment_2/mrt_ws/install/drover4_info_interface/share/drover4_info_interface/package.xml
[2.003s] Invoked command in '/home/suketupatni/Desktop/mrt_assignments/mrt_assignment_2/mrt_ws/build/drover4_info_interface' returned '0': CMAKE_PREFIX_PATH=/opt/ros/humble /usr/bin/cmake --install /home/suketupatni/Desktop/mrt_assignments/mrt_assignment_2/mrt_ws/build/drover4_info_interface
