[0.350s] Invoking command in '/home/suketupatni/Desktop/mrt_assignment_2/mrt_ws/build/suketupatni_assn_2': PYTHONPATH=/home/suketupatni/Desktop/mrt_assignment_2/mrt_ws/build/suketupatni_assn_2/prefix_override:/home/suketupatni/Desktop/mrt_assignment_2/mrt_ws/install/suketupatni_assn_2/lib/python3.10/site-packages:${PYTHONPATH} /usr/bin/python3 setup.py develop --editable --build-directory /home/suketupatni/Desktop/mrt_assignment_2/mrt_ws/build/suketupatni_assn_2/build --no-deps install_data
[0.474s] running develop
[0.481s] /usr/lib/python3/dist-packages/setuptools/command/easy_install.py:158: EasyInstallDeprecationWarning: easy_install command is deprecated. Use build and pip and other standards-based tools.
[0.481s]   warnings.warn(
[0.482s] /usr/lib/python3/dist-packages/setuptools/command/install.py:34: SetuptoolsDeprecationWarning: setup.py install is deprecated. Use build and pip and other standards-based tools.
[0.482s]   warnings.warn(
[0.552s] running egg_info
[0.552s] writing suketupatni_assn_2.egg-info/PKG-INFO
[0.552s] writing dependency_links to suketupatni_assn_2.egg-info/dependency_links.txt
[0.552s] writing entry points to suketupatni_assn_2.egg-info/entry_points.txt
[0.552s] writing requirements to suketupatni_assn_2.egg-info/requires.txt
[0.552s] writing top-level names to suketupatni_assn_2.egg-info/top_level.txt
[0.553s] reading manifest file 'suketupatni_assn_2.egg-info/SOURCES.txt'
[0.553s] writing manifest file 'suketupatni_assn_2.egg-info/SOURCES.txt'
[0.554s] running build_ext
[0.554s] Creating /home/suketupatni/Desktop/mrt_assignment_2/mrt_ws/install/suketupatni_assn_2/lib/python3.10/site-packages/suketupatni-assn-2.egg-link (link to .)
[0.555s] Installing listener script to /home/suketupatni/Desktop/mrt_assignment_2/mrt_ws/install/suketupatni_assn_2/lib/suketupatni_assn_2
[0.555s] Installing talker1 script to /home/suketupatni/Desktop/mrt_assignment_2/mrt_ws/install/suketupatni_assn_2/lib/suketupatni_assn_2
[0.555s] Installing talker2 script to /home/suketupatni/Desktop/mrt_assignment_2/mrt_ws/install/suketupatni_assn_2/lib/suketupatni_assn_2
[0.555s] Installing talker3 script to /home/suketupatni/Desktop/mrt_assignment_2/mrt_ws/install/suketupatni_assn_2/lib/suketupatni_assn_2
[0.555s] 
[0.555s] Installed /home/suketupatni/Desktop/mrt_assignment_2/mrt_ws/build/suketupatni_assn_2
[0.555s] running install_data
[0.570s] Invoked command in '/home/suketupatni/Desktop/mrt_assignment_2/mrt_ws/build/suketupatni_assn_2' returned '0': PYTHONPATH=/home/suketupatni/Desktop/mrt_assignment_2/mrt_ws/build/suketupatni_assn_2/prefix_override:/home/suketupatni/Desktop/mrt_assignment_2/mrt_ws/install/suketupatni_assn_2/lib/python3.10/site-packages:${PYTHONPATH} /usr/bin/python3 setup.py develop --editable --build-directory /home/suketupatni/Desktop/mrt_assignment_2/mrt_ws/build/suketupatni_assn_2/build --no-deps install_data
