[0.349s] Invoking command in '/home/suketupatni/Desktop/mrt_assignments/mrt_assignment_2/mrt_ws/src/suketupatni_assn_2': PYTHONPATH=/home/suketupatni/Desktop/mrt_assignments/mrt_assignment_2/mrt_ws/build/suketupatni_assn_2/prefix_override:/home/suketupatni/Desktop/mrt_assignments/mrt_assignment_2/mrt_ws/install/suketupatni_assn_2/lib/python3.10/site-packages:${PYTHONPATH} /usr/bin/python3 setup.py egg_info --egg-base ../../build/suketupatni_assn_2 build --build-base /home/suketupatni/Desktop/mrt_assignments/mrt_assignment_2/mrt_ws/build/suketupatni_assn_2/build install --record /home/suketupatni/Desktop/mrt_assignments/mrt_assignment_2/mrt_ws/build/suketupatni_assn_2/install.log --single-version-externally-managed
[0.465s] running egg_info
[0.466s] writing ../../build/suketupatni_assn_2/suketupatni_assn_2.egg-info/PKG-INFO
[0.466s] writing dependency_links to ../../build/suketupatni_assn_2/suketupatni_assn_2.egg-info/dependency_links.txt
[0.466s] writing entry points to ../../build/suketupatni_assn_2/suketupatni_assn_2.egg-info/entry_points.txt
[0.466s] writing requirements to ../../build/suketupatni_assn_2/suketupatni_assn_2.egg-info/requires.txt
[0.466s] writing top-level names to ../../build/suketupatni_assn_2/suketupatni_assn_2.egg-info/top_level.txt
[0.467s] reading manifest file '../../build/suketupatni_assn_2/suketupatni_assn_2.egg-info/SOURCES.txt'
[0.468s] writing manifest file '../../build/suketupatni_assn_2/suketupatni_assn_2.egg-info/SOURCES.txt'
[0.468s] running build
[0.468s] running build_py
[0.468s] copying suketupatni_assn_2/d_rover4.py -> /home/suketupatni/Desktop/mrt_assignments/mrt_assignment_2/mrt_ws/build/suketupatni_assn_2/build/lib/suketupatni_assn_2
[0.468s] running install
[0.468s] /usr/lib/python3/dist-packages/setuptools/command/install.py:34: SetuptoolsDeprecationWarning: setup.py install is deprecated. Use build and pip and other standards-based tools.
[0.468s]   warnings.warn(
[0.468s] running install_lib
[0.469s] copying /home/suketupatni/Desktop/mrt_assignments/mrt_assignment_2/mrt_ws/build/suketupatni_assn_2/build/lib/suketupatni_assn_2/d_rover4.py -> /home/suketupatni/Desktop/mrt_assignments/mrt_assignment_2/mrt_ws/install/suketupatni_assn_2/lib/python3.10/site-packages/suketupatni_assn_2
[0.469s] byte-compiling /home/suketupatni/Desktop/mrt_assignments/mrt_assignment_2/mrt_ws/install/suketupatni_assn_2/lib/python3.10/site-packages/suketupatni_assn_2/d_rover4.py to d_rover4.cpython-310.pyc
[0.469s] running install_data
[0.470s] running install_egg_info
[0.471s] removing '/home/suketupatni/Desktop/mrt_assignments/mrt_assignment_2/mrt_ws/install/suketupatni_assn_2/lib/python3.10/site-packages/suketupatni_assn_2-0.0.0-py3.10.egg-info' (and everything under it)
[0.471s] Copying ../../build/suketupatni_assn_2/suketupatni_assn_2.egg-info to /home/suketupatni/Desktop/mrt_assignments/mrt_assignment_2/mrt_ws/install/suketupatni_assn_2/lib/python3.10/site-packages/suketupatni_assn_2-0.0.0-py3.10.egg-info
[0.471s] running install_scripts
[0.484s] Installing listener script to /home/suketupatni/Desktop/mrt_assignments/mrt_assignment_2/mrt_ws/install/suketupatni_assn_2/lib/suketupatni_assn_2
[0.484s] Installing talker1 script to /home/suketupatni/Desktop/mrt_assignments/mrt_assignment_2/mrt_ws/install/suketupatni_assn_2/lib/suketupatni_assn_2
[0.484s] Installing talker2 script to /home/suketupatni/Desktop/mrt_assignments/mrt_assignment_2/mrt_ws/install/suketupatni_assn_2/lib/suketupatni_assn_2
[0.484s] Installing talker3 script to /home/suketupatni/Desktop/mrt_assignments/mrt_assignment_2/mrt_ws/install/suketupatni_assn_2/lib/suketupatni_assn_2
[0.484s] Installing talker4 script to /home/suketupatni/Desktop/mrt_assignments/mrt_assignment_2/mrt_ws/install/suketupatni_assn_2/lib/suketupatni_assn_2
[0.484s] writing list of installed files to '/home/suketupatni/Desktop/mrt_assignments/mrt_assignment_2/mrt_ws/build/suketupatni_assn_2/install.log'
[0.497s] Invoked command in '/home/suketupatni/Desktop/mrt_assignments/mrt_assignment_2/mrt_ws/src/suketupatni_assn_2' returned '0': PYTHONPATH=/home/suketupatni/Desktop/mrt_assignments/mrt_assignment_2/mrt_ws/build/suketupatni_assn_2/prefix_override:/home/suketupatni/Desktop/mrt_assignments/mrt_assignment_2/mrt_ws/install/suketupatni_assn_2/lib/python3.10/site-packages:${PYTHONPATH} /usr/bin/python3 setup.py egg_info --egg-base ../../build/suketupatni_assn_2 build --build-base /home/suketupatni/Desktop/mrt_assignments/mrt_assignment_2/mrt_ws/build/suketupatni_assn_2/build install --record /home/suketupatni/Desktop/mrt_assignments/mrt_assignment_2/mrt_ws/build/suketupatni_assn_2/install.log --single-version-externally-managed
