[0.079s] Invoking command in '/home/suketupatni/Desktop/mrt_assignments/mrt_assignment_4/mrt4_ws/build/interfaces': CMAKE_PREFIX_PATH=${CMAKE_PREFIX_PATH}:/home/suketupatni/Desktop/mrt_assignments/mrt_assignment_4/mrt4_ws/install/suketupatni_assn_4:/opt/ros/humble /usr/bin/cmake --build /home/suketupatni/Desktop/mrt_assignments/mrt_assignment_4/mrt4_ws/build/interfaces -- -j20 -l20
[0.107s] [  5%] Built target interfaces__cpp
[0.107s] [ 12%] Built target interfaces__rosidl_generator_c
[0.117s] [ 12%] Built target ament_cmake_python_copy_interfaces
[0.137s] [ 23%] Built target interfaces__rosidl_typesupport_cpp
[0.138s] [ 33%] Built target interfaces__rosidl_typesupport_fastrtps_c
[0.144s] [ 43%] Built target interfaces__rosidl_typesupport_c
[0.146s] [ 53%] Built target interfaces__rosidl_typesupport_fastrtps_cpp
[0.146s] [ 64%] Built target interfaces__rosidl_typesupport_introspection_c
[0.148s] [ 74%] Built target interfaces__rosidl_typesupport_introspection_cpp
[0.159s] [ 74%] Built target interfaces
[0.171s] [ 76%] Built target interfaces__py
[0.186s] [ 84%] Built target interfaces__rosidl_generator_py
[0.199s] [ 89%] Built target interfaces__rosidl_typesupport_fastrtps_c__pyext
[0.199s] [ 94%] Built target interfaces__rosidl_typesupport_introspection_c__pyext
[0.199s] [100%] Built target interfaces__rosidl_typesupport_c__pyext
[0.282s] running egg_info
[0.282s] writing interfaces.egg-info/PKG-INFO
[0.282s] writing dependency_links to interfaces.egg-info/dependency_links.txt
[0.283s] writing top-level names to interfaces.egg-info/top_level.txt
[0.284s] reading manifest file 'interfaces.egg-info/SOURCES.txt'
[0.284s] writing manifest file 'interfaces.egg-info/SOURCES.txt'
[0.299s] [100%] Built target ament_cmake_python_build_interfaces_egg
[0.306s] Invoked command in '/home/suketupatni/Desktop/mrt_assignments/mrt_assignment_4/mrt4_ws/build/interfaces' returned '0': CMAKE_PREFIX_PATH=${CMAKE_PREFIX_PATH}:/home/suketupatni/Desktop/mrt_assignments/mrt_assignment_4/mrt4_ws/install/suketupatni_assn_4:/opt/ros/humble /usr/bin/cmake --build /home/suketupatni/Desktop/mrt_assignments/mrt_assignment_4/mrt4_ws/build/interfaces -- -j20 -l20
[0.352s] Invoking command in '/home/suketupatni/Desktop/mrt_assignments/mrt_assignment_4/mrt4_ws/build/interfaces': CMAKE_PREFIX_PATH=${CMAKE_PREFIX_PATH}:/home/suketupatni/Desktop/mrt_assignments/mrt_assignment_4/mrt4_ws/install/suketupatni_assn_4:/opt/ros/humble /usr/bin/cmake --install /home/suketupatni/Desktop/mrt_assignments/mrt_assignment_4/mrt4_ws/build/interfaces
[0.356s] -- Install configuration: ""
[0.356s] -- Up-to-date: /home/suketupatni/Desktop/mrt_assignments/mrt_assignment_4/mrt4_ws/install/interfaces/share/ament_index/resource_index/rosidl_interfaces/interfaces
[0.356s] -- Up-to-date: /home/suketupatni/Desktop/mrt_assignments/mrt_assignment_4/mrt4_ws/install/interfaces/include/interfaces/interfaces
[0.356s] -- Up-to-date: /home/suketupatni/Desktop/mrt_assignments/mrt_assignment_4/mrt4_ws/install/interfaces/include/interfaces/interfaces/msg
[0.356s] -- Up-to-date: /home/suketupatni/Desktop/mrt_assignments/mrt_assignment_4/mrt4_ws/install/interfaces/include/interfaces/interfaces/msg/rosidl_generator_c__visibility_control.h
[0.356s] -- Up-to-date: /home/suketupatni/Desktop/mrt_assignments/mrt_assignment_4/mrt4_ws/install/interfaces/include/interfaces/interfaces/srv
[0.357s] -- Up-to-date: /home/suketupatni/Desktop/mrt_assignments/mrt_assignment_4/mrt4_ws/install/interfaces/include/interfaces/interfaces/srv/path.h
[0.357s] -- Up-to-date: /home/suketupatni/Desktop/mrt_assignments/mrt_assignment_4/mrt4_ws/install/interfaces/include/interfaces/interfaces/srv/detail
[0.357s] -- Up-to-date: /home/suketupatni/Desktop/mrt_assignments/mrt_assignment_4/mrt4_ws/install/interfaces/include/interfaces/interfaces/srv/detail/path__struct.h
[0.357s] -- Up-to-date: /home/suketupatni/Desktop/mrt_assignments/mrt_assignment_4/mrt4_ws/install/interfaces/include/interfaces/interfaces/srv/detail/path__functions.c
[0.357s] -- Up-to-date: /home/suketupatni/Desktop/mrt_assignments/mrt_assignment_4/mrt4_ws/install/interfaces/include/interfaces/interfaces/srv/detail/bounding_boxes__type_support.h
[0.357s] -- Up-to-date: /home/suketupatni/Desktop/mrt_assignments/mrt_assignment_4/mrt4_ws/install/interfaces/include/interfaces/interfaces/srv/detail/bounding_boxes__functions.c
[0.357s] -- Up-to-date: /home/suketupatni/Desktop/mrt_assignments/mrt_assignment_4/mrt4_ws/install/interfaces/include/interfaces/interfaces/srv/detail/path__type_support.h
[0.357s] -- Up-to-date: /home/suketupatni/Desktop/mrt_assignments/mrt_assignment_4/mrt4_ws/install/interfaces/include/interfaces/interfaces/srv/detail/bounding_boxes__struct.h
[0.357s] -- Up-to-date: /home/suketupatni/Desktop/mrt_assignments/mrt_assignment_4/mrt4_ws/install/interfaces/include/interfaces/interfaces/srv/detail/bounding_boxes__functions.h
[0.357s] -- Up-to-date: /home/suketupatni/Desktop/mrt_assignments/mrt_assignment_4/mrt4_ws/install/interfaces/include/interfaces/interfaces/srv/detail/path__functions.h
[0.357s] -- Up-to-date: /home/suketupatni/Desktop/mrt_assignments/mrt_assignment_4/mrt4_ws/install/interfaces/include/interfaces/interfaces/srv/bounding_boxes.h
[0.357s] -- Up-to-date: /home/suketupatni/Desktop/mrt_assignments/mrt_assignment_4/mrt4_ws/install/interfaces/share/interfaces/environment/library_path.sh
[0.357s] -- Up-to-date: /home/suketupatni/Desktop/mrt_assignments/mrt_assignment_4/mrt4_ws/install/interfaces/share/interfaces/environment/library_path.dsv
[0.358s] -- Up-to-date: /home/suketupatni/Desktop/mrt_assignments/mrt_assignment_4/mrt4_ws/install/interfaces/lib/libinterfaces__rosidl_generator_c.so
[0.358s] -- Up-to-date: /home/suketupatni/Desktop/mrt_assignments/mrt_assignment_4/mrt4_ws/install/interfaces/include/interfaces/interfaces
[0.358s] -- Up-to-date: /home/suketupatni/Desktop/mrt_assignments/mrt_assignment_4/mrt4_ws/install/interfaces/include/interfaces/interfaces/msg
[0.358s] -- Up-to-date: /home/suketupatni/Desktop/mrt_assignments/mrt_assignment_4/mrt4_ws/install/interfaces/include/interfaces/interfaces/msg/rosidl_typesupport_fastrtps_c__visibility_control.h
[0.358s] -- Up-to-date: /home/suketupatni/Desktop/mrt_assignments/mrt_assignment_4/mrt4_ws/install/interfaces/include/interfaces/interfaces/srv
[0.358s] -- Up-to-date: /home/suketupatni/Desktop/mrt_assignments/mrt_assignment_4/mrt4_ws/install/interfaces/include/interfaces/interfaces/srv/detail
[0.358s] -- Up-to-date: /home/suketupatni/Desktop/mrt_assignments/mrt_assignment_4/mrt4_ws/install/interfaces/include/interfaces/interfaces/srv/detail/path__rosidl_typesupport_fastrtps_c.h
[0.358s] -- Up-to-date: /home/suketupatni/Desktop/mrt_assignments/mrt_assignment_4/mrt4_ws/install/interfaces/include/interfaces/interfaces/srv/detail/bounding_boxes__rosidl_typesupport_fastrtps_c.h
[0.358s] -- Up-to-date: /home/suketupatni/Desktop/mrt_assignments/mrt_assignment_4/mrt4_ws/install/interfaces/lib/libinterfaces__rosidl_typesupport_fastrtps_c.so
[0.358s] -- Up-to-date: /home/suketupatni/Desktop/mrt_assignments/mrt_assignment_4/mrt4_ws/install/interfaces/include/interfaces/interfaces
[0.358s] -- Up-to-date: /home/suketupatni/Desktop/mrt_assignments/mrt_assignment_4/mrt4_ws/install/interfaces/include/interfaces/interfaces/msg
[0.358s] -- Up-to-date: /home/suketupatni/Desktop/mrt_assignments/mrt_assignment_4/mrt4_ws/install/interfaces/include/interfaces/interfaces/msg/rosidl_typesupport_introspection_c__visibility_control.h
[0.358s] -- Up-to-date: /home/suketupatni/Desktop/mrt_assignments/mrt_assignment_4/mrt4_ws/install/interfaces/include/interfaces/interfaces/srv
[0.358s] -- Up-to-date: /home/suketupatni/Desktop/mrt_assignments/mrt_assignment_4/mrt4_ws/install/interfaces/include/interfaces/interfaces/srv/detail
[0.358s] -- Up-to-date: /home/suketupatni/Desktop/mrt_assignments/mrt_assignment_4/mrt4_ws/install/interfaces/include/interfaces/interfaces/srv/detail/bounding_boxes__type_support.c
[0.358s] -- Up-to-date: /home/suketupatni/Desktop/mrt_assignments/mrt_assignment_4/mrt4_ws/install/interfaces/include/interfaces/interfaces/srv/detail/bounding_boxes__rosidl_typesupport_introspection_c.h
[0.358s] -- Up-to-date: /home/suketupatni/Desktop/mrt_assignments/mrt_assignment_4/mrt4_ws/install/interfaces/include/interfaces/interfaces/srv/detail/path__type_support.c
[0.358s] -- Up-to-date: /home/suketupatni/Desktop/mrt_assignments/mrt_assignment_4/mrt4_ws/install/interfaces/include/interfaces/interfaces/srv/detail/path__rosidl_typesupport_introspection_c.h
[0.358s] -- Up-to-date: /home/suketupatni/Desktop/mrt_assignments/mrt_assignment_4/mrt4_ws/install/interfaces/lib/libinterfaces__rosidl_typesupport_introspection_c.so
[0.358s] -- Up-to-date: /home/suketupatni/Desktop/mrt_assignments/mrt_assignment_4/mrt4_ws/install/interfaces/lib/libinterfaces__rosidl_typesupport_c.so
[0.358s] -- Up-to-date: /home/suketupatni/Desktop/mrt_assignments/mrt_assignment_4/mrt4_ws/install/interfaces/include/interfaces/interfaces
[0.358s] -- Up-to-date: /home/suketupatni/Desktop/mrt_assignments/mrt_assignment_4/mrt4_ws/install/interfaces/include/interfaces/interfaces/srv
[0.358s] -- Up-to-date: /home/suketupatni/Desktop/mrt_assignments/mrt_assignment_4/mrt4_ws/install/interfaces/include/interfaces/interfaces/srv/bounding_boxes.hpp
[0.358s] -- Up-to-date: /home/suketupatni/Desktop/mrt_assignments/mrt_assignment_4/mrt4_ws/install/interfaces/include/interfaces/interfaces/srv/path.hpp
[0.358s] -- Up-to-date: /home/suketupatni/Desktop/mrt_assignments/mrt_assignment_4/mrt4_ws/install/interfaces/include/interfaces/interfaces/srv/detail
[0.358s] -- Up-to-date: /home/suketupatni/Desktop/mrt_assignments/mrt_assignment_4/mrt4_ws/install/interfaces/include/interfaces/interfaces/srv/detail/path__traits.hpp
[0.358s] -- Up-to-date: /home/suketupatni/Desktop/mrt_assignments/mrt_assignment_4/mrt4_ws/install/interfaces/include/interfaces/interfaces/srv/detail/bounding_boxes__builder.hpp
[0.358s] -- Up-to-date: /home/suketupatni/Desktop/mrt_assignments/mrt_assignment_4/mrt4_ws/install/interfaces/include/interfaces/interfaces/srv/detail/bounding_boxes__struct.hpp
[0.358s] -- Up-to-date: /home/suketupatni/Desktop/mrt_assignments/mrt_assignment_4/mrt4_ws/install/interfaces/include/interfaces/interfaces/srv/detail/path__struct.hpp
[0.359s] -- Up-to-date: /home/suketupatni/Desktop/mrt_assignments/mrt_assignment_4/mrt4_ws/install/interfaces/include/interfaces/interfaces/srv/detail/bounding_boxes__traits.hpp
[0.359s] -- Up-to-date: /home/suketupatni/Desktop/mrt_assignments/mrt_assignment_4/mrt4_ws/install/interfaces/include/interfaces/interfaces/srv/detail/path__builder.hpp
[0.359s] -- Up-to-date: /home/suketupatni/Desktop/mrt_assignments/mrt_assignment_4/mrt4_ws/install/interfaces/include/interfaces/interfaces
[0.359s] -- Up-to-date: /home/suketupatni/Desktop/mrt_assignments/mrt_assignment_4/mrt4_ws/install/interfaces/include/interfaces/interfaces/msg
[0.359s] -- Up-to-date: /home/suketupatni/Desktop/mrt_assignments/mrt_assignment_4/mrt4_ws/install/interfaces/include/interfaces/interfaces/msg/rosidl_typesupport_fastrtps_cpp__visibility_control.h
[0.359s] -- Up-to-date: /home/suketupatni/Desktop/mrt_assignments/mrt_assignment_4/mrt4_ws/install/interfaces/include/interfaces/interfaces/srv
[0.359s] -- Up-to-date: /home/suketupatni/Desktop/mrt_assignments/mrt_assignment_4/mrt4_ws/install/interfaces/include/interfaces/interfaces/srv/detail
[0.359s] -- Up-to-date: /home/suketupatni/Desktop/mrt_assignments/mrt_assignment_4/mrt4_ws/install/interfaces/include/interfaces/interfaces/srv/detail/dds_fastrtps
[0.359s] -- Up-to-date: /home/suketupatni/Desktop/mrt_assignments/mrt_assignment_4/mrt4_ws/install/interfaces/include/interfaces/interfaces/srv/detail/bounding_boxes__rosidl_typesupport_fastrtps_cpp.hpp
[0.359s] -- Up-to-date: /home/suketupatni/Desktop/mrt_assignments/mrt_assignment_4/mrt4_ws/install/interfaces/include/interfaces/interfaces/srv/detail/path__rosidl_typesupport_fastrtps_cpp.hpp
[0.359s] -- Up-to-date: /home/suketupatni/Desktop/mrt_assignments/mrt_assignment_4/mrt4_ws/install/interfaces/lib/libinterfaces__rosidl_typesupport_fastrtps_cpp.so
[0.359s] -- Up-to-date: /home/suketupatni/Desktop/mrt_assignments/mrt_assignment_4/mrt4_ws/install/interfaces/include/interfaces/interfaces
[0.359s] -- Up-to-date: /home/suketupatni/Desktop/mrt_assignments/mrt_assignment_4/mrt4_ws/install/interfaces/include/interfaces/interfaces/srv
[0.359s] -- Up-to-date: /home/suketupatni/Desktop/mrt_assignments/mrt_assignment_4/mrt4_ws/install/interfaces/include/interfaces/interfaces/srv/detail
[0.359s] -- Up-to-date: /home/suketupatni/Desktop/mrt_assignments/mrt_assignment_4/mrt4_ws/install/interfaces/include/interfaces/interfaces/srv/detail/path__type_support.cpp
[0.359s] -- Up-to-date: /home/suketupatni/Desktop/mrt_assignments/mrt_assignment_4/mrt4_ws/install/interfaces/include/interfaces/interfaces/srv/detail/bounding_boxes__type_support.cpp
[0.359s] -- Up-to-date: /home/suketupatni/Desktop/mrt_assignments/mrt_assignment_4/mrt4_ws/install/interfaces/include/interfaces/interfaces/srv/detail/path__rosidl_typesupport_introspection_cpp.hpp
[0.359s] -- Up-to-date: /home/suketupatni/Desktop/mrt_assignments/mrt_assignment_4/mrt4_ws/install/interfaces/include/interfaces/interfaces/srv/detail/bounding_boxes__rosidl_typesupport_introspection_cpp.hpp
[0.359s] -- Up-to-date: /home/suketupatni/Desktop/mrt_assignments/mrt_assignment_4/mrt4_ws/install/interfaces/lib/libinterfaces__rosidl_typesupport_introspection_cpp.so
[0.359s] -- Up-to-date: /home/suketupatni/Desktop/mrt_assignments/mrt_assignment_4/mrt4_ws/install/interfaces/lib/libinterfaces__rosidl_typesupport_cpp.so
[0.359s] -- Up-to-date: /home/suketupatni/Desktop/mrt_assignments/mrt_assignment_4/mrt4_ws/install/interfaces/share/interfaces/environment/pythonpath.sh
[0.359s] -- Up-to-date: /home/suketupatni/Desktop/mrt_assignments/mrt_assignment_4/mrt4_ws/install/interfaces/share/interfaces/environment/pythonpath.dsv
[0.359s] -- Up-to-date: /home/suketupatni/Desktop/mrt_assignments/mrt_assignment_4/mrt4_ws/install/interfaces/local/lib/python3.10/dist-packages/interfaces-0.0.0-py3.10.egg-info
[0.359s] -- Installing: /home/suketupatni/Desktop/mrt_assignments/mrt_assignment_4/mrt4_ws/install/interfaces/local/lib/python3.10/dist-packages/interfaces-0.0.0-py3.10.egg-info/PKG-INFO
[0.359s] -- Installing: /home/suketupatni/Desktop/mrt_assignments/mrt_assignment_4/mrt4_ws/install/interfaces/local/lib/python3.10/dist-packages/interfaces-0.0.0-py3.10.egg-info/dependency_links.txt
[0.359s] -- Installing: /home/suketupatni/Desktop/mrt_assignments/mrt_assignment_4/mrt4_ws/install/interfaces/local/lib/python3.10/dist-packages/interfaces-0.0.0-py3.10.egg-info/SOURCES.txt
[0.359s] -- Installing: /home/suketupatni/Desktop/mrt_assignments/mrt_assignment_4/mrt4_ws/install/interfaces/local/lib/python3.10/dist-packages/interfaces-0.0.0-py3.10.egg-info/top_level.txt
[0.359s] -- Up-to-date: /home/suketupatni/Desktop/mrt_assignments/mrt_assignment_4/mrt4_ws/install/interfaces/local/lib/python3.10/dist-packages/interfaces
[0.359s] -- Up-to-date: /home/suketupatni/Desktop/mrt_assignments/mrt_assignment_4/mrt4_ws/install/interfaces/local/lib/python3.10/dist-packages/interfaces/interfaces_s__rosidl_typesupport_introspection_c.cpython-310-x86_64-linux-gnu.so
[0.359s] -- Up-to-date: /home/suketupatni/Desktop/mrt_assignments/mrt_assignment_4/mrt4_ws/install/interfaces/local/lib/python3.10/dist-packages/interfaces/_interfaces_s.ep.rosidl_typesupport_fastrtps_c.c
[0.359s] -- Up-to-date: /home/suketupatni/Desktop/mrt_assignments/mrt_assignment_4/mrt4_ws/install/interfaces/local/lib/python3.10/dist-packages/interfaces/srv
[0.359s] -- Up-to-date: /home/suketupatni/Desktop/mrt_assignments/mrt_assignment_4/mrt4_ws/install/interfaces/local/lib/python3.10/dist-packages/interfaces/srv/_path.py
[0.359s] -- Up-to-date: /home/suketupatni/Desktop/mrt_assignments/mrt_assignment_4/mrt4_ws/install/interfaces/local/lib/python3.10/dist-packages/interfaces/srv/_path_s.c
[0.359s] -- Up-to-date: /home/suketupatni/Desktop/mrt_assignments/mrt_assignment_4/mrt4_ws/install/interfaces/local/lib/python3.10/dist-packages/interfaces/srv/_bounding_boxes_s.c
[0.359s] -- Up-to-date: /home/suketupatni/Desktop/mrt_assignments/mrt_assignment_4/mrt4_ws/install/interfaces/local/lib/python3.10/dist-packages/interfaces/srv/_bounding_boxes.py
[0.359s] -- Up-to-date: /home/suketupatni/Desktop/mrt_assignments/mrt_assignment_4/mrt4_ws/install/interfaces/local/lib/python3.10/dist-packages/interfaces/srv/__init__.py
[0.359s] -- Up-to-date: /home/suketupatni/Desktop/mrt_assignments/mrt_assignment_4/mrt4_ws/install/interfaces/local/lib/python3.10/dist-packages/interfaces/_interfaces_s.ep.rosidl_typesupport_introspection_c.c
[0.359s] -- Up-to-date: /home/suketupatni/Desktop/mrt_assignments/mrt_assignment_4/mrt4_ws/install/interfaces/local/lib/python3.10/dist-packages/interfaces/interfaces_s__rosidl_typesupport_fastrtps_c.cpython-310-x86_64-linux-gnu.so
[0.359s] -- Up-to-date: /home/suketupatni/Desktop/mrt_assignments/mrt_assignment_4/mrt4_ws/install/interfaces/local/lib/python3.10/dist-packages/interfaces/__init__.py
[0.359s] -- Up-to-date: /home/suketupatni/Desktop/mrt_assignments/mrt_assignment_4/mrt4_ws/install/interfaces/local/lib/python3.10/dist-packages/interfaces/_interfaces_s.ep.rosidl_typesupport_c.c
[0.360s] -- Up-to-date: /home/suketupatni/Desktop/mrt_assignments/mrt_assignment_4/mrt4_ws/install/interfaces/local/lib/python3.10/dist-packages/interfaces/interfaces_s__rosidl_typesupport_c.cpython-310-x86_64-linux-gnu.so
[0.360s] -- Up-to-date: /home/suketupatni/Desktop/mrt_assignments/mrt_assignment_4/mrt4_ws/install/interfaces/local/lib/python3.10/dist-packages/interfaces/libinterfaces__rosidl_generator_py.so
[0.376s] Listing '/home/suketupatni/Desktop/mrt_assignments/mrt_assignment_4/mrt4_ws/install/interfaces/local/lib/python3.10/dist-packages/interfaces'...
[0.376s] Listing '/home/suketupatni/Desktop/mrt_assignments/mrt_assignment_4/mrt4_ws/install/interfaces/local/lib/python3.10/dist-packages/interfaces/srv'...
[0.378s] -- Up-to-date: /home/suketupatni/Desktop/mrt_assignments/mrt_assignment_4/mrt4_ws/install/interfaces/local/lib/python3.10/dist-packages/interfaces/interfaces_s__rosidl_typesupport_fastrtps_c.cpython-310-x86_64-linux-gnu.so
[0.378s] -- Up-to-date: /home/suketupatni/Desktop/mrt_assignments/mrt_assignment_4/mrt4_ws/install/interfaces/local/lib/python3.10/dist-packages/interfaces/interfaces_s__rosidl_typesupport_introspection_c.cpython-310-x86_64-linux-gnu.so
[0.379s] -- Up-to-date: /home/suketupatni/Desktop/mrt_assignments/mrt_assignment_4/mrt4_ws/install/interfaces/local/lib/python3.10/dist-packages/interfaces/interfaces_s__rosidl_typesupport_c.cpython-310-x86_64-linux-gnu.so
[0.379s] -- Up-to-date: /home/suketupatni/Desktop/mrt_assignments/mrt_assignment_4/mrt4_ws/install/interfaces/lib/libinterfaces__rosidl_generator_py.so
[0.379s] -- Up-to-date: /home/suketupatni/Desktop/mrt_assignments/mrt_assignment_4/mrt4_ws/install/interfaces/share/interfaces/srv/Path.idl
[0.379s] -- Up-to-date: /home/suketupatni/Desktop/mrt_assignments/mrt_assignment_4/mrt4_ws/install/interfaces/share/interfaces/srv/BoundingBoxes.idl
[0.379s] -- Up-to-date: /home/suketupatni/Desktop/mrt_assignments/mrt_assignment_4/mrt4_ws/install/interfaces/share/interfaces/srv/Path.srv
[0.379s] -- Up-to-date: /home/suketupatni/Desktop/mrt_assignments/mrt_assignment_4/mrt4_ws/install/interfaces/share/interfaces/srv/Path_Request.msg
[0.379s] -- Up-to-date: /home/suketupatni/Desktop/mrt_assignments/mrt_assignment_4/mrt4_ws/install/interfaces/share/interfaces/srv/Path_Response.msg
[0.379s] -- Up-to-date: /home/suketupatni/Desktop/mrt_assignments/mrt_assignment_4/mrt4_ws/install/interfaces/share/interfaces/srv/BoundingBoxes.srv
[0.379s] -- Up-to-date: /home/suketupatni/Desktop/mrt_assignments/mrt_assignment_4/mrt4_ws/install/interfaces/share/interfaces/srv/BoundingBoxes_Request.msg
[0.379s] -- Up-to-date: /home/suketupatni/Desktop/mrt_assignments/mrt_assignment_4/mrt4_ws/install/interfaces/share/interfaces/srv/BoundingBoxes_Response.msg
[0.379s] -- Up-to-date: /home/suketupatni/Desktop/mrt_assignments/mrt_assignment_4/mrt4_ws/install/interfaces/share/ament_index/resource_index/package_run_dependencies/interfaces
[0.379s] -- Up-to-date: /home/suketupatni/Desktop/mrt_assignments/mrt_assignment_4/mrt4_ws/install/interfaces/share/ament_index/resource_index/parent_prefix_path/interfaces
[0.379s] -- Up-to-date: /home/suketupatni/Desktop/mrt_assignments/mrt_assignment_4/mrt4_ws/install/interfaces/share/interfaces/environment/ament_prefix_path.sh
[0.379s] -- Up-to-date: /home/suketupatni/Desktop/mrt_assignments/mrt_assignment_4/mrt4_ws/install/interfaces/share/interfaces/environment/ament_prefix_path.dsv
[0.379s] -- Up-to-date: /home/suketupatni/Desktop/mrt_assignments/mrt_assignment_4/mrt4_ws/install/interfaces/share/interfaces/environment/path.sh
[0.379s] -- Up-to-date: /home/suketupatni/Desktop/mrt_assignments/mrt_assignment_4/mrt4_ws/install/interfaces/share/interfaces/environment/path.dsv
[0.379s] -- Up-to-date: /home/suketupatni/Desktop/mrt_assignments/mrt_assignment_4/mrt4_ws/install/interfaces/share/interfaces/local_setup.bash
[0.379s] -- Up-to-date: /home/suketupatni/Desktop/mrt_assignments/mrt_assignment_4/mrt4_ws/install/interfaces/share/interfaces/local_setup.sh
[0.379s] -- Up-to-date: /home/suketupatni/Desktop/mrt_assignments/mrt_assignment_4/mrt4_ws/install/interfaces/share/interfaces/local_setup.zsh
[0.379s] -- Up-to-date: /home/suketupatni/Desktop/mrt_assignments/mrt_assignment_4/mrt4_ws/install/interfaces/share/interfaces/local_setup.dsv
[0.379s] -- Installing: /home/suketupatni/Desktop/mrt_assignments/mrt_assignment_4/mrt4_ws/install/interfaces/share/interfaces/package.dsv
[0.379s] -- Up-to-date: /home/suketupatni/Desktop/mrt_assignments/mrt_assignment_4/mrt4_ws/install/interfaces/share/ament_index/resource_index/packages/interfaces
[0.379s] -- Up-to-date: /home/suketupatni/Desktop/mrt_assignments/mrt_assignment_4/mrt4_ws/install/interfaces/share/interfaces/cmake/export_interfaces__rosidl_generator_cExport.cmake
[0.379s] -- Up-to-date: /home/suketupatni/Desktop/mrt_assignments/mrt_assignment_4/mrt4_ws/install/interfaces/share/interfaces/cmake/export_interfaces__rosidl_generator_cExport-noconfig.cmake
[0.379s] -- Up-to-date: /home/suketupatni/Desktop/mrt_assignments/mrt_assignment_4/mrt4_ws/install/interfaces/share/interfaces/cmake/export_interfaces__rosidl_typesupport_fastrtps_cExport.cmake
[0.380s] -- Up-to-date: /home/suketupatni/Desktop/mrt_assignments/mrt_assignment_4/mrt4_ws/install/interfaces/share/interfaces/cmake/export_interfaces__rosidl_typesupport_fastrtps_cExport-noconfig.cmake
[0.380s] -- Up-to-date: /home/suketupatni/Desktop/mrt_assignments/mrt_assignment_4/mrt4_ws/install/interfaces/share/interfaces/cmake/interfaces__rosidl_typesupport_introspection_cExport.cmake
[0.380s] -- Up-to-date: /home/suketupatni/Desktop/mrt_assignments/mrt_assignment_4/mrt4_ws/install/interfaces/share/interfaces/cmake/interfaces__rosidl_typesupport_introspection_cExport-noconfig.cmake
[0.380s] -- Up-to-date: /home/suketupatni/Desktop/mrt_assignments/mrt_assignment_4/mrt4_ws/install/interfaces/share/interfaces/cmake/interfaces__rosidl_typesupport_cExport.cmake
[0.380s] -- Up-to-date: /home/suketupatni/Desktop/mrt_assignments/mrt_assignment_4/mrt4_ws/install/interfaces/share/interfaces/cmake/interfaces__rosidl_typesupport_cExport-noconfig.cmake
[0.380s] -- Up-to-date: /home/suketupatni/Desktop/mrt_assignments/mrt_assignment_4/mrt4_ws/install/interfaces/share/interfaces/cmake/export_interfaces__rosidl_generator_cppExport.cmake
[0.380s] -- Up-to-date: /home/suketupatni/Desktop/mrt_assignments/mrt_assignment_4/mrt4_ws/install/interfaces/share/interfaces/cmake/export_interfaces__rosidl_typesupport_fastrtps_cppExport.cmake
[0.380s] -- Up-to-date: /home/suketupatni/Desktop/mrt_assignments/mrt_assignment_4/mrt4_ws/install/interfaces/share/interfaces/cmake/export_interfaces__rosidl_typesupport_fastrtps_cppExport-noconfig.cmake
[0.380s] -- Up-to-date: /home/suketupatni/Desktop/mrt_assignments/mrt_assignment_4/mrt4_ws/install/interfaces/share/interfaces/cmake/interfaces__rosidl_typesupport_introspection_cppExport.cmake
[0.380s] -- Up-to-date: /home/suketupatni/Desktop/mrt_assignments/mrt_assignment_4/mrt4_ws/install/interfaces/share/interfaces/cmake/interfaces__rosidl_typesupport_introspection_cppExport-noconfig.cmake
[0.380s] -- Up-to-date: /home/suketupatni/Desktop/mrt_assignments/mrt_assignment_4/mrt4_ws/install/interfaces/share/interfaces/cmake/interfaces__rosidl_typesupport_cppExport.cmake
[0.380s] -- Up-to-date: /home/suketupatni/Desktop/mrt_assignments/mrt_assignment_4/mrt4_ws/install/interfaces/share/interfaces/cmake/interfaces__rosidl_typesupport_cppExport-noconfig.cmake
[0.380s] -- Up-to-date: /home/suketupatni/Desktop/mrt_assignments/mrt_assignment_4/mrt4_ws/install/interfaces/share/interfaces/cmake/export_interfaces__rosidl_generator_pyExport.cmake
[0.380s] -- Up-to-date: /home/suketupatni/Desktop/mrt_assignments/mrt_assignment_4/mrt4_ws/install/interfaces/share/interfaces/cmake/export_interfaces__rosidl_generator_pyExport-noconfig.cmake
[0.380s] -- Up-to-date: /home/suketupatni/Desktop/mrt_assignments/mrt_assignment_4/mrt4_ws/install/interfaces/share/interfaces/cmake/rosidl_cmake-extras.cmake
[0.380s] -- Up-to-date: /home/suketupatni/Desktop/mrt_assignments/mrt_assignment_4/mrt4_ws/install/interfaces/share/interfaces/cmake/ament_cmake_export_dependencies-extras.cmake
[0.380s] -- Up-to-date: /home/suketupatni/Desktop/mrt_assignments/mrt_assignment_4/mrt4_ws/install/interfaces/share/interfaces/cmake/ament_cmake_export_include_directories-extras.cmake
[0.380s] -- Up-to-date: /home/suketupatni/Desktop/mrt_assignments/mrt_assignment_4/mrt4_ws/install/interfaces/share/interfaces/cmake/ament_cmake_export_libraries-extras.cmake
[0.380s] -- Up-to-date: /home/suketupatni/Desktop/mrt_assignments/mrt_assignment_4/mrt4_ws/install/interfaces/share/interfaces/cmake/ament_cmake_export_targets-extras.cmake
[0.380s] -- Up-to-date: /home/suketupatni/Desktop/mrt_assignments/mrt_assignment_4/mrt4_ws/install/interfaces/share/interfaces/cmake/rosidl_cmake_export_typesupport_targets-extras.cmake
[0.380s] -- Up-to-date: /home/suketupatni/Desktop/mrt_assignments/mrt_assignment_4/mrt4_ws/install/interfaces/share/interfaces/cmake/rosidl_cmake_export_typesupport_libraries-extras.cmake
[0.380s] -- Up-to-date: /home/suketupatni/Desktop/mrt_assignments/mrt_assignment_4/mrt4_ws/install/interfaces/share/interfaces/cmake/interfacesConfig.cmake
[0.380s] -- Up-to-date: /home/suketupatni/Desktop/mrt_assignments/mrt_assignment_4/mrt4_ws/install/interfaces/share/interfaces/cmake/interfacesConfig-version.cmake
[0.380s] -- Up-to-date: /home/suketupatni/Desktop/mrt_assignments/mrt_assignment_4/mrt4_ws/install/interfaces/share/interfaces/package.xml
[0.381s] Invoked command in '/home/suketupatni/Desktop/mrt_assignments/mrt_assignment_4/mrt4_ws/build/interfaces' returned '0': CMAKE_PREFIX_PATH=${CMAKE_PREFIX_PATH}:/home/suketupatni/Desktop/mrt_assignments/mrt_assignment_4/mrt4_ws/install/suketupatni_assn_4:/opt/ros/humble /usr/bin/cmake --install /home/suketupatni/Desktop/mrt_assignments/mrt_assignment_4/mrt4_ws/build/interfaces
