[  2%] Built target interfaces__cpp
[  5%] [32mBuilding C object CMakeFiles/interfaces__rosidl_generator_c.dir/rosidl_generator_c/interfaces/srv/detail/bounding_boxes__functions.c.o[0m
[  5%] Built target ament_cmake_python_copy_interfaces
In file included from [01m[K/home/suketupatni/Desktop/mrt_assignments/mrt_assignment_4/mrt4_ws/build/interfaces/rosidl_generator_c/interfaces/srv/detail/bounding_boxes__functions.h:19[m[K,
                 from [01m[K/home/suketupatni/Desktop/mrt_assignments/mrt_assignment_4/mrt4_ws/build/interfaces/rosidl_generator_c/interfaces/srv/detail/bounding_boxes__functions.c:4[m[K:
[01m[K/home/suketupatni/Desktop/mrt_assignments/mrt_assignment_4/mrt4_ws/build/interfaces/rosidl_generator_c/interfaces/srv/detail/bounding_boxes__struct.h:22:10:[m[K [01;31m[Kfatal error: [m[Kinterfaces/msg/detail/image__struct.h: No such file or directory
   22 | #include [01;31m[K"interfaces/msg/detail/image__struct.h"[m[K
      |          [01;31m[K^~~~~~~~~~~~~~~~~~~~~~~~~~~~~~~~~~~~~~~[m[K
compilation terminated.
gmake[2]: *** [CMakeFiles/interfaces__rosidl_generator_c.dir/build.make:224: CMakeFiles/interfaces__rosidl_generator_c.dir/rosidl_generator_c/interfaces/srv/detail/bounding_boxes__functions.c.o] Error 1
gmake[1]: *** [CMakeFiles/Makefile2:213: CMakeFiles/interfaces__rosidl_generator_c.dir/all] Error 2
gmake[1]: *** Waiting for unfinished jobs....
[ 10%] [32mBuilding CXX object CMakeFiles/interfaces__rosidl_typesupport_cpp.dir/rosidl_typesupport_cpp/interfaces/srv/bounding_boxes__type_support.cpp.o[0m
[ 10%] [32mBuilding CXX object CMakeFiles/interfaces__rosidl_typesupport_fastrtps_cpp.dir/rosidl_typesupport_fastrtps_cpp/interfaces/srv/detail/dds_fastrtps/bounding_boxes__type_support.cpp.o[0m
[ 12%] [32mBuilding CXX object CMakeFiles/interfaces__rosidl_typesupport_introspection_cpp.dir/rosidl_typesupport_introspection_cpp/interfaces/srv/detail/bounding_boxes__type_support.cpp.o[0m
In file included from [01m[K/home/suketupatni/Desktop/mrt_assignments/mrt_assignment_4/mrt4_ws/build/interfaces/rosidl_typesupport_cpp/interfaces/srv/bounding_boxes__type_support.cpp:7[m[K:
[01m[K/home/suketupatni/Desktop/mrt_assignments/mrt_assignment_4/mrt4_ws/build/interfaces/rosidl_generator_cpp/interfaces/srv/detail/bounding_boxes__struct.hpp:20:10:[m[K [01;31m[Kfatal error: [m[Kinterfaces/msg/detail/image__struct.hpp: No such file or directory
   20 | #include [01;31m[K"interfaces/msg/detail/image__struct.hpp"[m[K
      |          [01;31m[K^~~~~~~~~~~~~~~~~~~~~~~~~~~~~~~~~~~~~~~~~[m[K
compilation terminated.
gmake[2]: *** [CMakeFiles/interfaces__rosidl_typesupport_cpp.dir/build.make:193: CMakeFiles/interfaces__rosidl_typesupport_cpp.dir/rosidl_typesupport_cpp/interfaces/srv/bounding_boxes__type_support.cpp.o] Error 1
gmake[1]: *** [CMakeFiles/Makefile2:395: CMakeFiles/interfaces__rosidl_typesupport_cpp.dir/all] Error 2
In file included from [01m[K/home/suketupatni/Desktop/mrt_assignments/mrt_assignment_4/mrt4_ws/build/interfaces/rosidl_typesupport_introspection_cpp/interfaces/srv/detail/bounding_boxes__type_support.cpp:12[m[K:
[01m[K/home/suketupatni/Desktop/mrt_assignments/mrt_assignment_4/mrt4_ws/build/interfaces/rosidl_generator_cpp/interfaces/srv/detail/bounding_boxes__struct.hpp:20:10:[m[K [01;31m[Kfatal error: [m[Kinterfaces/msg/detail/image__struct.hpp: No such file or directory
   20 | #include [01;31m[K"interfaces/msg/detail/image__struct.hpp"[m[K
      |          [01;31m[K^~~~~~~~~~~~~~~~~~~~~~~~~~~~~~~~~~~~~~~~~[m[K
compilation terminated.
gmake[2]: *** [CMakeFiles/interfaces__rosidl_typesupport_introspection_cpp.dir/build.make:201: CMakeFiles/interfaces__rosidl_typesupport_introspection_cpp.dir/rosidl_typesupport_introspection_cpp/interfaces/srv/detail/bounding_boxes__type_support.cpp.o] Error 1
gmake[1]: *** [CMakeFiles/Makefile2:369: CMakeFiles/interfaces__rosidl_typesupport_introspection_cpp.dir/all] Error 2
In file included from [01m[K/home/suketupatni/Desktop/mrt_assignments/mrt_assignment_4/mrt4_ws/build/interfaces/rosidl_typesupport_fastrtps_cpp/interfaces/srv/detail/bounding_boxes__rosidl_typesupport_fastrtps_cpp.hpp:11[m[K,
                 from [01m[K/home/suketupatni/Desktop/mrt_assignments/mrt_assignment_4/mrt4_ws/build/interfaces/rosidl_typesupport_fastrtps_cpp/interfaces/srv/detail/dds_fastrtps/bounding_boxes__type_support.cpp:4[m[K:
[01m[K/home/suketupatni/Desktop/mrt_assignments/mrt_assignment_4/mrt4_ws/build/interfaces/rosidl_generator_cpp/interfaces/srv/detail/bounding_boxes__struct.hpp:20:10:[m[K [01;31m[Kfatal error: [m[Kinterfaces/msg/detail/image__struct.hpp: No such file or directory
   20 | #include [01;31m[K"interfaces/msg/detail/image__struct.hpp"[m[K
      |          [01;31m[K^~~~~~~~~~~~~~~~~~~~~~~~~~~~~~~~~~~~~~~~~[m[K
compilation terminated.
gmake[2]: *** [CMakeFiles/interfaces__rosidl_typesupport_fastrtps_cpp.dir/build.make:201: CMakeFiles/interfaces__rosidl_typesupport_fastrtps_cpp.dir/rosidl_typesupport_fastrtps_cpp/interfaces/srv/detail/dds_fastrtps/bounding_boxes__type_support.cpp.o] Error 1
gmake[1]: *** [CMakeFiles/Makefile2:343: CMakeFiles/interfaces__rosidl_typesupport_fastrtps_cpp.dir/all] Error 2
running egg_info
writing interfaces.egg-info/PKG-INFO
writing dependency_links to interfaces.egg-info/dependency_links.txt
writing top-level names to interfaces.egg-info/top_level.txt
reading manifest file 'interfaces.egg-info/SOURCES.txt'
writing manifest file 'interfaces.egg-info/SOURCES.txt'
[ 12%] Built target ament_cmake_python_build_interfaces_egg
gmake: *** [Makefile:146: all] Error 2
