[0.341s] Invoking command in '/home/suketupatni/Desktop/mrt_assignments/mrt_assignment_2/mrt_ws/src/suketupatni_assn_2': AMENT_PREFIX_PATH=/home/suketupatni/Desktop/mrt_assignments/mrt_assignment_2/mrt_ws/install/drover4_info_interface:${AMENT_PREFIX_PATH} CMAKE_PREFIX_PATH=/home/suketupatni/Desktop/mrt_assignments/mrt_assignment_2/mrt_ws/install/drover4_info_interface LD_LIBRARY_PATH=/home/suketupatni/Desktop/mrt_assignments/mrt_assignment_2/mrt_ws/install/drover4_info_interface/lib:${LD_LIBRARY_PATH} PYTHONPATH=/home/suketupatni/Desktop/mrt_assignments/mrt_assignment_2/mrt_ws/build/suketupatni_assn_2/prefix_override:/home/suketupatni/Desktop/mrt_assignments/mrt_assignment_2/mrt_ws/install/suketupatni_assn_2/lib/python3.10/site-packages:/home/suketupatni/Desktop/mrt_assignments/mrt_assignment_2/mrt_ws/install/drover4_info_interface/local/lib/python3.10/dist-packages:${PYTHONPATH} /usr/bin/python3 setup.py egg_info --egg-base ../../build/suketupatni_assn_2 build --build-base /home/suketupatni/Desktop/mrt_assignments/mrt_assignment_2/mrt_ws/build/suketupatni_assn_2/build install --record /home/suketupatni/Desktop/mrt_assignments/mrt_assignment_2/mrt_ws/build/suketupatni_assn_2/install.log --single-version-externally-managed
[0.454s] running egg_info
[0.454s] creating ../../build/suketupatni_assn_2/suketupatni_assn_2.egg-info
[0.454s] writing ../../build/suketupatni_assn_2/suketupatni_assn_2.egg-info/PKG-INFO
[0.454s] writing dependency_links to ../../build/suketupatni_assn_2/suketupatni_assn_2.egg-info/dependency_links.txt
[0.454s] writing entry points to ../../build/suketupatni_assn_2/suketupatni_assn_2.egg-info/entry_points.txt
[0.454s] writing requirements to ../../build/suketupatni_assn_2/suketupatni_assn_2.egg-info/requires.txt
[0.454s] writing top-level names to ../../build/suketupatni_assn_2/suketupatni_assn_2.egg-info/top_level.txt
[0.454s] writing manifest file '../../build/suketupatni_assn_2/suketupatni_assn_2.egg-info/SOURCES.txt'
[0.455s] reading manifest file '../../build/suketupatni_assn_2/suketupatni_assn_2.egg-info/SOURCES.txt'
[0.455s] writing manifest file '../../build/suketupatni_assn_2/suketupatni_assn_2.egg-info/SOURCES.txt'
[0.455s] running build
[0.455s] running build_py
[0.456s] creating /home/suketupatni/Desktop/mrt_assignments/mrt_assignment_2/mrt_ws/build/suketupatni_assn_2/build
[0.456s] creating /home/suketupatni/Desktop/mrt_assignments/mrt_assignment_2/mrt_ws/build/suketupatni_assn_2/build/lib
[0.456s] creating /home/suketupatni/Desktop/mrt_assignments/mrt_assignment_2/mrt_ws/build/suketupatni_assn_2/build/lib/suketupatni_assn_2
[0.456s] copying suketupatni_assn_2/d_rover2.py -> /home/suketupatni/Desktop/mrt_assignments/mrt_assignment_2/mrt_ws/build/suketupatni_assn_2/build/lib/suketupatni_assn_2
[0.456s] copying suketupatni_assn_2/__init__.py -> /home/suketupatni/Desktop/mrt_assignments/mrt_assignment_2/mrt_ws/build/suketupatni_assn_2/build/lib/suketupatni_assn_2
[0.456s] copying suketupatni_assn_2/d_rover1.py -> /home/suketupatni/Desktop/mrt_assignments/mrt_assignment_2/mrt_ws/build/suketupatni_assn_2/build/lib/suketupatni_assn_2
[0.456s] copying suketupatni_assn_2/d_rover4.py -> /home/suketupatni/Desktop/mrt_assignments/mrt_assignment_2/mrt_ws/build/suketupatni_assn_2/build/lib/suketupatni_assn_2
[0.456s] copying suketupatni_assn_2/d_rover3.py -> /home/suketupatni/Desktop/mrt_assignments/mrt_assignment_2/mrt_ws/build/suketupatni_assn_2/build/lib/suketupatni_assn_2
[0.456s] copying suketupatni_assn_2/basestation.py -> /home/suketupatni/Desktop/mrt_assignments/mrt_assignment_2/mrt_ws/build/suketupatni_assn_2/build/lib/suketupatni_assn_2
[0.456s] running install
[0.462s] /usr/lib/python3/dist-packages/setuptools/command/install.py:34: SetuptoolsDeprecationWarning: setup.py install is deprecated. Use build and pip and other standards-based tools.
[0.462s]   warnings.warn(
[0.462s] running install_lib
[0.462s] creating /home/suketupatni/Desktop/mrt_assignments/mrt_assignment_2/mrt_ws/install/suketupatni_assn_2/lib/python3.10/site-packages/suketupatni_assn_2
[0.462s] copying /home/suketupatni/Desktop/mrt_assignments/mrt_assignment_2/mrt_ws/build/suketupatni_assn_2/build/lib/suketupatni_assn_2/d_rover2.py -> /home/suketupatni/Desktop/mrt_assignments/mrt_assignment_2/mrt_ws/install/suketupatni_assn_2/lib/python3.10/site-packages/suketupatni_assn_2
[0.462s] copying /home/suketupatni/Desktop/mrt_assignments/mrt_assignment_2/mrt_ws/build/suketupatni_assn_2/build/lib/suketupatni_assn_2/__init__.py -> /home/suketupatni/Desktop/mrt_assignments/mrt_assignment_2/mrt_ws/install/suketupatni_assn_2/lib/python3.10/site-packages/suketupatni_assn_2
[0.462s] copying /home/suketupatni/Desktop/mrt_assignments/mrt_assignment_2/mrt_ws/build/suketupatni_assn_2/build/lib/suketupatni_assn_2/d_rover1.py -> /home/suketupatni/Desktop/mrt_assignments/mrt_assignment_2/mrt_ws/install/suketupatni_assn_2/lib/python3.10/site-packages/suketupatni_assn_2
[0.462s] copying /home/suketupatni/Desktop/mrt_assignments/mrt_assignment_2/mrt_ws/build/suketupatni_assn_2/build/lib/suketupatni_assn_2/d_rover4.py -> /home/suketupatni/Desktop/mrt_assignments/mrt_assignment_2/mrt_ws/install/suketupatni_assn_2/lib/python3.10/site-packages/suketupatni_assn_2
[0.462s] copying /home/suketupatni/Desktop/mrt_assignments/mrt_assignment_2/mrt_ws/build/suketupatni_assn_2/build/lib/suketupatni_assn_2/d_rover3.py -> /home/suketupatni/Desktop/mrt_assignments/mrt_assignment_2/mrt_ws/install/suketupatni_assn_2/lib/python3.10/site-packages/suketupatni_assn_2
[0.462s] copying /home/suketupatni/Desktop/mrt_assignments/mrt_assignment_2/mrt_ws/build/suketupatni_assn_2/build/lib/suketupatni_assn_2/basestation.py -> /home/suketupatni/Desktop/mrt_assignments/mrt_assignment_2/mrt_ws/install/suketupatni_assn_2/lib/python3.10/site-packages/suketupatni_assn_2
[0.463s] byte-compiling /home/suketupatni/Desktop/mrt_assignments/mrt_assignment_2/mrt_ws/install/suketupatni_assn_2/lib/python3.10/site-packages/suketupatni_assn_2/d_rover2.py to d_rover2.cpython-310.pyc
[0.463s] byte-compiling /home/suketupatni/Desktop/mrt_assignments/mrt_assignment_2/mrt_ws/install/suketupatni_assn_2/lib/python3.10/site-packages/suketupatni_assn_2/__init__.py to __init__.cpython-310.pyc
[0.463s] byte-compiling /home/suketupatni/Desktop/mrt_assignments/mrt_assignment_2/mrt_ws/install/suketupatni_assn_2/lib/python3.10/site-packages/suketupatni_assn_2/d_rover1.py to d_rover1.cpython-310.pyc
[0.463s] byte-compiling /home/suketupatni/Desktop/mrt_assignments/mrt_assignment_2/mrt_ws/install/suketupatni_assn_2/lib/python3.10/site-packages/suketupatni_assn_2/d_rover4.py to d_rover4.cpython-310.pyc
[0.463s] byte-compiling /home/suketupatni/Desktop/mrt_assignments/mrt_assignment_2/mrt_ws/install/suketupatni_assn_2/lib/python3.10/site-packages/suketupatni_assn_2/d_rover3.py to d_rover3.cpython-310.pyc
[0.463s]   File "/home/suketupatni/Desktop/mrt_assignments/mrt_assignment_2/mrt_ws/install/suketupatni_assn_2/lib/python3.10/site-packages/suketupatni_assn_2/d_rover4.py", line 43
[0.463s]     main()x`
[0.463s]           ^
[0.463s] SyntaxError: invalid syntax
[0.463s] 
[0.463s] byte-compiling /home/suketupatni/Desktop/mrt_assignments/mrt_assignment_2/mrt_ws/install/suketupatni_assn_2/lib/python3.10/site-packages/suketupatni_assn_2/basestation.py to basestation.cpython-310.pyc
[0.464s] running install_data
[0.464s] creating /home/suketupatni/Desktop/mrt_assignments/mrt_assignment_2/mrt_ws/install/suketupatni_assn_2/share/ament_index
[0.464s] creating /home/suketupatni/Desktop/mrt_assignments/mrt_assignment_2/mrt_ws/install/suketupatni_assn_2/share/ament_index/resource_index
[0.464s] creating /home/suketupatni/Desktop/mrt_assignments/mrt_assignment_2/mrt_ws/install/suketupatni_assn_2/share/ament_index/resource_index/packages
[0.464s] copying resource/suketupatni_assn_2 -> /home/suketupatni/Desktop/mrt_assignments/mrt_assignment_2/mrt_ws/install/suketupatni_assn_2/share/ament_index/resource_index/packages
[0.464s] copying package.xml -> /home/suketupatni/Desktop/mrt_assignments/mrt_assignment_2/mrt_ws/install/suketupatni_assn_2/share/suketupatni_assn_2
[0.464s] running install_egg_info
[0.465s] Copying ../../build/suketupatni_assn_2/suketupatni_assn_2.egg-info to /home/suketupatni/Desktop/mrt_assignments/mrt_assignment_2/mrt_ws/install/suketupatni_assn_2/lib/python3.10/site-packages/suketupatni_assn_2-0.0.0-py3.10.egg-info
[0.465s] running install_scripts
[0.476s] Installing listener script to /home/suketupatni/Desktop/mrt_assignments/mrt_assignment_2/mrt_ws/install/suketupatni_assn_2/lib/suketupatni_assn_2
[0.476s] Installing talker1 script to /home/suketupatni/Desktop/mrt_assignments/mrt_assignment_2/mrt_ws/install/suketupatni_assn_2/lib/suketupatni_assn_2
[0.476s] Installing talker2 script to /home/suketupatni/Desktop/mrt_assignments/mrt_assignment_2/mrt_ws/install/suketupatni_assn_2/lib/suketupatni_assn_2
[0.476s] Installing talker3 script to /home/suketupatni/Desktop/mrt_assignments/mrt_assignment_2/mrt_ws/install/suketupatni_assn_2/lib/suketupatni_assn_2
[0.476s] Installing talker4 script to /home/suketupatni/Desktop/mrt_assignments/mrt_assignment_2/mrt_ws/install/suketupatni_assn_2/lib/suketupatni_assn_2
[0.476s] writing list of installed files to '/home/suketupatni/Desktop/mrt_assignments/mrt_assignment_2/mrt_ws/build/suketupatni_assn_2/install.log'
[0.489s] Invoked command in '/home/suketupatni/Desktop/mrt_assignments/mrt_assignment_2/mrt_ws/src/suketupatni_assn_2' returned '0': AMENT_PREFIX_PATH=/home/suketupatni/Desktop/mrt_assignments/mrt_assignment_2/mrt_ws/install/drover4_info_interface:${AMENT_PREFIX_PATH} CMAKE_PREFIX_PATH=/home/suketupatni/Desktop/mrt_assignments/mrt_assignment_2/mrt_ws/install/drover4_info_interface LD_LIBRARY_PATH=/home/suketupatni/Desktop/mrt_assignments/mrt_assignment_2/mrt_ws/install/drover4_info_interface/lib:${LD_LIBRARY_PATH} PYTHONPATH=/home/suketupatni/Desktop/mrt_assignments/mrt_assignment_2/mrt_ws/build/suketupatni_assn_2/prefix_override:/home/suketupatni/Desktop/mrt_assignments/mrt_assignment_2/mrt_ws/install/suketupatni_assn_2/lib/python3.10/site-packages:/home/suketupatni/Desktop/mrt_assignments/mrt_assignment_2/mrt_ws/install/drover4_info_interface/local/lib/python3.10/dist-packages:${PYTHONPATH} /usr/bin/python3 setup.py egg_info --egg-base ../../build/suketupatni_assn_2 build --build-base /home/suketupatni/Desktop/mrt_assignments/mrt_assignment_2/mrt_ws/build/suketupatni_assn_2/build install --record /home/suketupatni/Desktop/mrt_assignments/mrt_assignment_2/mrt_ws/build/suketupatni_assn_2/install.log --single-version-externally-managed
